           1   0.0000000000000000        0.0000000000000000     
           2   0.0000000000000000        0.0000000000000000     
           3   0.0000000000000000        0.0000000000000000     
           4   0.0000000000000000        0.0000000000000000     
           5   0.0000000000000000        0.0000000000000000     
           6   0.0000000000000000        0.0000000000000000     
           7   0.0000000000000000        0.0000000000000000     
           8   0.0000000000000000        0.0000000000000000     
           9   0.0000000000000000        0.0000000000000000     
          10   0.0000000000000000        0.0000000000000000     
          11   0.0000000000000000        0.0000000000000000     
          12   0.0000000000000000        0.0000000000000000     
          13   0.0000000000000000        0.0000000000000000     
          14   0.0000000000000000        0.0000000000000000     
          15   0.0000000000000000        0.0000000000000000     
          16   0.0000000000000000        0.0000000000000000     
          17   0.0000000000000000        0.0000000000000000     
          18   0.0000000000000000        0.0000000000000000     
          19   0.0000000000000000        0.0000000000000000     
          20   0.0000000000000000        0.0000000000000000     
          21   0.0000000000000000        0.0000000000000000     
          22   0.0000000000000000        0.0000000000000000     
          23   0.0000000000000000        0.0000000000000000     
          24   0.0000000000000000        0.0000000000000000     
          25   0.0000000000000000        0.0000000000000000     
          26   0.0000000000000000        0.0000000000000000     
          27   0.0000000000000000        0.0000000000000000     
          28   0.0000000000000000        0.0000000000000000     
          29   0.0000000000000000        0.0000000000000000     
          30   0.0000000000000000        0.0000000000000000     
          31   0.0000000000000000        0.0000000000000000     
          32   0.0000000000000000        0.0000000000000000     
          33   0.0000000000000000        0.0000000000000000     
          34   0.0000000000000000        0.0000000000000000     
          35   0.0000000000000000        0.0000000000000000     
          36   0.0000000000000000        0.0000000000000000     
          37   0.0000000000000000        0.0000000000000000     
          38   0.0000000000000000        0.0000000000000000     
          39   0.0000000000000000        0.0000000000000000     
          40   0.0000000000000000        0.0000000000000000     
          41   0.0000000000000000        0.0000000000000000     
          42   0.0000000000000000        0.0000000000000000     
          43   0.0000000000000000        0.0000000000000000     
          44   0.0000000000000000        0.0000000000000000     
          45   0.0000000000000000        0.0000000000000000     
          46   0.0000000000000000        0.0000000000000000     
          47   0.0000000000000000        0.0000000000000000     
          48   0.0000000000000000        0.0000000000000000     
          49   0.0000000000000000        0.0000000000000000     
          50   0.0000000000000000        0.0000000000000000     
          51   0.0000000000000000        0.0000000000000000     
          52   0.0000000000000000        0.0000000000000000     
          53   0.0000000000000000        0.0000000000000000     
          54   0.0000000000000000        0.0000000000000000     
          55   0.0000000000000000        0.0000000000000000     
          56   0.0000000000000000        0.0000000000000000     
          57   0.0000000000000000        0.0000000000000000     
          58   0.0000000000000000        0.0000000000000000     
          59   0.0000000000000000        0.0000000000000000     
          60   0.0000000000000000        0.0000000000000000     
          61   0.0000000000000000        0.0000000000000000     
          62   0.0000000000000000        0.0000000000000000     
          63   0.0000000000000000        0.0000000000000000     
          64   0.0000000000000000        0.0000000000000000     
          65   0.0000000000000000        0.0000000000000000     
          66   0.0000000000000000        0.0000000000000000     
          67   0.0000000000000000        0.0000000000000000     
          68   0.0000000000000000        0.0000000000000000     
          69   0.0000000000000000        0.0000000000000000     
          70   0.0000000000000000        0.0000000000000000     
          71   0.0000000000000000        0.0000000000000000     
          72   0.0000000000000000        0.0000000000000000     
          73   0.0000000000000000        0.0000000000000000     
          74   0.0000000000000000        0.0000000000000000     
          75   0.0000000000000000        0.0000000000000000     
          76   0.0000000000000000        7.4404761904761901E-004
          77   0.0000000000000000        0.0000000000000000     
          78   0.0000000000000000        0.0000000000000000     
          79   0.0000000000000000        0.0000000000000000     
          80   0.0000000000000000        0.0000000000000000     
          81   0.0000000000000000        0.0000000000000000     
          82   0.0000000000000000        0.0000000000000000     
          83   0.0000000000000000        0.0000000000000000     
          84   0.0000000000000000        0.0000000000000000     
          85   0.0000000000000000        0.0000000000000000     
          86   0.0000000000000000        0.0000000000000000     
          87   0.0000000000000000        7.4404761904761901E-004
          88   0.0000000000000000        0.0000000000000000     
          89   0.0000000000000000        0.0000000000000000     
          90   0.0000000000000000        1.4880952380952380E-003
          91   0.0000000000000000        7.4404761904761901E-004
          92   0.0000000000000000        0.0000000000000000     
          93   0.0000000000000000        0.0000000000000000     
          94   2.9761904761904760E-003   1.4880952380952380E-003
          95   0.0000000000000000        1.4880952380952380E-003
          96   0.0000000000000000        2.2321428571428570E-003
          97   0.0000000000000000        7.4404761904761901E-004
          98   0.0000000000000000        2.2321428571428570E-003
          99   0.0000000000000000        1.5625000000000000E-002
         100   0.0000000000000000        1.7857142857142856E-002
         101   0.0000000000000000        2.2321428571428572E-002
         102   0.0000000000000000        2.8273809523809524E-002
         103   2.9761904761904760E-003   3.4970238095238096E-002
         104   0.0000000000000000        4.7619047619047616E-002
         105   0.0000000000000000        5.9523809523809521E-002
         106   0.0000000000000000        5.5059523809523808E-002
         107   0.0000000000000000        7.4404761904761904E-002
         108   0.0000000000000000        6.9940476190476192E-002
         109   0.0000000000000000        5.6547619047619048E-002
         110   0.0000000000000000        5.9523809523809521E-002
         111   0.0000000000000000        6.8452380952380959E-002
         112   0.0000000000000000        7.2172619047619041E-002
         113   0.0000000000000000        5.4315476190476192E-002
         114   2.9761904761904760E-003   4.3898809523809521E-002
         115   8.9285714285714281E-003   4.0178571428571432E-002
         116   4.4642857142857140E-003   3.7202380952380952E-002
         117   8.9285714285714281E-003   3.7202380952380952E-002
         118   2.9761904761904760E-003   2.0089285714285716E-002
         119   0.0000000000000000        2.3809523809523808E-002
         120   2.9761904761904760E-003   1.3392857142857142E-002
         121   1.1904761904761904E-002   1.0416666666666666E-002
         122   8.9285714285714281E-003   1.2648809523809524E-002
         123   2.0833333333333332E-002   1.4880952380952380E-003
         124   2.3809523809523808E-002   3.7202380952380950E-003
         125   3.5714285714285712E-002   2.2321428571428570E-003
         126   1.4880952380952380E-002   2.2321428571428570E-003
         127   2.6785714285714284E-002   1.4880952380952380E-003
         128   1.4880952380952380E-002   0.0000000000000000     
         129   3.5714285714285712E-002   1.4880952380952380E-003
         130   2.6785714285714284E-002   0.0000000000000000     
         131   5.0595238095238096E-002   0.0000000000000000     
         132   2.0833333333333332E-002   0.0000000000000000     
         133   3.2738095238095240E-002   0.0000000000000000     
         134   3.8690476190476192E-002   0.0000000000000000     
         135   6.2500000000000000E-002   0.0000000000000000     
         136   5.6547619047619048E-002   7.4404761904761901E-004
         137   5.6547619047619048E-002   0.0000000000000000     
         138   3.5714285714285712E-002   0.0000000000000000     
         139   4.4642857142857144E-002   0.0000000000000000     
         140   4.7619047619047616E-002   0.0000000000000000     
         141   6.5476190476190479E-002   0.0000000000000000     
         142   5.6547619047619048E-002   0.0000000000000000     
         143   5.6547619047619048E-002   0.0000000000000000     
         144   5.9523809523809521E-002   0.0000000000000000     
         145   3.5714285714285712E-002   0.0000000000000000     
         146   5.6547619047619048E-002   0.0000000000000000     
         147   2.9761904761904760E-002   0.0000000000000000     
         148   4.3154761904761904E-002   0.0000000000000000     
         149   3.5714285714285712E-002   0.0000000000000000     
         150   2.9761904761904760E-002   0.0000000000000000     
         151   3.2738095238095240E-002   0.0000000000000000     
         152   5.9523809523809521E-002   0.0000000000000000     
         153   4.7619047619047616E-002   0.0000000000000000     
         154   5.3571428571428568E-002   0.0000000000000000     
         155   5.3571428571428568E-002   0.0000000000000000     
         156   5.8035714285714288E-002   0.0000000000000000     
         157   4.4642857142857144E-002   7.4404761904761901E-004
         158   2.3809523809523808E-002   0.0000000000000000     
         159   2.6785714285714284E-002   0.0000000000000000     
         160   4.1666666666666664E-002   0.0000000000000000     
         161   2.0833333333333332E-002   0.0000000000000000     
         162   3.5714285714285712E-002   0.0000000000000000     
         163   5.6547619047619048E-002   0.0000000000000000     
         164   3.5714285714285712E-002   0.0000000000000000     
         165   1.1904761904761904E-002   0.0000000000000000     
         166   3.5714285714285712E-002   0.0000000000000000     
         167   2.9761904761904760E-002   0.0000000000000000     
         168   2.0833333333333332E-002   0.0000000000000000     
         169   2.3809523809523808E-002   0.0000000000000000     
         170   1.1904761904761904E-002   0.0000000000000000     
         171   1.1904761904761904E-002   0.0000000000000000     
         172   1.1904761904761904E-002   0.0000000000000000     
         173   2.0833333333333332E-002   0.0000000000000000     
         174   1.7857142857142856E-002   0.0000000000000000     
         175   1.7857142857142856E-002   0.0000000000000000     
         176   8.9285714285714281E-003   0.0000000000000000     
         177   5.9523809523809521E-003   0.0000000000000000     
         178   2.9761904761904760E-003   0.0000000000000000     
         179   5.9523809523809521E-003   0.0000000000000000     
         180   0.0000000000000000        0.0000000000000000     
