   2.5000000372529030E-002   0.0000000000000000        0.0000000000000000        0.0000000000000000     
   7.5000001117587090E-002   0.0000000000000000        0.0000000000000000        0.0000000000000000     
  0.12500000186264515        0.0000000000000000        0.0000000000000000        0.0000000000000000     
  0.17500000260770321        0.0000000000000000        0.0000000000000000        0.0000000000000000     
  0.22500000335276127        0.0000000000000000        0.0000000000000000        0.0000000000000000     
  0.27500000409781933        0.0000000000000000        0.0000000000000000        0.0000000000000000     
  0.32500000484287739        0.0000000000000000        0.0000000000000000        0.0000000000000000     
  0.37500000558793545        0.0000000000000000        0.0000000000000000        0.0000000000000000     
  0.42500000633299351        0.0000000000000000        0.0000000000000000        0.0000000000000000     
  0.47500000707805157        0.0000000000000000        0.0000000000000000        0.0000000000000000     
  0.52500000782310963        0.0000000000000000        0.0000000000000000        0.0000000000000000     
  0.57500000856816769        0.0000000000000000        0.0000000000000000        0.0000000000000000     
  0.62500000931322575        0.0000000000000000        0.0000000000000000        0.0000000000000000     
  0.67500001005828381        0.0000000000000000        0.0000000000000000        0.0000000000000000     
  0.72500001080334187        0.0000000000000000        0.0000000000000000        0.0000000000000000     
  0.77500001154839993        0.0000000000000000        0.0000000000000000        0.0000000000000000     
  0.82500001229345798        0.0000000000000000        0.0000000000000000        0.0000000000000000     
  0.87500001303851604        0.0000000000000000        0.0000000000000000        0.0000000000000000     
  0.92500001378357410        0.0000000000000000        0.0000000000000000        0.0000000000000000     
  0.97500001452863216        0.0000000000000000        0.0000000000000000        0.0000000000000000     
   1.0250000152736902        0.0000000000000000        0.0000000000000000        0.0000000000000000     
   1.0750000160187483        0.0000000000000000        0.0000000000000000        0.0000000000000000     
   1.1250000167638063        0.0000000000000000        0.0000000000000000        0.0000000000000000     
   1.1750000175088644        0.0000000000000000        0.0000000000000000        0.0000000000000000     
   1.2250000182539225        0.0000000000000000        0.0000000000000000        0.0000000000000000     
   1.2750000189989805        0.0000000000000000        0.0000000000000000        0.0000000000000000     
   1.3250000197440386        0.0000000000000000        0.0000000000000000        0.0000000000000000     
   1.3750000204890966        0.0000000000000000        0.0000000000000000        0.0000000000000000     
   1.4250000212341547        0.0000000000000000        0.0000000000000000        0.0000000000000000     
   1.4750000219792128        0.0000000000000000        0.0000000000000000        0.0000000000000000     
   1.5250000227242708        0.0000000000000000        2.0478850725172708        0.0000000000000000     
   1.5750000234693289        0.0000000000000000        11.242697758371806        0.0000000000000000     
   1.6250000242143869        0.0000000000000000        9.2781976600441070        0.0000000000000000     
   1.6750000249594450        0.0000000000000000        1.5180004828476612        0.0000000000000000     
   1.7250000257045031        0.0000000000000000        4.6170383517295015E-002   0.0000000000000000     
   1.7750000264495611        0.0000000000000000        1.4535346869457878E-002   0.0000000000000000     
   1.8250000271946192        0.0000000000000000        0.0000000000000000        0.0000000000000000     
   1.8750000279396772        0.0000000000000000        0.0000000000000000        0.0000000000000000     
   1.9250000286847353        0.0000000000000000        0.0000000000000000        0.0000000000000000     
   1.9750000294297934        0.0000000000000000        0.0000000000000000        0.0000000000000000     
   2.0250000301748514        0.0000000000000000        0.0000000000000000        0.0000000000000000     
   2.0750000309199095        0.0000000000000000        1.0636374397797585E-002   0.0000000000000000     
   2.1250000316649675        0.0000000000000000        0.0000000000000000        0.0000000000000000     
   2.1750000324100256        0.0000000000000000        0.0000000000000000        1.0890948534014054E-002
   2.2250000331550837        0.0000000000000000        0.0000000000000000        0.0000000000000000     
   2.2750000339001417        0.0000000000000000        0.0000000000000000        0.0000000000000000     
   2.3250000346451998        0.0000000000000000        0.0000000000000000        1.9062097989085203E-002
   2.3750000353902578        0.0000000000000000        0.0000000000000000       0.10047378683757929     
   2.4250000361353159        0.0000000000000000        0.0000000000000000       0.28912019120174615     
   2.4750000368803740        0.0000000000000000        0.0000000000000000        1.1018170102591889     
   2.5250000376254320        3.2324096106442428E-002   0.0000000000000000        2.3596590157702968     
   2.5750000383704901        3.1081017884930374E-002   0.0000000000000000        3.1391828063779674     
   2.6250000391155481        2.9908291124729744E-002   1.3292573833213219E-002   3.2151412959084475     
   2.6750000398606062        0.0000000000000000        1.2800313616727640E-002   2.3904585679238868     
   2.7250000406056643       0.11101409911811962        1.2334899902013290E-002   1.4293065261457900     
   2.7750000413507223       0.26762434726803458        1.7841623151202305E-002  0.80956365048580448     
   2.8250000420957804       0.51646999960403184        2.2954222204623637E-002  0.37444074971292307     
   2.8750000428408384       0.84772622407029763        3.8784859924784858E-002  0.18699843178021269     
   2.9250000435858965        1.2525768271296702        4.2823139389048546E-002  0.16259410736779373     
   2.9750000443309546        2.0490938724521621        8.2791671614228776E-002  0.15717481408013745     
   3.0250000450760126        1.9819165849480365        9.0087117497638036E-002  0.17454379015167368     
   3.0750000458210707        1.8961940918307956       0.12108519104922066       0.18526034230530763     
   3.1250000465661287        2.3635895420056099       0.14537951548050379       0.23741412810324211     
   3.1750000473111868        2.0239608391939052       0.16355239104597216       0.26577263544970475     
   3.2250000480562449        1.2483482522678166       0.20695720584334176       0.18824299042133746     
   3.2750000488013029       0.23057570598435909       0.25192530839031824       0.24018302706704073     
   3.3250000495463610        5.5923341971144264E-002  0.37282227980762844       0.29825782384610272     
   3.3750000502914190        0.0000000000000000       0.36587836218605935       0.33924161329064567     
   3.4250000510364771        0.0000000000000000       0.40993147573411437       0.31623285270917395     
   3.4750000517815351        1.7066569547332159E-002  0.46648623429374569       0.29439832469147975     
   3.5250000525265932        6.6343413402291052E-002  0.53811879759636083       0.21976255689508911     
   3.5750000532716513        1.6125165241598204E-002  0.49808843746269998       0.27412780910716944     
   3.6250000540167093        6.2733631634317999E-002  0.59945470228348308       0.32543071410302460     
   3.6750000547617674        6.1038232692143028E-002  0.59003624935738264       0.31663583209049195     
   3.7250000555068254        5.9410644240079503E-002  0.62711235586750591       0.26734789908035778     
   3.7750000562518835        4.3385473243153727E-002  0.73273243699548518       0.31454468101286448     
   3.8250000569969416       0.11268971205121202       0.84517284038409024       0.42258642019204506     
   3.8750000577419996       0.17842563799517583       0.75640270466330939       0.39459516095086955     
   3.9250000584870577       0.14715358102527723       0.78779189841815067       0.40467234781951228     
   3.9750000592321157       0.22173399125977769       0.77969207384157124       0.39129527869372532     
   4.0250000599771738       0.25442277589670381       0.93288351162124716       0.30848761577475331     
   4.0750000607222319       0.24821765374656599       0.96529087568108995       0.38784008397900926     
   4.1250000614672899       0.36335519757636087       0.98240479344719800       0.33610355775813383     
   4.1750000622123480       0.27193996099531409       0.85391775191765307       0.38426298836294381     
   4.2250000629574060       0.32326812290233714       0.85691708769349695       0.41563044373157632     
   4.2750000637024641       0.38341144574133584       0.68913821946972131       0.40032665658286537     
   4.3250000644475222       0.47375601863709355       0.57046590357851568       0.41591371403605304     
   4.3750000651925802       0.55989404345597626       0.45940024078439079       0.44145491887875049     
   4.4250000659376383       0.58941366648431170       0.30640154884700332       0.48416122604068468     
   4.4750000666826963       0.63806428684799832       0.33847137796954752       0.53772353206141787     
   4.5250000674277544       0.78508442579506332       0.27287834742734396       0.52590591343323156     
   4.5750000681728125       0.64001504380201879       0.27132261685965925       0.52432001665319239     
   4.6250000689178705       0.77077146537969277       0.22052628037252320       0.56362663405890034     
   4.6750000696629286       0.65064645184035497       0.29127168053400759       0.58463884078408712     
   4.7250000704079866       0.60002455508101105       0.25231801803406617       0.67156594434067007     
   4.7750000711530447       0.84061197748131866       0.28924283096131398       0.73214591587082600     
   4.8250000718981028       0.66393580013169873       0.31082031532091375       0.79450984082426601     
   4.8750000726431608       0.62437110243515370       0.31411262252138905       0.75228046022568884     
   4.9250000733882189       0.67123444826058454       0.31343155671239670       0.81992562350818243     
   4.9750000741332769       0.77438417278429594       0.32566694004787600       0.73691397087537847     
   5.0250000748783350       0.72640301239645033       0.29745341830965760       0.81006178629604153     
   5.0750000756233931       0.70415847605119763       0.37875190757299271       0.82618593923052452     
   5.1250000763684511       0.70617879177432996       0.39057789964802447       0.83368329584469503     
   5.1750000771135092       0.76955428107910462       0.35399496929638813       0.74646765264673154     
   5.2250000778585672       0.76999448275875781       0.33718712643684168       0.71526448275874810     
   5.2750000786036253       0.69621442829435509       0.39995296944569331       0.62955560005340627     
   5.3250000793486834       0.61778855148509304       0.38763203230437204       0.56691184724514421     
   5.3750000800937414       0.67054994303777571       0.35350505271258625       0.44406099951171846     
   5.4250000808387995       0.58822038627496087       0.38747850841922038       0.46567447246767740     
   5.4750000815838575       0.58440107423711540       0.41710194318099997       0.40564309858811537     
   5.5250000823289156       0.58737447407944221       0.38108075712944650       0.42196442103408199     
   5.5750000830739737       0.68297988870338588       0.43911112585460405       0.38790605329269978     
   5.6250000838190317       0.51456770221814829       0.44291903482068462       0.41849335275336752     
   5.6750000845640898       0.61432761388458312       0.44368105447219891       0.40635211960073986     
   5.7250000853091478       0.52818843614637101       0.51561252100002875       0.39771331650307101     
   5.7750000860542059       0.50672287207845723       0.52182843195071471       0.40476034294071883     
   5.8250000867992640       0.51020898843414042       0.46566693388830277       0.39328609525131658     
   5.8750000875443220       0.34631633404965401       0.48696587967901545       0.35378004814555170     
   5.9250000882893801       0.30527230242220804       0.54401089790624246       0.40213755222925479     
   5.9750000890344381       0.33482122826270760       0.56829810007808235       0.43584487472128319     
   6.0250000897794962       0.34631921255099468       0.58666096115195832       0.40593153602288723     
   6.0750000905245543       0.30713620841491762       0.58448951177141895       0.40206921828861941     
   6.1250000912696123       0.30214223465806439       0.58841437214216985       0.41887900713958920     
   6.1750000920146704       0.29186418696071076       0.56691315327347924       0.41347426486100686     
   6.2250000927597284       0.24464713292785029       0.58266201223879310       0.38824436312463201     
   6.2750000935047865       0.31403990515805874       0.50711629129227265       0.42787937077785509     
   6.3250000942498446       0.37606497239274378       0.51859187973793897       0.42371704081237227     
   6.3750000949949026       0.31947824512609785       0.51837739949913586       0.44118424326937317     
   6.4250000957399607       0.40438953517858583       0.51810675700521136       0.45181793745261745     
   6.4750000964850187       0.41291525475686980       0.52215209463963963       0.43012005703840611     
   6.5250000972300768       0.45017682793185360       0.48943956202865813       0.49374232740912977     
   6.5750000979751348       0.33847616113186402       0.50956817998255588       0.50413878929147349     
   6.6250000987201929       0.45547154783853594       0.46747137097746638       0.48364504564298155     
   6.6750000994652510       0.47180109693193595       0.46768954053165768       0.47064472169435773     
   6.7250001002103090       0.44658367475112876       0.44354569056914828       0.52519151545987330     
   6.7750001009553671       0.44450635013395851       0.43602530866114442       0.48154854597845503     
   6.8250001017004251       0.48226149641005017       0.42572727409898409       0.50659579210046557     
   6.8750001024454832       0.52323558449985041       0.40502310059432867       0.57882936535295959     
   6.9250001031905413       0.49421934802326412       0.36290502850017470       0.54686445248661186     
   6.9750001039355993       0.50834002701644265       0.39819968782954679       0.59094528140661462     
   7.0250001046806574       0.60135558232208741       0.33501445249733575       0.58151920026632420     
   7.0750001054257154       0.50230613208363240       0.34127538664334217       0.55685987183861707     
   7.1250001061707735       0.62925043407000270       0.39063145226137808       0.55211650989367989     
   7.1750001069158316       0.57647472264267585       0.33538730005600126       0.55045329419005506     
   7.2250001076608896       0.53693883664393682       0.35971392650982692       0.59813407170262078     
   7.2750001084059477       0.63861554891127892       0.34094109250818955       0.56657659979628705     
   7.3250001091510057       0.60688092582418551       0.33288827154913136       0.60496041656524835     
   7.3750001098960638       0.61004729885508790       0.36038681008968615       0.58162894642395035     
   7.4250001106411219       0.57195283756049864       0.41868443010964618       0.58877497984168981     
   7.4750001113861799       0.65653719343856887       0.36064465057799039       0.59014579185489335     
   7.5250001121312380       0.60780631785897632       0.41976244706428306       0.56413161238407972     
   7.5750001128762960       0.65368404075825304       0.38231337670720783       0.55940268872581267     
   7.6250001136213541       0.61323678224852618       0.42694198584290455       0.50955368467182449     
   7.6750001143664122       0.58428066129324452       0.39263038450178100       0.55716584018532445     
   7.7250001151114702       0.57674166126481996       0.40828551402912078       0.52407513231698466     
   7.7750001158565283       0.51139009520903578       0.42577960519626384       0.49263912505137103     
   7.8250001166015863       0.55199738866453707       0.43007926623591980       0.48720501225116908     
   7.8750001173466444       0.46192935465599200       0.44088221379636650       0.47688390210888382     
   7.9250001180917025       0.51518476935172441       0.42221087254727302       0.44053219927050319     
   7.9750001188367605       0.45041758682596261       0.47742103927356233       0.45284789754624655     
   8.0250001195818186       0.46722353824765434       0.47860188925520758       0.44722253061718970     
   8.0750001203268766       0.46777672726031599       0.48112170896894363       0.45276362283811000     
   8.1250001210719347       0.46828095402060504       0.55083715184053395       0.45891533494019293     
   8.1750001218169928       0.50265970631811774       0.50779937611687154       0.44483842108213795     
   8.2250001225620508       0.49047409059968372       0.51518396541940548       0.45087059260095147     
   8.2750001233071089       0.39427325175136119       0.49894460696609916       0.47704053742435687     
   8.3250001240521669       0.45199865589932803       0.51081134650611193       0.43341318485083591     
   8.3750001247972250       0.39372883540962017       0.52170703066714186       0.44147580239026446     
   8.4250001255422831       0.45004293639257409       0.50327382134223342       0.46891570469290789     
   8.4750001262873411       0.44474837504044618       0.52795936133833621       0.48491919601184136     
   8.5250001270323992       0.43387512899163339       0.51233185166332307       0.45018089364327979     
   8.5750001277774572       0.41481607010594002       0.47149514274804294       0.44985121116218502     
   8.6250001285225153       0.42387260834657103       0.50298318230813155       0.48966982696246042     
   8.6750001292675734       0.41626199757692517       0.50328753215806599       0.48061829325493666     
   8.7250001300126314       0.49001554810763576       0.50776319533805359       0.46497331705793621     
   8.7750001307576895       0.40950513386748905       0.46809083566262005       0.48110161969072657     
   8.8250001315027475       0.48691211266263595       0.47162260187854355       0.48228115506937719     
   8.8750001322478056       0.47620819088745109       0.46341627367191512       0.51283959018648573     
   8.9250001329928637       0.53556983143367598       0.46456298851144417       0.49676042335877196     
   8.9750001337379217       0.53729475647036851       0.46451832384792702       0.49379946666086255     
   9.0250001344829798       0.49846427685563732       0.45826101030721311       0.54906978719631117     
   9.0750001352280378       0.50049411458486437       0.41652232424895935       0.51363208509271707     
   9.1250001359730959       0.53215110991636705       0.44552185946486544       0.50059331153760578     
   9.1750001367181540       0.48474720634603385       0.42653401770515209       0.52330664321446829     
   9.2250001374632120       0.48677200107117186       0.43160988928588156       0.52007108074643860     
   9.2750001382082701       0.53184787870800898       0.38970234956382649       0.53484251766469826     
   9.3250001389533281       0.59489229673021859       0.42082243920977846       0.51549432087180302     
   9.3750001396983862       0.54870083416578896       0.40331856186545167       0.57390824428237963     
   9.4250001404434443       0.60321614511385535       0.39131714029180881       0.55739491870616831     
   9.4750001411885023       0.63359681029292902       0.38719805073456770       0.53545817391603501     
   9.5250001419335604       0.54745625459308589       0.41948930158308384       0.57074018243366320     
   9.5750001426786184       0.57097686234708911       0.42561004962355192       0.52601805428826320     
   9.6250001434236765       0.58508186993345912       0.39252640872595401       0.57062167162711896     
   9.6750001441687346       0.55483132413594449       0.38456562678205675       0.56033560314522968     
   9.7250001449137926       0.54914079659372850       0.39999144443246887       0.53552123318614597     
   9.7750001456588507       0.55432183953367031       0.42083404678820796       0.55054727447847995     
   9.8250001464039087       0.53161427841093278       0.40754722459169229       0.53161427841093278     
   9.8750001471489668       0.51779075646728823       0.38934107674501761       0.52465940935920119     
   9.9250001478940248       0.56489165627928639       0.41006949863237080       0.48329619481672276     
   9.9750001486390829       0.49503342999793543       0.45521902581865004       0.49969378655649338     
   10.025000149384141       0.49215842517469754       0.45251232981340245       0.49728507543693395     
   10.075000150129199       0.51164988995886063       0.44036181005277597       0.51926372760705786     
   10.125000150874257       0.42016385107887044       0.46148778114244887       0.46288385986081293     
   10.175000151619315       0.50164232995177349       0.44280773569817039       0.51159555078414998     
   10.225000152364373       0.50069074425390525       0.47177946768281359       0.47555764587108129     
   10.275000153109431       0.51925473298469216       0.46676532388598890       0.47289270325391602     
   10.325000153854489       0.48910589481132999       0.44636014467191210       0.46929033978438883     
   10.375000154599547       0.42887853653374947       0.47568075778247215       0.48488164900523240     
   10.425000155344605       0.47787127557157477       0.46101514592178378       0.45606365783715774     
   10.475000156089664       0.44514633637294554       0.45370282947716067       0.46627670044128156     
   10.525000156834722       0.47627554734004907       0.48247705186270595       0.47115930610885715     
   10.575000157579780       0.44782471450498390       0.47055381524117651       0.46671444011681962     
   10.625000158324838       0.40893349537921797       0.47790045392531622       0.46552697018616335     
   10.675000159069896       0.45936774821268334       0.46419050672410250       0.48604363122897098     
   10.725000159814954       0.44076090291569048       0.48734538858970655       0.48868917183030319     
   10.775000160560012       0.50235929676675140       0.46705410865475749       0.44821810047210153     
   10.825000161305070       0.41858505668499019       0.47916459336675804       0.48190044341045085     
   10.875000162050128       0.46528099152244506       0.48212637074111037       0.47617240050003046     
   10.925000162795186       0.46103187971454163       0.48885111506976775       0.47268718004440358     
   10.975000163540244       0.52185923779183241       0.47908389043184618       0.48336142516784480     
   11.025000164285302       0.46457514106612935       0.46532870982698277       0.49170361645685223     
   11.075000165030360       0.52591974402734676       0.45777607822330640       0.49693534918877896     
   11.125000165775418       0.48290374430216476       0.45034012016531377       0.50496744986079811     
   11.175000166520476       0.45713800242216240       0.44081819407255451       0.50788527164411723     
   11.225000167265534       0.48742319478374302       0.44453286146198184       0.51400247973419888     
   11.275000168010592       0.53822964707572851       0.42690905741950352       0.49891618640829954     
   11.325000168755651       0.44832238265705227       0.43064658979243731       0.49572564533942876     
   11.375000169500709       0.53677185521644100       0.42262155959672304       0.51726011863958210     
   11.425000170245767       0.47998074803756041       0.41787797581340230       0.50761121873051196     
   11.475000170990825       0.53215259801870129       0.42293958117041885       0.53958708284396262     
   11.525000171735883       0.51047760484041182       0.44686185469312645       0.50388328927636394     
   11.575000172480941       0.52915038097970490       0.43548939623265120       0.53145772275723269     
   11.625000173225999       0.57188409770916160       0.39853967342576241       0.52689588202270754     
   11.675000173971057       0.54129240025873215       0.40924527840790553       0.52995247567230619     
   11.725000174716115       0.49171202365147704       0.43741049258427461       0.51344929298972819     
   11.775000175461173       0.52173260419126588       0.42214261991544016       0.52173260419126588     
   11.825000176206231       0.55712442546247887       0.43233641482097129       0.51880369778516544     
   11.875000176951289       0.50567509630358187       0.41571234635105003       0.56157703975332762     
   11.925000177696347       0.48550168399667820       0.44315112250708405       0.51666074729795763     
   11.975000178441405       0.56912394213721662       0.43562573348774608       0.53139792324554513     
   12.025000179186463       0.55727467447953627       0.43327749627053458       0.51522965428223100     
   12.075000179931521       0.58376559748518930       0.42686975893590118       0.52015917645169407     
   12.125000180676579       0.55653148893386539       0.45637762736530246       0.51447621269201160     
   12.175000181421638       0.49774604942247053       0.43070018180938791       0.51130198233271928     
