           2   42.000000000000000        13.388227471875478     
           3   23.000000000000000        19.558540546078763     
           4   9.0000000000000000        16.967268086122424     
           5   7.0000000000000000        16.956963147165567     
           6   1.0000000000000000        3.1217714284496387     
           9   1.0000000000000000        3.9435180292783705     
          11   2.0000000000000000        8.2772846118583416     
          12   3.0000000000000000        12.786421828641709     
          15   2.0000000000000000        12.048902592797088     
          16   2.0000000000000000        12.043013481940445     
          17   1.0000000000000000        5.9683403124245231     
          20   2.0000000000000000        12.830786384715967     
          22   6.0000000000000000        31.070104344896972     
          24   1.0000000000000000        6.9871422419094174     
          25   2.0000000000000000        13.541048745849773     
          28   1.0000000000000000        7.1716411733318441     
          34   1.0000000000000000        7.4613292965532949     
          49   1.0000000000000000        0.0000000000000000     
          56   1.0000000000000000        0.0000000000000000     
          58   1.0000000000000000        0.0000000000000000     
          66   1.0000000000000000        0.0000000000000000     
