   2.5000000372529030E-002   0.0000000000000000        0.0000000000000000        0.0000000000000000     
   7.5000001117587090E-002   0.0000000000000000        0.0000000000000000        0.0000000000000000     
  0.12500000186264515        0.0000000000000000        0.0000000000000000        0.0000000000000000     
  0.17500000260770321        0.0000000000000000        0.0000000000000000        0.0000000000000000     
  0.22500000335276127        0.0000000000000000        0.0000000000000000        0.0000000000000000     
  0.27500000409781933        0.0000000000000000        0.0000000000000000        0.0000000000000000     
  0.32500000484287739        0.0000000000000000        0.0000000000000000        0.0000000000000000     
  0.37500000558793545        0.0000000000000000        0.0000000000000000        0.0000000000000000     
  0.42500000633299351        0.0000000000000000        0.0000000000000000        0.0000000000000000     
  0.47500000707805157        0.0000000000000000        0.0000000000000000        0.0000000000000000     
  0.52500000782310963        0.0000000000000000        0.0000000000000000        0.0000000000000000     
  0.57500000856816769        0.0000000000000000        0.0000000000000000        0.0000000000000000     
  0.62500000931322575        0.0000000000000000        0.0000000000000000        0.0000000000000000     
  0.67500001005828381        0.0000000000000000        0.0000000000000000        0.0000000000000000     
  0.72500001080334187        0.0000000000000000        0.0000000000000000        0.0000000000000000     
  0.77500001154839993        0.0000000000000000        0.0000000000000000        0.0000000000000000     
  0.82500001229345798        0.0000000000000000        0.0000000000000000        0.0000000000000000     
  0.87500001303851604        0.0000000000000000        0.0000000000000000        0.0000000000000000     
  0.92500001378357410        0.0000000000000000        0.0000000000000000        0.0000000000000000     
  0.97500001452863216        0.0000000000000000        0.0000000000000000        0.0000000000000000     
   1.0250000152736902        0.0000000000000000        0.0000000000000000        0.0000000000000000     
   1.0750000160187483        0.0000000000000000        0.0000000000000000        0.0000000000000000     
   1.1250000167638063        0.0000000000000000        0.0000000000000000        0.0000000000000000     
   1.1750000175088644        0.0000000000000000        0.0000000000000000        0.0000000000000000     
   1.2250000182539225        0.0000000000000000        0.0000000000000000        0.0000000000000000     
   1.2750000189989805        0.0000000000000000        0.0000000000000000        0.0000000000000000     
   1.3250000197440386        0.0000000000000000        0.0000000000000000        0.0000000000000000     
   1.3750000204890966        0.0000000000000000        0.0000000000000000        0.0000000000000000     
   1.4250000212341547        0.0000000000000000        0.0000000000000000        0.0000000000000000     
   1.4750000219792128        0.0000000000000000        2.1476119566060822E-002   0.0000000000000000     
   1.5250000227242708        0.0000000000000000        1.5068294926635120        0.0000000000000000     
   1.5750000234693289        0.0000000000000000        11.847712196712596        0.0000000000000000     
   1.6250000242143869        0.0000000000000000        9.5550773180725024        0.0000000000000000     
   1.6750000249594450        0.0000000000000000        1.6154417505605949        0.0000000000000000     
   1.7250000257045031        0.0000000000000000        3.1405291619705830E-002   0.0000000000000000     
   1.7750000264495611        0.0000000000000000        0.0000000000000000        0.0000000000000000     
   1.8250000271946192        0.0000000000000000        0.0000000000000000        0.0000000000000000     
   1.8750000279396772        0.0000000000000000        0.0000000000000000        0.0000000000000000     
   1.9250000286847353        0.0000000000000000        0.0000000000000000        0.0000000000000000     
   1.9750000294297934        0.0000000000000000        0.0000000000000000        0.0000000000000000     
   2.0250000301748514        0.0000000000000000        1.1394868560655316E-002   0.0000000000000000     
   2.0750000309199095        0.0000000000000000        0.0000000000000000        0.0000000000000000     
   2.1250000316649675        0.0000000000000000        0.0000000000000000        0.0000000000000000     
   2.1750000324100256        0.0000000000000000        0.0000000000000000        0.0000000000000000     
   2.2250000331550837        0.0000000000000000        0.0000000000000000        0.0000000000000000     
   2.2750000339001417        0.0000000000000000        0.0000000000000000        1.0156724635382020E-002
   2.3250000346451998        0.0000000000000000        0.0000000000000000        0.0000000000000000     
   2.3750000353902578        0.0000000000000000        0.0000000000000000        7.4555670510099384E-002
   2.4250000361353159        0.0000000000000000        0.0000000000000000       0.29499117917554318     
   2.4750000368803740        0.0000000000000000        0.0000000000000000        1.1327725487372109     
   2.5250000376254320        0.0000000000000000        7.3289959726813257E-003   2.3910849360872826     
   2.5750000383704901        3.1712161221745847E-002   0.0000000000000000        3.0681515982039103     
   2.6250000391155481        0.0000000000000000        0.0000000000000000        3.2956870261064872     
   2.6750000398606062        2.9385544059791692E-002   6.5301209021759316E-003   2.5638887192168252     
   2.7250000406056643        2.8317098736553886E-002   1.8878065824369256E-002   1.3946171127752787     
   2.7750000413507223       0.32767059864702708        6.0679740490190200E-003  0.77139120098154290     
   2.8250000420957804       0.47426187774310991        1.1710169820817530E-002  0.42156611354943108     
   2.8750000428408384       0.99213761536604717        3.9572440498930661E-002  0.20351540828021483     
   2.9250000435858965       0.95850910751103813        6.0077493918070775E-002  0.12903007216494744     
   2.9750000443309546        1.7343336483781677        6.3354653822033521E-002  0.14254797109957543     
   3.0250000450760126        1.7004545438726828        6.1277641220637218E-002  0.16085380820417269     
   3.0750000458210707        2.1126023045682589       0.13836927374950000       0.19458179121023442     
   3.1250000465661287        2.6484376671640963       0.11005251372136264       0.25300115926161082     
   3.1750000473111868        2.1902153441638665       0.21322731392918062       0.15122915471607648     
   3.2250000480562449        1.3747848205446151       0.19318871661247858       0.19711988235749997     
   3.2750000488013029       0.45091091114543680       0.27011088397117949       0.25486268890829039     
   3.3250000495463610        1.9019647760716893E-002  0.34235365969290404       0.26627506865003647     
   3.3750000502914190        0.0000000000000000       0.29946688255540971       0.28151938103239721     
   3.4250000510364771        0.0000000000000000       0.35053811468740992       0.28232260089170652     
   3.4750000517815351        3.4826260001577673E-002  0.38695844446197403       0.31343634001419901     
   3.5250000525265932        1.6922652192437205E-002  0.47007367201214462       0.28768508727143249     
   3.5750000532716513        3.2905218340148965E-002  0.54476417029802182       0.24678913755111725     
   3.6250000540167093        4.8005644018282230E-002  0.55473188643348348       0.28403339377483655     
   3.6750000547617674        4.6708274234854914E-002  0.56395916298380377       0.32306556345774651     
   3.7250000555068254        9.0925590117625979E-002  0.69709619090179908       0.29929673413718544     
   3.7750000562518835        8.8532951350715622E-002  0.75089058738199554       0.33199856756518359     
   3.8250000569969416        7.1861270957860657E-002  0.67709286413628711       0.34493410059773116     
   3.8750000577419996       0.12603379774531762       0.79043418832865864       0.32558731084207054     
   3.9250000584870577       0.20473873546932839       0.83412077413430086       0.38217897287607966     
   3.9750000592321157       0.13308035801984683       0.81326885456573061       0.35931696665358642     
   4.0250000599771738       0.23363026609463344       0.95759565856071982       0.36991458798316962     
   4.0750000607222319       0.17728064112912348       0.98489245071735276       0.39254999107163058     
   4.1250000614672899       0.19772460303946807       0.90074541384646567       0.32748137378411896     
   4.1750000622123480       0.33777992405985935       0.99725501389101334       0.39809776764197713     
   4.2250000629574060       0.36517173204259373       0.80887501936316475       0.48296906495955949     
   4.2750000637024641       0.50625513387546939       0.78239429780754355       0.36530910228513985     
   4.3250000644475222       0.43841105746050069       0.54208090865486402       0.42154909371201993     
   4.3750000651925802       0.49436261952476884       0.51023104928729224       0.48886970153004916     
   4.4250000659376383       0.50473176752552540       0.33887428363415889       0.47519958963839365     
   4.4750000666826963       0.56701835168895665       0.28234247141713481       0.51451665245849765     
   4.5250000674277544       0.60590477976657342       0.28298377661414342       0.54428734453607430     
   4.5750000681728125       0.78361372829683240       0.25897205835450876       0.48975858018552032     
   4.6250000689178705       0.68812017137014547       0.27306356006751803       0.57261428546158533     
   4.6750000696629286       0.60613188740649748       0.27794407535394944       0.58929489053409467     
   4.7250000704079866       0.66872047873321638       0.30139514534454820       0.65223793172218636     
   4.7750000711530447       0.73779077326539733       0.27667153997452398       0.73548517709894290     
   4.8250000718981028       0.74967585452406360       0.30508896890939136       0.72935331629901368     
   4.8750000726431608       0.65474565539696150       0.26740363103299325       0.76313260510794501     
   4.9250000733882189       0.72821067147697138       0.29475193845496461       0.89725957735555395     
   4.9750000741332769       0.67966376038902887       0.34549574486442303       0.82621625872291315     
   5.0250000748783350       0.77446391261850078       0.33125218723706490       0.86190338662381560     
   5.0750000756233931       0.75927883703539989       0.31931439741512635       0.80214135202933379     
   5.1250000763684511       0.78456484502871970       0.35936983831247477       0.82859654551502537     
   5.1750000771135092       0.73021847142711616       0.32977608387031054       0.73021847142711616     
   5.2250000778585672       0.80873706597326411       0.38168966288261991       0.64698965277861131     
   5.2750000786036253       0.61966879341731151       0.35937431379757356       0.62722572992240067     
   5.3250000793486834       0.70449050312798778       0.40374309535989944       0.57286201438565321     
   5.3750000800937414       0.64049619781493228       0.42052780664616757       0.51312479484037177     
   5.4250000808387995       0.53586162508444479       0.34612691635084131       0.47513064090820772     
   5.4750000815838575       0.71552178193061311       0.41310081091854572       0.44369365399128707     
   5.5250000823289156       0.54419370698242275       0.38269599647146479       0.40642314825269554     
   5.5750000830739737       0.57506935360810829       0.40893820701021039       0.37379507984527044     
   5.6250000838190317       0.63799499635959411       0.44748260161332637       0.39210109151266714     
   5.6750000845640898       0.58762724184875414       0.46284713617222856       0.34278255774510658     
   5.7250000853091478       0.51966710773069702       0.53748833913435601       0.36408775757675366     
   5.7750000860542059       0.57375786918293248       0.49179245929965643       0.40194576000452692     
   5.8250000867992640       0.47099144534098430       0.47512294924748416       0.41521614260323614     
   5.8750000875443220       0.40208653061480065       0.54288450766510121       0.38076376005189455     
   5.9250000882893801       0.50913574860592337       0.55372672266683443       0.40730859888473875     
   5.9750000890344381       0.39463027656627764       0.50915813460790049       0.37696026418271300     
   6.0250000897794962       0.34176640443618150       0.54579644248941972       0.40983005277728535     
   6.0750000905245543       0.25069842935902081       0.55837377448145542       0.42590244533151822     
   6.1250000912696123       0.31948774983810158       0.53185679992541668       0.42177988026872182     
   6.1750000920146704       0.30330554180297825       0.64092443783013187       0.39567586589752163     
   6.2250000927597284       0.29845275749508016       0.56675877180883893       0.42597348115206884     
   6.2750000935047865       0.25099325604849143       0.54708222713170007       0.41921214042141652     
   6.3250000942498446       0.34165201626206548       0.53496281520692646       0.41918074302922648     
   6.3750000949949026       0.28974728501958635       0.51740586610640416       0.47213285282209383     
   6.4250000957399607       0.42278891228453003       0.54221121548671991       0.44316428155125437     
   6.4750000964850187       0.36111434900087680       0.55950433085938323       0.46017002112264510     
   6.5250000972300768       0.37535688633905745       0.53120682160264265       0.46919610792382188     
   6.5750000979751348       0.44263090931569327       0.46478947742551430       0.45722313709533147     
   6.6250000987201929       0.37848373199553886       0.52593801295582621       0.51143213152561751     
   6.6750000994652510       0.52385652868870247       0.46145520044650462       0.45896439112591270     
   6.7250001002103090       0.43705412988695186       0.44015380456700121       0.56724046644902271     
   6.7750001009553671       0.48560063697448497       0.39601393665214812       0.50163462027081229     
   6.8250001017004251       0.46496891934571483       0.40427718337933782       0.51801149024194926     
   6.8750001024454832       0.42708848916196562       0.38754325868400580       0.55165596516753879     
   6.9250001031905413       0.47356136755824718       0.37124872641911966       0.52617929728694135     
   6.9750001039355993       0.43221881578155891       0.39379936548986477       0.56080391347657266     
   7.0250001046806574       0.50704490559312410       0.34087052476848684       0.55391460274879112     
   7.0750001054257154       0.60072443035817569       0.36127483224337847       0.55556507632775354     
   7.1250001061707735       0.48048565067722704       0.34517647318766315       0.56229247482270328     
   7.1750001069158316       0.53099659564864565       0.32858250876035844       0.58103281331553724     
   7.2250001076608896       0.62035064404431772       0.36612325167983539       0.61128707943977412     
   7.2750001084059477       0.57609519125832842       0.38582926985423677       0.59298073996762424     
   7.3250001091510057       0.65055661384561680       0.37883818878560016       0.62606276543275463     
   7.3750001098960638       0.64949755671697584       0.36942321347658674       0.57700899011909901     
   7.4250001106411219       0.63315127190891007       0.34157960184644010       0.56068215042536018     
   7.4750001113861799       0.62470938085453687       0.38302128036329031       0.58331297609911581     
   7.5250001121312380       0.54959283443263374       0.34493964683609746       0.59508278187722674     
   7.5750001128762960       0.67795181848853014       0.39577727782033112       0.52403843266951255     
   7.6250001136213541       0.64738961952466056       0.42435967611299913       0.54883449588193989     
   7.6750001143664122       0.55687823825121452       0.40615620795530183       0.53278254524996005     
   7.7250001151114702       0.58492953171548212       0.43693531284770953       0.47569570350355472     
   7.7750001158565283       0.55308105799186191       0.42978765652477319       0.48872885942048172     
   7.8250001166015863       0.55290390682078161       0.42431272904396766       0.47735182017446359     
   7.8750001173466444       0.53912378596578225       0.44456049436731165       0.47978626235319610     
   7.9250001180917025       0.51560211622567576       0.43152846668238376       0.45868499949946478     
   7.9750001188367605       0.51246338963616622       0.43788986411921887       0.46865603536081657     
   8.0250001195818186       0.56813522121102189       0.48033910145810532       0.45956915164052486     
   8.0750001203268766       0.43857756451282209       0.47297580486676888       0.44905827837066525     
   8.1250001210719347       0.45230791466040948       0.47495870224903713       0.44912264765575866     
   8.1750001218169928       0.40274211448936431       0.50902128359072429       0.46488396418596545     
   8.2250001225620508       0.43205158461904852       0.53600644230916339       0.43282865581440660     
   8.2750001233071089       0.47290874753356216       0.50361710776301427       0.44373580531558265     
   8.3250001240521669       0.47331335778930733       0.53062337974385310       0.45586751287079114     
   8.3750001247972250       0.41371581014527320       0.50165540263992070       0.43769933537108613     
   8.4250001255422831       0.40881982253562921       0.52731832182131888       0.48065953772757847     
   8.4750001262873411       0.39522740220665403       0.48598332419484869       0.47427288264798484     
   8.5250001270323992       0.39639165193927028       0.53173705783256531       0.46076912825787442     
   8.5750001277774572       0.43467839296324196       0.51729270741532019       0.48329373954465721     
   8.6250001285225153       0.40986660197837793       0.50377473530522476       0.47063992571999957     
   8.6750001292675734       0.43868565774640633       0.48432386842490732       0.48409102041124152     
   8.7250001300126314       0.50272823904653952       0.51746020209552235       0.50203767827861845     
   8.7750001307576895       0.44786010283432903       0.49458805394305982       0.47038965069032429     
   8.8250001315027475       0.49409954344759655       0.49679954095277468       0.47519956091134974     
   8.8750001322478056       0.45384233183850048       0.49299735654613580       0.48254118517534678     
   8.9250001329928637       0.48308934302762796       0.43762556150408072       0.51014762590212626     
   8.9750001337379217       0.54037377056079028       0.42580176875106829       0.48229011647877290     
   9.0250001344829798       0.52665788190883955       0.46182962411396061       0.52923953819270642     
   9.0750001352280378       0.54640335843510979       0.46129380104646339       0.51448727441436737     
   9.1250001359730959       0.55810947239219566       0.43773291952329074       0.51580932007287772     
   9.1750001367181540       0.51707206743593892       0.42242817318169568       0.55204312513692033     
   9.2250001374632120       0.49912751247999698       0.42884333030459587       0.51765947457702655     
   9.2750001382082701       0.51820419612696966       0.41608429164911820       0.53959234101428555     
   9.3250001389533281       0.60939062976454317       0.40411089381211318       0.55437619791079962     
   9.3750001396983862       0.51917061605391890       0.41044517725921698       0.55087112602034483     
   9.4250001404434443       0.51841114701420798       0.41451850212805269       0.51367679863964899     
   9.4750001411885023       0.51763875181661823       0.39141713561196262       0.54516026916433424     
   9.5250001419335604       0.54698446211183427       0.40225505170371240       0.52612488516689149     
   9.5750001426786184       0.59633287018163228       0.39653587436009391       0.56422263871031364     
   9.6250001434236765       0.54702672245666450       0.40503684475122326       0.54418944692525029     
   9.6750001441687346       0.55486584445265463       0.40585328973460028       0.54588016276111373     
   9.7250001449137926       0.59364257118769415       0.40317298217990710       0.55640094921243621     
   9.7750001456588507       0.60519059123322994       0.40786178027354641       0.53256772028524224     
   9.8250001464039087       0.57726306545386397       0.36838339019739247       0.51463546873009569     
   9.8750001471489668       0.51752347945157118       0.41689391400265463       0.55094687083281846     
   9.9250001478940248       0.46962875891541961       0.42693523537765410       0.54167407988539873     
   9.9750001486390829       0.49874578416075177       0.41609111559927126       0.46387584586137720     
   10.025000149384141       0.53144460972731156       0.42682952907232896       0.49744470851444228     
   10.075000150129199       0.54068392658561570       0.42766740553259858       0.50287748344313499     
   10.125000150874257       0.52920350551613315       0.44989135223464544       0.51638365315382373     
   10.175000151619315       0.46714540252524811       0.45225091143024015       0.45699006768774270     
   10.225000152364373       0.49275670029850438       0.46929209552238516       0.47314699487846190     
   10.275000153109431       0.52382374737981507       0.47447322111631757       0.46755750835517718     
   10.325000153854489       0.45958823683861633       0.47514892583029100       0.49065482366354429     
   10.375000154599547       0.42781993387170186       0.46580496097852464       0.47372755234651914     
   10.425000155344605       0.45081350110839186       0.46177749183634992       0.48709141160531183     
   10.475000156089664       0.43693809601085959       0.48591263893605335       0.49586724711758734     
   10.525000156834722       0.44988060754390841       0.45852810164109559       0.46174454761626882     
   10.575000157579780       0.52837068177710889       0.49139100179508111       0.48277285603655767     
   10.625000158324838       0.46939214170061377       0.48305170137973213       0.45635347109781893     
   10.675000159069896       0.45024325732418125       0.47648694445418815       0.49176159047907503     
   10.725000159814954       0.45153926081701290       0.46799210837714694       0.45839461396706876     
   10.775000160560012       0.44192486925380431       0.46768369587697689       0.46728121421098978     
   10.825000161305070       0.43964633277733828       0.46935486047975250       0.46566621777844613     
   10.875000162050128       0.46406109855349287       0.46979024791835078       0.49962133599054220     
   10.925000162795186       0.45453780394122356       0.46902350484202060       0.47655998436473246     
   10.975000163540244       0.49404963101213617       0.47639807372037946       0.46917257362018233     
   11.025000164285302       0.47573894585525445       0.45324946841482422       0.50687822231123469     
   11.075000165030360       0.46288116509737398       0.47545324612471002       0.50231178286492806     
   11.125000165775418       0.50800077017477818       0.45646446015704706       0.49525827593962490     
   11.175000166520476       0.44621486959554169       0.45912423060270841       0.50851656836925885     
   11.225000167265534       0.46227489047742265       0.43909624574831002       0.48772504238998832     
   11.275000168010592       0.49622814699627787       0.43374015811526506       0.49374700626129647     
   11.325000168755651       0.50169324366973522       0.43756977897411181       0.51890820791330461     
   11.375000169500709       0.53792092255706980       0.44131545308139608       0.47007138021036998     
   11.425000170245767       0.50100404366583728       0.43889314579086564       0.49013016168916712     
   11.475000170990825       0.55094338407005850       0.40810621042226558       0.52140004318514233     
   11.525000171735883       0.48759822943052261       0.42919901869064764       0.53469578568233445     
   11.575000172480941       0.51164516933582715       0.39829501253000305       0.51753065824689870     
   11.625000173225999       0.59127696045325839       0.43360310433238947       0.52436930440196872     
   11.675000173971057       0.54611332397040291       0.44086737892400379       0.51333109760212292     
   11.725000174716115       0.55064296187157091       0.41536154284386401       0.53993601539073477     
   11.775000175461173       0.53839351686014636       0.41891902438632994       0.52891475776049590     
   11.825000176206231       0.47670561683899987       0.42507504004150570       0.53610584354291313     
   11.875000176951289       0.53085519590323926       0.41951478028308431       0.51035165954461692     
   11.925000177696347       0.50423259941826326       0.43440566727334251       0.51495308723580702     
   11.975000178441405       0.52495890150122404       0.41742542074678335       0.51872684750295528     
   12.025000179186463       0.53514438827373956       0.44013687006572061       0.52096597037789993     
   12.075000179931521       0.51341558919995978       0.44643440434178777       0.54802787611231674     
   12.125000180676579       0.53636583965182505       0.43036405741544947       0.53386279906678313     
   12.175000181421638       0.52629508254677115       0.43156512009974823       0.53374265446960290     
   12.225000182166696       0.50792877105490108       0.43523351757982298       0.50863227350788576     
   12.275000182911754       0.52891947797922112       0.43541656234701054       0.50938155530980400     
