   2.5000000372529030E-002   0.0000000000000000        0.0000000000000000        0.0000000000000000     
   7.5000001117587090E-002   0.0000000000000000        0.0000000000000000        0.0000000000000000     
  0.12500000186264515        0.0000000000000000        0.0000000000000000        0.0000000000000000     
  0.17500000260770321        0.0000000000000000        0.0000000000000000        0.0000000000000000     
  0.22500000335276127        0.0000000000000000        0.0000000000000000        0.0000000000000000     
  0.27500000409781933        0.0000000000000000        0.0000000000000000        0.0000000000000000     
  0.32500000484287739        0.0000000000000000        0.0000000000000000        0.0000000000000000     
  0.37500000558793545        0.0000000000000000        0.0000000000000000        0.0000000000000000     
  0.42500000633299351        0.0000000000000000        0.0000000000000000        0.0000000000000000     
  0.47500000707805157        0.0000000000000000        0.0000000000000000        0.0000000000000000     
  0.52500000782310963        0.0000000000000000        0.0000000000000000        0.0000000000000000     
  0.57500000856816769        0.0000000000000000        0.0000000000000000        0.0000000000000000     
  0.62500000931322575        0.0000000000000000        0.0000000000000000        0.0000000000000000     
  0.67500001005828381        0.0000000000000000        0.0000000000000000        0.0000000000000000     
  0.72500001080334187        0.0000000000000000        0.0000000000000000        0.0000000000000000     
  0.77500001154839993        0.0000000000000000        0.0000000000000000        0.0000000000000000     
  0.82500001229345798        0.0000000000000000        0.0000000000000000        0.0000000000000000     
  0.87500001303851604        0.0000000000000000        0.0000000000000000        0.0000000000000000     
  0.92500001378357410        0.0000000000000000        0.0000000000000000        0.0000000000000000     
  0.97500001452863216        0.0000000000000000        0.0000000000000000        0.0000000000000000     
   1.0250000152736902        0.0000000000000000        0.0000000000000000        0.0000000000000000     
   1.0750000160187483        0.0000000000000000        0.0000000000000000        0.0000000000000000     
   1.1250000167638063        0.0000000000000000        0.0000000000000000        0.0000000000000000     
   1.1750000175088644        0.0000000000000000        0.0000000000000000        0.0000000000000000     
   1.2250000182539225        0.0000000000000000        0.0000000000000000        0.0000000000000000     
   1.2750000189989805        0.0000000000000000        0.0000000000000000        0.0000000000000000     
   1.3250000197440386        0.0000000000000000        0.0000000000000000        0.0000000000000000     
   1.3750000204890966        0.0000000000000000        0.0000000000000000        0.0000000000000000     
   1.4250000212341547        0.0000000000000000        0.0000000000000000        0.0000000000000000     
   1.4750000219792128        0.0000000000000000        3.6572129971872661E-002   0.0000000000000000     
   1.5250000227242708        0.0000000000000000        2.5489044916028969        0.0000000000000000     
   1.5750000234693289        0.0000000000000000        11.258626404485167        0.0000000000000000     
   1.6250000242143869        0.0000000000000000        6.3579534289157555        0.0000000000000000     
   1.6750000249594450        0.0000000000000000       0.90753626474900562        0.0000000000000000     
   1.7250000257045031        0.0000000000000000        6.6850904058078572E-002   0.0000000000000000     
   1.7750000264495611        0.0000000000000000        1.2627589441491609E-002   0.0000000000000000     
   1.8250000271946192        0.0000000000000000        1.1945187810427728E-002   0.0000000000000000     
   1.8750000279396772        0.0000000000000000        1.1316642730097115E-002   0.0000000000000000     
   1.9250000286847353        0.0000000000000000        0.0000000000000000        0.0000000000000000     
   1.9750000294297934        0.0000000000000000        0.0000000000000000        0.0000000000000000     
   2.0250000301748514        0.0000000000000000        0.0000000000000000        0.0000000000000000     
   2.0750000309199095        0.0000000000000000        0.0000000000000000        0.0000000000000000     
   2.1250000316649675        0.0000000000000000        0.0000000000000000        0.0000000000000000     
   2.1750000324100256        0.0000000000000000        0.0000000000000000        9.4615166704359287E-003
   2.2250000331550837        0.0000000000000000        0.0000000000000000        0.0000000000000000     
   2.2750000339001417        0.0000000000000000        7.6871543516792160E-003   1.7296097291278238E-002
   2.3250000346451998        0.0000000000000000        0.0000000000000000        3.3120413219093467E-002
   2.3750000353902578        0.0000000000000000        0.0000000000000000       0.24598964902939935     
   2.4250000361353159        3.0445248767501570E-002   1.3531221674445142E-002  0.65457284850128383     
   2.4750000368803740        0.0000000000000000        0.0000000000000000        1.4175388174104948     
   2.5250000376254320        2.8081573722684480E-002   6.2403497161521064E-003   2.1973831438000606     
   2.5750000383704901        5.4003297864084185E-002   6.0003664293426873E-003   2.6259103586410930     
   2.6250000391155481        7.7948526019684952E-002   2.3095859561388134E-002   2.5528142271446823     
   2.6750000398606062       0.27522689252065258        2.2240556971365868E-002   1.9265882476445684     
   2.7250000406056643       0.62688308095149059        4.8221775457806960E-002   1.1392394451906893     
   2.7750000413507223       0.83699560003044193        5.1666395063607519E-002  0.68005892502473408     
   2.8250000420957804        1.3236164887316755       0.10469282961719469       0.52159463327138067     
   2.8750000428408384        1.5379071034590548       0.13959094209800496       0.42779810272276519     
   2.9250000435858965        1.5067062121128501       0.18601311260652470       0.34528684027586148     
   2.9750000443309546        1.5980903421173582       0.17531792782722072       0.33883561051222466     
   3.0250000450760126        1.5261329025659032       0.22174580635572952       0.38153322564147579     
   3.0750000458210707        1.5337112685937244       0.26929361094649756       0.34082472635416095     
   3.1250000465661287        1.1366867031521486       0.38704385949625142       0.49500872556625830     
   3.1750000473111868        1.1544505113579242       0.30785346969544652       0.36853612477964509     
   3.2250000480562449       0.51643006302121330       0.40931864254273942       0.32707237324676836     
   3.2750000488013029        3.3385458869125709E-002  0.44884894701824568       0.39645232407086778     
   3.3250000495463610        1.6194476562316901E-002  0.44264902603666195       0.34413262694923419     
   3.3750000502914190        3.1436406547993144E-002  0.44360262573279213       0.31043451466143229     
   3.4250000510364771        1.5262635543955327E-002  0.52232130528202669       0.29762139310712887     
   3.4750000517815351        5.9306361342145703E-002  0.56011563489804272       0.32989163496568547     
   3.5250000525265932        5.7635871652406544E-002  0.56675273791533098       0.37463316574064254     
   3.5750000532716513       0.11206995921093277       0.56034979605466384       0.26616615312596531     
   3.6250000540167093       0.14987464811179149       0.57830419776469033       0.32018674823882731     
   3.6750000547617674       0.15908098023243675       0.63926986500812544       0.26182077996588549     
   3.7250000555068254       0.27096838217509084       0.67383671757826813       0.28064582439562974     
   3.7750000562518835       0.28896548580211379       0.62539390163935737       0.30152920257611876     
   3.8250000569969416       0.25698550615694260       0.68257525973960409       0.29675707258599321     
   3.8750000577419996       0.31001471415498721       0.73661615841954231       0.32491926772013080     
   3.9250000584870577       0.44162820257401608       0.73088176215465828       0.32831570322936726     
   3.9750000592321157       0.35126922299034985       0.83347751118140367       0.34843640667591153     
   4.0250000599771738       0.40890532690877923       0.87920785005010793       0.28181313070740194     
   4.0750000607222319       0.56066192947846971       0.85057685882417400       0.34232723578733482     
   4.1250000614672899       0.46297533200937219       0.90724458999816382       0.34723149900702921     
   4.1750000622123480       0.56494079602114189       0.77379769636835194       0.38518690637805131     
   4.2250000629574060       0.56167866817265899       0.69095391719652488       0.41875150707515202     
   4.2750000637024641       0.58780389554217538       0.56821043235743618       0.37227580051004439     
   4.3250000644475222       0.56472023489033307       0.47006844410833748       0.45704052908497295     
   4.3750000651925802       0.91669240341857949       0.36584549433485258       0.49342371714622518     
   4.4250000659376383       0.63092293986916814       0.37388026066321067       0.50290958975078615     
   4.4750000666826963       0.56325927322176850       0.29404716908931827       0.59231629922130413     
   4.5250000674277544       0.58585698901149119       0.29535742066250964       0.60334525734019251     
   4.5750000681728125       0.70998630432923404       0.28893686280600689       0.62230727277050346     
   4.6250000689178705       0.65286787187176132       0.26784322948585076       0.57753696357886575     
   4.6750000696629286       0.70451375938896110       0.22573567484297460       0.66764966732791087     
   4.7250000704079866       0.69770200769088397       0.29583277976165195       0.67965799025060247     
   4.7750000711530447       0.64390460455704224       0.27745482960587997       0.74795016565924710     
   4.8250000718981028       0.53065097605705047       0.27857039966924069       0.76521408866197849     
   4.8750000726431608       0.76843214335461996       0.29967179446727016       0.71758001622085843     
   4.9250000733882189       0.62004253706633117       0.33626645528729598       0.75475415970276616     
   4.9750000741332769       0.72338345696191730       0.29256842037126435       0.80838101315494271     
   5.0250000748783350       0.51052284346268029       0.33089443557766318       0.72678599242951014     
   5.0750000756233931       0.66039898574641853       0.32131693341580136       0.72470099225330686     
   5.1250000763684511       0.62712633937649509       0.32568155305784169       0.68677150752371607     
   5.1750000771135092       0.62175209918038865       0.35953167981279349       0.67523615072278775     
   5.2250000778585672       0.54432789004723114       0.44012589770887234       0.61482818905937253     
   5.2750000786036253       0.54692672417543808       0.37033731127173458       0.60644522062982398     
   5.3250000793486834       0.61878825092195600       0.43497586799502586       0.51618305625377459     
   5.3750000800937414       0.55775161815175556       0.39800053739717867       0.51437093673995227     
   5.4250000808387995       0.57793559624159907       0.44342193115144912       0.47907819162132553     
   5.4750000815838575       0.59131967236589689       0.45792432540119959       0.46290176372077779     
   5.5250000823289156       0.52787777701136551       0.47313489643240914       0.43843182035110639     
   5.5750000830739737       0.48964877193720524       0.46212603050805512       0.46804662023409321     
   5.6250000838190317       0.55454470262902256       0.48789874063505845       0.39185939445979406     
   5.6750000845640898       0.35023892138567764       0.53493281467371567       0.42251044484621419     
   5.7250000853091478       0.37146129509937859       0.54141090723634910       0.38921495993868710     
   5.7750000860542059       0.35431998092124140       0.48554960348466414       0.37847816143859875     
   5.8250000867992640       0.40103055632712920       0.54526084412899145       0.38256204386469561     
   5.8750000875443220       0.26973877372021104       0.55331030506709955       0.42535729702033281     
   5.9250000882893801       0.45390933912101705       0.51114385004638863       0.35063221420865076     
   5.9750000890344381       0.31595162565748452       0.55277603642367668       0.37613288768748154     
   6.0250000897794962       0.24167842581806451       0.55459992500653355       0.38717870258608289     
   6.0750000905245543       0.37355461608426577       0.54227408914974218       0.37961881439732204     
   6.1250000912696123       0.32930088003078151       0.50800361202816213       0.39134307481918962     
   6.1750000920146704       0.36155371380387913       0.54154798690970629       0.40029161171143757     
   6.2250000927597284       0.34190784974230948       0.48462614137648674       0.41467877722124702     
   6.2750000935047865       0.40013939617359950       0.49108016803123583       0.43651570491665409     
   6.3250000942498446       0.44306788457253166       0.50920484152892520       0.43076044333440572     
   6.3750000949949026       0.45376711470160791       0.47383664188905777       0.43614509082970088     
   6.4250000957399607       0.48576695201269599       0.48865842196515252       0.43480479410064971     
   6.4750000964850187       0.43131848255407740       0.44982389599699163       0.44306230262361906     
   6.5250000972300768       0.44155472897354059       0.44856353419534273       0.46047850307240662     
   6.5750000979751348       0.47628031427240797       0.45649282295481031       0.52390834569964873     
   6.6250000987201929       0.48543549992820689       0.44600236407969712       0.48033638753400310     
   6.6750000994652510       0.45809829881903708       0.45631234053904096       0.51736978923641253     
   6.7250001002103090       0.57007804093393399       0.39148877811049476       0.52752013162810207     
   6.7750001009553671       0.46807891044590555       0.42040420660419292       0.54219140459984061     
   6.8250001017004251       0.51121405501995443       0.41512118753500055       0.58712742033306786     
   6.8750001024454832       0.52653334432490162       0.36785782808949957       0.56725444829247496     
   6.9250001031905413       0.66829773192093589       0.39160338853715926       0.52829122383694105     
   6.9750001039355993       0.62194906516386816       0.38519133424350022       0.58422730233588216     
   7.0250001046806574       0.54056780470249766       0.33780448944123270       0.62038318526259806     
   7.0750001054257154       0.69033677837391183       0.35609772793495964       0.60359757176475437     
   7.1250001061707735       0.66657448061157965       0.38011595896133588       0.57399469163774919     
   7.1750001069158316       0.59471506571113142       0.38179238786393627       0.61297386158822753     
   7.2250001076608896       0.62424108715554893       0.37271537438225083       0.59422949642691680     
   7.2750001084059477       0.60892415013787715       0.37362383039324065       0.56410056686383891     
   7.3250001091510057       0.56727073002134087       0.39820180656400006       0.56143117838876833     
   7.3750001098960638       0.61227373519925143       0.41184003932757296       0.58923117527239788     
   7.4250001106411219       0.55534127325054594       0.40342530441462660       0.60405542002690948     
   7.4750001113861799       0.54152821543797502       0.42012050901828435       0.55434545130632951     
   7.5250001121312380       0.49957520930165727       0.43071674163419965       0.52012735398811782     
   7.5750001128762960       0.51484380514867945       0.42920985237310783       0.53200526532030201     
   7.6250001136213541       0.50811391722860499       0.43454860261301576       0.51966196080198235     
   7.6750001143664122       0.55318638420800692       0.43836137161293831       0.51823229949156691     
   7.7250001151114702       0.46204111889301447       0.44137261285306728       0.46504138589881328     
   7.7750001158565283       0.39391974240016608       0.47323023356009924       0.50794914151600368     
   7.8250001166015863       0.46492762589394271       0.49579284214825758       0.49197530224311858     
   7.8750001173466444       0.46192960518632808       0.46449588077069648       0.45182489507287715     
   7.9250001180917025       0.49032819052089849       0.48399320097928483       0.43901477523382776     
   7.9750001188367605       0.50108983711300992       0.45479689335974804       0.46941983336288989     
   8.0250001195818186       0.46428364193303834       0.48868710681175426       0.46775881889361498     
   8.0750001203268766       0.42011034856921919       0.51072238453512919       0.45649245391916782     
   8.1250001210719347       0.43936484340203269       0.49842897872905489       0.42851632875013074     
   8.1750001218169928       0.45811829138791482       0.51378308702764197       0.46481592722691945     
   8.2250001225620508       0.47109148025156217       0.51226052346955131       0.47969286963817770     
   8.2750001233071089       0.47325983400419513       0.50666982842438080       0.43142471055631049     
   8.3250001240521669       0.47275888346415484       0.49887974466344925       0.43982076453427515     
   8.3750001247972250       0.44926247451196388       0.50144952963204059       0.46776902530862152     
   8.4250001255422831       0.47169243508543496       0.48150184401472207       0.45718852331141746     
   8.4750001262873411       0.49107061930822887       0.52569206737000473       0.47736052587576566     
   8.5250001270323992       0.46561845162165805       0.47793640007725746       0.42558511914095998     
   8.5750001277774572       0.53325265365940211       0.49456410496671088       0.46872664762299043     
   8.6250001285225153       0.48857924332196884       0.48938150808932834       0.46390960172566248     
   8.6750001292675734       0.56861214315601027       0.47371127872411450       0.48593736501931006     
   8.7250001300126314       0.42805317884326399       0.44268747555585419       0.48626370728486168     
   8.7750001307576895       0.48829498940459976       0.43248984775835975       0.47318109687540971     
   8.8250001315027475       0.43449983184113511       0.43322264244712827       0.49484703070795943     
   8.8750001322478056       0.45689518753905434       0.42734475252409071       0.51599605756898181     
   8.9250001329928637       0.54619420312593525       0.43855373602612818       0.51023079880488609     
   8.9750001337379217       0.57791199494716083       0.40503233833903585       0.51345258012613149     
   9.0250001344829798       0.61768803138073636       0.41228050493107266       0.52646364240457777     
   9.0750001352280378       0.46958885769362735       0.42031101460232079       0.51306930748007429     
   9.1250001359730959       0.53111494086617539       0.42766340267676739       0.54724191275482437     
   9.1750001367181540       0.56575293333697041       0.40363659571409588       0.56149915188330901     
   9.2250001374632120       0.56805233545608214       0.40488339300820342       0.55279907830031694     
   9.2750001382082701       0.53905027775604941       0.40977996232677805       0.54893633497358318     
   9.3250001389533281       0.55387524728605186       0.42507237069701947       0.55233098544417614     
   9.3750001396983862       0.50927789339108953       0.41783421831108952       0.56071496062358961     
   9.4250001404434443       0.51598209012803620       0.42102705270864071       0.53815319556322538     
   9.4750001411885023       0.53847149426914798       0.41615204371911935       0.52600687634625110     
   9.5250001419335604       0.47362942319388834       0.43152903002109833       0.55503448030533786     
   9.5750001426786184       0.54485890029795947       0.41661851396737637       0.53753552798212667     
   9.6250001434236765       0.54694339353856902       0.40542957479419639       0.52616727523277529     
   9.6750001441687346       0.53939211405749932       0.42207751714664848       0.52791568609882922     
   9.7250001449137926       0.54143241735420744       0.42279687602251631       0.54569193812010597     
   9.7750001456588507       0.48156735927586780       0.41806625915518481       0.53450229273712557     
   9.8250001464039087       0.49522619014177682       0.41959239414426031       0.51284659765618457     
   9.8750001471489668       0.48838790339090826       0.43249054101450518       0.47737163489336898     
   9.9250001478940248       0.55254802717171358       0.44753158925896097       0.52028576571678620     
   9.9750001486390829       0.50563601540342884       0.43745812641467069       0.46739841637381008     
   10.025000149384141       0.46853763820568622       0.47190271630010816       0.48724351349526684     
   10.075000150129199       0.49035678995072834       0.46958228166344729       0.49697131499502778     
   10.125000150874257       0.49425820496255934       0.44089306701018260       0.48552572784307951     
   10.175000151619315       0.44444887579328624       0.47576974339134320       0.48984491855427365     
   10.225000152364373       0.49833786659366053       0.48026146440717798       0.47050972112236511     
   10.275000153109431       0.37478841150554459       0.47220701821663891       0.44643913723454581     
   10.325000153854489       0.42659046659637018       0.46204636714462494       0.48495274499882640     
   10.375000154599547       0.50399238615561648       0.46425701284301735       0.47904226802910077     
   10.425000155344605       0.41350347162269180       0.47445816664276980       0.46910403802614137     
   10.475000156089664       0.50420597740312889       0.46812651336025846       0.45810947623277809     
   10.525000156834722       0.49781054178555578       0.46368932860400619       0.47397058889160470     
   10.575000157579780       0.49151323062023616       0.47852717711488790       0.46909894648771727     
   10.625000158324838       0.49958601579668555       0.45359238259635581       0.48134716125172722     
   10.675000159069896       0.43835507641177290       0.50731176903728081       0.48431165700332973     
   10.725000159814954       0.48720007630790535       0.45070763182761847       0.47163457866228536     
   10.775000160560012       0.46418334842722830       0.47395021843843244       0.49618269885867350     
   10.825000161305070       0.47976820621553251       0.45566095735403017       0.50688886118472265     
   10.875000162050128       0.52078389412253823       0.46796537256101461       0.46855411404338826     
   10.925000162795186       0.55653010064365216       0.44769088060163220       0.49052653075599534     
   10.975000163540244       0.47714856474823836       0.45320029825862446       0.50576261419186319     
   11.025000164285302       0.51849326711317378       0.44615298173942924       0.49197940686306840     
   11.075000165030360       0.43353747140726751       0.43856540317443005       0.50907809142520044     
   11.125000165775418       0.50632068754361692       0.42659527134627273       0.51174555205301286     
   11.175000166520476       0.49606514017417441       0.45846996577433335       0.51183599723173479     
   11.225000167265534       0.51297025495443616       0.44144808644278344       0.52540374451358107     
   11.275000168010592       0.55349937645139924       0.43566363133748809       0.51371220753345515     
   11.325000168755651       0.54722677497765093       0.42313907090108605       0.50081021817151083     
   11.375000169500709       0.49953059219396839       0.43910722416311904       0.50921678096227252     
   11.425000170245767       0.52808765753059750       0.42643268853408717       0.52774474346726596     
   11.475000170990825       0.52757480665445156       0.40942947480915343       0.52825467109601654     
   11.525000171735883       0.54053052143129310       0.42086194658407694       0.50683161111762154     
   11.575000172480941       0.54255248539415868       0.39614943377986184       0.52885503964221248     
   11.625000173225999       0.53657054568792584       0.44191626286835484       0.53557689652924445     
