   2.5000000372529030E-002   0.0000000000000000        0.0000000000000000        0.0000000000000000     
   7.5000001117587090E-002   0.0000000000000000        0.0000000000000000        0.0000000000000000     
  0.12500000186264515        0.0000000000000000        0.0000000000000000        0.0000000000000000     
  0.17500000260770321        0.0000000000000000        0.0000000000000000        0.0000000000000000     
  0.22500000335276127        0.0000000000000000        0.0000000000000000        0.0000000000000000     
  0.27500000409781933        0.0000000000000000        0.0000000000000000        0.0000000000000000     
  0.32500000484287739        0.0000000000000000        0.0000000000000000        0.0000000000000000     
  0.37500000558793545        0.0000000000000000        0.0000000000000000        0.0000000000000000     
  0.42500000633299351        0.0000000000000000        0.0000000000000000        0.0000000000000000     
  0.47500000707805157        0.0000000000000000        0.0000000000000000        0.0000000000000000     
  0.52500000782310963        0.0000000000000000        0.0000000000000000        0.0000000000000000     
  0.57500000856816769        0.0000000000000000        0.0000000000000000        0.0000000000000000     
  0.62500000931322575        0.0000000000000000        0.0000000000000000        0.0000000000000000     
  0.67500001005828381        0.0000000000000000        0.0000000000000000        0.0000000000000000     
  0.72500001080334187        0.0000000000000000        0.0000000000000000        0.0000000000000000     
  0.77500001154839993        0.0000000000000000        0.0000000000000000        0.0000000000000000     
  0.82500001229345798        0.0000000000000000        0.0000000000000000        0.0000000000000000     
  0.87500001303851604        0.0000000000000000        0.0000000000000000        0.0000000000000000     
  0.92500001378357410        0.0000000000000000        0.0000000000000000        0.0000000000000000     
  0.97500001452863216        0.0000000000000000        0.0000000000000000        0.0000000000000000     
   1.0250000152736902        0.0000000000000000        0.0000000000000000        0.0000000000000000     
   1.0750000160187483        0.0000000000000000        0.0000000000000000        0.0000000000000000     
   1.1250000167638063        0.0000000000000000        0.0000000000000000        0.0000000000000000     
   1.1750000175088644        0.0000000000000000        0.0000000000000000        0.0000000000000000     
   1.2250000182539225        0.0000000000000000        0.0000000000000000        0.0000000000000000     
   1.2750000189989805        0.0000000000000000        0.0000000000000000        0.0000000000000000     
   1.3250000197440386        0.0000000000000000        0.0000000000000000        0.0000000000000000     
   1.3750000204890966        0.0000000000000000        0.0000000000000000        0.0000000000000000     
   1.4250000212341547        0.0000000000000000        0.0000000000000000        0.0000000000000000     
   1.4750000219792128        0.0000000000000000        7.6683405131232368E-002   0.0000000000000000     
   1.5250000227242708        0.0000000000000000        1.8508368207020112        0.0000000000000000     
   1.5750000234693289        0.0000000000000000        6.8466354542158241        0.0000000000000000     
   1.6250000242143869        0.0000000000000000        5.0544744915783522        0.0000000000000000     
   1.6750000249594450        0.0000000000000000        2.2834755683485795        0.0000000000000000     
   1.7250000257045031        0.0000000000000000        1.1325823271107478        0.0000000000000000     
   1.7750000264495611        0.0000000000000000       0.75195167027944954        0.0000000000000000     
   1.8250000271946192        0.0000000000000000       0.28051890829792953        0.0000000000000000     
   1.8750000279396772        0.0000000000000000       0.28474098715000845        0.0000000000000000     
   1.9250000286847353        0.0000000000000000        4.5023694804957839E-002   0.0000000000000000     
   1.9750000294297934        0.0000000000000000        3.4218392787463817E-002   0.0000000000000000     
   2.0250000301748514        0.0000000000000000        2.4412156569516081E-002   0.0000000000000000     
   2.0750000309199095        0.0000000000000000        1.5499931937112243E-002   0.0000000000000000     
   2.1250000316649675        0.0000000000000000        7.3895689535946598E-003   9.9759180873527906E-002
   2.1750000324100256        0.0000000000000000        0.0000000000000000       0.13490275115395511     
   2.2250000331550837        0.0000000000000000        1.3480583793815696E-002  0.28056465020878918     
   2.2750000339001417        2.9012773098998940E-002   1.2894565821777306E-002  0.29012773098998940     
   2.3250000346451998        2.7778377326635316E-002   3.0864863696261464E-002  0.45834322588948273     
   2.3750000353902578       0.15972669556910862        6.5073838935562775E-002  0.71877013006098889     
   2.4250000361353159        7.6604081217748060E-002   2.8371881932499284E-002   1.3150367275713417     
   2.4750000368803740       0.22062100441585433        3.8132025454592100E-002   1.7465829516255134     
   2.5250000376254320       0.44749292127039303        7.3273694710941542E-002   1.7487552318066675     
   2.5750000383704901       0.47557685158672142        5.0325592760499624E-002   1.8230445977490990     
   2.6250000391155481       0.41404865650499051        6.7797440831226505E-002   1.7488107728697626     
   2.6750000398606062       0.56659543616895680       0.10259341231042839        1.2748397313801527     
   2.7250000406056643       0.48532824702381228       0.12133206175595308        1.0869330532304129     
   2.7750000413507223       0.72149533032806645       0.13866576919218096       0.83849457308396924     
   2.8250000420957804       0.92197121772749857       0.10871315945993180       0.68207054372697595     
   2.8750000428408384        1.1081861434409563       0.18570696757116212       0.61767752257364783     
   2.9250000435858965        1.3865460566584928       0.24181675249740239       0.51776086925855103     
   2.9750000443309546        1.6626905851005120       0.24129749987853236       0.36901551250955239     
   3.0250000450760126        1.1979308224574670       0.25891351109430794       0.38563526476370519     
   3.0750000458210707        1.3339790281397890       0.29291073898307540       0.42480879765165896     
   3.1250000465661287       0.93797238303531383       0.32803405745497316       0.31906437619643879     
   3.1750000473111868        1.0278321093274290       0.45019377413375306       0.35378279125400636     
   3.2250000480562449       0.66413935990887030       0.39784193540434742       0.42591545907199291     
   3.2750000488013029       0.33600808089730266       0.53512398068829692       0.35700858595338414     
   3.3250000495463610       0.31239629724212686       0.59159105564692627       0.34974802843412028     
   3.3750000502914190       0.17137891128337707       0.51267195683061517       0.34934931915457629     
   3.4250000510364771       0.23041628236995787       0.59168625596236091       0.33602374512285521     
   3.4750000517815351       0.17409265558279999       0.65215661456413965       0.32331493179662857     
   3.5250000525265932       0.21752867057352873       0.58544753314850939       0.31420807971731929     
   3.5750000532716513       0.18798809020578572       0.62401602165531633       0.33779109958852116     
   3.6250000540167093       0.19426543681932906       0.58406601919536849       0.24568864068326912     
   3.6750000547617674       0.26684519091930542       0.70664559817519779       0.28074337794635262     
   3.7250000555068254       0.35712840145877950       0.71666170797788753       0.31925114675860589     
   3.7750000562518835       0.38988002734118826       0.73995248432321614       0.26606677541527041     
   3.8250000569969416       0.35922661503251746       0.64090589729611047       0.24376091734349400     
   3.8750000577419996       0.39001803734932095       0.79559234969263193       0.29751375926005896     
   3.9250000584870577       0.39963929693477573       0.76028939416859787       0.32166089753286831     
   3.9750000592321157       0.49418877450186754       0.74761891527205604       0.30886798406366717     
   4.0250000599771738       0.43564228613448364       0.76211652893503046       0.37307663865772273     
   4.0750000607222319       0.48831786123178006       0.67721448244901183       0.38432424263612319     
   4.1250000614672899       0.44125161300230809       0.72169152704377504       0.33755748394676571     
   4.1750000622123480       0.54274011685359347       0.62601770092107600       0.42643866324210911     
   4.2250000629574060       0.52997035732349829       0.58885595258166468       0.44584807838326035     
   4.2750000637024641       0.56694564892316091       0.44004477098383826       0.47450885833786294     
   4.3250000644475222       0.61010706831911343       0.43884894387866058       0.50173278644663932     
   4.3750000651925802       0.54132461258800624       0.37831704003735056       0.55113121788851349     
   4.4250000659376383       0.65953341702080748       0.34936524674228814       0.55791925684027599     
   4.4750000666826963       0.60738483754935402       0.32827109189910220       0.57739052458395379     
   4.5250000674277544       0.55003357734081748       0.27542422094992047       0.64537273074655921     
   4.5750000681728125       0.55959987379045184       0.26784267463474620       0.64389857272683415     
   4.6250000689178705       0.55458601284478526       0.24804268928922885       0.73535297272773736     
   4.6750000696629286       0.70081328551584543       0.26108730244707973       0.72829615945764326     
   4.7250000704079866       0.56499048308395083       0.31986233698403566       0.73818697045790005     
   4.7750000711530447       0.60590792376174984       0.29417268762345822       0.72774810408340584     
   4.8250000718981028       0.57406492110432528       0.29384097085240124       0.76595740877683849     
   4.8750000726431608       0.64449069179228102       0.29626914154285688       0.71715385802376364     
   4.9250000733882189       0.64385291189953542       0.28753260381838230       0.69957095235237987     
   4.9750000741332769       0.48536637478302574       0.33166702276840093       0.68709677430222083     
   5.0250000748783350       0.75526181915353241       0.37003203738055829       0.69430564871003875     
   5.0750000756233931       0.70547120004736141       0.29799518091991389       0.64862538020883431     
   5.1250000763684511       0.51454202337032928       0.38368318779713440       0.58314762648637319     
   5.1750000771135092       0.58875517442131442       0.38627323612826975       0.61959473117671660     
   5.2250000778585672       0.53903839029188316       0.36058123613629373       0.51841192127561209     
   5.2750000786036253       0.50728170373696624       0.36577049560230424       0.46950540665017088     
   5.3250000793486834       0.55075753685778517       0.39541566748764057       0.49780008139069032     
   5.3750000800937414       0.53016325937361841       0.42851975866582231       0.46519227170528282     
   5.4250000808387995       0.58166350606899275       0.42405877440507461       0.45155456392198112     
   5.4750000815838575       0.43583039207850349       0.44195316897871234       0.48342106707558147     
   5.5250000823289156       0.51160565386311752       0.47771724516705633       0.44519530456357820     
   5.5750000830739737       0.49280719734091211       0.52609047210685600       0.40825694289516740     
   5.6250000838190317       0.44137177791785681       0.47353865779000648       0.40577727969867478     
   5.6750000845640898       0.47092999988372031       0.53672550041752942       0.35669450486242182     
   5.7250000853091478       0.41234268222545900       0.56709845431995221       0.40088871883030736     
   5.7750000860542059       0.31968420813996679       0.50929346461108949       0.40635915189622540     
   5.8250000867992640       0.47354229702123263       0.52910852709745204       0.39830660497113018     
   5.8750000875443220       0.36545208798624085       0.50370512656304633       0.35675084779609229     
   5.9250000882893801       0.32081266239801676       0.55132250130622129       0.40529333016282781     
   5.9750000890344381       0.28181621248565963       0.56363242497131927       0.40169325809523121     
   6.0250000897794962       0.28956826887013232       0.54788154998920269       0.39505385252996622     
   6.0750000905245543       0.32144124378966071       0.51087004990480533       0.40993930774440901     
   6.1250000912696123       0.38025815107396327       0.60218659246098971       0.42028532487122255     
   6.1750000920146704       0.38200140679316424       0.53733989409164462       0.40169220095776037     
   6.2250000927597284       0.38363981501624450       0.53477065123476508       0.42239131148253184     
   6.2750000935047865       0.44238231384043497       0.49323085566117464       0.43189480208990744     
   6.3250000942498446       0.37911204002553978       0.46711274458592361       0.45699891953573729     
   6.3750000949949026       0.51359610381155618       0.47952058293517008       0.46371446782985837     
   6.4250000957399607       0.49835823161172227       0.50118751597610345       0.43288050775032810     
   6.4750000964850187       0.56232510571659622       0.49586488444648191       0.47367831357337481     
   6.5250000972300768       0.53963212814069139       0.41697064948561774       0.55109490210446421     
   6.5750000979751348       0.47935250791425454       0.44538872313450056       0.49064160683252495     
   6.6250000987201929       0.57820574528322410       0.43793097867605135       0.54655838940233747     
   6.6750000994652510       0.55946515415431020       0.39170050284163888       0.53250297805048807     
   6.7250001002103090       0.51465316147246376       0.41836321513245445       0.56943882059695183     
   6.7750001009553671       0.57578669113391590       0.40130587563878989       0.57251517584338230     
   6.8250001017004251       0.55770992599233782       0.37109022692874882       0.63024445393931816     
   6.8750001024454832       0.57186657150547515       0.37347829176098313       0.58536897666602117     
   6.9250001031905413       0.55737576940210554       0.38550084425563852       0.59260317055813749     
   6.9750001039355993       0.56175976322184829       0.36078832167850083       0.61346018099089206     
   7.0250001046806574       0.58421978814666364       0.39083221938515234       0.59258751948730592     
   7.0750001054257154       0.61499090036402393       0.37199449582994615       0.62249078939285329     
   7.1250001061707735       0.62709576237612386       0.36810652718095316       0.59751577358479724     
   7.1750001069158316       0.61546932376893682       0.37855090582523337       0.57827864188242528     
   7.2250001076608896       0.59259680953183269       0.36246212621849960       0.56958334120049936     
   7.2750001084059477       0.58731645037240598       0.39028328800914575       0.57809529837380547     
   7.3250001091510057       0.55693646869490376       0.41296015099208949       0.56463282693063743     
   7.3750001098960638       0.59358411725849369       0.40860674118259110       0.55424191413787272     
   7.4250001106411219       0.63192123921201016       0.41522794070827485       0.52501215025049541     
   7.4750001113861799       0.53749633478361991       0.41745548668194482       0.51398087013683658     
   7.5250001121312380       0.53037728280049734       0.43314144762040624       0.56219991976852723     
   7.5750001128762960       0.48937781787246060       0.42162675930782401       0.48087258841745789     
   7.6250001136213541       0.54755044143087894       0.45170041656824089       0.49008347293164761     
   7.6750001143664122       0.50984858239247433       0.44979974935513845       0.46906069580107640     
   7.7250001151114702       0.46300838424390461       0.47363297277124056       0.46804108407264267     
   7.7750001158565283       0.47446108738665937       0.46038458043103431       0.45272530458753235     
   7.8250001166015863       0.46105974303471914       0.48939911258295249       0.47638752704518184     
   7.8750001173466444       0.46490923116184646       0.48105191279941062       0.45825037498635129     
   7.9250001180917025       0.42080627773889662       0.49625386793955739       0.45009535104742782     
   7.9750001188367605       0.46040637668514728       0.50788988334042451       0.44033738077835877     
   8.0250001195818186       0.40105735432351780       0.51608930866437175       0.43953087959292503     
   8.0750001203268766       0.52507086645721135       0.48822378810933681       0.45598259455494666     
   8.1250001210719347       0.42991561459598804       0.50952961729894874       0.41797351419054390     
   8.1750001218169928       0.46511783582430904       0.48833627851441147       0.41343807628827473     
   8.2250001225620508       0.46391953470685893       0.49524211892151659       0.43894778941761414     
   8.2750001233071089       0.43859350310421513       0.50438252856984744       0.45558900134950348     
   8.3250001240521669       0.44200776844719791       0.50652742092206116       0.45879973023869686     
   8.3750001247972250       0.47100040891461431       0.46862161897060112       0.45922539869174900     
   8.4250001255422831       0.46542650501818483       0.49504455533752389       0.47071544257520964     
   8.4750001262873411       0.41813723873231612       0.48689758465718591       0.49392461325254849     
   8.5250001270323992       0.47523382090691035       0.46788721111511267       0.47058479439803835     
   8.5750001277774572       0.47991895036892074       0.49330676033193083       0.47021846094657027     
   8.6250001285225153       0.46831501890408889       0.45485769077466109       0.49657540797588734     
   8.6750001292675734       0.46293214725933535       0.44519528337966729       0.50932513184459205     
   8.7250001300126314       0.49906600289678554       0.45939496797174462       0.48969618663686570     
   8.7750001307576895       0.45439131347352057       0.46154196361401950       0.48510660612248169     
   8.8250001315027475       0.52445452744325416       0.43790239137827264       0.49071204865554480     
   8.8750001322478056       0.48805820450679616       0.43848979311157471       0.53000070645659891     
   8.9250001329928637       0.53350485361148214       0.43610408528429750       0.56272508410963751     
   8.9750001337379217       0.51079901344596179       0.40930204808159792       0.55274418790776514     
   9.0250001344829798       0.51068577608018551       0.41379272670757100       0.55954199653551007     
   9.0750001352280378       0.58347887510217644       0.41491831118376987       0.56478931738405980     
   9.1250001359730959       0.48873335839575816       0.41439138383043367       0.56222370656781395     
   9.1750001367181540       0.52444945022181888       0.36588574645104971       0.52890905439037172     
   9.2250001374632120       0.53466079568863556       0.40231901457758718       0.55495320212566301     
   9.2750001382082701       0.53589414469868302       0.40458747225532132       0.56556906476343094     
   9.3250001389533281       0.55952025572938446       0.41254065494450498       0.53145789722443848     
   9.3750001396983862       0.56381922770578541       0.39714135500353637       0.52580414341350146     
   9.4250001404434443       0.61363823690715047       0.39331449895426174       0.55489463158339436     
   9.4750001411885023       0.56034420728936385       0.40218403468463793       0.51267313293788064     
   9.5250001419335604       0.46178812638158040       0.40753583753945927       0.56233876680337613     
   9.5750001426786184       0.57654556540075796       0.42549353911204929       0.50816267518632152     
   9.6250001434236765       0.54787788679078120       0.41532097532529300       0.50775960957755084     
   9.6750001441687346       0.55025086101501486       0.41246533605077557       0.51856732018397533     
   9.7250001449137926       0.53984398290684299       0.45939664427758792       0.50927928681579382     
   9.7750001456588507       0.53119226935613806       0.43969169435856525       0.51508362805169894     
   9.8250001464039087       0.53202198029572445       0.43903048406469791       0.53085526542665495     
   9.8750001471489668       0.53280769333516187       0.43391146766151917       0.49200016768954985     
   9.9250001478940248       0.46037795378277663       0.47155710939339601       0.50611086309894660     
   9.9750001486390829       0.49501305231501963       0.46550007900626511       0.49539034884879635     
   10.025000149384141       0.46916921739799106       0.45090714594937858       0.48971404777768024     
   10.075000150129199       0.49115278099236936       0.48457777723075796       0.46674307952738708     
   10.125000150874257       0.48045467333879671       0.46841075537569687       0.46653906542197182     
   10.175000151619315       0.42062764537284403       0.46543013020566038       0.44129641760237170     
   10.225000152364373       0.42370544190445947       0.48865765088943686       0.44596793122486328     
   10.275000153109431       0.46937391075057461       0.47980444210058737       0.44057142077269840     
   10.325000153854489       0.48033356365582086       0.48768960063588718       0.45638731561432827     
   10.375000154599547       0.47292489010801875       0.47866013131876828       0.45583542136517735     
   10.425000155344605       0.48636154388380604       0.48144880101629295       0.46874475500733298     
   10.475000156089664       0.45025291668767570       0.47230177616748426       0.49473078839694457     
   10.525000156834722       0.49207479925368414       0.48499566991027337       0.47682454721069811     
   10.575000157579780       0.47534751250870666       0.46669397963817777       0.48608982917557014     
   10.625000158324838       0.45359183132523134       0.46674584663573815       0.48618127375182413     
   10.675000159069896       0.45989468483799750       0.47761109899444382       0.49217955526358764     
   10.725000159814954       0.45822760926876138       0.45750233606637331       0.47258801867604444     
   10.775000160560012       0.50960116195581295       0.46821223509645760       0.49893057924988543     
   10.825000161305070       0.50105996062846236       0.45649282005537090       0.49689513998385237     
   10.875000162050128       0.52439709852440541       0.45202268056825262       0.50630349403536723     
   10.925000162795186       0.51583372425822160       0.45488426524017700       0.48029152252579538     
   10.975000163540244       0.47249685887794918       0.45767505767597305       0.51239105276738017     
