           1   0.0000000000000000        0.0000000000000000     
           2   0.0000000000000000        0.0000000000000000     
           3   0.0000000000000000        0.0000000000000000     
           4   0.0000000000000000        0.0000000000000000     
           5   0.0000000000000000        0.0000000000000000     
           6   0.0000000000000000        0.0000000000000000     
           7   0.0000000000000000        0.0000000000000000     
           8   0.0000000000000000        0.0000000000000000     
           9   0.0000000000000000        0.0000000000000000     
          10   0.0000000000000000        0.0000000000000000     
          11   0.0000000000000000        0.0000000000000000     
          12   0.0000000000000000        0.0000000000000000     
          13   0.0000000000000000        0.0000000000000000     
          14   0.0000000000000000        0.0000000000000000     
          15   0.0000000000000000        0.0000000000000000     
          16   0.0000000000000000        0.0000000000000000     
          17   0.0000000000000000        0.0000000000000000     
          18   0.0000000000000000        0.0000000000000000     
          19   0.0000000000000000        0.0000000000000000     
          20   0.0000000000000000        0.0000000000000000     
          21   0.0000000000000000        0.0000000000000000     
          22   0.0000000000000000        0.0000000000000000     
          23   0.0000000000000000        0.0000000000000000     
          24   0.0000000000000000        0.0000000000000000     
          25   0.0000000000000000        0.0000000000000000     
          26   0.0000000000000000        0.0000000000000000     
          27   0.0000000000000000        0.0000000000000000     
          28   0.0000000000000000        0.0000000000000000     
          29   0.0000000000000000        0.0000000000000000     
          30   0.0000000000000000        0.0000000000000000     
          31   0.0000000000000000        0.0000000000000000     
          32   0.0000000000000000        0.0000000000000000     
          33   0.0000000000000000        0.0000000000000000     
          34   0.0000000000000000        0.0000000000000000     
          35   0.0000000000000000        0.0000000000000000     
          36   0.0000000000000000        0.0000000000000000     
          37   0.0000000000000000        0.0000000000000000     
          38   0.0000000000000000        0.0000000000000000     
          39   0.0000000000000000        0.0000000000000000     
          40   0.0000000000000000        0.0000000000000000     
          41   0.0000000000000000        0.0000000000000000     
          42   0.0000000000000000        0.0000000000000000     
          43   0.0000000000000000        0.0000000000000000     
          44   0.0000000000000000        0.0000000000000000     
          45   0.0000000000000000        0.0000000000000000     
          46   0.0000000000000000        0.0000000000000000     
          47   0.0000000000000000        0.0000000000000000     
          48   0.0000000000000000        0.0000000000000000     
          49   0.0000000000000000        0.0000000000000000     
          50   0.0000000000000000        0.0000000000000000     
          51   0.0000000000000000        0.0000000000000000     
          52   0.0000000000000000        0.0000000000000000     
          53   0.0000000000000000        0.0000000000000000     
          54   0.0000000000000000        0.0000000000000000     
          55   0.0000000000000000        0.0000000000000000     
          56   0.0000000000000000        0.0000000000000000     
          57   0.0000000000000000        0.0000000000000000     
          58   0.0000000000000000        0.0000000000000000     
          59   0.0000000000000000        0.0000000000000000     
          60   0.0000000000000000        0.0000000000000000     
          61   0.0000000000000000        0.0000000000000000     
          62   0.0000000000000000        0.0000000000000000     
          63   0.0000000000000000        0.0000000000000000     
          64   0.0000000000000000        0.0000000000000000     
          65   0.0000000000000000        0.0000000000000000     
          66   0.0000000000000000        0.0000000000000000     
          67   0.0000000000000000        7.4404761904761901E-004
          68   0.0000000000000000        0.0000000000000000     
          69   0.0000000000000000        0.0000000000000000     
          70   0.0000000000000000        7.4404761904761901E-004
          71   0.0000000000000000        0.0000000000000000     
          72   0.0000000000000000        7.4404761904761901E-004
          73   0.0000000000000000        1.4880952380952380E-003
          74   0.0000000000000000        2.9761904761904760E-003
          75   1.4880952380952380E-003   0.0000000000000000     
          76   0.0000000000000000        1.4880952380952380E-003
          77   0.0000000000000000        3.7202380952380950E-003
          78   0.0000000000000000        6.6964285714285711E-003
          79   0.0000000000000000        1.0416666666666666E-002
          80   0.0000000000000000        1.0416666666666666E-002
          81   0.0000000000000000        9.6726190476190479E-003
          82   1.4880952380952380E-003   9.6726190476190479E-003
          83   2.9761904761904760E-003   4.4642857142857140E-003
          84   5.9523809523809521E-003   8.1845238095238099E-003
          85   0.0000000000000000        1.1160714285714286E-002
          86   2.9761904761904760E-003   6.6964285714285711E-003
          87   8.9285714285714281E-003   7.4404761904761901E-003
          88   1.4880952380952380E-003   1.1160714285714286E-002
          89   1.3392857142857142E-002   1.7113095238095240E-002
          90   8.9285714285714281E-003   1.5625000000000000E-002
          91   5.9523809523809521E-003   1.7113095238095240E-002
          92   1.0416666666666666E-002   8.1845238095238099E-003
          93   2.0833333333333332E-002   1.7857142857142856E-002
          94   1.7857142857142856E-002   1.4136904761904762E-002
          95   3.2738095238095240E-002   1.7857142857142856E-002
          96   1.4880952380952380E-002   2.3065476190476192E-002
          97   1.1904761904761904E-002   2.1577380952380952E-002
          98   1.6369047619047620E-002   1.4136904761904762E-002
          99   2.0833333333333332E-002   2.7529761904761904E-002
         100   1.9345238095238096E-002   2.1577380952380952E-002
         101   2.9761904761904760E-002   2.6041666666666668E-002
         102   1.4880952380952380E-002   3.2738095238095240E-002
         103   1.6369047619047620E-002   3.1994047619047616E-002
         104   2.9761904761904760E-003   3.7202380952380952E-002
         105   7.4404761904761901E-003   4.3154761904761904E-002
         106   2.9761904761904760E-003   3.8690476190476192E-002
         107   7.4404761904761901E-003   4.2410714285714288E-002
         108   8.9285714285714281E-003   3.8690476190476192E-002
         109   1.0416666666666666E-002   2.9761904761904760E-002
         110   1.0416666666666666E-002   4.0922619047619048E-002
         111   1.9345238095238096E-002   3.9434523809523808E-002
         112   2.0833333333333332E-002   2.6041666666666668E-002
         113   1.0416666666666666E-002   3.6458333333333336E-002
         114   2.6785714285714284E-002   3.4970238095238096E-002
         115   1.4880952380952380E-002   2.0089285714285716E-002
         116   1.7857142857142856E-002   2.5297619047619048E-002
         117   1.9345238095238096E-002   2.0089285714285716E-002
         118   4.3154761904761904E-002   1.9345238095238096E-002
         119   1.9345238095238096E-002   2.0089285714285716E-002
         120   4.1666666666666664E-002   1.5625000000000000E-002
         121   3.1250000000000000E-002   1.1904761904761904E-002
         122   3.4226190476190479E-002   2.0089285714285716E-002
         123   2.0833333333333332E-002   1.1160714285714286E-002
         124   3.5714285714285712E-002   6.6964285714285711E-003
         125   3.8690476190476192E-002   2.9761904761904760E-003
         126   2.0833333333333332E-002   6.6964285714285711E-003
         127   4.4642857142857144E-002   2.2321428571428570E-003
         128   2.5297619047619048E-002   0.0000000000000000     
         129   6.1011904761904760E-002   3.7202380952380950E-003
         130   4.4642857142857144E-002   1.4880952380952380E-003
         131   4.6130952380952384E-002   5.2083333333333330E-003
         132   5.8035714285714288E-002   1.4880952380952380E-003
         133   4.7619047619047616E-002   3.7202380952380950E-003
         134   4.4642857142857144E-002   2.9761904761904760E-003
         135   4.4642857142857144E-002   2.9761904761904760E-003
         136   4.9107142857142856E-002   7.4404761904761901E-004
         137   4.7619047619047616E-002   1.4880952380952380E-003
         138   4.1666666666666664E-002   1.4880952380952380E-003
         139   4.4642857142857144E-002   2.9761904761904760E-003
         140   7.1428571428571425E-002   7.4404761904761901E-004
         141   5.2083333333333336E-002   1.4880952380952380E-003
         142   2.2321428571428572E-002   0.0000000000000000     
         143   4.0178571428571432E-002   7.4404761904761901E-004
         144   3.1250000000000000E-002   0.0000000000000000     
         145   5.3571428571428568E-002   0.0000000000000000     
         146   4.3154761904761904E-002   1.4880952380952380E-003
         147   3.2738095238095240E-002   2.2321428571428570E-003
         148   2.3809523809523808E-002   0.0000000000000000     
         149   2.3809523809523808E-002   1.4880952380952380E-003
         150   3.1250000000000000E-002   1.4880952380952380E-003
         151   2.6785714285714284E-002   1.4880952380952380E-003
         152   1.6369047619047620E-002   2.9761904761904760E-003
         153   1.9345238095238096E-002   7.4404761904761901E-004
         154   2.3809523809523808E-002   0.0000000000000000     
         155   2.8273809523809524E-002   2.2321428571428570E-003
         156   2.2321428571428572E-002   7.4404761904761901E-004
         157   1.3392857142857142E-002   7.4404761904761901E-004
         158   2.2321428571428572E-002   2.2321428571428570E-003
         159   3.1250000000000000E-002   7.4404761904761901E-004
         160   2.3809523809523808E-002   5.2083333333333330E-003
         161   2.0833333333333332E-002   3.7202380952380950E-003
         162   1.7857142857142856E-002   1.4880952380952380E-003
         163   1.0416666666666666E-002   7.4404761904761901E-004
         164   2.0833333333333332E-002   2.9761904761904760E-003
         165   1.1904761904761904E-002   4.4642857142857140E-003
         166   1.4880952380952380E-002   2.2321428571428570E-003
         167   1.7857142857142856E-002   3.7202380952380950E-003
         168   8.9285714285714281E-003   1.4880952380952380E-003
         169   8.9285714285714281E-003   2.2321428571428570E-003
         170   5.9523809523809521E-003   0.0000000000000000     
         171   8.9285714285714281E-003   4.4642857142857140E-003
         172   1.1904761904761904E-002   2.9761904761904760E-003
         173   5.9523809523809521E-003   4.4642857142857140E-003
         174   1.4880952380952380E-002   7.4404761904761901E-004
         175   2.9761904761904760E-003   1.4880952380952380E-003
         176   7.4404761904761901E-003   1.4880952380952380E-003
         177   5.9523809523809521E-003   7.4404761904761901E-004
         178   8.9285714285714281E-003   1.4880952380952380E-003
         179   0.0000000000000000        1.4880952380952380E-003
         180   0.0000000000000000        0.0000000000000000     
