   2.5000000372529030E-002   0.0000000000000000        0.0000000000000000        0.0000000000000000     
   7.5000001117587090E-002   0.0000000000000000        0.0000000000000000        0.0000000000000000     
  0.12500000186264515        0.0000000000000000        0.0000000000000000        0.0000000000000000     
  0.17500000260770321        0.0000000000000000        0.0000000000000000        0.0000000000000000     
  0.22500000335276127        0.0000000000000000        0.0000000000000000        0.0000000000000000     
  0.27500000409781933        0.0000000000000000        0.0000000000000000        0.0000000000000000     
  0.32500000484287739        0.0000000000000000        0.0000000000000000        0.0000000000000000     
  0.37500000558793545        0.0000000000000000        0.0000000000000000        0.0000000000000000     
  0.42500000633299351        0.0000000000000000        0.0000000000000000        0.0000000000000000     
  0.47500000707805157        0.0000000000000000        0.0000000000000000        0.0000000000000000     
  0.52500000782310963        0.0000000000000000        0.0000000000000000        0.0000000000000000     
  0.57500000856816769        0.0000000000000000        0.0000000000000000        0.0000000000000000     
  0.62500000931322575        0.0000000000000000        0.0000000000000000        0.0000000000000000     
  0.67500001005828381        0.0000000000000000        0.0000000000000000        0.0000000000000000     
  0.72500001080334187        0.0000000000000000        0.0000000000000000        0.0000000000000000     
  0.77500001154839993        0.0000000000000000        0.0000000000000000        0.0000000000000000     
  0.82500001229345798        0.0000000000000000        0.0000000000000000        0.0000000000000000     
  0.87500001303851604        0.0000000000000000        0.0000000000000000        0.0000000000000000     
  0.92500001378357410        0.0000000000000000        0.0000000000000000        0.0000000000000000     
  0.97500001452863216        0.0000000000000000        0.0000000000000000        0.0000000000000000     
   1.0250000152736902        0.0000000000000000        0.0000000000000000        0.0000000000000000     
   1.0750000160187483        0.0000000000000000        0.0000000000000000        0.0000000000000000     
   1.1250000167638063        0.0000000000000000        0.0000000000000000        0.0000000000000000     
   1.1750000175088644        0.0000000000000000        0.0000000000000000        0.0000000000000000     
   1.2250000182539225        0.0000000000000000        0.0000000000000000        0.0000000000000000     
   1.2750000189989805        0.0000000000000000        0.0000000000000000        0.0000000000000000     
   1.3250000197440386        0.0000000000000000        0.0000000000000000        0.0000000000000000     
   1.3750000204890966        0.0000000000000000        0.0000000000000000        0.0000000000000000     
   1.4250000212341547        0.0000000000000000        0.0000000000000000        0.0000000000000000     
   1.4750000219792128        0.0000000000000000        7.7848768581120789E-002   0.0000000000000000     
   1.5250000227242708        0.0000000000000000        1.7333079926242545        0.0000000000000000     
   1.5750000234693289        0.0000000000000000        7.1828289477024541        0.0000000000000000     
   1.6250000242143869        0.0000000000000000        5.0158337452341248        0.0000000000000000     
   1.6750000249594450        0.0000000000000000        2.4147684557802944        0.0000000000000000     
   1.7250000257045031        0.0000000000000000       0.97903274095862991        0.0000000000000000     
   1.7750000264495611        0.0000000000000000       0.72037186084504290        0.0000000000000000     
   1.8250000271946192        0.0000000000000000       0.35597746894099108        0.0000000000000000     
   1.8750000279396772        0.0000000000000000       0.14453410862666954        0.0000000000000000     
   1.9250000286847353        0.0000000000000000       0.10055743118589468        0.0000000000000000     
   1.9750000294297934        0.0000000000000000        4.3423015331191271E-002   0.0000000000000000     
   2.0250000301748514        0.0000000000000000        5.7827349862107080E-002   0.0000000000000000     
   2.0750000309199095        0.0000000000000000        2.3603228345110056E-002   0.0000000000000000     
   2.1250000316649675        0.0000000000000000        1.5003737572637460E-002   8.4396023846085699E-003
   2.1750000324100256        0.0000000000000000        1.4321869632926304E-002  0.17723313670746305     
   2.2250000331550837        0.0000000000000000        4.1056347705498673E-002  0.22324389064864900     
   2.2750000339001417        2.9453682384281952E-002   2.6181051008250623E-002  0.33871734741924242     
   2.3250000346451998        2.8200527406933268E-002   2.5067135472829571E-002  0.35955672443839920     
   2.3750000353902578        8.1077037061061688E-002   1.8017119346902599E-002  0.76347543232499759     
   2.4250000361353159       0.15553647835236689        1.7281830928040767E-002   1.3026180062010726     
   2.4750000368803740       0.29863173112029756        4.9771955186716260E-002   1.6735819931533342     
   2.5250000376254320       0.31083239795504980        3.7193620268125609E-002   1.9247698488755005     
   2.5750000383704901       0.39084151840004883        5.6199434018307674E-002   1.7415438246355117     
   2.6250000391155481       0.44246419467595899        4.4246419467595902E-002   1.7477335689700382     
   2.6750000398606062       0.57520602943949428        9.4684120072344738E-002   1.4167111465824582     
   2.7250000406056643       0.55429179382751037        9.1241447543623122E-002   1.0315986162900890     
   2.7750000413507223       0.65327508954978841        9.2382335895929660E-002  0.81659386193723549     
   2.8250000420957804       0.64945723335265415       0.18252719630172629       0.62558012918527695     
   2.8750000428408384        1.1250273312446122       0.18033224981698701       0.48874138160626596     
   2.9250000435858965        1.4076175009071079       0.18609851629432933       0.49890240538479774     
   2.9750000443309546        1.4295976054014117       0.23348180436274732       0.47366185721131115     
   3.0250000450760126        1.6825989390917349       0.26655032698482928       0.47062792108258922     
   3.0750000458210707        1.4187397790968790       0.31885818267581373       0.40305107360706788     
   3.1250000465661287        1.1083295768839543       0.35730186672628256       0.37854918647092800     
   3.1750000473111868       0.86198221157809407       0.43687207604347850       0.43099110578904704     
   3.2250000480562449       0.76217568360037935       0.43645957949765313       0.28581588135014224     
   3.2750000488013029       0.35532752173252941       0.44218536037825878       0.31624149434195115     
   3.3250000495463610       0.22062177889654064       0.52704091625284699       0.37919368247842916     
   3.3750000502914190       0.14721669721095440       0.57697049007929602       0.33458340275216913     
   3.4250000510364771       0.16894073145940811       0.57179939878568875       0.40610752754665408     
   3.4750000517815351       0.21461085928570700       0.60596007327729029       0.36294483555671037     
   3.5250000525265932       0.13495439837546305       0.66522976168915116       0.27604308758617441     
   3.5750000532716513       0.19084495928932779       0.61759549325574126       0.28924939142288741     
   3.6250000540167093       0.19721770320940946       0.63419026130084610       0.26392369105965091     
   3.6750000547617674       0.25961293821446507       0.63962607965882690       0.31605053347847917     
   3.7250000555068254       0.25269034230027282       0.59571443015716485       0.29938312294271452     
   3.7750000562518835       0.25673841944509751       0.74168876728583721       0.31022559016282619     
   3.8250000569969416       0.40636418694892412       0.77799639210734206       0.23965067435449375     
   3.8750000577419996       0.46701225258247742       0.72871960185574969       0.32233997868464476     
   3.9250000584870577       0.50466694897644626       0.76964458449566975       0.36118320858118219     
   3.9750000592321157       0.40521842171449712       0.72682034371012971       0.30391381628587283     
   4.0250000599771738       0.48931200591617402       0.74651447056441922       0.28464784959546657     
   4.0750000607222319       0.53246026169262783       0.76502911162733889       0.38327958492529685     
   4.1250000614672899       0.46587564067859943       0.67492240252156055       0.36508523764717166     
   4.1750000622123480       0.59471739960973069       0.68606288255632331       0.38700360195192035     
   4.2250000629574060       0.51240414907457976       0.58452028857396510       0.42913847484996059     
   4.2750000637024641       0.48380537297655934       0.50234197730516317       0.46295169310688011     
   4.3250000644475222       0.53788168597403796       0.43102976855832004       0.49917050402893681     
   4.3750000651925802       0.58937371132262595       0.35574809602356700       0.50375523298859581     
   4.4250000659376383       0.53720222449357413       0.33218301804433570       0.54888053372169521     
   4.4750000666826963       0.61661531040700956       0.32649315475597485       0.59377770631786086     
   4.5250000674277544       0.64029004236029152       0.29780932202804250       0.68682274892717299     
   4.5750000681728125       0.49527028895316610       0.26382044803714400       0.63001294109483619     
   4.6250000689178705       0.65566198755570604       0.28348670476442361       0.68773241086006121     
   4.6750000696629286       0.71843873080199494       0.29295559896780377       0.73413278074669874     
   4.7250000704079866       0.73062744495908905       0.29589273471863414       0.70160719597706911     
   4.7750000711530447       0.54825552230107144       0.32538742380470098       0.81402572975799314     
   4.8250000718981028       0.57624083736307474       0.29976164771917524       0.72848628587093267     
   4.8750000726431608       0.61579770832506320       0.28651698929013358       0.71682701984714392     
   4.9250000733882189       0.59707280112803285       0.30866219660653865       0.70863114028616536     
   4.9750000741332769       0.54201677631770917       0.28606440972323532       0.66982186846080538     
   5.0250000748783350       0.63995587791195918       0.33272339145108148       0.67768912543035298     
   5.0750000756233931       0.57413762788401390       0.31699236728533187       0.62888786559460275     
   5.1250000763684511       0.54557762623004735       0.34566147477459258       0.68052102846247930     
   5.1750000771135092       0.59201012583728263       0.34154430336766300       0.56924050561277162     
   5.2250000778585672       0.48022241783933906       0.36730190098306037       0.57375410968595442     
   5.2750000786036253       0.66291382036901936       0.39811353399571958       0.50129433523772948     
   5.3250000793486834       0.59138479271652988       0.38828294471287311       0.54837498960987319     
   5.3750000800937414       0.52239018453340791       0.44206756356699167       0.48017683628828406     
   5.4250000808387995       0.50762546326981306       0.47884850956971037       0.42474783661351706     
   5.4750000815838575       0.50856751630139874       0.42154596351204832       0.44245373918221692     
   5.5250000823289156       0.52936865104993758       0.49385545014092708       0.43573032834063258     
   5.5750000830739737       0.52482075979030318       0.49484657309407620       0.39974665348513755     
   5.6250000838190317       0.49625991184239493       0.47324030428120506       0.41194390740315301     
   5.6750000845640898       0.48282029061647969       0.48492408273245563       0.40235024218039966     
   5.7250000853091478       0.34418969198264621       0.54987662502933266       0.38139938841320248     
   5.7750000860542059       0.39310778418416886       0.52719105940977684       0.36339614933303982     
   5.8250000867992640       0.41783835694810995       0.52816365788661923       0.40997580722059168     
   5.8750000875443220       0.34892220676050195       0.51430446228552185       0.37652681172573155     
   5.9250000882893801       0.33003058413718017       0.53750595135792201       0.40711009556395578     
   5.9750000890344381       0.35442114252628021       0.57030015169556725       0.40459521993210901     
   6.0250000897794962       0.33176485576119269       0.53474335401171147       0.41155640334932764     
   6.0750000905245543       0.33871834501500575       0.54250011356061900       0.38209081602302475     
   6.1250000912696123       0.33727439896417677       0.55173937822519947       0.41651356498588094     
   6.1750000920146704       0.39980073275952871       0.54817122691695375       0.40579774375092165     
   6.2250000927597284       0.40127213977022214       0.55338837576154820       0.45438168768098686     
   6.2750000935047865       0.36393010097447454       0.49126261857310860       0.42490775087179344     
   6.3250000942498446       0.37725217796547816       0.52247944737306407       0.46013333827607567     
   6.3750000949949026       0.39386426285799381       0.46930281479164127       0.43793954941591218     
   6.4250000957399607       0.40252969538883049       0.46941281501001231       0.46900248912276582     
   6.4750000964850187       0.58905140125979860       0.45895911648225740       0.45996914974916375     
   6.5250000972300768       0.59796146396088401       0.47343588962970845       0.47532565473537336     
   6.5750000979751348       0.40905741021065078       0.47801728013122030       0.50338745954802067     
   6.6250000987201929       0.58004612115714105       0.46928548458222452       0.53228783273851410     
   6.6750000994652510       0.50295907250172955       0.42654578937788412       0.54401695597125854     
   6.7250001002103090       0.60337364357928036       0.39101308745919849       0.58820503242784594     
   6.7750001009553671       0.58453696459440374       0.36976391320933871       0.57540357452261615     
   6.8250001017004251       0.55309449161498936       0.35636594463030213       0.59809478309254027     
   6.8750001024454832       0.59990917963490920       0.39635576623429486       0.59023322512466869     
   6.9250001031905413       0.54677278158147669       0.36946016119781955       0.58889335923237529     
   6.9750001039355993       0.62669985539396700       0.36627124881914069       0.61651598274381503     
   7.0250001046806574       0.54985147480458163       0.38372905669882790       0.58692011355545226     
   7.0750001054257154       0.59692704767342908       0.36681911546371726       0.59464288805222987     
   7.1250001061707735       0.58557560287120902       0.37370066963860632       0.57506527153762321     
   7.1750001069158316       0.64555137091398807       0.37706517383661076       0.59002803052574360     
   7.2250001076608896       0.60452294833697140       0.37056640204016167       0.56801793937942480     
   7.2750001084059477       0.61064392173356707       0.38981357267897515       0.59336154659016416     
   7.3250001091510057       0.57676510353986910       0.37756489536600074       0.60588747945752253     
   7.3750001098960638       0.59699923293614177       0.43163324822613058       0.54865070350821477     
   7.4250001106411219       0.63046382474781171       0.36500537222241730       0.53091690505078892     
   7.4750001113861799       0.56203464803638592       0.45593317726360549       0.51974563325694911     
   7.5250001121312380       0.49267028146526137       0.39724719719846208       0.52228434209978525     
   7.5750001128762960       0.51009875085241663       0.45105954357783135       0.53201705655310638     
   7.6250001136213541       0.48245460185948741       0.44283272634445703       0.51391903241554093     
   7.6750001143664122       0.49430493395046343       0.44685856158174525       0.45548517473969402     
   7.7250001151114702       0.52369116985098363       0.46550326208976328       0.48345636045999352     
   7.7750001158565283       0.53463015554266535       0.47746844079910988       0.46969276636708213     
   7.8250001166015863       0.43072077089372540       0.49185711666605259       0.44503663466620474     
   7.8750001173466444       0.42772688297675210       0.46924315769735642       0.43940333524192204     
   7.9250001180917025       0.47574690478060794       0.46118322402201789       0.46239686408523373     
   7.9750001188367605       0.46500626734479950       0.50282464647593439       0.44822769068802842     
   8.0250001195818186       0.36454329626261806       0.50446900593917854       0.43378285090990104     
   8.0750001203268766       0.49564336157578642       0.49460427696032350       0.44888455387995746     
   8.1250001210719347       0.44799534619248133       0.51265446832335493       0.45607773645884059     
   8.1750001218169928       0.45849970795720868       0.50995102952454607       0.43169686433284449     
   8.2250001225620508       0.47773008602037975       0.51228289098411783       0.45970253560451635     
   8.2750001233071089       0.37179113257993024       0.48731106532432633       0.42076960513537010     
   8.3250001240521669       0.44872499360215284       0.51373634888438191       0.44982480976294237     
   8.3750001247972250       0.44990343246060321       0.49892672649683639       0.44446981612653785     
   8.4250001255422831       0.52834049141245265       0.49302233751496249       0.46176099859218422     
   8.4750001262873411       0.48179808138381786       0.47543070585892155       0.48392053989211659     
   8.5250001270323992       0.45308909883357679       0.45541980407449029       0.44050329053264414     
   8.5750001277774572       0.47062636345922992       0.47822825772949645       0.48513907070246609     
   8.6250001285225153       0.42829868878730998       0.47770901067292731       0.46928420924542580     
   8.6750001292675734       0.48414741147438572       0.45961367467721792       0.49934032187630162     
   8.7250001300126314       0.48462207038657057       0.45658608284354585       0.51916641218065462     
   8.7750001307576895       0.45535728938451397       0.45491733065080908       0.51920630061342943     
   8.8250001315027475       0.51676515210457052       0.45369196434769954       0.50991409895166895     
   8.8750001322478056       0.48773346062454448       0.40257365003930656       0.48918504830497478     
   8.9250001329928637       0.53587109084767892       0.43167393429396356       0.54113411048993287     
   8.9750001337379217       0.58669385377267669       0.42855988315007704       0.52660504778144279     
   9.0250001344829798       0.49598692095973457       0.44087726307531960       0.58208276384331115     
   9.0750001352280378       0.50349414016966232       0.41669899018943457       0.55347333790709197     
   9.1250001359730959       0.54010110469668704       0.41214494844274502       0.58083754394923381     
   9.1750001367181540       0.59036997475811770       0.40042135302271786       0.53332502320940389     
   9.2250001374632120       0.49441899977186560       0.39290785247570953       0.54860803869613706     
   9.2750001382082701       0.49619116312790662       0.37608139745011970       0.56618955935487902     
   9.3250001389533281       0.53646647545559900       0.40478479883686808       0.52770068337299114     
   9.3750001396983862       0.55330804303747627       0.41242745109724799       0.54593638415688284     
   9.4250001404434443       0.56976298270939663       0.39585942172178967       0.54487875605491998     
   9.4750001411885023       0.56716171121080072       0.39056045981582083       0.52640757627349766     
   9.5250001419335604       0.55114105117724721       0.42605144945341406       0.53223758524510079     
   9.5750001426786184       0.56036529603895602       0.40683296468110158       0.52710919538382506     
   9.6250001434236765       0.51835582496886978       0.40188575071660515       0.51465328336194927     
   9.6750001441687346       0.51626921709421292       0.43682926395563615       0.51830497899127215     
   9.7250001449137926       0.51903372474457088       0.43808022454286422       0.51178014784596659     
   9.7750001456588507       0.52490571514296003       0.44318280576068891       0.52331025704222156     
   9.8250001464039087       0.52905233329367773       0.44114015452746463       0.51325972632968730     
   9.8750001471489668       0.56435444231490495       0.44224266239881438       0.51511021812399216     
   9.9250001478940248       0.50451668463069810       0.43745413963888757       0.49716559796813431     
   9.9750001486390829       0.52245338028553012       0.45282697672189970       0.49296004430166962     
   10.025000149384141       0.47174858766352801       0.46922046018408786       0.48274594219909256     
   10.075000150129199       0.45956855775419925       0.45956855775419930       0.47008156397733453     
   10.125000150874257       0.47139850225202407       0.48246884913281118       0.46582202154715002     
   10.175000151619315       0.42113002477997569       0.47839323716264526       0.45904645183621473     
   10.225000152364373       0.47972050441178643       0.49219550570854687       0.46513933406492364     
   10.275000153109431       0.45629157183424884       0.46591797630332588       0.44907176848244112     
   10.325000153854489       0.48048318144745644       0.47158534475398500       0.47154562226874636     
   10.375000154599547       0.49285830043194828       0.48436074352794917       0.44293515362095354     
   10.425000155344605       0.49375281668531407       0.48377801230783291       0.49024604952135586     
   10.475000156089664       0.45014870470766377       0.47731817385325670       0.47828299875189284     
   10.525000156834722       0.46927696368396021       0.48900219285151669       0.47202932124222385     
   10.575000157579780       0.45394428704935774       0.49014471567958678       0.46519065452130126     
   10.625000158324838       0.48614262793671564       0.48224148339154449       0.49863379268231178     
   10.675000159069896       0.50567923572113305       0.46851879805791052       0.44882376609640257     
   10.725000159814954       0.44133536299209469       0.45974274383093749       0.48043263989379681     
   10.775000160560012       0.44906649306824709       0.44352246228962683       0.48419084596174305     
   10.825000161305070       0.49436406757173773       0.45620263077672640       0.48785927720895167     
   10.875000162050128       0.52334324116744335       0.45574115856453334       0.51818715012145877     
   10.925000162795186       0.46875109729995723       0.45895884004482645       0.50227893464089424     
   10.975000163540244       0.49233382556737387       0.43678630740138907       0.50245894280269254     
   11.025000164285302       0.49164090432123492       0.44871987299160332       0.52017363537559236     
