   2.5000000372529030E-002   0.0000000000000000        0.0000000000000000        0.0000000000000000     
   7.5000001117587090E-002   0.0000000000000000        0.0000000000000000        0.0000000000000000     
  0.12500000186264515        0.0000000000000000        0.0000000000000000        0.0000000000000000     
  0.17500000260770321        0.0000000000000000        0.0000000000000000        0.0000000000000000     
  0.22500000335276127        0.0000000000000000        0.0000000000000000        0.0000000000000000     
  0.27500000409781933        0.0000000000000000        0.0000000000000000        0.0000000000000000     
  0.32500000484287739        0.0000000000000000        0.0000000000000000        0.0000000000000000     
  0.37500000558793545        0.0000000000000000        0.0000000000000000        0.0000000000000000     
  0.42500000633299351        0.0000000000000000        0.0000000000000000        0.0000000000000000     
  0.47500000707805157        0.0000000000000000        0.0000000000000000        0.0000000000000000     
  0.52500000782310963        0.0000000000000000        0.0000000000000000        0.0000000000000000     
  0.57500000856816769        0.0000000000000000        0.0000000000000000        0.0000000000000000     
  0.62500000931322575        0.0000000000000000        0.0000000000000000        0.0000000000000000     
  0.67500001005828381        0.0000000000000000        0.0000000000000000        0.0000000000000000     
  0.72500001080334187        0.0000000000000000        0.0000000000000000        0.0000000000000000     
  0.77500001154839993        0.0000000000000000        0.0000000000000000        0.0000000000000000     
  0.82500001229345798        0.0000000000000000        0.0000000000000000        0.0000000000000000     
  0.87500001303851604        0.0000000000000000        0.0000000000000000        0.0000000000000000     
  0.92500001378357410        0.0000000000000000        0.0000000000000000        0.0000000000000000     
  0.97500001452863216        0.0000000000000000        0.0000000000000000        0.0000000000000000     
   1.0250000152736902        0.0000000000000000        0.0000000000000000        0.0000000000000000     
   1.0750000160187483        0.0000000000000000        0.0000000000000000        0.0000000000000000     
   1.1250000167638063        0.0000000000000000        0.0000000000000000        0.0000000000000000     
   1.1750000175088644        0.0000000000000000        0.0000000000000000        0.0000000000000000     
   1.2250000182539225        0.0000000000000000        0.0000000000000000        0.0000000000000000     
   1.2750000189989805        0.0000000000000000        0.0000000000000000        0.0000000000000000     
   1.3250000197440386        0.0000000000000000        0.0000000000000000        0.0000000000000000     
   1.3750000204890966        0.0000000000000000        0.0000000000000000        0.0000000000000000     
   1.4250000212341547        0.0000000000000000        0.0000000000000000        0.0000000000000000     
   1.4750000219792128        0.0000000000000000        3.7691272074293493E-002   0.0000000000000000     
   1.5250000227242708        0.0000000000000000        2.6269034031728897        0.0000000000000000     
   1.5750000234693289        0.0000000000000000        10.826301974776120        0.0000000000000000     
   1.6250000242143869        0.0000000000000000        7.4220406504415468        0.0000000000000000     
   1.6750000249594450        0.0000000000000000       0.83300845693508663        0.0000000000000000     
   1.7250000257045031        0.0000000000000000        2.7558642225141480E-002   0.0000000000000000     
   1.7750000264495611        0.0000000000000000        1.3014005737368467E-002   0.0000000000000000     
   1.8250000271946192        0.0000000000000000        1.2310721964721048E-002   0.0000000000000000     
   1.8750000279396772        0.0000000000000000        0.0000000000000000        0.0000000000000000     
   1.9250000286847353        0.0000000000000000        0.0000000000000000        0.0000000000000000     
   1.9750000294297934        0.0000000000000000        1.0511846975644123E-002   0.0000000000000000     
   2.0250000301748514        0.0000000000000000        0.0000000000000000        0.0000000000000000     
   2.0750000309199095        0.0000000000000000        0.0000000000000000        0.0000000000000000     
   2.1250000316649675        0.0000000000000000        0.0000000000000000        0.0000000000000000     
   2.1750000324100256        0.0000000000000000        0.0000000000000000        0.0000000000000000     
   2.2250000331550837        0.0000000000000000        0.0000000000000000        9.3177411470482911E-003
   2.2750000339001417        0.0000000000000000        0.0000000000000000        1.7825374385642811E-002
   2.3250000346451998        0.0000000000000000        0.0000000000000000        5.1200894238890730E-002
   2.3750000353902578        0.0000000000000000        0.0000000000000000       0.22898324779571397     
   2.4250000361353159        3.1376902454081812E-002   0.0000000000000000       0.43143240874362498     
   2.4750000368803740        0.0000000000000000        0.0000000000000000        1.4985693552942676     
   2.5250000376254320        2.8940896695654913E-002   0.0000000000000000        2.1922729246958599     
   2.5750000383704901        2.7827925175123253E-002   1.8551950116748834E-002   2.5323411909362159     
   2.6250000391155481        5.3555883569586425E-002   1.7851961189862139E-002   2.7447390329413039     
   2.6750000398606062       0.25786281660469940        1.1460569626875527E-002   2.0371162511771250     
   2.7250000406056643       0.39757926269726085        2.7609671020643118E-002   1.2424351959289401     
   2.7750000413507223       0.86260846469693742        5.8572179701643891E-002  0.73082106036823846     
   2.8250000420957804        1.0173101417157813        7.1931020121317871E-002  0.44507318700065429     
   2.8750000428408384        1.5179980282341938       0.10913711314102047       0.32369075602052666     
   2.9250000435858965        1.5959465516475806        9.5852645744599452E-002  0.32350267938802313     
   2.9750000443309546        1.8137775777992333       0.13435389465179506       0.34920430377169148     
   3.0250000450760126        1.3106950223294427       0.17924034493394089       0.42849644960770245     
   3.0750000458210707        1.7757855694262350       0.30788956148782098       0.31710456596897058     
   3.1250000465661287        1.6816268670571317       0.30651376103663075       0.31648595531693208     
   3.1750000473111868       0.95182223957672829       0.33761216190114723       0.44387864057183962     
   3.2250000480562449       0.42578665289984235       0.38636196281652363       0.39917498709360227     
   3.2750000488013029       0.17203542896313828       0.46640716296673040       0.39998237233929645     
   3.3250000495463610        5.0070129031082031E-002  0.44506781360961811       0.33380086020721361     
   3.3750000502914190        3.2398390609182232E-002  0.40317997202537886       0.27943611900419674     
   3.4250000510364771        6.2918747067828643E-002  0.46489963111228932       0.34998553056479687     
   3.4750000517815351        1.5280298158750611E-002  0.49915640651918669       0.27504536685751102     
   3.5250000525265932        5.9399584365489984E-002  0.55769609765376715       0.28957297378176367     
   3.5750000532716513        7.2187129366387270E-002  0.62883010470275125       0.27792044806059096     
   3.6250000540167093        9.8293335298952678E-002  0.59600085847936379       0.34402667354633437     
   3.6750000547617674       0.13662417512090783       0.57685762828827747       0.29374197650995182     
   3.7250000555068254       0.23936594865967228       0.63239892608851678       0.27593574637156659     
   3.7750000562518835       0.16832632056838315       0.78264545631795235       0.29133401636835543     
   3.8250000569969416       0.21440198271423080       0.65301518918190560       0.29007327073101818     
   3.8750000577419996       0.24577035420218110       0.69361855519282223       0.32564571931788994     
   3.9250000584870577       0.34734555189783167       0.77986395943344577       0.32638504445572114     
   3.9750000592321157       0.36201839666537228       0.77334395846796378       0.29486982309034360     
   4.0250000599771738       0.37585949387423673       0.80233979500426289       0.35308013060913146     
   4.0750000607222319       0.51114732917393313       0.97537775373769831       0.30557720765832946     
   4.1250000614672899       0.54220774920038994       0.87476183537662910       0.38496750193227686     
   4.1750000622123480       0.56105657755787819       0.83982053747657248       0.35992308748995960     
   4.2250000629574060       0.43414992885370252       0.75803955831598868       0.31527554357233162     
   4.2750000637024641       0.66637038168884144       0.66188303905120593       0.42657800949020525     
   4.3250000644475222       0.65105220478541070       0.49541346222728222       0.45129755104443242     
   4.3750000651925802       0.65553669911859347       0.39846348377796859       0.48442234015749003     
   4.4250000659376383       0.56541720377526172       0.29317929084643196       0.53479043857076836     
   4.4750000666826963       0.86613620981793715       0.24366479661544801       0.51138893239250538     
   4.5250000674277544       0.54070278120985493       0.32842687451265268       0.58801427456571731     
   4.5750000681728125       0.65237023712089881       0.24684279242412388       0.59506744602244155     
   4.6250000689178705       0.69009872022581742       0.24920231563710069       0.63187164070676405     
   4.6750000696629286       0.66697362446555142       0.28329962670688685       0.74295796142998127     
   4.7250000704079866       0.67772750739850385       0.25896904754251776       0.80170205143481554     
   4.7750000711530447       0.75262937968335886       0.29134040503871955       0.71014223728187886     
   4.8250000718981028       0.61029686965748065       0.29766283108835279       0.76088960372880698     
   4.8750000726431608       0.63666319473731092       0.31574353560143059       0.73953864998449825     
   4.9250000733882189       0.66944578467118054       0.27555470429647078       0.71128614621312924     
   4.9750000741332769       0.57405015479684529       0.31477497665627879       0.72688168951548593     
   5.0250000748783350       0.60652864431312048       0.29879858247286256       0.68691195861967869     
   5.0750000756233931       0.68060782537138043       0.33910986386924918       0.77374363305377991     
   5.1250000763684511       0.72359403736479122       0.32628080649243013       0.73588811081516392     
   5.1750000771135092       0.59254768189897189       0.36900256159600064       0.64939091882532685     
   5.2250000778585672       0.64884993923786116       0.37699383043681289       0.62688366525324613     
   5.2750000786036253       0.64323918600791397       0.37872272807338808       0.63660785419339938     
   5.3250000793486834       0.60518683567509357       0.42514917488286141       0.57264990902589497     
   5.3750000800937414       0.54927182362303795       0.43005003244904522       0.53011117861293200     
   5.4250000808387995       0.53919372690735767       0.42912575681515808       0.47492935829339933     
   5.4750000815838575       0.64019313514551834       0.47604104921077012       0.45706096427456477     
   5.5250000823289156       0.53194175573760283       0.46343410537745705       0.45184825274302065     
   5.5750000830739737       0.49275878626516240       0.46571312329746267       0.43339025779948015     
   5.6250000838190317       0.50153295723319491       0.47431799056162627       0.34990671434874071     
   5.6750000845640898       0.50419329972375759       0.50801294593378610       0.40679232136803167     
   5.7250000853091478       0.42223716779090892       0.52169747842610081       0.41379242443509073     
   5.7750000860542059       0.34303144944764424       0.51885043608209991       0.39282633727068933     
   5.8250000867992640       0.32085323664535503       0.55227845253079944       0.39154971251636550     
   5.8750000875443220       0.37956741698037844       0.55361006670690560       0.37689440700164334     
   5.9250000882893801       0.31537038092214903       0.55014610894197102       0.39289893289884392     
   5.9750000890344381       0.28944004189056050       0.50192578692926570       0.40573291586444643     
   6.0250000897794962       0.28465601879280877       0.56931203758561755       0.35836159508737536     
   6.0750000905245543       0.26999000233469339       0.54331321457475346       0.38123588292630317     
   6.1250000912696123       0.38364447118415368       0.54978110827814608       0.39594076833749192     
   6.1750000920146704       0.37745679236487778       0.50004959672270133       0.39318415871341433     
   6.2250000927597284       0.32856173507394287       0.52696857992535773       0.39760731708223529     
   6.2750000935047865       0.40301167918535391       0.48319746548321513       0.39481086013216371     
   6.3250000942498446       0.41511471359720281       0.48993785950484675       0.43702354570372182     
   6.3750000949949026       0.44949154711450234       0.45403186577222460       0.40749359953057157     
   6.4250000957399607       0.39782355118482138       0.54831111174537173       0.43023052585998944     
   6.4750000964850187       0.42691259684741395       0.46261090105114955       0.43681520862995704     
   6.5250000972300768       0.42906291247435147       0.45747448580318056       0.47998704602560027     
   6.5750000979751348       0.48231833895339798       0.42208782858261967       0.49725740254929968     
   6.6250000987201929       0.47926968939041698       0.46992720031847907       0.51500471009057969     
   6.6750000994652510       0.50938890298819817       0.44358708444500722       0.52388370917078919     
   6.7250001002103090       0.48144243653107527       0.46602902519203893       0.59976303533955977     
   6.7750001009553671       0.54270289362014756       0.40468215771181382       0.52963782395892189     
   6.8250001017004251       0.53081902933740666       0.42518340160856949       0.57538405978550977     
   6.8750001024454832       0.58168503133253446       0.37737955052893729       0.50848641161786978     
   6.9250001031905413       0.56946785221699203       0.37879017797616737       0.57908724161254932     
   6.9750001039355993       0.58408946909512016       0.38939297939674677       0.60779439884735720     
   7.0250001046806574       0.59823859946561120       0.34897251635493975       0.57113091292732554     
   7.0750001054257154       0.63036247699661596       0.35224933737302777       0.57598910544281434     
   7.1250001061707735       0.59973771897183303       0.32712966489372713       0.58338123572714662     
   7.1750001069158316       0.60574533085969395       0.36639428296575838       0.63083537414974045     
   7.2250001076608896       0.62566918965958840       0.37626558926169856       0.55408839253751685     
   7.2750001084059477       0.56480202957267123       0.33702178719356923       0.60838243308908102     
   7.3250001091510057       0.61901974173858221       0.35307051936200617       0.62245874030379655     
   7.3750001098960638       0.61065473825739347       0.39654863249801103       0.60980660667648046     
   7.4250001106411219       0.63592805171798428       0.41056407549511970       0.57066175167324384     
   7.4750001113861799       0.55479713209199655       0.41756556634966413       0.50113371901762194     
   7.5250001121312380       0.52137993699802687       0.41131083918733224       0.51567734393711095     
   7.5750001128762960       0.54024576301466010       0.43662719735708638       0.53783395157263036     
   7.6250001136213541       0.51414154854146754       0.41681434182168353       0.51731526180406917     
   7.6750001143664122       0.46674202176001417       0.43089233627061713       0.50511510744162613     
   7.7250001151114702       0.46690378424245715       0.44251072413854653       0.49164040857318331     
   7.7750001158565283       0.55249101765815878       0.46125708042670105       0.45557615682585750     
   7.8250001166015863       0.47915485523816326       0.47145355428045688       0.54771317572035327     
   7.8750001173466444       0.42845858301048861       0.49656233926061261       0.47234583370079908     
   7.9250001180917025       0.46420096989021759       0.50533270139947739       0.45832500824603761     
   7.9750001188367605       0.50481863848234743       0.47000355996632337       0.41342905737778446     
   8.0250001195818186       0.45843464886521673       0.53675056804635779       0.46058356128177241     
   8.0750001203268766       0.44428550228248526       0.48547545330796699       0.46126456606398158     
   8.1250001210719347       0.41367811372942281       0.51306024315390886       0.46818300033566440     
   8.1750001218169928       0.39758917776298258       0.51539337858164402       0.45211963790755827     
   8.2250001225620508       0.46095920602750640       0.52551167866646686       0.42891026714689573     
   8.2750001233071089       0.49043674425963890       0.54552853970760817       0.49245777479917052     
   8.3250001240521669       0.43930191184057593       0.48929654019145630       0.43464264913923645     
   8.3750001247972250       0.48405625959433718       0.48464086860350919       0.44196441093396005     
   8.4250001255422831       0.43413451639857947       0.50201316666715312       0.44648265384105401     
   8.4750001262873411       0.50866687383201037       0.48925646562742175       0.46563571152551442     
   8.5250001270323992       0.38084668324830506       0.47224988722789829       0.47605835406038138     
   8.5750001277774572       0.53451396275633833       0.47958477618200412       0.43413575378801189     
   8.6250001285225153       0.52585423530131292       0.50160100013018316       0.48864756770923895     
   8.6750001292675734       0.47077132136759547       0.47295081822577878       0.44992988266121758     
   8.7250001300126314       0.55022806253231271       0.46054331225171552       0.48296449982186479     
   8.7750001307576895       0.53439006653516385       0.46329781553123323       0.49005725832484753     
   8.8250001315027475       0.48096601138006295       0.46069541319929402       0.48688923812119672     
   8.8750001322478056       0.55521272703449898       0.43833953695550687       0.48551830243839628     
   8.9250001329928637       0.41465259199162507       0.42160207677360756       0.50383764669373432     
   8.9750001337379217       0.51771093760431997       0.42913502497585221       0.55035421574972510     
   9.0250001344829798       0.53237943284125300       0.43949621264341737       0.54314029371783157     
   9.0750001352280378       0.57358071132711597       0.39383883911436524       0.55005493996408972     
   9.1250001359730959       0.50969449396255229       0.38854971568739499       0.54792158100974364     
   9.1750001367181540       0.53703402547612311       0.38286507394488234       0.52388217179099350     
   9.2250001374632120       0.56592077008076291       0.40089066045738164       0.56537870037762039     
   9.2750001382082701       0.56412558788206557       0.39086014538512359       0.54053098154479284     
   9.3250001389533281       0.50928567326736152       0.41403038993402164       0.55756171104583008     
   9.3750001396983862       0.55005567287103796       0.43155343291408832       0.55425457113722909     
   9.4250001404434443       0.52346270303902387       0.42883320204872416       0.56396874553609122     
   9.4750001411885023       0.56317070638401701       0.41472749505003031       0.52874330006309622     
   9.5250001419335604       0.52066446490180407       0.40089355934713561       0.54456215030257049     
   9.5750001426786184       0.59373466084736759       0.40745180868696940       0.51926624575803670     
   9.6250001434236765       0.47803283422923021       0.44306561765135127       0.53131357721102979     
   9.6750001441687346       0.57166818466933023       0.42053751515904758       0.51745827060585925     
   9.7250001449137926       0.56580497289963494       0.41492364679306565       0.53019828063957175     
   9.7750001456588507       0.50595949592306977       0.42828462844039333       0.54747907287858899     
   9.8250001464039087       0.52758442441269748       0.43965368701058127       0.50512385561976558     
   9.8750001471489668       0.52225533435334082       0.45077110984442947       0.51374030172801455     
   9.9250001478940248       0.45706378937713688       0.42043208312468877       0.50998203548330134     
   9.9750001486390829       0.50812759834052401       0.44383894842882760       0.49051003562433798     
   10.025000149384141       0.47553122577905577       0.47043114828249788       0.49572753266542491     
   10.075000150129199       0.42901249473310965       0.45123065594810119       0.49036491717905223     
   10.125000150874257       0.45718472233628621       0.45198489609799070       0.48283386522326288     
   10.175000151619315       0.47052549050019132       0.44874190297703431       0.48300154517254490     
   10.225000152364373       0.44122635842703184       0.46671943691392698       0.46946484536636185     
   10.275000153109431       0.44043818231642756       0.46607215059939422       0.46097448645221345     
   10.325000153854489       0.48118575884630133       0.47464686364215491       0.45695338250152362     
   10.375000154599547       0.48684445475030219       0.46017848305036391       0.47055916489069699     
   10.425000155344605       0.43973976828311961       0.48558136574892746       0.45247354535695511     
   10.475000156089664       0.45573180858048423       0.46862459037304410       0.47927514924515874     
   10.525000156834722       0.47806374568382670       0.49342545334614085       0.48722524603665263     
   10.575000157579780       0.47850378309017710       0.46823703525375954       0.48757885483843905     
   10.625000158324838       0.42660974068913654       0.47401082298792946       0.44704124167999554     
   10.675000159069896       0.49548875653029306       0.46166454221377340       0.49103583469872997     
   10.725000159814954       0.50692140892575888       0.47020347283619973       0.47724404796016856     
   10.775000160560012       0.45295855022760262       0.47361981743096693       0.46805716856852270     
   10.825000161305070       0.47712808968611420       0.46120632358364394       0.47043569898919674     
   10.875000162050128       0.52735897666300824       0.44692026358883463       0.45987887092136587     
   10.925000162795186       0.51326703628036319       0.44730500752144109       0.49007726054480466     
   10.975000163540244       0.48102625133488147       0.46332394059927362       0.50132433359662409     
   11.025000164285302       0.49792604330734747       0.45272137541901109       0.50096217771775819     
   11.075000165030360       0.47839634340444182       0.44964575952409092       0.49344025357439281     
   11.125000165775418       0.57101424489033947       0.42308395168260138       0.53523267340896052     
   11.175000166520476       0.49351415954252298       0.43441066738174183       0.53636419135908942     
   11.225000167265534       0.51402310181201305       0.45625855570778240       0.50487026880253982     
   11.275000168010592       0.52834367146146233       0.45125323343991808       0.51854608964177862     
   11.325000168755651       0.49491458746352412       0.43896494094794486       0.54023380114114339     
   11.375000169500709       0.50483410995712685       0.41419848192967035       0.52301669442592169     
   11.425000170245767       0.51456140902288983       0.41309417146831512       0.52056933756230539     
   11.475000170990825       0.57875254669246001       0.42476108350202607       0.53531107224338914     
   11.525000171735883       0.49733544943821550       0.40503048396209729       0.50462877655986527     
   11.575000172480941       0.50268870687807266       0.41316880017375834       0.53987389889371085     
   11.625000173225999       0.58849071688519283       0.42206268996509577       0.51202788592099147     
   11.675000173971057       0.52254271973395594       0.43831015696740000       0.53303418625711185     
   11.725000174716115       0.46440691402722462       0.43010582532258057       0.53755771406908515     
