   2.5000000372529030E-002   0.0000000000000000        0.0000000000000000        0.0000000000000000     
   7.5000001117587090E-002   0.0000000000000000        0.0000000000000000        0.0000000000000000     
  0.12500000186264515        0.0000000000000000        0.0000000000000000        0.0000000000000000     
  0.17500000260770321        0.0000000000000000        0.0000000000000000        0.0000000000000000     
  0.22500000335276127        0.0000000000000000        0.0000000000000000        0.0000000000000000     
  0.27500000409781933        0.0000000000000000        0.0000000000000000        0.0000000000000000     
  0.32500000484287739        0.0000000000000000        0.0000000000000000        0.0000000000000000     
  0.37500000558793545        0.0000000000000000        0.0000000000000000        0.0000000000000000     
  0.42500000633299351        0.0000000000000000        0.0000000000000000        0.0000000000000000     
  0.47500000707805157        0.0000000000000000        0.0000000000000000        0.0000000000000000     
  0.52500000782310963        0.0000000000000000        0.0000000000000000        0.0000000000000000     
  0.57500000856816769        0.0000000000000000        0.0000000000000000        0.0000000000000000     
  0.62500000931322575        0.0000000000000000        0.0000000000000000        0.0000000000000000     
  0.67500001005828381        0.0000000000000000        0.0000000000000000        0.0000000000000000     
  0.72500001080334187        0.0000000000000000        0.0000000000000000        0.0000000000000000     
  0.77500001154839993        0.0000000000000000        0.0000000000000000        0.0000000000000000     
  0.82500001229345798        0.0000000000000000        0.0000000000000000        0.0000000000000000     
  0.87500001303851604        0.0000000000000000        0.0000000000000000        0.0000000000000000     
  0.92500001378357410        0.0000000000000000        0.0000000000000000        0.0000000000000000     
  0.97500001452863216        0.0000000000000000        0.0000000000000000        0.0000000000000000     
   1.0250000152736902        0.0000000000000000        0.0000000000000000        0.0000000000000000     
   1.0750000160187483        0.0000000000000000        0.0000000000000000        0.0000000000000000     
   1.1250000167638063        0.0000000000000000        0.0000000000000000        0.0000000000000000     
   1.1750000175088644        0.0000000000000000        0.0000000000000000        0.0000000000000000     
   1.2250000182539225        0.0000000000000000        0.0000000000000000        0.0000000000000000     
   1.2750000189989805        0.0000000000000000        0.0000000000000000        0.0000000000000000     
   1.3250000197440386        0.0000000000000000        0.0000000000000000        0.0000000000000000     
   1.3750000204890966        0.0000000000000000        0.0000000000000000        0.0000000000000000     
   1.4250000212341547        0.0000000000000000        0.0000000000000000        0.0000000000000000     
   1.4750000219792128        0.0000000000000000        0.0000000000000000        0.0000000000000000     
   1.5250000227242708        0.0000000000000000        2.2302640131484224        0.0000000000000000     
   1.5750000234693289        0.0000000000000000        12.214453782747629        0.0000000000000000     
   1.6250000242143869        0.0000000000000000        7.3331512401187613        0.0000000000000000     
   1.6750000249594450        0.0000000000000000        1.1246428096992838        0.0000000000000000     
   1.7250000257045031        0.0000000000000000        2.9051931581710263E-002   0.0000000000000000     
   1.7750000264495611        0.0000000000000000        0.0000000000000000        0.0000000000000000     
   1.8250000271946192        0.0000000000000000        0.0000000000000000        0.0000000000000000     
   1.8750000279396772        0.0000000000000000        1.2294909656113694E-002   0.0000000000000000     
   1.9250000286847353        0.0000000000000000        0.0000000000000000        0.0000000000000000     
   1.9750000294297934        0.0000000000000000        0.0000000000000000        0.0000000000000000     
   2.0250000301748514        0.0000000000000000        0.0000000000000000        0.0000000000000000     
   2.0750000309199095        0.0000000000000000        0.0000000000000000        0.0000000000000000     
   2.1250000316649675        0.0000000000000000        0.0000000000000000        0.0000000000000000     
   2.1750000324100256        0.0000000000000000        0.0000000000000000        0.0000000000000000     
   2.2250000331550837        0.0000000000000000        0.0000000000000000        9.8226311764074495E-003
   2.2750000339001417        0.0000000000000000        0.0000000000000000        9.3956290161063428E-003
   2.3250000346451998        0.0000000000000000        0.0000000000000000        2.6987629945600482E-002
   2.3750000353902578        0.0000000000000000        0.0000000000000000       0.12069545360710775     
   2.4250000361353159        3.3077087611753771E-002   7.3504639137230605E-003  0.40519432324398369     
   2.4750000368803740        0.0000000000000000        1.4112970708514125E-002   1.2384131796721145     
   2.5250000376254320        0.0000000000000000        6.7797966068675625E-003   2.2805540836350766     
   2.5750000383704901        5.8671611732096708E-002   6.5190679702329677E-003   2.9849182468704196     
   2.6250000391155481        2.8228928198832513E-002   6.2730951552961139E-003   2.9710946929271218     
   2.6750000398606062        5.4367068190554639E-002   0.0000000000000000        2.1746827276221854     
   2.7250000406056643       0.28814668163366780        1.1642290167016881E-002   1.2835624909136110     
   2.7750000413507223       0.70727196231274769        1.6839808626493990E-002  0.88408995289093462     
   2.8250000420957804       0.95056649094389789        5.4163332817316112E-002  0.32294887192324734     
   2.8750000428408384        1.1531228305808221        3.6607073986692766E-002  0.22356463041873081     
   2.9250000435858965        1.2504505113653512       0.10104650596891727       0.17051597882254790     
   2.9750000443309546        2.0439248353904200       0.10744646685445458       0.21428244241996341     
   3.0250000450760126        1.8281168040933067       0.13226684887496792       0.31885758210929771     
   3.0750000458210707        1.7280074567018899       0.19200082852243222       0.24171532876484772     
   3.1250000465661287        2.0316879206559371       0.25672744966894195       0.31371651716010795     
   3.1750000473111868        1.2156547456722513       0.24441735627272779       0.25567341873265603     
   3.2250000480562449       0.86031170056107220       0.30755104271265382       0.31326567357386864     
   3.2750000488013029       0.21762878465649563       0.42316708127651925       0.38991823917622132     
   3.3250000495463610        3.5188815448277094E-002  0.35188815448277094       0.31230073710345918     
   3.3750000502914190        0.0000000000000000       0.45918056072400293       0.34153926004264690     
   3.4250000510364771        3.3164027459848970E-002  0.46061149249790234       0.32749477116600856     
   3.4750000517815351        1.6108274603281077E-002  0.49398708783395301       0.33021962936726212     
   3.5250000525265932        4.6963652459824208E-002  0.57052140766008674       0.32483192951378409     
   3.5750000532716513        4.5659191616903044E-002  0.56482111111280076       0.26254035179719248     
   3.6250000540167093        4.4408334189132960E-002  0.52303149156089934       0.29235486674512540     
   3.6750000547617674        5.7610910662342522E-002  0.61131577425041228       0.37807160122162276     
   3.7250000555068254       0.12616810194494749       0.63551340238936505       0.36098095834248856     
   3.7750000562518835       0.17744723083971131       0.68855592137802513       0.26617084625956694     
   3.8250000569969416        7.9771603557377765E-002  0.72976244735823381       0.30246733015505733     
   3.8750000577419996       0.22022449213022266       0.69090036746736527       0.31414376083281764     
   3.9250000584870577       0.29040813368049834       0.82492745219387931       0.32197423516750900     
   3.9750000592321157       0.23390512832903251       0.74411923866078178       0.31084760475305639     
   4.0250000599771738       0.38421893075647823       0.89384265141264019       0.34219498520498842     
   4.0750000607222319       0.18742410379978661       0.93972363155170779       0.39241921733080326     
   4.1250000614672899       0.41154318340473406       0.94756547783929501       0.36867410180007421     
   4.1750000622123480       0.46870250540699665       0.86300778773351772       0.41011469223112212     
   4.2250000629574060       0.58843893342570164       0.85965358586882334       0.36232582474823294     
   4.2750000637024641       0.53218049171525494       0.66936479624629841       0.34857822207349204     
   4.3250000644475222       0.54074488253929964       0.51301437574241249       0.48095097725851177     
   4.3750000651925802       0.59959403671438216       0.44037980097666490       0.36839464120163307     
   4.4250000659376383       0.73513429537535990       0.33776440598327345       0.49919592354880854     
   4.4750000666826963       0.67994467601557484       0.25686798871699490       0.55366923618411090     
   4.5250000674277544       0.65550142452704929       0.25122276817622824       0.58662627484848262     
   4.5750000681728125       0.61337144086577156       0.25402251591410741       0.57852079081657992     
   4.6250000689178705       0.65474309571399780       0.25866393904750529       0.57744703580331758     
   4.6750000696629286       0.66751346115495547       0.29667264940220245       0.66083832654340591     
   4.7250000704079866       0.74058921348484252       0.28461859969221398       0.64474825644562761     
   4.7750000711530447       0.63984779597642649       0.29764771546162649       0.81473952687664974     
   4.8250000718981028       0.62665553014679276       0.28594059745957362       0.84807381746532617     
   4.8750000726431608       0.75301029732478353       0.31466372327823078       0.72640939008233185     
   4.9250000733882189       0.64958345378664351       0.29939648898808263       0.78190600918762654     
   4.9750000741332769       0.76233883390411927       0.26371858858997027       0.75055008904993181     
   5.0250000748783350       0.78576122049328456       0.34237961677267303       0.73953997222897372     
   5.0750000756233931       0.64196219686389600       0.34909316849069383       0.76280213980298239     
   5.1250000763684511       0.75539676836723491       0.35712657676620913       0.71466458968076640     
   5.1750000771135092       0.67549944539570350       0.35348716497409577       0.74268621819043745     
   5.2250000778585672       0.54863177437389421       0.33250410568114802       0.62878901413631383     
   5.2750000786036253       0.62915907444680474       0.42254634135686636       0.58546747205466554     
   5.3250000793486834       0.64483941234777742       0.38111076379892278       0.54536950299625853     
   5.3750000800937414       0.68002900963081458       0.38901549505833177       0.53863683931153628     
   5.4250000808387995       0.52875387439736388       0.41565929570681653       0.47918319867261100     
   5.4750000815838575       0.67488256530870172       0.41531234788227794       0.45749250821407178     
   5.5250000823289156       0.56076548934784587       0.41915804254283423       0.43013261967022265     
   5.5750000830739737       0.56326918129750736       0.44644298073209843       0.40367624659654694     
   5.6250000838190317       0.57174341375020754       0.47406204198643254       0.41036422438522968     
   5.6750000845640898       0.47715412774123611       0.49527390474406785       0.41675487106513021     
   5.7250000853091478       0.46292111991913532       0.51171907273112394       0.38280015685620800     
   5.7750000860542059       0.42577710529868334       0.52881905315635558       0.42431896452711249     
   5.8250000867992640       0.43569763373989234       0.53251933012653507       0.41563261113344996     
   5.8750000875443220       0.39449891376735813       0.53977470423406781       0.41563278414775234     
   5.9250000882893801       0.23826228577573361       0.55779232794008959       0.35462293696853375     
   5.9750000890344381       0.26153451948495660       0.57634458923536747       0.36233428220311703     
   6.0250000897794962       0.30008035645334691       0.52752221392393905       0.43136551240168614     
   6.0750000905245543       0.34786845982400316       0.56689674934281997       0.35182151050382138     
   6.1250000912696123       0.31110198886178492       0.53348229941854242       0.42646897639803016     
   6.1750000920146704       0.37240259481956584       0.54981813847028749       0.38898216239714928     
   6.2250000927597284       0.40660255885610747       0.56333139155647260       0.43923115925814077     
   6.2750000935047865       0.38532836485025540       0.50608654186885393       0.38779841847109031     
   6.3250000942498446       0.33549952094598789       0.55754509761072391       0.44733269459465058     
   6.3750000949949026       0.32068476875683050       0.47969761429297025       0.44512960439380944     
   6.4250000957399607       0.38168289539874889       0.48692056614655205       0.46650131659847088     
   6.4750000964850187       0.39436953386878626       0.50108129009210489       0.45816460552403104     
   6.5250000972300768       0.39748636027920264       0.51881361456621344       0.47401390665479626     
   6.5750000979751348       0.44545898414207574       0.46495718883516318       0.46908180905870089     
   6.6250000987201929       0.50080741654871930       0.47175369228483099       0.51631915068960887     
   6.6750000994652510       0.51516170457637889       0.46374255138890608       0.49005848592117401     
   6.7250001002103090       0.46451881826065572       0.40908241608140050       0.47097046851427593     
   6.7750001009553671       0.50006628163223532       0.42284324002424423       0.52337445577611075     
   6.8250001017004251       0.43430239112509117       0.40089451488469957       0.54705397343641293     
   6.8750001024454832       0.44447012087349808       0.37587905283746442       0.54838558894808898     
   6.9250001031905413       0.50297497527659152       0.36956942627849915       0.57395934678740079     
   6.9750001039355993       0.65572191626193632       0.34474268768242716       0.53577278523841121     
   7.0250001046806574       0.52029011601376884       0.34423234948385717       0.55477904415862089     
   7.0750001054257154       0.63343060559061914       0.34111123273114463       0.59748439024268529     
   7.1250001061707735       0.63223503669732106       0.35081593955460777       0.57475912427029185     
   7.1750001069158316       0.59700456722779471       0.38456834288372715       0.59417068478842239     
   7.2250001076608896       0.68565638062627643       0.36435846313473624       0.62789728334525863     
   7.2750001084059477       0.56967889228327129       0.36753476921501371       0.57335423997542145     
   7.3250001091510057       0.57280431064704440       0.36736816547827317       0.57914866218902117     
   7.3750001098960638       0.60798007073717597       0.37829871068090942       0.57042836048576195     
   7.4250001106411219       0.64215957985184946       0.34028969188730485       0.60070147510866700     
   7.4750001113861799       0.66841063365229536       0.38526446245236473       0.57441538829494132     
   7.5250001121312380       0.58741852576446407       0.38550533529701675       0.55392536420771832     
   7.5750001128762960       0.52883949540466157       0.39549962263169136       0.56697695901557466     
   7.6250001136213541       0.61226012027597698       0.43122145690354174       0.49767045295656598     
   7.6750001143664122       0.51514848748821052       0.45864359641044378       0.49533508412327926     
   7.7250001151114702       0.54761700328709828       0.45779622497016681       0.52316981564035281     
   7.7750001158565283       0.50520017841434572       0.46408339106993673       0.49635113070326636     
   7.8250001166015863       0.49876459493930203       0.47370282123746876       0.49161669469335662     
   7.8750001173466444       0.46735814891554284       0.45864528260466397       0.45010667362000267     
   7.9250001180917025       0.44599361853019431       0.46251190069797921       0.46302809701572256     
   7.9750001188367605       0.44041877134425750       0.47032374964541074       0.46412186494091023     
   8.0250001195818186       0.43796827234431718       0.50206937580620581       0.44702968487557887     
   8.0750001203268766       0.42957814418144086       0.51111844006773288       0.47134268597685874     
   8.1250001210719347       0.50386493447557701       0.48258408928979885       0.44861658639711455     
   8.1750001218169928       0.46861386549945711       0.51938845272058543       0.45551596242649095     
   8.2250001225620508       0.41117719713342976       0.52139952270532819       0.47012217993927108     
   8.2750001233071089       0.44031198510183167       0.50943623222534495       0.44102216572296365     
   8.3250001240521669       0.42661874428528485       0.48836619411604970       0.45608911806814995     
   8.3750001247972250       0.44372632636936882       0.52877387225683103       0.46729928745774152     
   8.4250001255422831       0.42203236930775095       0.49998351399951446       0.43573471896060001     
   8.4750001262873411       0.43602494658908825       0.51636908788604241       0.44076434818244797     
   8.5250001270323992       0.40415975162190215       0.51746723165718167       0.51791332409826540     
   8.5750001277774572       0.49469583463444355       0.46677182733184575       0.43980311501591574     
   8.6250001285225153       0.46282837589620396       0.49972680887725723       0.44844670319886426     
   8.6750001292675734       0.51178924602386300       0.46756054575019579       0.47430973053221637     
   8.7250001300126314       0.46250097226064779       0.49969411367632904       0.47399961521740419     
   8.7750001307576895       0.52797942144256793       0.45864879034404887       0.51092745448210219     
   8.8250001315027475       0.47955317843521827       0.45624156559461743       0.48954386965261870     
   8.8750001322478056       0.45934734131088062       0.47306739332136094       0.49145226301540451     
   8.9250001329928637       0.51526542872217795       0.44933098997573812       0.46520409559988102     
   8.9750001337379217       0.56025285987178119       0.44702167842259932       0.53791519196741056     
   9.0250001344829798       0.51346289238263743       0.43412159790077254       0.50211894476023033     
   9.0750001352280378       0.55742157221377608       0.40678127915788748       0.52789712453296167     
   9.1250001359730959       0.57936330231971656       0.41946733716337908       0.56651451940536801     
   9.1750001367181540       0.53378319174782241       0.39180045724250939       0.53493856662173545     
   9.2250001374632120       0.55315607721064364       0.41194635318441875       0.54287011709722255     
   9.2750001382082701       0.52911869208491646       0.40349697031736748       0.55568768623875320     
   9.3250001389533281       0.60175498056756260       0.40614111451771889       0.54974455938467859     
   9.3750001396983862       0.54444957086852253       0.39837773478184574       0.53836324436491090     
   9.4250001404434443       0.58248404678794918       0.41654665334209234       0.53047654261045374     
   9.4750001411885023       0.48968311483610910       0.37604966832546827       0.54114317668282408     
   9.5250001419335604       0.56388548753686663       0.39593480366973910       0.56388548753686663     
   9.5750001426786184       0.54952486328951322       0.42717248060085716       0.56013345138390536     
   9.6250001434236765       0.51443412086693097       0.41807979346645824       0.56587753295362420     
   9.6750001441687346       0.54030199232417730       0.42808542468761746       0.50757216009684736     
   9.7250001449137926       0.54093079551353762       0.39992771108943420       0.51059342200089619     
   9.7750001456588507       0.59241308829818640       0.43068137461616918       0.53693797951424982     
   9.8250001464039087       0.55617205217863330       0.41959195884974193       0.53047932150733779     
   9.8750001471489668       0.52661706151054577       0.42377601919535490       0.49769301835939822     
   9.9250001478940248       0.48183019428104790       0.44935712107813575       0.52231182945629995     
   9.9750001486390829       0.49851656900208091       0.43226491168372155       0.49509537686187055     
   10.025000149384141       0.44516837898121597       0.45721158150437929       0.47420109934955612     
   10.075000150129199       0.46950607750503925       0.44714864524289455       0.48387871253070375     
   10.125000150874257       0.48006020891784962       0.46298296828440838       0.50852227664025185     
   10.175000151619315       0.45468621876596721       0.46470685168642928       0.47770236000515359     
   10.225000152364373       0.48187944368785440       0.44735612018040194       0.47815836690262009     
   10.275000153109431       0.46430371402537385       0.47945295337188082       0.48687403345716296     
   10.325000153854489       0.45251902885617956       0.46589996788149668       0.48673165704591087     
   10.375000154599547       0.47527484855984747       0.47868831388537236       0.43416267059506974     
   10.425000155344605       0.45282844139080558       0.47689178851785319       0.45103860565408299     
   10.475000156089664       0.44142466307508860       0.47156208987137982       0.49194917270416505     
   10.525000156834722       0.43021662954958528       0.46358036816771636       0.47675026499066286     
   10.575000157579780       0.42441859188640657       0.47157621320711846       0.45616301525495950     
   10.625000158324838       0.53071110173584224       0.46638248334361887       0.49064930590675665     
   10.675000159069896       0.43357405901512824       0.47643833606561764       0.49502550045034316     
   10.725000159814954       0.46505406032659197       0.46298715339180713       0.48069678781030462     
   10.775000160560012       0.49090608832775334       0.47843331323561855       0.46409892992077711     
   10.825000161305070       0.50132169081545308       0.47549938150192717       0.46065155364664973     
   10.875000162050128       0.45889258682801054       0.46017185728113524       0.46588288608972761     
   10.925000162795186       0.45307206059450417       0.44763954188233984       0.50155729010057071     
   10.975000163540244       0.55230939656182121       0.45936064171483498       0.49255662558875862     
   11.025000164285302       0.51050368036068805       0.44417909910867254       0.50690294907287758     
   11.075000165030360       0.48211596276810625       0.46555203714668741       0.50788696406738831     
   11.125000165775418       0.54694619901897312       0.45578849918247755       0.50058150686075553     
   11.175000166520476       0.44860368281448282       0.45760344805613135       0.50506855608540302     
   11.225000167265534       0.48321127027886157       0.42609044919158395       0.49710552405684788     
   11.275000168010592       0.51412840587596909       0.42810030621550604       0.52904731051076292     
   11.325000168755651       0.54144858646834915       0.44185440202925980       0.52438613101241371     
   11.375000169500709       0.54421586172362113       0.42561756159355013       0.49498086318370776     
   11.425000170245767       0.52605085368386972       0.43448455777981576       0.49140302833500304     
   11.475000170990825       0.51556744492076678       0.41527718422462279       0.52664697453940801     
   11.525000171735883       0.50524576362699325       0.40452205100699040       0.52867745121549137     
   11.575000172480941       0.51976434816460104       0.42265133215122741       0.52375695139770895     
   11.625000173225999       0.50810591153969098       0.40686856750298206       0.55956422977635945     
   11.675000173971057       0.52516951877592710       0.45127791377907250       0.51767729058686829     
   11.725000174716115       0.54192420356767990       0.40781879432972490       0.51610144452039497     
   11.775000175461173       0.53592869846609781       0.43460419177529980       0.55171193893139514     
   11.825000176206231       0.51193050339172808       0.42908184704572372       0.52479832175143859     
   11.875000176951289       0.54349365536259164       0.42363690451838787       0.53383767671401772     
   11.925000177696347       0.53210620655752083       0.43073093098657927       0.52150511889474249     
