           2   24.000000000000000        13.246440880383718     
           3   16.000000000000000        20.141013351628015     
           4   8.0000000000000000        19.599075250251349     
           5   7.0000000000000000        19.901569411685585     
           6   1.0000000000000000        3.5340216964784497     
           7   3.0000000000000000        10.294102760626094     
          12   1.0000000000000000        3.7414071184738251     
          14   2.0000000000000000        9.3269301809222966     
          15   3.0000000000000000        16.090323740857297     
          16   4.0000000000000000        21.513743614829949     
          17   1.0000000000000000        5.5711264373732767     
          18   1.0000000000000000        5.3524578246339249     
          19   1.0000000000000000        5.5224978380778404     
          20   1.0000000000000000        5.6007726374227982     
          26   1.0000000000000000        7.4050108454315557     
          27   3.0000000000000000        21.733377393298095     
          30   1.0000000000000000        7.4476362188485838     
          41   1.0000000000000000        0.0000000000000000     
          42   1.0000000000000000        0.0000000000000000     
          43   1.0000000000000000        0.0000000000000000     
          45   1.0000000000000000        0.0000000000000000     
          49   1.0000000000000000        0.0000000000000000     
