   2.5000000372529030E-002   0.0000000000000000        0.0000000000000000        0.0000000000000000     
   7.5000001117587090E-002   0.0000000000000000        0.0000000000000000        0.0000000000000000     
  0.12500000186264515        0.0000000000000000        0.0000000000000000        0.0000000000000000     
  0.17500000260770321        0.0000000000000000        0.0000000000000000        0.0000000000000000     
  0.22500000335276127        0.0000000000000000        0.0000000000000000        0.0000000000000000     
  0.27500000409781933        0.0000000000000000        0.0000000000000000        0.0000000000000000     
  0.32500000484287739        0.0000000000000000        0.0000000000000000        0.0000000000000000     
  0.37500000558793545        0.0000000000000000        0.0000000000000000        0.0000000000000000     
  0.42500000633299351        0.0000000000000000        0.0000000000000000        0.0000000000000000     
  0.47500000707805157        0.0000000000000000        0.0000000000000000        0.0000000000000000     
  0.52500000782310963        0.0000000000000000        0.0000000000000000        0.0000000000000000     
  0.57500000856816769        0.0000000000000000        0.0000000000000000        0.0000000000000000     
  0.62500000931322575        0.0000000000000000        0.0000000000000000        0.0000000000000000     
  0.67500001005828381        0.0000000000000000        0.0000000000000000        0.0000000000000000     
  0.72500001080334187        0.0000000000000000        0.0000000000000000        0.0000000000000000     
  0.77500001154839993        0.0000000000000000        0.0000000000000000        0.0000000000000000     
  0.82500001229345798        0.0000000000000000        0.0000000000000000        0.0000000000000000     
  0.87500001303851604        0.0000000000000000        0.0000000000000000        0.0000000000000000     
  0.92500001378357410        0.0000000000000000        0.0000000000000000        0.0000000000000000     
  0.97500001452863216        0.0000000000000000        0.0000000000000000        0.0000000000000000     
   1.0250000152736902        0.0000000000000000        0.0000000000000000        0.0000000000000000     
   1.0750000160187483        0.0000000000000000        0.0000000000000000        0.0000000000000000     
   1.1250000167638063        0.0000000000000000        0.0000000000000000        0.0000000000000000     
   1.1750000175088644        0.0000000000000000        0.0000000000000000        0.0000000000000000     
   1.2250000182539225        0.0000000000000000        0.0000000000000000        0.0000000000000000     
   1.2750000189989805        0.0000000000000000        0.0000000000000000        0.0000000000000000     
   1.3250000197440386        0.0000000000000000        0.0000000000000000        0.0000000000000000     
   1.3750000204890966        0.0000000000000000        0.0000000000000000        0.0000000000000000     
   1.4250000212341547        0.0000000000000000        0.0000000000000000        0.0000000000000000     
   1.4750000219792128        0.0000000000000000        8.7167306247729448E-002   0.0000000000000000     
   1.5250000227242708        0.0000000000000000        2.2506592226850151        0.0000000000000000     
   1.5750000234693289        0.0000000000000000        9.7856940162717923        0.0000000000000000     
   1.6250000242143869        0.0000000000000000        6.3487835773346184        0.0000000000000000     
   1.6750000249594450        0.0000000000000000        1.2978323917333447        0.0000000000000000     
   1.7250000257045031        0.0000000000000000       0.31866961161134338        0.0000000000000000     
   1.7750000264495611        0.0000000000000000       0.13242698771441624        0.0000000000000000     
   1.8250000271946192        0.0000000000000000       0.11388233005395099        0.0000000000000000     
   1.8750000279396772        0.0000000000000000        4.3155977551613461E-002   0.0000000000000000     
   1.9250000286847353        0.0000000000000000        3.0707511123834678E-002   0.0000000000000000     
   1.9750000294297934        0.0000000000000000        9.7241545230857315E-003   0.0000000000000000     
   2.0250000301748514        0.0000000000000000        9.2499019147661704E-003   0.0000000000000000     
   2.0750000309199095        0.0000000000000000        1.7619031284135573E-002   0.0000000000000000     
   2.1250000316649675        0.0000000000000000        1.6799692682252898E-002   9.4498271337672551E-003
   2.1750000324100256        0.0000000000000000        0.0000000000000000        6.3142556396898766E-002
   2.2250000331550837        0.0000000000000000        7.6618022761427880E-003   8.6195275606606378E-002
   2.2750000339001417        0.0000000000000000        0.0000000000000000        9.8937909974982516E-002
   2.3250000346451998        0.0000000000000000        1.4033842245279609E-002  0.10262247141860713     
   2.3750000353902578        6.0521333417503077E-002   0.0000000000000000       0.36312800050501842     
   2.4250000361353159        2.9025712477191323E-002   6.4501583282647384E-003  0.84174566183854826     
   2.4750000368803740        8.3594525759028385E-002   1.2384374186522726E-002   1.4838028322227543     
   2.5250000376254320       0.18740572090717245        3.5696327791842369E-002   2.1484727289715129     
   2.5750000383704901       0.15445604093367307        1.7161782325963677E-002   2.2717909353994417     
   2.6250000391155481       0.14862821595225942        1.1009497477945142E-002   2.2975445049286769     
   2.6750000398606062       0.19083214435918400        2.6504464494331113E-002   1.7294163082551048     
   2.7250000406056643       0.52869402063577686        7.6622321831272017E-002   1.1033614343703169     
   2.7750000413507223        1.0196282692101293        6.4034625602568507E-002  0.70930662205922046     
   2.8250000420957804        1.2619017149567517       0.10456436056138808       0.49727482835160131     
   2.8750000428408384        1.4248994105914108       0.11472620053070942       0.49561718629266466     
   2.9250000435858965        1.6758638402580406       0.15960608002457533       0.41397827006374222     
   2.9750000443309546        1.1185762424620369       0.21428663648698026       0.45803768549092028     
   3.0250000450760126        1.9399674990401683       0.24456855222942295       0.41970450700388251     
   3.0750000458210707        1.2816820445544477       0.31691042729202301       0.44678352961581097     
   3.1250000465661287        1.2759548652156631       0.31073482257915697       0.37142521761414854     
   3.1750000473111868       0.91436392984898041       0.39133271071725911       0.41485030150555596     
   3.2250000480562449       0.41029255057996017       0.36470448940440903       0.38977792305096221     
   3.2750000488013029       0.14322974722739892       0.51279786044377396       0.33818134762024743     
   3.3250000495463610        3.0878789922595750E-002  0.45631989552280389       0.33580684040822878     
   3.3750000502914190       0.11988262664513259       0.49951094435471916       0.35964787993539776     
   3.4250000510364771        5.8204007374167699E-002  0.55293807005459317       0.34194854332323521     
   3.4750000517815351       0.11308230098766898       0.53714092969142768       0.31804397152781905     
   3.5250000525265932        8.2422823265323186E-002  0.69906764917625974       0.31938844015312740     
   3.5750000532716513       0.12020017451678033       0.60545273089933804       0.29716154255537364     
   3.6250000540167093       0.11690722788787170       0.65237119759651874       0.27278353173836728     
   3.6750000547617674       0.15166369071502861       0.59261182853464889       0.27805009964421912     
   3.7250000555068254       0.19682609135935569       0.64515218834455468       0.35674729058883214     
   3.7750000562518835       0.32340390794056240       0.63616077364439849       0.30543702416608676     
   3.8250000569969416       0.35000476098115796       0.77001047415854740       0.30042075317549383     
   3.8750000577419996       0.37513385578560310       0.77805540459236200       0.32966308538734818     
   3.9250000584870577       0.37671722834166388       0.70665257865397080       0.30469775821752221     
   3.9750000592321157       0.46452621048025916       0.74660284991917625       0.30788365113226474     
   4.0250000599771738       0.46359322719344337       0.75392433917317569       0.30555008155931496     
   4.0750000607222319       0.46256588461982617       0.80178086667436532       0.34178479252464938     
   4.1250000614672899       0.58183056325918325       0.81590033008759044       0.35110465024261062     
   4.1750000622123480       0.53859993843929133       0.78559425364276436       0.35008995998553932     
   4.2250000629574060       0.46855367137974230       0.67573726756806363       0.43747613195149410     
   4.2750000637024641       0.69115633206027172       0.49190405615100413       0.38994293058805868     
   4.3250000644475222       0.62964214610666269       0.47045725570610547       0.41291749436705055     
   4.3750000651925802       0.58857912381042243       0.41418530934807507       0.48825313679728222     
   4.4250000659376383       0.68868033294342224       0.38356879303177949       0.54266266741427893     
   4.4750000666826963       0.60518689024840033       0.31443199931528781       0.57535373368685949     
   4.5250000674277544       0.62523234591044174       0.27973358291104206       0.57938197387700940     
   4.5750000681728125       0.75843469062758473       0.27184039090594436       0.57698122969786692     
   4.6250000689178705       0.65434668830208742       0.28904745309821200       0.74012994317095870     
   4.6750000696629286       0.71852555273350538       0.29504672455240560       0.71462052255560604     
   4.7250000704079866       0.67281668693723351       0.34320447161949785       0.69957644153132803     
   4.7750000711530447       0.56147743033388620       0.31276372415635734       0.71869111082737425     
   4.8250000718981028       0.65254917538343260       0.26395247543599520       0.79002442300634668     
   4.8750000726431608       0.71823855307528139       0.26175805045410250       0.70207818563108748     
   4.9250000733882189       0.63335626363550013       0.31589621050461980       0.77938006886257383     
   4.9750000741332769       0.63448266629209926       0.29118769709057701       0.72758610101974430     
   5.0250000748783350       0.64895902720530119       0.28091513446155397       0.73514889800600525     
   5.0750000756233931       0.59647008009960589       0.28866206345561174       0.67599942411288660     
   5.1250000763684511       0.56539222078060436       0.34226808767561490       0.69699213423815887     
   5.1750000771135092       0.64375267598424124       0.35551577925642364       0.65490680650872057     
   5.2250000778585672       0.53770528841708887       0.39459509537584814       0.65650064283481779     
   5.2750000786036253       0.68705515649643545       0.34761719227498222       0.56896755147361067     
   5.3250000793486834       0.50566003608691146       0.42004563844256665       0.54629343184389545     
   5.3750000800937414       0.53765425073091255       0.45690764164678282       0.46675478909606688     
   5.4250000808387995       0.53938907960735993       0.40341405476010428       0.45964069418154058     
   5.4750000815838575       0.46694351399811707       0.46314722526642510       0.43562413196165800     
   5.5250000823289156       0.53681601603417362       0.47468453269688510       0.40960180390107526     
   5.5750000830739737       0.47231045268606947       0.55774128392127575       0.44485054264618173     
   5.6250000838190317       0.40460860099990653       0.51070596748432651       0.40730599167323922     
   5.6750000845640898       0.43461135772572773       0.52059138242485548       0.36968466099231112     
   5.7250000853091478       0.43746902056722126       0.53121238211734001       0.40101326885328614     
   5.7750000860542059       0.42480846543009099       0.48452049872347724       0.36083128690146277     
   5.8250000867992640       0.44773107823972935       0.56455479278667497       0.37227078415438170     
   5.8750000875443220       0.38574295203215953       0.50553207388830024       0.36843397341533185     
   5.9250000882893801       0.34522387446434194       0.50459952855977364       0.35494849064643608     
   5.9750000890344381       0.29643883389732806       0.58331512476571001       0.43868166145290072     
   6.0250000897794962       0.31975259522749050       0.53710076453245137       0.44318650147339667     
   6.0750000905245543       0.27750958920433366       0.56529731134216121       0.39892003448122959     
   6.1250000912696123       0.38674622938938491       0.52375044921229130       0.39812111848907278     
   6.1750000920146704       0.34021938554357040       0.51032907831535557       0.43086994550748214     
   6.2250000927597284       0.30834630882363262       0.49237521694694347       0.44710214779426732     
   6.2750000935047865       0.44650798192648894       0.52116681385594510       0.42374907993509031     
   6.3250000942498446       0.40960917123227214       0.51864864968530766       0.41067586178235616     
   6.3750000949949026       0.42000954079751474       0.47787752197406114       0.43785994628140906     
   6.4250000957399607       0.40936291745972386       0.46036099135201269       0.47035385718225847     
   6.4750000964850187       0.38677969093033893       0.45780239441111464       0.42240413614760702     
   6.5250000972300768       0.40493002188458754       0.45972253309669348       0.48711878870274644     
   6.5750000979751348       0.42643408290314017       0.43608588313345814       0.47381564767015577     
   6.6250000987201929       0.53669434595895793       0.43644226201171304       0.52794389466614888     
   6.6750000994652510       0.58998084340877566       0.43418503627485650       0.48271159915263462     
   6.7250001002103090       0.54349765482526435       0.42355912914623223       0.52934407006418971     
   6.7750001009553671       0.58384940566423105       0.42146241597842582       0.54852093844251004     
   6.8250001017004251       0.59731319804463356       0.36807848059464809       0.55608759388511120     
   6.8750001024454832       0.54170856225834418       0.38280738399589659       0.58414239963524794     
   6.9250001031905413       0.52679547216757872       0.36543469690904112       0.59709419227102245     
   6.9750001039355993       0.65961318159828453       0.38672356746187847       0.55347861381451802     
   7.0250001046806574       0.60529253586598408       0.35356770348997174       0.62691012643262645     
   7.0750001054257154       0.67519972171749221       0.38041555589470383       0.61211287903176692     
   7.1250001061707735       0.62877005042659573       0.39526958606734292       0.62624824541151558     
   7.1750001069158316       0.66645717731938681       0.39641123427068009       0.58688020092304216     
   7.2250001076608896       0.62129509523781745       0.37495703993299861       0.59840527593958215     
   7.2750001084059477       0.59665843390963624       0.38917180734286183       0.60633397608114370     
   7.3250001091510057       0.59808466235248547       0.37327269707105476       0.58376880607277171     
   7.3750001098960638       0.56175775756217150       0.38217659980641833       0.54371246646729721     
   7.4250001106411219       0.56969843467937409       0.39768803773511868       0.53951061001565725     
   7.4750001113861799       0.50711427405937959       0.41546711609684117       0.53919077934626813     
   7.5250001121312380       0.59685982081801325       0.40661493965940970       0.56520816365342175     
   7.5750001128762960       0.45216661847936895       0.43167368694009933       0.49306984876944349     
   7.6250001136213541       0.44038423859781228       0.46321897689547664       0.51157969050445862     
   7.6750001143664122       0.50421145067081796       0.47523378109203529       0.51580251850233094     
   7.7250001151114702       0.51200747201303332       0.44049804854752583       0.49413011614665647     
   7.7750001158565283       0.50261965819845389       0.46246028475937645       0.52520930575793490     
   7.8250001166015863       0.45997638358947790       0.49745594077084282       0.47739973145271569     
   7.8750001173466444       0.46791621765626557       0.47158614877513833       0.44520851885824098     
   7.9250001180917025       0.49464447884591678       0.47833751800484259       0.43145500558675431     
   7.9750001188367605       0.48846150387416476       0.51768569641364470       0.46631970493481378     
   8.0250001195818186       0.45853910224526373       0.47238068079730444       0.46052698852667379     
   8.0750001203268766       0.42146468139606541       0.49272682559346781       0.40968461266139272     
   8.1250001210719347       0.41887907418863018       0.51426168916162418       0.44538222548760215     
   8.1750001218169928       0.43675812629791094       0.51309856552737043       0.43164984411898799     
   8.2250001225620508       0.44155688235571605       0.49622582969499518       0.43398733580104665     
   8.2750001233071089       0.43872976742976005       0.52459228504543287       0.45057048558482460     
   8.3250001240521669       0.45071608799321494       0.47945026482338343       0.45810487632097258     
   8.3750001247972250       0.47455379445579865       0.49537467318690770       0.45204290933417740     
   8.4250001255422831       0.49298593346872105       0.51302601206501042       0.45691379199539994     
   8.4750001262873411       0.47530357682714464       0.47002242597350974       0.49490984937126437     
   8.5250001270323992       0.45565219837633042       0.47131034952328338       0.45976246305240559     
   8.5750001277774572       0.46660386281559202       0.48491722614334615       0.47066633425801641     
   8.6250001285225153       0.44285305559205723       0.45432593267993443       0.48243448154523344     
   8.6750001292675734       0.49673608021955201       0.45464834536584064       0.46724946358551467     
   8.7250001300126314       0.44621357333095679       0.45443526396184541       0.47928719245975887     
   8.7750001307576895       0.54533257676950209       0.45222701488202616       0.51097219083483836     
   8.8250001315027475       0.52163668641692362       0.42763493060136215       0.50081505397591186     
   8.8750001322478056       0.52877840984537972       0.45798567191526057       0.51360853743178270     
   8.9250001329928637       0.56572855701304847       0.43715388496462843       0.52233460519670671     
   8.9750001337379217       0.49798881082972402       0.42711664437121477       0.51441184608049151     
   9.0250001344829798       0.57212229929886205       0.41354871939551446       0.54330661572611716     
   9.0750001352280378       0.59277984299979269       0.42005844352432870       0.53785443796659516     
   9.1250001359730959       0.53095130370047883       0.40225654325827781       0.54273883264363620     
   9.1750001367181540       0.48259797660261422       0.43122900430317629       0.50388906380567078     
   9.2250001374632120       0.54557800259319200       0.41096643659389137       0.54958960555343606     
   9.2750001382082701       0.53971162928595495       0.39949243148127056       0.52086140693957050     
   9.3250001389533281       0.55945852867057744       0.42357444938723643       0.57516262772097959     
   9.3750001396983862       0.53408560393739823       0.39576282732169232       0.55107923678995174     
   9.4250001404434443       0.49576713098396002       0.40822857641745536       0.56542433446523344     
   9.4750001411885023       0.58941883408653861       0.40435399585721676       0.52144553305881669     
   9.5250001419335604       0.53809236200769650       0.41099051426073480       0.57054723349242653     
   9.5750001426786184       0.50455962941970367       0.40008951344719434       0.52783267505714393     
   9.6250001434236765       0.51407148012017223       0.40208537911430431       0.52328423065996021     
   9.6750001441687346       0.47777138776343264       0.42184903703285276       0.53703692250507973     
   9.7250001449137926       0.59199144044995011       0.42674721723492332       0.52656555716851505     
   9.7750001456588507       0.47876464875600511       0.45415154077684067       0.51047387455980775     
   9.8250001464039087       0.51987991028559488       0.43618042359562392       0.52695310634390236     
   9.8750001471489668       0.48312076683807509       0.43683141800254305       0.51987995561923317     
   9.9250001478940248       0.48346385893796090       0.46016671559606792       0.49472735385945460     
   9.9750001486390829       0.46147409019994939       0.45099037480920290       0.47905814010533776     
   10.025000149384141       0.53501092594368860       0.46348741944186911       0.48278366888728086     
   10.075000150129199       0.48935468248046804       0.43871889822991184       0.46455062211419007     
   10.125000150874257       0.38296461667591136       0.46251765299023107       0.48703108859871341     
   10.175000151619315       0.50781177514809694       0.47923362329993557       0.46329580784615332     
   10.225000152364373       0.52734736932869297       0.43283482050851779       0.48897999106484064     
   10.275000153109431       0.48180744472423787       0.48971181741919179       0.48019064121845190     
   10.325000153854489       0.47234878970588096       0.49494325158635066       0.45513607957253110     
   10.375000154599547       0.46780700958205518       0.45353493132361961       0.49040446682457817     
   10.425000155344605       0.43820063621674393       0.49875643899141942       0.46764960370442832     
   10.475000156089664       0.44180559605559822       0.49262361062537358       0.47369649295397764     
   10.525000156834722       0.46843605853614262       0.48144817127325762       0.48500082047450943     
   10.575000157579780       0.43654219948389755       0.47046156230315922       0.47317511132870016     
   10.625000158324838       0.45814791018104600       0.48586863081906312       0.47024422464127169     
   10.675000159069896       0.51228460521566876       0.45935851539806555       0.48457330347154631     
   10.725000159814954       0.52235894428745200       0.43925638496899377       0.46077401193538031     
   10.775000160560012       0.49987951567619637       0.47014811964578207       0.47672333222943142     
   10.825000161305070       0.53314613297299551       0.43150200076077899       0.48908145941443504     
   10.875000162050128       0.45464562658794411       0.48174795847272806       0.50407931773282366     
   10.925000162795186       0.51341973656924289       0.44524979940173898       0.49876081651399290     
   10.975000163540244       0.48040956926112233       0.45757791159384520       0.50379233590657524     
   11.025000164285302       0.50976550566229739       0.42566277913888806       0.49607345695649180     
   11.075000165030360       0.49125644175025041       0.43481684425612344       0.49125644175025041     
   11.125000165775418       0.48960894429531804       0.45390350328724005       0.49512566479442016     
   11.175000166520476       0.54401270727902162       0.44195337191009293       0.51359993658314673     
   11.225000167265534       0.49718086674833634       0.43320815455698219       0.49447143423199674     
   11.275000168010592       0.57065927135452343       0.44399529190877429       0.53071312235970680     
   11.325000168755651       0.49775569274870940       0.41080371790134118       0.51738643196807688     
   11.375000169500709       0.49998555840916908       0.44003419711062020       0.51581623572027735     
   11.425000170245767       0.52308063344303268       0.43241332364624041       0.51458057314958339     
