           1   0.0000000000000000        0.0000000000000000     
           2   0.0000000000000000        0.0000000000000000     
           3   0.0000000000000000        0.0000000000000000     
           4   0.0000000000000000        0.0000000000000000     
           5   0.0000000000000000        0.0000000000000000     
           6   0.0000000000000000        0.0000000000000000     
           7   0.0000000000000000        0.0000000000000000     
           8   0.0000000000000000        0.0000000000000000     
           9   0.0000000000000000        0.0000000000000000     
          10   0.0000000000000000        0.0000000000000000     
          11   0.0000000000000000        0.0000000000000000     
          12   0.0000000000000000        0.0000000000000000     
          13   0.0000000000000000        0.0000000000000000     
          14   0.0000000000000000        0.0000000000000000     
          15   0.0000000000000000        0.0000000000000000     
          16   0.0000000000000000        0.0000000000000000     
          17   0.0000000000000000        0.0000000000000000     
          18   0.0000000000000000        0.0000000000000000     
          19   0.0000000000000000        0.0000000000000000     
          20   0.0000000000000000        0.0000000000000000     
          21   0.0000000000000000        0.0000000000000000     
          22   0.0000000000000000        0.0000000000000000     
          23   0.0000000000000000        0.0000000000000000     
          24   0.0000000000000000        0.0000000000000000     
          25   0.0000000000000000        0.0000000000000000     
          26   0.0000000000000000        0.0000000000000000     
          27   0.0000000000000000        0.0000000000000000     
          28   0.0000000000000000        0.0000000000000000     
          29   0.0000000000000000        0.0000000000000000     
          30   0.0000000000000000        0.0000000000000000     
          31   0.0000000000000000        0.0000000000000000     
          32   0.0000000000000000        0.0000000000000000     
          33   0.0000000000000000        0.0000000000000000     
          34   0.0000000000000000        0.0000000000000000     
          35   0.0000000000000000        0.0000000000000000     
          36   0.0000000000000000        0.0000000000000000     
          37   0.0000000000000000        0.0000000000000000     
          38   0.0000000000000000        0.0000000000000000     
          39   0.0000000000000000        0.0000000000000000     
          40   0.0000000000000000        0.0000000000000000     
          41   0.0000000000000000        0.0000000000000000     
          42   0.0000000000000000        0.0000000000000000     
          43   0.0000000000000000        0.0000000000000000     
          44   0.0000000000000000        0.0000000000000000     
          45   0.0000000000000000        0.0000000000000000     
          46   0.0000000000000000        0.0000000000000000     
          47   0.0000000000000000        0.0000000000000000     
          48   0.0000000000000000        0.0000000000000000     
          49   0.0000000000000000        0.0000000000000000     
          50   0.0000000000000000        0.0000000000000000     
          51   0.0000000000000000        0.0000000000000000     
          52   0.0000000000000000        0.0000000000000000     
          53   0.0000000000000000        0.0000000000000000     
          54   0.0000000000000000        0.0000000000000000     
          55   0.0000000000000000        0.0000000000000000     
          56   0.0000000000000000        0.0000000000000000     
          57   0.0000000000000000        0.0000000000000000     
          58   0.0000000000000000        0.0000000000000000     
          59   0.0000000000000000        0.0000000000000000     
          60   0.0000000000000000        0.0000000000000000     
          61   0.0000000000000000        0.0000000000000000     
          62   0.0000000000000000        0.0000000000000000     
          63   0.0000000000000000        0.0000000000000000     
          64   0.0000000000000000        0.0000000000000000     
          65   0.0000000000000000        0.0000000000000000     
          66   0.0000000000000000        0.0000000000000000     
          67   0.0000000000000000        0.0000000000000000     
          68   0.0000000000000000        0.0000000000000000     
          69   0.0000000000000000        0.0000000000000000     
          70   0.0000000000000000        7.4404761904761901E-004
          71   0.0000000000000000        0.0000000000000000     
          72   0.0000000000000000        7.4404761904761901E-004
          73   0.0000000000000000        0.0000000000000000     
          74   0.0000000000000000        7.4404761904761901E-004
          75   0.0000000000000000        2.9761904761904760E-003
          76   0.0000000000000000        2.2321428571428570E-003
          77   0.0000000000000000        2.2321428571428570E-003
          78   0.0000000000000000        7.4404761904761901E-004
          79   2.9761904761904760E-003   3.7202380952380950E-003
          80   0.0000000000000000        2.9761904761904760E-003
          81   0.0000000000000000        4.4642857142857140E-003
          82   2.9761904761904760E-003   1.4880952380952380E-003
          83   0.0000000000000000        2.9761904761904760E-003
          84   0.0000000000000000        2.9761904761904760E-003
          85   0.0000000000000000        1.4880952380952380E-003
          86   1.4880952380952380E-003   4.4642857142857140E-003
          87   2.9761904761904760E-003   4.4642857142857140E-003
          88   1.4880952380952380E-003   5.9523809523809521E-003
          89   8.9285714285714281E-003   2.2321428571428570E-003
          90   2.9761904761904760E-003   2.9761904761904760E-003
          91   4.4642857142857140E-003   1.0416666666666666E-002
          92   1.1904761904761904E-002   5.9523809523809521E-003
          93   0.0000000000000000        8.9285714285714281E-003
          94   5.9523809523809521E-003   5.9523809523809521E-003
          95   7.4404761904761901E-003   1.0416666666666666E-002
          96   7.4404761904761901E-003   1.1160714285714286E-002
          97   7.4404761904761901E-003   9.6726190476190479E-003
          98   5.9523809523809521E-003   1.5625000000000000E-002
          99   1.4880952380952380E-003   1.4880952380952380E-002
         100   5.9523809523809521E-003   2.7529761904761904E-002
         101   1.4880952380952380E-003   2.4553571428571428E-002
         102   1.1904761904761904E-002   2.9761904761904760E-002
         103   2.9761904761904760E-003   4.0922619047619048E-002
         104   0.0000000000000000        4.9107142857142856E-002
         105   4.4642857142857140E-003   4.4642857142857144E-002
         106   1.4880952380952380E-002   4.2410714285714288E-002
         107   1.4880952380952380E-003   6.3244047619047616E-002
         108   0.0000000000000000        5.1339285714285712E-002
         109   0.0000000000000000        6.5476190476190479E-002
         110   2.9761904761904760E-003   6.2500000000000000E-002
         111   2.9761904761904760E-003   3.5714285714285712E-002
         112   5.9523809523809521E-003   4.5386904761904760E-002
         113   1.4880952380952380E-002   3.6458333333333336E-002
         114   1.7857142857142856E-002   3.7946428571428568E-002
         115   2.0833333333333332E-002   3.1250000000000000E-002
         116   2.3809523809523808E-002   2.9017857142857144E-002
         117   2.9761904761904760E-002   3.0505952380952380E-002
         118   8.9285714285714281E-003   2.0089285714285716E-002
         119   4.4642857142857144E-002   1.4880952380952380E-002
         120   3.1250000000000000E-002   9.6726190476190479E-003
         121   1.3392857142857142E-002   1.1904761904761904E-002
         122   8.9285714285714281E-003   8.1845238095238099E-003
         123   3.5714285714285712E-002   8.1845238095238099E-003
         124   4.7619047619047616E-002   8.9285714285714281E-003
         125   3.8690476190476192E-002   8.9285714285714281E-003
         126   4.1666666666666664E-002   5.2083333333333330E-003
         127   7.1428571428571425E-002   6.6964285714285711E-003
         128   5.6547619047619048E-002   1.4880952380952380E-003
         129   5.0595238095238096E-002   1.4880952380952380E-003
         130   6.2500000000000000E-002   1.4880952380952380E-003
         131   7.2916666666666671E-002   3.7202380952380950E-003
         132   4.6130952380952384E-002   7.4404761904761901E-004
         133   6.2500000000000000E-002   2.9761904761904760E-003
         134   5.9523809523809521E-002   1.4880952380952380E-003
         135   4.4642857142857144E-002   7.4404761904761901E-004
         136   4.1666666666666664E-002   1.4880952380952380E-003
         137   2.2321428571428572E-002   2.2321428571428570E-003
         138   6.2500000000000000E-002   1.4880952380952380E-003
         139   5.8035714285714288E-002   7.4404761904761901E-004
         140   4.6130952380952384E-002   0.0000000000000000     
         141   5.0595238095238096E-002   7.4404761904761901E-004
         142   2.2321428571428572E-002   0.0000000000000000     
         143   6.2500000000000000E-002   0.0000000000000000     
         144   3.5714285714285712E-002   0.0000000000000000     
         145   3.1250000000000000E-002   2.2321428571428570E-003
         146   2.9761904761904760E-002   0.0000000000000000     
         147   1.6369047619047620E-002   7.4404761904761901E-004
         148   2.6785714285714284E-002   0.0000000000000000     
         149   1.1904761904761904E-002   0.0000000000000000     
         150   3.7202380952380952E-002   0.0000000000000000     
         151   2.3809523809523808E-002   0.0000000000000000     
         152   3.2738095238095240E-002   1.4880952380952380E-003
         153   2.9761904761904760E-002   7.4404761904761901E-004
         154   2.6785714285714284E-002   7.4404761904761901E-004
         155   2.3809523809523808E-002   7.4404761904761901E-004
         156   2.3809523809523808E-002   1.4880952380952380E-003
         157   3.2738095238095240E-002   1.4880952380952380E-003
         158   3.1250000000000000E-002   0.0000000000000000     
         159   2.6785714285714284E-002   0.0000000000000000     
         160   2.6785714285714284E-002   7.4404761904761901E-004
         161   2.5297619047619048E-002   7.4404761904761901E-004
         162   1.1904761904761904E-002   7.4404761904761901E-004
         163   1.7857142857142856E-002   2.2321428571428570E-003
         164   2.6785714285714284E-002   7.4404761904761901E-004
         165   5.9523809523809521E-003   0.0000000000000000     
         166   2.6785714285714284E-002   7.4404761904761901E-004
         167   8.9285714285714281E-003   0.0000000000000000     
         168   2.0833333333333332E-002   1.4880952380952380E-003
         169   8.9285714285714281E-003   3.7202380952380950E-003
         170   1.1904761904761904E-002   7.4404761904761901E-004
         171   2.9761904761904760E-003   7.4404761904761901E-004
         172   1.0416666666666666E-002   0.0000000000000000     
         173   8.9285714285714281E-003   7.4404761904761901E-004
         174   8.9285714285714281E-003   0.0000000000000000     
         175   5.9523809523809521E-003   0.0000000000000000     
         176   1.4880952380952380E-003   7.4404761904761901E-004
         177   2.9761904761904760E-003   0.0000000000000000     
         178   0.0000000000000000        0.0000000000000000     
         179   0.0000000000000000        0.0000000000000000     
         180   0.0000000000000000        0.0000000000000000     
