   2.5000000372529030E-002   0.0000000000000000        0.0000000000000000        0.0000000000000000     
   7.5000001117587090E-002   0.0000000000000000        0.0000000000000000        0.0000000000000000     
  0.12500000186264515        0.0000000000000000        0.0000000000000000        0.0000000000000000     
  0.17500000260770321        0.0000000000000000        0.0000000000000000        0.0000000000000000     
  0.22500000335276127        0.0000000000000000        0.0000000000000000        0.0000000000000000     
  0.27500000409781933        0.0000000000000000        0.0000000000000000        0.0000000000000000     
  0.32500000484287739        0.0000000000000000        0.0000000000000000        0.0000000000000000     
  0.37500000558793545        0.0000000000000000        0.0000000000000000        0.0000000000000000     
  0.42500000633299351        0.0000000000000000        0.0000000000000000        0.0000000000000000     
  0.47500000707805157        0.0000000000000000        0.0000000000000000        0.0000000000000000     
  0.52500000782310963        0.0000000000000000        0.0000000000000000        0.0000000000000000     
  0.57500000856816769        0.0000000000000000        0.0000000000000000        0.0000000000000000     
  0.62500000931322575        0.0000000000000000        0.0000000000000000        0.0000000000000000     
  0.67500001005828381        0.0000000000000000        0.0000000000000000        0.0000000000000000     
  0.72500001080334187        0.0000000000000000        0.0000000000000000        0.0000000000000000     
  0.77500001154839993        0.0000000000000000        0.0000000000000000        0.0000000000000000     
  0.82500001229345798        0.0000000000000000        0.0000000000000000        0.0000000000000000     
  0.87500001303851604        0.0000000000000000        0.0000000000000000        0.0000000000000000     
  0.92500001378357410        0.0000000000000000        0.0000000000000000        0.0000000000000000     
  0.97500001452863216        0.0000000000000000        0.0000000000000000        0.0000000000000000     
   1.0250000152736902        0.0000000000000000        0.0000000000000000        0.0000000000000000     
   1.0750000160187483        0.0000000000000000        0.0000000000000000        0.0000000000000000     
   1.1250000167638063        0.0000000000000000        0.0000000000000000        0.0000000000000000     
   1.1750000175088644        0.0000000000000000        0.0000000000000000        0.0000000000000000     
   1.2250000182539225        0.0000000000000000        0.0000000000000000        0.0000000000000000     
   1.2750000189989805        0.0000000000000000        0.0000000000000000        0.0000000000000000     
   1.3250000197440386        0.0000000000000000        0.0000000000000000        0.0000000000000000     
   1.3750000204890966        0.0000000000000000        0.0000000000000000        0.0000000000000000     
   1.4250000212341547        0.0000000000000000        0.0000000000000000        0.0000000000000000     
   1.4750000219792128        0.0000000000000000        1.6958183853671153E-002   0.0000000000000000     
   1.5250000227242708        0.0000000000000000        2.2527589258168490        0.0000000000000000     
   1.5750000234693289        0.0000000000000000        9.9204919831947791        0.0000000000000000     
   1.6250000242143869        0.0000000000000000        5.4770920392674816        0.0000000000000000     
   1.6750000249594450        0.0000000000000000        1.3019019857890108        0.0000000000000000     
   1.7250000257045031        0.0000000000000000       0.57036674038897395        0.0000000000000000     
   1.7750000264495611        0.0000000000000000       0.22250159820068041        0.0000000000000000     
   1.8250000271946192        0.0000000000000000       0.11077762832608275        0.0000000000000000     
   1.8750000279396772        0.0000000000000000        5.2474304387218958E-002   0.0000000000000000     
   1.9250000286847353        0.0000000000000000        7.9654271269503640E-002   0.0000000000000000     
   1.9750000294297934        0.0000000000000000        1.8918102132849977E-002   0.0000000000000000     
   2.0250000301748514        0.0000000000000000        8.9977277061441541E-003   0.0000000000000000     
   2.0750000309199095        0.0000000000000000        0.0000000000000000        0.0000000000000000     
   2.1250000316649675        0.0000000000000000        0.0000000000000000        9.1922024907136364E-003
   2.1750000324100256        0.0000000000000000        0.0000000000000000        7.8970038343243995E-002
   2.2250000331550837        0.0000000000000000        1.4905846841250753E-002  0.10899900502664614     
   2.2750000339001417        0.0000000000000000        1.4257870887758895E-002  0.13634089036419444     
   2.3250000346451998        0.0000000000000000        1.3651246505915050E-002  0.22268595862773924     
   2.3750000353902578        5.8871378693664933E-002   1.3082528598592207E-002  0.42681749552907072     
   2.4250000361353159        2.8234402889146797E-002   6.2743117531437326E-003  0.86820788884126388     
   2.4750000368803740       0.16263108245575489        6.0233734242872185E-003   1.6263108245575491     
   2.5250000376254320       0.18229659761089595        1.1574387149898155E-002   1.9141142749144078     
   2.5750000383704901       0.15024520386229173        1.1129274360169760E-002   2.3663619608310951     
   2.6250000391155481       0.21686438876507169        4.2837410126433925E-002   2.0541876824691516     
   2.6750000398606062       0.25524071189889347        3.0938268108956779E-002   1.6880692536949542     
   2.7250000406056643       0.55900062054962751        8.4471204883054832E-002  0.98384109216734439     
   2.7750000413507223       0.90558463477175399       0.11978632735076111       0.79777694015606904     
   2.8250000420957804        1.0610587073847926       0.11558373718788588       0.63455471716149359     
   2.8750000428408384        1.5266673828351531       0.14284607090855231       0.49717128585750042     
   2.9250000435858965        1.7078032477458265       0.17681801302418912       0.45606109456848781     
   2.9750000443309546        1.4070015619200829       0.19593799528961153       0.32830036444801936     
   3.0250000450760126        1.3790195583591558       0.28225546516123073       0.46269735181787469     
   3.0750000458210707        1.2818598067132978       0.28875989557620713       0.38631391435195278     
   3.1250000465661287        1.2581716364847222       0.28715028340191856       0.39105334647498124     
   3.1750000473111868        1.1859149413562906       0.36602313004823778       0.45707138364773692     
   3.2250000480562449       0.43103556542706084       0.41152366740361357       0.40708914512555744     
   3.2750000488013029       0.17028606892050327       0.50225790025037331       0.34831241370102939     
   3.3250000495463610        1.5018480529788852E-002  0.47057905660005067       0.38672587364206296     
   3.3750000502914190        7.2883964148331787E-002  0.61222529884598709       0.29518005480074372     
   3.4250000510364771        4.2462921330264143E-002  0.60077170178373718       0.33616479386459114     
   3.4750000517815351       0.16499911491715580       0.58055244137517781       0.30593585890889302     
   3.5250000525265932       0.13362630352673116       0.65922309739854035       0.30734049811148167     
   3.5750000532716513        6.4957351890431558E-002  0.53698077562756752       0.32478675945215779     
   3.6250000540167093       0.29061793184985080       0.65424133450256261       0.31904794692211880     
   3.6750000547617674       0.17211714300252509       0.71305673529617541       0.31042556148669709     
   3.7250000555068254       0.28719021971827646       0.68340635618145418       0.25428300704222395     
   3.7750000562518835       0.19807339221145270       0.65247705669655010       0.34080274836382296     
   3.8250000569969416       0.35181156329953817       0.63805251265077534       0.29790495279396384     
   3.8750000577419996       0.35384903701862908       0.78141662341613904       0.30685346178959239     
   3.9250000584870577       0.33411346442635281       0.71373342221543479       0.26944634227931680     
   3.9750000592321157       0.40982844081850417       0.74726553311636079       0.33364238451250011     
   4.0250000599771738       0.45095457910103409       0.74931341678909202       0.34334041817919642     
   4.0750000607222319       0.55994430403812512       0.76436841503617070       0.34496568730920202     
   4.1250000614672899       0.61475887236831661       0.76113003245601096       0.36348838088444113     
   4.1750000622123480       0.46676191032398245       0.75147609145130956       0.39293732246661783     
   4.2250000629574060       0.68832049894797254       0.66351615664354113       0.41392246220519974     
   4.2750000637024641       0.69048441796278326       0.56127095963056661       0.38385482445957358     
   4.3250000644475222       0.59472366639834062       0.44185108216659469       0.47489128585539137     
   4.3750000651925802       0.66795524191434530       0.41060452100362355       0.53566540504169902     
   4.4250000659376383       0.76318322794330351       0.34484575484845570       0.51938858568363711     
   4.4750000666826963       0.68818463812004804       0.30033225170968630       0.53686693154545917     
   4.5250000674277544       0.68116947701972164       0.28472163325162969       0.65278741547723318     
   4.5750000681728125       0.69809355992380850       0.29616090421010055       0.59694932254848398     
   4.6250000689178705       0.74517968733165052       0.32084125426779397       0.67531909164430837     
   4.6750000696629286       0.52420263476649820       0.29544431911155294       0.65715257836669716     
   4.7250000704079866       0.64703690655136625       0.29087738327724255       0.76417289825463086     
   4.7750000711530447       0.60442838487858153       0.32527471314750966       0.72094470003589839     
   4.8250000718981028       0.59196639004412843       0.28370009054323692       0.74887314403172878     
   4.8750000726431608       0.58687244362886404       0.27170020538373335       0.74407041960088138     
   4.9250000733882189       0.57501684199166969       0.30880534106960039       0.80433903492882386     
   4.9750000741332769       0.59705956451954934       0.27579530445971689       0.64401930554917686     
   5.0250000748783350       0.64441826198784025       0.27617925513764580       0.72168269646087213     
   5.0750000756233931       0.62533625312404184       0.32663611847028989       0.68496883396319030     
   5.1250000763684511       0.64480213462509184       0.33434184758338098       0.68273167195597961     
   5.1750000771135092       0.60140235788358798       0.37062367530512069       0.63860250373205729     
   5.2250000778585672       0.54737389905630729       0.37843133761917541       0.60363177201487228     
   5.2750000786036253       0.54301358114978848       0.39648610687127411       0.54450537670239774     
   5.3250000793486834       0.56214233973362659       0.41900424396811975       0.51822496944193708     
   5.3750000800937414       0.38506337476256758       0.44189694085521858       0.46983478935581946     
   5.4250000808387995       0.47390818075860180       0.39868466000326819       0.45698288858865177     
   5.4750000815838575       0.49852704420182559       0.45913725305501463       0.47637028668174441     
   5.5250000823289156       0.48410543326131278       0.47503978844368522       0.45554865208578593     
   5.5750000830739737       0.45409189481835610       0.49861070803584201       0.43405842887048740     
   5.6250000838190317       0.45655049549415821       0.50727832832684239       0.39620186677941316     
   5.6750000845640898       0.42791846815180556       0.50410743236089539       0.35573944942740465     
   5.7250000853091478       0.42554258014928775       0.53699420828362510       0.39388018579294198     
   5.7750000860542059       0.49786407433274532       0.54211865871787834       0.40326990020952369     
   5.8250000867992640       0.32786703685545476       0.55133859928927231       0.39637656694465434     
   5.8750000875443220       0.40409027788820373       0.54306312478097218       0.38845583261276734     
   5.9250000882893801       0.41148825606897571       0.55180417480513977       0.39256925578994234     
   5.9750000890344381       0.30696090096997719       0.49196427226164702       0.40463027855133360     
   6.0250000897794962       0.33847968154919572       0.53363913757756076       0.41738203974816362     
   6.0750000905245543       0.35992536173361672       0.53588887191449597       0.41503893274907677     
   6.1250000912696123       0.33194348140014390       0.50357055548703311       0.38505443842416698     
   6.1750000920146704       0.31352608443707419       0.51576976236098937       0.39843939897211511     
   6.2250000927597284       0.40706150863266055       0.51894391159017539       0.41670243910027616     
   6.2750000935047865       0.38794981417030794       0.52851134104360786       0.38373296836410892     
   6.3250000942498446       0.34448653401926349       0.49067425996853603       0.44305948803079981     
   6.3750000949949026       0.50661326800631545       0.48573135910999782       0.44328660950552606     
   6.4250000957399607       0.43038071314758303       0.46836862656144029       0.46356427280615836     
   6.4750000964850187       0.45544256398603888       0.45764276960915978       0.46633358182048767     
   6.5250000972300768       0.43678965557799637       0.43418971715193683       0.48163859342752274     
   6.5750000979751348       0.47626158928619383       0.46857995074931980       0.47530138446908460     
   6.6250000987201929       0.44261845106379294       0.45564900375417994       0.52868314988175258     
   6.6750000994652510       0.53663055887134237       0.45216093386381628       0.51706590307915801     
   6.7250001002103090       0.56539455515950443       0.38916768082407455       0.52409138148713807     
   6.7750001009553671       0.62581073955894961       0.40354141459035670       0.54532352016480723     
   6.8250001017004251       0.60598119401900852       0.40398746267933899       0.56142375328231664     
   6.8750001024454832       0.64989304324673103       0.36456462606152962       0.59544254502876182     
   6.9250001031905413       0.55744485674982158       0.39779018763237789       0.57475680882279745     
   6.9750001039355993       0.63821763728419612       0.35949513971801428       0.60152865546170908     
   7.0250001046806574       0.59888438647760567       0.36934942187258080       0.62075376014111372     
   7.0750001054257154       0.65679217998841666       0.39437016419057569       0.61532802721137025     
   7.1250001061707735       0.62144050995345712       0.41211318028492422       0.57237941706239470     
   7.1750001069158316       0.62571078476795405       0.36338530111953349       0.59748929318692523     
   7.2250001076608896       0.66161200630978312       0.37887183267312358       0.62900853003730584     
   7.2750001084059477       0.57725485882323690       0.36252720602425509       0.58352936815827217     
   7.3250001091510057       0.54464460045060159       0.37685005182693138       0.57559031638529490     
   7.3750001098960638       0.50675711405606882       0.39617959117636442       0.54262697002088089     
   7.4250001106411219       0.56019066313617627       0.37613757787638119       0.55943771869647707     
   7.4750001113861799       0.51111886719747512       0.40612158052512554       0.54306379639731728     
   7.5250001121312380       0.53367180727796626       0.40595547733110260       0.53807020129399341     
   7.5750001128762960       0.59609825180989562       0.44884204936710592       0.50711756616351555     
   7.6250001136213541       0.46550444371797567       0.44487882078568636       0.49192110693509999     
   7.6750001143664122       0.52429065742074454       0.45288189404444240       0.51512966475075839     
   7.7250001151114702       0.47857216299811156       0.46991581896455409       0.46952937503448444     
   7.7750001158565283       0.46419653190460392       0.48586514056024294       0.46762993820567350     
   7.8250001166015863       0.48540063465817890       0.50558799811075372       0.48133303157445118     
   7.8750001173466444       0.48728863564875902       0.48728863564875902       0.47323223269735254     
   7.9250001180917025       0.48644676501283751       0.47763432361767744       0.44282518010679500     
   7.9750001188367605       0.42554184999881495       0.48268687007363881       0.48362961786675135     
   8.0250001195818186       0.42541219570317318       0.51393230915252031       0.45377300875005144     
   8.0750001203268766       0.44053166697313351       0.50588992970325153       0.41761383458724799     
   8.1250001210719347       0.44770234731049280       0.49129883056919249       0.43889921126787068     
   8.1750001218169928       0.44721164898896454       0.52837228158325811       0.45404404918185148     
   8.2250001225620508       0.45406293984936369       0.50287811476410005       0.43442778569371548     
   8.2750001233071089       0.43161860329788027       0.50705756017890791       0.48678334051713179     
   8.3250001240521669       0.47915683188935304       0.48448079668812366       0.44322006949765164     
   8.3750001247972250       0.43557643952907155       0.47660900267311462       0.44800457163519997     
   8.4250001255422831       0.47252822475690548       0.51359503416922181       0.44270280462992256     
   8.4750001262873411       0.46003394851612878       0.45309876336261923       0.47852777559215409     
   8.5250001270323992       0.42952189590162781       0.49603178758379474       0.47750040555021384     
   8.5750001277774572       0.47646438830442572       0.46567556855872255       0.46630282552068203     
   8.6250001285225153       0.43301185350580645       0.49699642292419022       0.44640397268639836     
   8.6750001292675734       0.47657478530746394       0.43342809692571821       0.48870979141482990     
   8.7250001300126314       0.51475126446930242       0.45028618144254418       0.50929839090500895     
   8.7750001307576895       0.51105824549219314       0.43175197298496581       0.49380733425195034     
   8.8250001315027475       0.58416758130162927       0.43161124620096047       0.49995364166143091     
   8.8750001322478056       0.46376961099372471       0.41598728743679553       0.48853912430816232     
   8.9250001329928637       0.54405198709294122       0.42662569613673801       0.53154504486091958     
   8.9750001337379217       0.53594569794503044       0.43562765704762729       0.50966374544964921     
   9.0250001344829798       0.51167673216322573       0.43715630503542519       0.52237913393158009     
   9.0750001352280378       0.55444159821602657       0.42832013567234056       0.55393756039946651     
   9.1250001359730959       0.52046454918736729       0.41787830556295219       0.57181306313976077     
   9.1750001367181540       0.56017354957673759       0.41158291318666401       0.55721488646277584     
   9.2250001374632120       0.53460649274592831       0.41927370517868018       0.55119100073257210     
   9.2750001382082701       0.56746087192297068       0.40833163270647621       0.52692795249990132     
   9.3250001389533281       0.53274938955264517       0.42178645417389832       0.54850273171683639     
   9.3750001396983862       0.48551988324055756       0.42107777163015936       0.53841699114225250     
   9.4250001404434443       0.58318767442683450       0.41205282979445856       0.56589765523309021     
   9.4750001411885023       0.60294213427443222       0.38798730385484931       0.55069331435647906     
   9.5250001419335604       0.56917642301152915       0.41686733375263840       0.56505858715372870     
   9.5750001426786184       0.49442631106572588       0.40487820018894605       0.54513670194426178     
   9.6250001434236765       0.51797985376801881       0.41701261583630583       0.51977217160112610     
   9.6750001441687346       0.55875975566375957       0.41074262109462961       0.52683062676868764     
   9.7250001449137926       0.50387080914927029       0.42408638756891737       0.50913775140518602     
   9.7750001456588507       0.50915571195342380       0.41242191912495763       0.51827880918125813     
   9.8250001464039087       0.51602730005622244       0.43308068960274076       0.50699682230523846     
   9.8750001471489668       0.45803073637411557       0.44535495804405945       0.50613247727585808     
   9.9250001478940248       0.52927962720697375       0.43226375781800969       0.48292551972865588     
   9.9750001486390829       0.46891819091990300       0.43684114583127381       0.48810879303940086     
   10.025000149384141       0.45599165851098772       0.46406880544113399       0.47003487987817388     
   10.075000150129199       0.47110635827455427       0.46310918243964672       0.47642266266480537     
   10.125000150874257       0.40815683479425607       0.48086202053362087       0.46079610912288027     
   10.175000151619315       0.50038278878979081       0.47472213295441690       0.45026432036132619     
   10.225000152364373       0.50979434375284405       0.47926667969287795       0.49192771955589859     
   10.275000153109431       0.46238133150326538       0.48230252265646728       0.46552678273798137     
   10.325000153854489       0.47348921714233672       0.47764263132779583       0.47932995584063853     
   10.375000154599547       0.47202157981981263       0.46859368163666221       0.48474765182475849     
   10.425000155344605       0.48736597068785342       0.46682564242131558       0.46826855804334505     
   10.475000156089664       0.50844955137733960       0.49096319114478565       0.48348104662220243     
   10.525000156834722       0.46465877912977288       0.49930000710790651       0.46428405430789405     
   10.575000157579780       0.45285144423911594       0.46918379140839556       0.48514494886928244     
   10.625000158324838       0.46624915985812615       0.49419469309883401       0.48536978786492624     
   10.675000159069896       0.45606343621480899       0.46172982608613250       0.48229072647636356     
   10.725000159814954       0.50523116847699179       0.47186987227279675       0.48718719817424211     
   10.775000160560012       0.48339131388508305       0.45669514664882604       0.48875438319593828     
   10.825000161305070       0.48035309687287225       0.44933718075227047       0.49948220250055292     
   10.875000162050128       0.49138990139479344       0.46955035022169161       0.46927735583202779     
   10.925000162795186       0.53281028992631230       0.44547701060853850       0.47403422008457163     
   10.975000163540244       0.46869097075681743       0.43744490603969627       0.49798415642911853     
   11.025000164285302       0.51089439784847746       0.45382479190937247       0.48903795302073511     
   11.075000165030360       0.46974130101491807       0.41423872654341481       0.52287486316141818     
   11.125000165775418       0.50577581527039095       0.41976560442128530       0.50980055650596445     
   11.175000166520476       0.53450004229272408       0.41779052504251624       0.51920961819728551     
   11.225000167265534       0.54160901362133673       0.43896832193478447       0.50800553467402754     
   11.275000168010592       0.46628546967485562       0.43479342270335120       0.51363238361242858     
   11.325000168755651       0.49842645076346687       0.43873035348588002       0.51266720649956588     
