   2.5000000372529030E-002   0.0000000000000000        0.0000000000000000        0.0000000000000000     
   7.5000001117587090E-002   0.0000000000000000        0.0000000000000000        0.0000000000000000     
  0.12500000186264515        0.0000000000000000        0.0000000000000000        0.0000000000000000     
  0.17500000260770321        0.0000000000000000        0.0000000000000000        0.0000000000000000     
  0.22500000335276127        0.0000000000000000        0.0000000000000000        0.0000000000000000     
  0.27500000409781933        0.0000000000000000        0.0000000000000000        0.0000000000000000     
  0.32500000484287739        0.0000000000000000        0.0000000000000000        0.0000000000000000     
  0.37500000558793545        0.0000000000000000        0.0000000000000000        0.0000000000000000     
  0.42500000633299351        0.0000000000000000        0.0000000000000000        0.0000000000000000     
  0.47500000707805157        0.0000000000000000        0.0000000000000000        0.0000000000000000     
  0.52500000782310963        0.0000000000000000        0.0000000000000000        0.0000000000000000     
  0.57500000856816769        0.0000000000000000        0.0000000000000000        0.0000000000000000     
  0.62500000931322575        0.0000000000000000        0.0000000000000000        0.0000000000000000     
  0.67500001005828381        0.0000000000000000        0.0000000000000000        0.0000000000000000     
  0.72500001080334187        0.0000000000000000        0.0000000000000000        0.0000000000000000     
  0.77500001154839993        0.0000000000000000        0.0000000000000000        0.0000000000000000     
  0.82500001229345798        0.0000000000000000        0.0000000000000000        0.0000000000000000     
  0.87500001303851604        0.0000000000000000        0.0000000000000000        0.0000000000000000     
  0.92500001378357410        0.0000000000000000        0.0000000000000000        0.0000000000000000     
  0.97500001452863216        0.0000000000000000        0.0000000000000000        0.0000000000000000     
   1.0250000152736902        0.0000000000000000        0.0000000000000000        0.0000000000000000     
   1.0750000160187483        0.0000000000000000        0.0000000000000000        0.0000000000000000     
   1.1250000167638063        0.0000000000000000        0.0000000000000000        0.0000000000000000     
   1.1750000175088644        0.0000000000000000        0.0000000000000000        0.0000000000000000     
   1.2250000182539225        0.0000000000000000        0.0000000000000000        0.0000000000000000     
   1.2750000189989805        0.0000000000000000        0.0000000000000000        0.0000000000000000     
   1.3250000197440386        0.0000000000000000        0.0000000000000000        0.0000000000000000     
   1.3750000204890966        0.0000000000000000        0.0000000000000000        0.0000000000000000     
   1.4250000212341547        0.0000000000000000        0.0000000000000000        0.0000000000000000     
   1.4750000219792128        0.0000000000000000        1.9325127658122755E-002   0.0000000000000000     
   1.5250000227242708        0.0000000000000000        1.9705883218825075        0.0000000000000000     
   1.5750000234693289        0.0000000000000000        12.779732237077685        0.0000000000000000     
   1.6250000242143869        0.0000000000000000        6.6873845037710780        0.0000000000000000     
   1.6750000249594450        0.0000000000000000       0.85420278407348771        0.0000000000000000     
   1.7250000257045031        0.0000000000000000        4.2389729752471406E-002   0.0000000000000000     
   1.7750000264495611        0.0000000000000000        0.0000000000000000        0.0000000000000000     
   1.8250000271946192        0.0000000000000000        0.0000000000000000        0.0000000000000000     
   1.8750000279396772        0.0000000000000000        1.1959684360122892E-002   0.0000000000000000     
   1.9250000286847353        0.0000000000000000        0.0000000000000000        0.0000000000000000     
   1.9750000294297934        0.0000000000000000        0.0000000000000000        0.0000000000000000     
   2.0250000301748514        0.0000000000000000        0.0000000000000000        0.0000000000000000     
   2.0750000309199095        0.0000000000000000        0.0000000000000000        0.0000000000000000     
   2.1250000316649675        0.0000000000000000        9.3112951310866214E-003   0.0000000000000000     
   2.1750000324100256        0.0000000000000000        0.0000000000000000        0.0000000000000000     
   2.2250000331550837        0.0000000000000000        0.0000000000000000        0.0000000000000000     
   2.2750000339001417        0.0000000000000000        0.0000000000000000        9.1394536877762271E-003
   2.3250000346451998        0.0000000000000000        0.0000000000000000        4.3753003587774342E-002
   2.3750000353902578        3.3544184875035160E-002   0.0000000000000000       0.14256278571889944     
   2.4250000361353159        0.0000000000000000        0.0000000000000000       0.42632177742712868     
   2.4750000368803740        3.0888394425127613E-002   0.0000000000000000        1.2973125658553597     
   2.5250000376254320        0.0000000000000000        6.5949429245011799E-003   2.3148249664999136     
   2.5750000383704901        0.0000000000000000        6.3413231513583653E-003   2.9106673264734897     
   2.6250000391155481        5.4918511892396334E-002   3.0510284384664636E-002   2.8283033624584113     
   2.6750000398606062       0.15865418941594006        1.1752162178958525E-002   2.0889468273098779     
   2.7250000406056643       0.40769491625023146        2.2649717569457304E-002   1.2931573124812030     
   2.7750000413507223       0.66341693110226740        4.9141994896464251E-002  0.70641617663667355     
   2.8250000420957804        1.0431936771892005        5.7955204288288910E-002  0.34377973452825922     
   2.8750000428408384        1.3505973039346373        6.6130941435594295E-002  0.27469775673246860     
   2.9250000435858965        1.5038589602123009       0.10812057883879289       0.28197355503980642     
   2.9750000443309546        1.6247627006734411       0.10451689887373014       0.29929839222931809     
   3.0250000450760126        1.9023380423056560       0.15163564105334937       0.32567200180776174     
   3.0750000458210707        1.8609883343595279       0.25346794518158444       0.28014878151648809     
   3.1250000465661287        1.5694092995091860       0.22819943175305035       0.30031906348632575     
   3.1750000473111868        1.3326693979298192       0.31283319200230497       0.37539983040276603     
   3.2250000480562449       0.56396748738021862       0.31129388192313140       0.31836874287592981     
   3.2750000488013029        8.8206272791202273E-002  0.41554955181633074       0.33077352296700846     
   3.3250000495463610        1.7114689637379416E-002  0.37271990765848501       0.39791653406907140     
   3.3750000502914190        4.9834059715951465E-002  0.44296941969734638       0.30731003491503406     
   3.4250000510364771        1.6129898942893624E-002  0.45880601437564089       0.33066292832931932     
   3.4750000517815351        1.5669076490174086E-002  0.55015868565500126       0.33296787541619932     
   3.5250000525265932        1.5227723654960289E-002  0.54819805157857038       0.28551981853050540     
   3.5750000532716513        5.9219035644288688E-002  0.63495965996376214       0.30719874740474756     
   3.6250000540167093       0.10079422359907336       0.63676350781636815       0.28078390859741864     
   3.6750000547617674       0.18213041503353292       0.66002817071981157       0.31522571832726842     
   3.7250000555068254       0.12272808160302802       0.57273104748079751       0.28295641036253683     
   3.7750000562518835       0.17260906592880354       0.68453509906807553       0.32530170117351437     
   3.8250000569969416       0.23278980312946648       0.70124335757518308       0.28775406220170158     
   3.8750000577419996       0.21421998924051916       0.71126636950446886       0.34023174761729513     
   3.9250000584870577       0.17195046377820011       0.78605926298605766       0.31933657558808598     
   3.9750000592321157       0.41912982224929923       0.87817677042710307       0.32033493557625015     
   4.0250000599771738       0.49053776408635130       0.80977662642826254       0.34162451427442325     
   4.0750000607222319       0.33044397225645039       0.90397316548316320       0.31335204265697880     
   4.1250000614672899       0.38920224103378953       0.89948962372253582       0.38364220901902113     
   4.1750000622123480       0.30394877122604413       0.87324964431609509       0.45863698515358448     
   4.2250000629574060       0.60419464464261652       0.75848216598410356       0.38159661766902103     
   4.2750000637024641       0.61085106277541357       0.66031734469507986       0.41154796178513037     
   4.3250000644475222       0.63727077147967093       0.51251405960269836       0.41978947645089432     
   4.3750000651925802       0.78095635012886655       0.39761771975618809       0.44484855387087330     
   4.4250000659376383       0.59912994935459862       0.32211287599709598       0.47350592771573119     
   4.4750000666826963       0.66140573090333066       0.25616348942922645       0.55274621796921208     
   4.5250000674277544       0.65611093186101699       0.27928352655116845       0.55214969265768687     
   4.5750000681728125       0.61472787134210316       0.26718564342646961       0.55596711893440209     
   4.6250000689178705       0.68111984227168076       0.28109707776291587       0.65679413361912065     
   4.6750000696629286       0.68394350883097443       0.30397489281376638       0.68610788702347747     
   4.7250000704079866       0.66954523556828416       0.26555802592159794       0.77972356547192578     
   4.7750000711530447       0.68049297059198477       0.23974007094026561       0.74480785500769053     
   4.8250000718981028       0.67459028370212781       0.30523629972064154       0.76602571372199457     
   4.8750000726431608       0.62101496611700402       0.27423737819981658       0.69267053913050458     
   4.9250000733882189       0.74108481825044503       0.34323928424231148       0.73328392542675636     
   4.9750000741332769       0.68803921981482818       0.33637472968724935       0.76831046212655818     
   5.0250000748783350       0.80929815653820958       0.30473572561006657       0.78307090146521208     
   5.0750000756233931       0.69792460623210673       0.33467729655574718       0.78792014756203643     
   5.1250000763684511       0.61233382818695270       0.32497716894627821       0.74560648490999537     
   5.1750000771135092       0.61468933333736597       0.37211078416591503       0.68357693103896733     
   5.2250000778585672       0.70001279964989627       0.35886244734527134       0.63417001156401487     
   5.2750000786036253       0.52360412180742621       0.35511390656492109       0.58140457681214197     
   5.3250000793486834       0.52716332342286931       0.40186008620983849       0.55385513726706515     
   5.3750000800937414       0.59599392699931397       0.43662558754528497       0.49775316980162487     
   5.4250000808387995       0.57220013818560578       0.42432819236235936       0.48701303896134435     
   5.4750000815838575       0.53023517119917596       0.42923799573266619       0.42134759139934513     
   5.5250000823289156       0.63225628338701079       0.42839151227311628       0.41840489341787479     
   5.5750000830739737       0.56008724676403876       0.44644635611626271       0.43528519721335618     
   5.6250000838190317       0.44253163025137288       0.51296459242351322       0.42160108017191600     
   5.6750000845640898       0.53464728064634426       0.47654763720614318       0.41420476137986012     
   5.7250000853091478       0.53689544201717765       0.50289847854416647       0.35360049272636701     
   5.7750000860542059       0.37445338121639604       0.54592024938282657       0.38721883739422769     
   5.8250000867992640       0.45727750493325497       0.55269855609818885       0.36665848718733551     
   5.8750000875443220       0.33988643907349214       0.55064039591834568       0.36729663577296728     
   5.9250000882893801       0.29644485266103116       0.58450540645892202       0.40020055109239200     
   5.9750000890344381       0.35510514126842446       0.56180813394705964       0.39618073596738401     
   6.0250000897794962       0.30232350199280544       0.48533926181986781       0.40787610398167290     
   6.0750000905245543       0.29224046521302893       0.52865331718848130       0.39349922289649070     
   6.1250000912696123       0.29757601585391913       0.56601087761291580       0.38710100367437777     
   6.1750000920146704       0.29773882127645890       0.52600525092174411       0.44040533980476210     
   6.2250000927597284       0.33692136796883493       0.56424834571270266       0.40772368442605389     
   6.2750000935047865       0.35560058980792703       0.50189873035953658       0.42527908375677759     
   6.3250000942498446       0.39256834952790859       0.47928023396178404       0.39966295825431669     
   6.3750000949949026       0.35849956388836690       0.50076129559009974       0.47838740505882721     
   6.4250000957399607       0.38044348175679477       0.53475991411597668       0.44232284324735788     
   6.4750000964850187       0.44228772171241165       0.48842204189103061       0.44454429172114845     
   6.5250000972300768       0.44886808497250819       0.48886623115817723       0.46886715806534274     
   6.5750000979751348       0.48145930983099244       0.48437724504208940       0.46395169856441099     
   6.6250000987201929       0.53888574735402373       0.42919255967040471       0.48176385813449718     
   6.6750000994652510       0.47138843031255767       0.42184309979922574       0.51810259908227052     
   6.7250001002103090       0.51879480459122329       0.39792863147857260       0.53134629179907533     
   6.7750001009553671       0.46994257485845881       0.40032145265720565       0.53383827582605625     
   6.8250001017004251       0.49557922008572519       0.40530978109014681       0.53823153001113599     
   6.8750001024454832       0.50040680243638391       0.39676699357622619       0.58047189082620543     
   6.9250001031905413       0.54844599460017984       0.41122489443242904       0.58888895463364643     
   6.9750001039355993       0.62228625729360854       0.37942175965540859       0.59797820036807703     
   7.0250001046806574       0.60195728246400482       0.37659606348066543       0.57320136132718935     
   7.0750001054257154       0.65774122581326711       0.34357108730220465       0.59442418252377149     
   7.1250001061707735       0.58145162654314053       0.35201843487298395       0.56840623748608288     
   7.1750001069158316       0.66526322616604627       0.32262611950348469       0.59175347741841688     
   7.2250001076608896       0.57996669892016062       0.34798001935209638       0.59627826232729009     
   7.2750001084059477       0.53627069504286007       0.34639114524249931       0.60687966989017006     
   7.3250001091510057       0.63829602750337155       0.39418404153983533       0.57217420144984543     
   7.3750001098960638       0.62967053766503700       0.35097657961930845       0.55922397198704243     
   7.4250001106411219       0.62465085947486620       0.39507832137726584       0.55686594477910467     
   7.4750001113861799       0.58245844261960877       0.39959358272740608       0.53843542079370810     
   7.5250001121312380       0.58811001141652008       0.40618204071317732       0.57557925833236123     
   7.5750001128762960       0.54739616177836237       0.42282139939238972       0.54904494539817683     
   7.6250001136213541       0.48491489809869304       0.43248189271143689       0.50444167251877470     
   7.6750001143664122       0.52358815269166492       0.43186207549891925       0.48905703219206120     
   7.7250001151114702       0.47878326933412307       0.45940646299609750       0.50890539555050829     
   7.7750001158565283       0.47264510690900491       0.47438405137886874       0.50081600732079989     
   7.8250001166015863       0.55624080644882701       0.46628087355401682       0.51143251926267153     
   7.8750001173466444       0.47902433820396284       0.50309420940883298       0.46605711885767725     
   7.9250001180917025       0.39466791768152992       0.51417296145787095       0.45567574465138472     
   7.9750001188367605       0.45221117762745727       0.48196191299768476       0.46634277692831538     
   8.0250001195818186       0.47009865280027463       0.50209147778251551       0.45393901161026518     
   8.0750001203268766       0.50782269989066575       0.45462222656878648       0.45631496890175538     
   8.1250001210719347       0.44999952315480463       0.48407592016652723       0.42635305139667001     
   8.1750001218169928       0.42752408070484460       0.51277722704113071       0.46433078963969876     
   8.2250001225620508       0.48667227813066721       0.53639613796521812       0.43283066115356750     
   8.2750001233071089       0.37027806299255300       0.49984468204964866       0.43521488747259029     
   8.3250001240521669       0.46686017829990689       0.51509329613595967       0.44365367820897589     
   8.3750001247972250       0.43432563740186020       0.46040316014441490       0.44106982431803815     
   8.4250001255422831       0.43451724936679115       0.49049799928521209       0.47183774931240507     
   8.4750001262873411       0.46365239277609571       0.51634016468247013       0.46760397566907369     
   8.5250001270323992       0.44521173302298889       0.51087974042793916       0.45041888779518757     
   8.5750001277774572       0.49922089326822017       0.47977815515697220       0.45032812537081718     
   8.6250001285225153       0.49853672757784323       0.49571055565279881       0.50362383704292324     
   8.6750001292675734       0.53806422212774407       0.48107299610798304       0.49154932442043919     
   8.7250001300126314       0.48468888733267257       0.46397568701931047       0.48158190728566819     
   8.7750001307576895       0.45952240611437362       0.47126302611610743       0.48102412297801411     
   8.8250001315027475       0.49563285611028757       0.45298035542105813       0.48955892405011253     
   8.8750001322478056       0.51168447740952561       0.45216145265087981       0.49306684971035275     
   8.9250001329928637       0.52972172988442079       0.43760768716909304       0.48161919611688936     
   8.9750001337379217       0.48390230815259005       0.44475163597195982       0.54673913700250165     
   9.0250001344829798       0.47390920732854130       0.42331759260283647       0.50469007496140006     
   9.0750001352280378       0.57438905212926172       0.42275034236713677       0.54337204331428168     
   9.1250001359730959       0.49766579574240416       0.41459524942112003       0.52607137769117152     
   9.1750001367181540       0.54170685694493192       0.40709182887055739       0.55238365184322413     
   9.2250001374632120       0.58476644853876747       0.41504336017960686       0.58198714032327903     
   9.2750001382082701       0.53008884509503928       0.39640576613377299       0.55593342571689286     
   9.3250001389533281       0.55923573238053914       0.40715649517026720       0.55760372148837800     
   9.3750001396983862       0.55974506944191726       0.39708410909127467       0.55920685302899231     
   9.4250001404434443       0.59855366534490495       0.39477560845998477       0.54157391250513198     
   9.4750001411885023       0.59646848390536344       0.40607630588610144       0.54377692172291092     
   9.5250001419335604       0.53808297484298728       0.40692235306816787       0.55216072709178643     
   9.5750001426786184       0.56962762234632525       0.39442814429777751       0.51803091742365093     
   9.6250001434236765       0.49428043928995791       0.42937492705996350       0.55095929131597587     
   9.6750001441687346       0.53365615638845187       0.40922622766824890       0.51243119562300210     
   9.7250001449137926       0.49417103640395504       0.42948198035647378       0.52168055766126031     
   9.7750001456588507       0.52279323465385452       0.40397659041434220       0.51289184763389517     
   9.8250001464039087       0.56060954618875025       0.45214662699605496       0.48906322298633975     
   9.8750001471489668       0.58793322441647189       0.41394638462765893       0.50837790362084367     
   9.9250001478940248       0.47253465958109003       0.44009325567127716       0.47109400513114769     
   9.9750001486390829       0.53246592974390305       0.43484717595752093       0.50536721724800804     
   10.025000149384141       0.44244440795259993       0.45269489305410232       0.50457489928211396     
   10.075000150129199       0.45670481924423983       0.46519683629141162       0.48699646541860270     
   10.125000150874257       0.43190220580619548       0.47825068563155171       0.49281149124040252     
   10.175000151619315       0.46604835750922718       0.47315584880021760       0.51311010341457064     
   10.225000152364373       0.46512120074534735       0.47577897144984521       0.46828836845470284     
   10.275000153109431       0.43372190728169413       0.44805982157199814       0.49555416265862995     
   10.325000153854489       0.44550569811062196       0.48593450205603034       0.46857969841117203     
   10.375000154599547       0.44649559263023719       0.46094908075562541       0.48341058257210723     
   10.425000155344605       0.47182053866121171       0.46853191662052279       0.46006855107463174     
   10.475000156089664       0.46387813577584214       0.48629603824828072       0.45310029804870833     
   10.525000156834722       0.46289743694533014       0.48586200843790289       0.47912446886776788     
   10.575000157579780       0.50252236982553278       0.46774248265092611       0.46572148920699624     
   10.625000158324838       0.42405516108508484       0.48830594306767339       0.46972908653792500     
   10.675000159069896       0.46990534519667393       0.46123414330258539       0.48401910998173309     
   10.725000159814954       0.48691912596487008       0.45438473992067085       0.49432161267717389     
   10.775000160560012       0.43677720823366406       0.45597222650595615       0.47752135079277447     
   10.825000161305070       0.50380041726650115       0.46432887460317135       0.46423916655166375     
   10.875000162050128       0.54877628425196956       0.46397994878446402       0.47237958578832068     
   10.925000162795186       0.52791146648721987       0.44882162716364232       0.50016837140155512     
   10.975000163540244       0.46970143861129288       0.45137418069446433       0.47677052380778395     
   11.025000164285302       0.47479092535241851       0.46458594735759423       0.48452024759324674     
   11.075000165030360       0.44428821279532321       0.44805917756441938       0.49905290569196892     
   11.125000165775418       0.46170723880831438       0.41991916642168997       0.51559856386789416     
   11.175000166520476       0.51516178571904003       0.44580013352418885       0.52501046691660991     
   11.225000167265534       0.57365456838315587       0.44417349070272277       0.50119689057036199     
   11.275000168010592       0.50011050319448414       0.41742027449169244       0.53173951567330202     
   11.325000168755651       0.51783392687862551       0.42292229545642729       0.50603144421472523     
   11.375000169500709       0.52499050604732100       0.42961154379112249       0.52572169059613350     
   11.425000170245767       0.52620385498406286       0.43713414827877156       0.51134548166839722     
   11.475000170990825       0.55467902072499908       0.43013968964684729       0.51516173297904699     
   11.525000171735883       0.53135747380547638       0.41343631861182728       0.52387858174789259     
   11.575000172480941       0.49147007607960713       0.42462261362433495       0.52218695583458252     
   11.625000173225999       0.55305842689139206       0.42035551883559535       0.55935909251420535     
   11.675000173971057       0.52195602333958979       0.43403789884090005       0.55770168185287283     
   11.725000174716115       0.54641757160584292       0.42575609273738224       0.52852480477744002     
   11.775000175461173       0.50630467380584820       0.42760682244159687       0.50425761986862772     
   11.825000176206231       0.53315536894658688       0.44655145114815653       0.52232987922178309     
