   2.5000000372529030E-002   0.0000000000000000        0.0000000000000000        0.0000000000000000     
   7.5000001117587090E-002   0.0000000000000000        0.0000000000000000        0.0000000000000000     
  0.12500000186264515        0.0000000000000000        0.0000000000000000        0.0000000000000000     
  0.17500000260770321        0.0000000000000000        0.0000000000000000        0.0000000000000000     
  0.22500000335276127        0.0000000000000000        0.0000000000000000        0.0000000000000000     
  0.27500000409781933        0.0000000000000000        0.0000000000000000        0.0000000000000000     
  0.32500000484287739        0.0000000000000000        0.0000000000000000        0.0000000000000000     
  0.37500000558793545        0.0000000000000000        0.0000000000000000        0.0000000000000000     
  0.42500000633299351        0.0000000000000000        0.0000000000000000        0.0000000000000000     
  0.47500000707805157        0.0000000000000000        0.0000000000000000        0.0000000000000000     
  0.52500000782310963        0.0000000000000000        0.0000000000000000        0.0000000000000000     
  0.57500000856816769        0.0000000000000000        0.0000000000000000        0.0000000000000000     
  0.62500000931322575        0.0000000000000000        0.0000000000000000        0.0000000000000000     
  0.67500001005828381        0.0000000000000000        0.0000000000000000        0.0000000000000000     
  0.72500001080334187        0.0000000000000000        0.0000000000000000        0.0000000000000000     
  0.77500001154839993        0.0000000000000000        0.0000000000000000        0.0000000000000000     
  0.82500001229345798        0.0000000000000000        0.0000000000000000        0.0000000000000000     
  0.87500001303851604        0.0000000000000000        0.0000000000000000        0.0000000000000000     
  0.92500001378357410        0.0000000000000000        0.0000000000000000        0.0000000000000000     
  0.97500001452863216        0.0000000000000000        0.0000000000000000        0.0000000000000000     
   1.0250000152736902        0.0000000000000000        0.0000000000000000        0.0000000000000000     
   1.0750000160187483        0.0000000000000000        0.0000000000000000        0.0000000000000000     
   1.1250000167638063        0.0000000000000000        0.0000000000000000        0.0000000000000000     
   1.1750000175088644        0.0000000000000000        0.0000000000000000        0.0000000000000000     
   1.2250000182539225        0.0000000000000000        0.0000000000000000        0.0000000000000000     
   1.2750000189989805        0.0000000000000000        0.0000000000000000        0.0000000000000000     
   1.3250000197440386        0.0000000000000000        0.0000000000000000        0.0000000000000000     
   1.3750000204890966        0.0000000000000000        0.0000000000000000        0.0000000000000000     
   1.4250000212341547        0.0000000000000000        0.0000000000000000        0.0000000000000000     
   1.4750000219792128        0.0000000000000000        4.0847143294286008E-002   0.0000000000000000     
   1.5250000227242708        0.0000000000000000        1.8151074271643095        0.0000000000000000     
   1.5750000234693289        0.0000000000000000        11.858171302585484        0.0000000000000000     
   1.6250000242143869        0.0000000000000000        8.6660971817309917        0.0000000000000000     
   1.6750000249594450        0.0000000000000000        1.0136205870282691        0.0000000000000000     
   1.7250000257045031        0.0000000000000000        7.4665283633002441E-002   0.0000000000000000     
   1.7750000264495611        0.0000000000000000        1.4103661880637504E-002   0.0000000000000000     
   1.8250000271946192        0.0000000000000000        0.0000000000000000        0.0000000000000000     
   1.8750000279396772        0.0000000000000000        0.0000000000000000        0.0000000000000000     
   1.9250000286847353        0.0000000000000000        0.0000000000000000        0.0000000000000000     
   1.9750000294297934        0.0000000000000000        0.0000000000000000        0.0000000000000000     
   2.0250000301748514        0.0000000000000000        0.0000000000000000        0.0000000000000000     
   2.0750000309199095        0.0000000000000000        1.0320484917880839E-002   0.0000000000000000     
   2.1250000316649675        0.0000000000000000        0.0000000000000000        0.0000000000000000     
   2.1750000324100256        0.0000000000000000        0.0000000000000000        0.0000000000000000     
   2.2250000331550837        0.0000000000000000        8.9759208164770839E-003   0.0000000000000000     
   2.2750000339001417        0.0000000000000000        0.0000000000000000        1.9317884001618581E-002
   2.3250000346451998        0.0000000000000000        0.0000000000000000        9.2479865526478786E-003
   2.3750000353902578        0.0000000000000000        0.0000000000000000        5.3176264234327024E-002
   2.4250000361353159        0.0000000000000000        0.0000000000000000       0.39104685890367341     
   2.4750000368803740        0.0000000000000000        0.0000000000000000        1.1996705548568785     
   2.5250000376254320        0.0000000000000000        1.3939601508480040E-002   2.1719641600400461     
   2.5750000383704901        3.0157943328906214E-002   6.7017651842013809E-003   3.3399922236763633     
   2.6250000391155481        0.0000000000000000        1.2897797937039603E-002   3.0761248079839452     
   2.6750000398606062       0.13972677015727630        1.2420157347313448E-002   2.3543960771501058     
   2.7250000406056643       0.26929273377635143        1.1968565945615618E-002   1.2656758487488515     
   2.7750000413507223       0.36354664765214706        5.7705817087642395E-003  0.73358519972665381     
   2.8250000420957804       0.65147077704612777        2.7840631497697773E-002  0.35079195687099185     
   2.8750000428408384        1.1612465211482115        3.2256847809672543E-002  0.18749292789372160     
   2.9250000435858965        1.3322397037968319        4.1551335790934334E-002  0.18698101105920450     
   2.9750000443309546        2.0108314848942199        7.5312040632742300E-002  0.19204570361349291     
   3.0250000450760126        2.0104673040948731       0.12626123165813213       0.19667614931362892     
   3.0750000458210707        1.8610270949143752       0.14568646450087280       0.16918428135585228     
   3.1250000465661287        2.0067191737071783       0.20931764623702992       0.25595907827897685     
   3.1750000473111868        1.7059718058904811       0.22922618580440576       0.28763478122572067     
   3.2250000480562449       0.94210167441208403       0.27771704687884563       0.30762503654272133     
   3.2750000488013029       0.16779588187498690       0.38530906208330323       0.27965980312497818     
   3.3250000495463610        5.4262475706966025E-002  0.39390537920612373       0.36627171102202066     
   3.3750000502914190        1.7555545765462505E-002  0.38622200684017510       0.31161093733695949     
   3.4250000510364771        0.0000000000000000       0.43563854092700144       0.31962610339752828     
   3.4750000517815351        0.0000000000000000       0.48575148818791747       0.31463448666717381     
   3.5250000525265932        3.2186540817933908E-002  0.44703528913797097       0.25346900894122948     
   3.5750000532716513        3.1292528534668761E-002  0.53197298508936885       0.31683685141352114     
   3.6250000540167093        7.6088133384522152E-002  0.61208676189326694       0.31957016021499296     
   3.6750000547617674        5.9225459386217386E-002  0.59883520046064243       0.33314320904747280     
   3.7250000555068254        4.3234656489359202E-002  0.66933653379822766       0.31705414758863415     
   3.7750000562518835       0.14032322967551980       0.76398202823338557       0.29467878231859157     
   3.8250000569969416       0.23235375270022318       0.70161721403596800       0.40661906722539048     
   3.8750000577419996       0.14649172017032944       0.76945145948051830       0.30963022672365081     
   3.9250000584870577       0.23364535031243147       0.87977570179372333       0.33099757960927784     
   3.9750000592321157       0.18983710384587307       0.77903522615269394       0.39865791807633344     
   4.0250000599771738       0.35795668417134369       0.85306152319760842       0.40733001991911527     
   4.0750000607222319       0.21676125815355657       0.91521420109279428       0.34019475237988739     
   4.1250000614672899       0.32905965727542846       0.86704608107493852       0.32024555931269377     
   4.1750000622123480       0.41300392897890864       0.88719362521395184       0.41013584613877729     
   4.2250000629574060       0.47050108364971321       0.84889348954789534       0.41448904988189023     
   4.2750000637024641       0.41579210672509209       0.69298684454182014       0.39937926040699628     
   4.3250000644475222       0.54520891470902455       0.52026471599684687       0.38218075884014951     
   4.3750000651925802       0.55371317944227638       0.41093179354835602       0.43095601230177172     
   4.4250000659376383       0.61275930136129642       0.33134391851388623       0.47999478606634888     
   4.4750000666826963       0.67902872725360008       0.30622864170260400       0.49429297057431187     
   4.5250000674277544       0.65433936712234575       0.28430665702496610       0.52493643257949374     
   4.5750000681728125       0.56368350316591176       0.32695766285329719       0.51113673592163189     
   4.6250000689178705       0.71983482567471535       0.29084235380796580       0.58194438828897443     
   4.6750000696629286       0.72281898998667204       0.27652147014961292       0.64733472837413986     
   4.7250000704079866       0.67177435071882163       0.28264283793206724       0.73223404228351574     
   4.7750000711530447       0.76302429337104960       0.27870363717001295       0.73013531520850428     
   4.8250000718981028       0.66998628683510286       0.30349806155778164       0.76447153241441224     
   4.8750000726431608       0.73204206637418157       0.29917427999966562       0.77200988034288687     
   4.9250000733882189       0.77496392539258507       0.30961915695353870       0.78526929674089074     
   4.9750000741332769       0.71098866859679488       0.29085900078959792       0.85641816899159395     
   5.0250000748783350       0.72066845025569315       0.30445822196394362       0.88697655416085308     
   5.0750000756233931       0.67548153139823486       0.34334821136206578       0.78029763109796102     
   5.1250000763684511       0.70804620138119378       0.36375133404290716       0.76324335148886746     
   5.1750000771135092       0.72429832410014738       0.34348167947017300       0.72429832410014738     
   5.2250000778585672       0.60795582157604133       0.33368391813410569       0.62260535944534368     
   5.2750000786036253       0.69709727895559914       0.35932849430700986       0.62343493762266222     
   5.3250000793486834       0.71227678790016202       0.39335857813628311       0.47426350481471174     
   5.3750000800937414       0.64371364104340534       0.40607025384816969       0.51047183899947479     
   5.4250000808387995       0.63869736887057171       0.40767917161951389       0.44504976235130272     
   5.4750000815838575       0.64042724657469330       0.44029373202010164       0.41027370483691289     
   5.5250000823289156       0.49786992943616437       0.44255104838770171       0.44546256844288395     
   5.5750000830739737       0.56618694388270685       0.44322715303949273       0.38442806701126975     
   5.6250000838190317       0.51192570677438520       0.42976479087232339       0.42344472041831865     
   5.6750000845640898       0.52157237109532228       0.46086024324295677       0.38031318725700591     
   5.7250000853091478       0.53690662444365689       0.45962461031919122       0.37980042467747327     
   5.7750000860542059       0.41972146759869489       0.50233331201494591       0.43321251477151007     
   5.8250000867992640       0.43022750006070770       0.55399157542063737       0.39044619012358750     
   5.8750000875443220       0.45769752167798261       0.53558978626734388       0.41569363519487657     
   5.9250000882893801       0.36456126295152430       0.56962697336175672       0.41440362312067802     
   5.9750000890344381       0.33608004724647850       0.58876245313920117       0.42010005905809811     
   6.0250000897794962       0.29196386718876249       0.52027104216026865       0.37046358619706182     
   6.0750000905245543       0.28175923552151888       0.52257909494162036       0.38741894884208844     
   6.1250000912696123       0.25052616646751219       0.54724864731910461       0.38911510961975293     
   6.1750000920146704       0.32515109850345869       0.58270806183415536       0.44446057416400209     
   6.2250000927597284       0.36123250800557932       0.54815599627513301       0.41412726810639627     
   6.2750000935047865       0.28439902401671824       0.54961239958786423       0.38470046552261444     
   6.3250000942498446       0.32990617690118040       0.54651124254336947       0.41863094417384628     
   6.3750000949949026       0.34935388484151031       0.53250498252837408       0.45145378780575446     
   6.4250000957399607       0.37784700113677183       0.51671384770840578       0.43355521284283438     
   6.4750000964850187       0.39111275696338343       0.55328146107015219       0.51273928504346011     
   6.5250000972300768       0.44150388476252195       0.44046014035409986       0.43211018508672361     
   6.5750000979751348       0.45331730818425114       0.49854624596227159       0.48569711591169762     
   6.6250000987201929       0.51028644112528943       0.48598708678598990       0.49092289313616017     
   6.6750000994652510       0.43534844374298726       0.44282865755300421       0.51725678496267291     
   6.7250001002103090       0.44216387217502656       0.43135542196630366       0.49522353683602965     
   6.7750001009553671       0.48358435417947565       0.44824735932952398       0.52497220431195324     
   6.8250001017004251       0.50228295513119559       0.38637150394707359       0.54092010552590297     
   6.8750001024454832       0.50769602087788768       0.36948988186112935       0.52038842139983488     
   6.9250001031905413       0.53792050678203163       0.34471391649081096       0.61297918214696623     
   6.9750001039355993       0.54667748795084403       0.39368086433887012       0.55798096984456447     
   7.0250001046806574       0.56323565887889226       0.34397445514266478       0.54500141092957555     
   7.0750001054257154       0.52733800038273804       0.32226211134500654       0.58326778830211934     
   7.1250001061707735       0.56329299520246834       0.35452006691064442       0.57018644094795312     
   7.1750001069158316       0.62538885938076449       0.34182745109010731       0.58266042799450102     
   7.2250001076608896       0.59377798942475668       0.34903078948265265       0.58132780577552789     
   7.2750001084059477       0.51763388144306832       0.39546724762317148       0.61209261893267930     
   7.3250001091510057       0.71557328300862866       0.35281738259453216       0.58140329244451072     
   7.3750001098960638       0.67649087518625073       0.35703685079274344       0.56343601425159207     
   7.4250001106411219       0.59486596779130863       0.39415915752025732       0.57400938660350354     
   7.4750001113861799       0.68714287591648715       0.37538360813956240       0.59588171270882861     
   7.5250001121312380       0.52972014039846382       0.41592840653509011       0.56856628402768450     
   7.5750001128762960       0.59942027494247840       0.39109462383197885       0.50532523178290323     
   7.6250001136213541       0.52623534127506688       0.41196927951671908       0.55976994635632116     
   7.6750001143664122       0.50921687524178771       0.41039108167634453       0.54571075130078250     
   7.7250001151114702       0.56631497404741982       0.41849969153800115       0.50683514689155174     
   7.7750001158565283       0.55574661021273408       0.45062522759312967       0.47304622178822014     
   7.8250001166015863       0.49967899513344849       0.47826936498611844       0.44824145151676992     
   7.8750001173466444       0.56429382465389999       0.46433320428663766       0.47320067867405613     
   7.9250001180917025       0.47759647140281597       0.45141710926666173       0.44734869488063767     
   7.9750001188367605       0.46219406185730838       0.50935672123050313       0.44568713107669028     
   8.0250001195818186       0.46576795409241473       0.46921808708569185       0.47741215294472511     
   8.0750001203268766       0.46615137667070056       0.51794597407855614       0.45465093152257474     
   8.1250001210719347       0.48163589613386465       0.49678167903115605       0.44377143889063630     
   8.1750001218169928       0.42788690318515127       0.46745064947810611       0.45406879411431261     
   8.2250001225620508       0.44634803729054945       0.50251103536022124       0.42935134050630669     
   8.2750001233071089       0.47309408819453508       0.52760698724575728       0.45630216839750687     
   8.3250001240521669       0.38086755166099623       0.53539462228439705       0.47536309951628125     
   8.3750001247972250       0.37348245688937637       0.52015114012922481       0.47112958779365988     
   8.4250001255422831       0.39723531545608293       0.52276042301943138       0.48316210355119310     
   8.4750001262873411       0.43432392930381525       0.50485516568648603       0.46146917488530370     
   8.5250001270323992       0.38246756664258424       0.50751091976553941       0.48358758875851926     
   8.5750001277774572       0.49496185752456889       0.46534875493762895       0.46028733179139175     
   8.6250001285225153       0.43816533260260160       0.48864245680835461       0.47378306669453085     
   8.6750001292675734       0.48627366845829756       0.49129288665124904       0.46900165291196461     
   8.7250001300126314       0.46495512525374399       0.48684566787397671       0.50829839964180490     
   8.7750001307576895       0.58692532164578493       0.45649747239116611       0.46876115290736364     
   8.8250001315027475       0.52123705317767210       0.46674538533041687       0.47694474200863346     
   8.8750001322478056       0.48999231612844424       0.48914604269817058       0.48999231612844424     
   8.9250001329928637       0.50711168384568439       0.44407139751503272       0.48640043933218480     
   8.9750001337379217       0.54119813166476094       0.47334148518691627       0.47789284562140588     
   9.0250001344829798       0.51312194277973555       0.43864969909081059       0.53153540962589829     
   9.0750001352280378       0.55847444185966144       0.43275024383714839       0.53479998182430621     
   9.1250001359730959       0.54996934427482103       0.42588601332489784       0.54576652177490437     
   9.1750001367181540       0.50598333775014714       0.42917522544691672       0.53686494991330169     
   9.2250001374632120       0.49816347347204987       0.42192461904131684       0.53517325982669506     
   9.2750001382082701       0.54162270956271419       0.39000967641378081       0.57823454508036543     
   9.3250001389533281       0.53812970843375441       0.40168086498473976       0.52145688627074283     
   9.3750001396983862       0.54378115333678723       0.39841892034345727       0.50339573295298823     
   9.4250001404434443       0.52226879908253288       0.38169644990418833       0.55997570591284507     
   9.4750001411885023       0.53681844567871273       0.39846827918060279       0.53403411764095998     
   9.5250001419335604       0.59070909937680560       0.41241879077551435       0.55544288448863810     
   9.5750001426786184       0.60636772416021234       0.41442398413827464       0.57910298836164165     
   9.6250001434236765       0.58281556790462008       0.40005611821601078       0.55205585737632068     
   9.6750001441687346       0.52767178418209415       0.38596235766085696       0.55277357958346907     
   9.7250001449137926       0.53494628677367639       0.43321956645176080       0.51221635561629686     
   9.7750001456588507       0.55878741335924320       0.40973092898001934       0.52111635178446281     
   9.8250001464039087       0.54689972407762666       0.39268136754058541       0.50028895213919256     
   9.8750001471489668       0.51881821782984661       0.40603164873640168       0.50856489336680610     
   9.9250001478940248       0.53187450682145720       0.45202566228592045       0.51309649465314244     
   9.9750001486390829       0.47631193165167246       0.44973850461625331       0.50897045017209297     
   10.025000149384141       0.51534721571661513       0.43553582795441087       0.47704438211605588     
   10.075000150129199       0.45705326603398094       0.45398873264103279       0.52108012442236196     
   10.125000150874257       0.47400744178988424       0.44734858703901281       0.45986524445253169     
   10.175000151619315       0.45777120303244007       0.45755658924761478       0.47563780061914923     
   10.225000152364373       0.44374177773013662       0.48879601953032292       0.47625733902932771     
   10.275000153109431       0.52088039121744223       0.45416560979686482       0.50525397948091899     
   10.325000153854489       0.47082832804720570       0.47853999167613293       0.48395899855051427     
   10.375000154599547       0.46444339405760682       0.46692042549258078       0.44725898847747547     
   10.425000155344605       0.42319907424388031       0.48126116945415182       0.47931895148056880     
   10.475000156089664       0.47202033524951637       0.47141284447055942       0.45151752145972074     
   10.525000156834722       0.46754624250656068       0.48178724774807324       0.46980273981595527     
   10.575000157579780       0.46849996518435061       0.47406315391427506       0.48727572714784556     
   10.625000158324838       0.41981649640243146       0.46606913430893465       0.49200013449694235     
   10.675000159069896       0.46502804517136598       0.47302223798143977       0.49442132727182025     
   10.725000159814954       0.43636324827099920       0.47634872520419835       0.45070586499703796     
   10.775000160560012       0.50466375661210583       0.46543126889671654       0.46720151529363046     
   10.825000161305070       0.47953418273848986       0.46038315369278504       0.48166734191437277     
   10.875000162050128       0.47344394632902831       0.47081370218275592       0.48697091622414346     
   10.925000162795186       0.47917286509861129       0.43821791936368720       0.49299515928414811     
   10.975000163540244       0.47979737385712606       0.46670025215629712       0.50179500431943369     
   11.025000164285302       0.47381017173620299       0.45955199527191898       0.47216499752878560     
   11.075000165030360       0.45975952311825591       0.44055758874058248       0.51274599298117540     
   11.125000165775418       0.49279796050183733       0.44665986365339572       0.50410807762810905     
   11.175000166520476       0.50120844762885330       0.46117582401632506       0.51441921342098773     
   11.225000167265534       0.48246964994083813       0.44473262322762924       0.50429187917335960     
   11.275000168010592       0.51437964292119076       0.42891187350615095       0.51673918256761819     
   11.325000168755651       0.55506354359610566       0.43136960785090600       0.51179665220624060     
   11.375000169500709       0.46519262232319369       0.44475780428832468       0.50730723680261902     
   11.425000170245767       0.53926146302581190       0.42146823941032524       0.49138668825434434     
   11.475000170990825       0.51786687938323583       0.41341604903516710       0.51520920478229548     
   11.525000171735883       0.55252679956832296       0.45667519310370025       0.51074854701240757     
   11.575000172480941       0.56418165170231971       0.42023406978650146       0.53171881856865444     
   11.625000173225999       0.57561597914209217       0.42287469247456749       0.51605674222571885     
   11.675000173971057       0.53842033607020501       0.43816950147039396       0.53621970799362384     
   11.725000174716115       0.51638286758992447       0.40696465120232550       0.52511046535200778     
   11.775000175461173       0.53364085667954442       0.42018207994407364       0.52246324414098633     
   11.825000176206231       0.51626667091536993       0.42299226776753307       0.53021016133482946     
   11.875000176951289       0.55872509290821148       0.41817721279706532       0.53390862304553721     
   11.925000177696347       0.49780090651526226       0.43623984023559703       0.52873768601621074     
   11.975000178441405       0.53548755496628075       0.43849241335491157       0.51631319590173297     
   12.025000179186463       0.46742909050213344       0.43854129661179780       0.51548577954044439     
   12.075000179931521       0.55819937081117632       0.44162210663685209       0.52528343739724948     
