   2.5000000372529030E-002   0.0000000000000000        0.0000000000000000        0.0000000000000000     
   7.5000001117587090E-002   0.0000000000000000        0.0000000000000000        0.0000000000000000     
  0.12500000186264515        0.0000000000000000        0.0000000000000000        0.0000000000000000     
  0.17500000260770321        0.0000000000000000        0.0000000000000000        0.0000000000000000     
  0.22500000335276127        0.0000000000000000        0.0000000000000000        0.0000000000000000     
  0.27500000409781933        0.0000000000000000        0.0000000000000000        0.0000000000000000     
  0.32500000484287739        0.0000000000000000        0.0000000000000000        0.0000000000000000     
  0.37500000558793545        0.0000000000000000        0.0000000000000000        0.0000000000000000     
  0.42500000633299351        0.0000000000000000        0.0000000000000000        0.0000000000000000     
  0.47500000707805157        0.0000000000000000        0.0000000000000000        0.0000000000000000     
  0.52500000782310963        0.0000000000000000        0.0000000000000000        0.0000000000000000     
  0.57500000856816769        0.0000000000000000        0.0000000000000000        0.0000000000000000     
  0.62500000931322575        0.0000000000000000        0.0000000000000000        0.0000000000000000     
  0.67500001005828381        0.0000000000000000        0.0000000000000000        0.0000000000000000     
  0.72500001080334187        0.0000000000000000        0.0000000000000000        0.0000000000000000     
  0.77500001154839993        0.0000000000000000        0.0000000000000000        0.0000000000000000     
  0.82500001229345798        0.0000000000000000        0.0000000000000000        0.0000000000000000     
  0.87500001303851604        0.0000000000000000        0.0000000000000000        0.0000000000000000     
  0.92500001378357410        0.0000000000000000        0.0000000000000000        0.0000000000000000     
  0.97500001452863216        0.0000000000000000        0.0000000000000000        0.0000000000000000     
   1.0250000152736902        0.0000000000000000        0.0000000000000000        0.0000000000000000     
   1.0750000160187483        0.0000000000000000        0.0000000000000000        0.0000000000000000     
   1.1250000167638063        0.0000000000000000        0.0000000000000000        0.0000000000000000     
   1.1750000175088644        0.0000000000000000        0.0000000000000000        0.0000000000000000     
   1.2250000182539225        0.0000000000000000        0.0000000000000000        0.0000000000000000     
   1.2750000189989805        0.0000000000000000        0.0000000000000000        0.0000000000000000     
   1.3250000197440386        0.0000000000000000        0.0000000000000000        0.0000000000000000     
   1.3750000204890966        0.0000000000000000        0.0000000000000000        0.0000000000000000     
   1.4250000212341547        0.0000000000000000        0.0000000000000000        0.0000000000000000     
   1.4750000219792128        0.0000000000000000        1.6493817640568908E-002   0.0000000000000000     
   1.5250000227242708        0.0000000000000000        2.2373618379187343        0.0000000000000000     
   1.5750000234693289        0.0000000000000000        8.9400037477953216        0.0000000000000000     
   1.6250000242143869        0.0000000000000000        5.4494189023886612        0.0000000000000000     
   1.6750000249594450        0.0000000000000000        1.6883359778608111        0.0000000000000000     
   1.7250000257045031        0.0000000000000000       0.59092762114722597        0.0000000000000000     
   1.7750000264495611        0.0000000000000000       0.26196858787862604        0.0000000000000000     
   1.8250000271946192        0.0000000000000000       0.19393956504164511        0.0000000000000000     
   1.8750000279396772        0.0000000000000000        6.1244879629569177E-002   0.0000000000000000     
   1.9250000286847353        0.0000000000000000        5.8104822837227850E-002   0.0000000000000000     
   1.9750000294297934        0.0000000000000000        1.8400067446923910E-002   0.0000000000000000     
   2.0250000301748514        0.0000000000000000        3.5005371151819079E-002   0.0000000000000000     
   2.0750000309199095        0.0000000000000000        1.6669385662676735E-002   0.0000000000000000     
   2.1250000316649675        0.0000000000000000        1.5894208473712982E-002   8.9404922664635539E-003
   2.1750000324100256        0.0000000000000000        1.5171871713766235E-002   7.6807600550941546E-002
   2.2250000331550837        0.0000000000000000        2.1746519706880359E-002  0.15494395291152255     
   2.2750000339001417        0.0000000000000000        2.0801171080112039E-002  0.16380922225588229     
   2.3250000346451998        2.9874226972077193E-002   1.3277434209812086E-002  0.23899381577661755     
   2.3750000353902578        5.7259302812192089E-002   2.5448579027640927E-002  0.72289869800392526     
   2.4250000361353159       0.10984503917691037        1.2205004352990040E-002  0.84443373867249838     
   2.4750000368803740       0.10545183532464383        1.7575305887440641E-002   1.5290516122073354     
   2.5250000376254320       0.15197551460033806        2.8143613814877420E-002   1.9123585587209209     
   2.5750000383704901       0.34097241990072913        2.1649042533379625E-002   2.2345871089922782     
   2.6250000391155481       0.18748976695403444        4.6872441738508609E-002   1.9334882217134801     
   2.6750000398606062       0.40622964791214078        8.5258074253165353E-002   1.5910661209892183     
   2.7250000406056643       0.73942315705390982        8.6990959653401145E-002   1.1471932804292275     
   2.7750000413507223       0.79690252072057577       0.13980745977553960       0.80738808020374120     
   2.8250000420957804        1.1534159226238128       0.12590895061780413       0.64247290426852721     
   2.8750000428408384        1.3090236308747756       0.13893451471971083       0.43471307144722021     
   2.9250000435858965        1.6987893185066509       0.19714345177731504       0.44829162571703285     
   2.9750000443309546        1.3502273013107966       0.24328419843437774       0.52914313159477167     
   3.0250000450760126        1.3236097147427210       0.22746478060763797       0.42355510871767071     
   3.0750000458210707        1.2809163900229001       0.32260116489465629       0.43551157260778600     
   3.1250000465661287        1.5048437617096708       0.33073489268344414       0.43822373280556348     
   3.1750000473111868       0.72090063375662450       0.37380032861454604       0.39249034504527336     
   3.2250000480562449       0.49686816214819773       0.36920064826289695       0.41923251181254190     
   3.2750000488013029       0.19573641789932655       0.53200154608534911       0.30113295061434858     
   3.3250000495463610       0.14607229243074085       0.59727337349458487       0.33231446527993541     
   3.3750000502914190       0.12759872655723034       0.57025603720638740       0.35444090710341764     
   3.4250000510364771        6.8833597488053053E-002  0.58738003189805277       0.31663454844504407     
   3.4750000517815351       0.10698729438568153       0.63598002773710682       0.29755841251017678     
   3.5250000525265932        9.0977048660388180E-002  0.46788196453913922       0.32166885062065814     
   3.5750000532716513       0.10108579793590138       0.61774654294161957       0.24007877009776576     
   3.6250000540167093       0.24579124911898501       0.61994015055566221       0.29187710832879471     
   3.6750000547617674       0.23914865227107304       0.62178649590478996       0.30790388979900657     
   3.7250000555068254       0.24441032476879182       0.64400180812094343       0.29096467234379975     
   3.7750000562518835       0.30597280743420452       0.71015910861272158       0.28330815503167084     
   3.8250000569969416       0.25387392712085693       0.73341356723803119       0.27319042157570472     
   3.8750000577419996       0.48397441403817482       0.71699913190840714       0.27156342121030919     
   3.9250000584870577       0.44027438932494745       0.77339204897292357       0.30399898310532081     
   3.9750000592321157       0.52125413368287965       0.79721220445616892       0.36538892704241072     
   4.0250000599771738       0.46851104301680074       0.77752896500660562       0.32147832207003885     
   4.0750000607222319       0.54461134042256265       0.74559885891184186       0.29661867648014584     
   4.1250000614672899       0.42708922898055146       0.73185166645062394       0.34641681906200283     
   4.1750000622123480       0.61148402181378947       0.72060406611052630       0.37059637685684210     
   4.2250000629574060       0.49758069512313008       0.63328452106580191       0.45913127777270629     
   4.2750000637024641       0.75994225031399509       0.50466449181058592       0.45729083085754940     
   4.3250000644475222       0.77700672397682724       0.48347085047447019       0.48131249846342344     
   4.3750000651925802       0.62435300479872657       0.38623639335897209       0.51888797020434718     
   4.4250000659376383       0.75878019125179796       0.34456685013366672       0.57114704613246747     
   4.4750000666826963       0.63708271478761991       0.29927654956267941       0.64111488386855420     
   4.5250000674277544       0.53632328781957528       0.32950581081725533       0.58758948444938763     
   4.5750000681728125       0.53238020525471019       0.27947817538330999       0.63654154976106647     
   4.6250000689178705       0.67192628550936850       0.26340181479393471       0.75686078789117051     
   4.6750000696629286       0.56896124216744470       0.28078606756315450       0.68533967806533103     
   4.7250000704079866       0.58591776864607414       0.29577193259500040       0.72878043445792551     
   4.7750000711530447       0.57371159459804166       0.26127880577030155       0.78796808517323624     
   4.8250000718981028       0.58269339123386754       0.27439000962864668       0.68674578252562968     
   4.8750000726431608       0.64555000122539774       0.32315251523329852       0.72029789610412787     
   4.9250000733882189       0.61919305542348368       0.29591065970058961       0.70741142084672204     
   4.9750000741332769       0.71120696374186831       0.29869242513929645       0.69326366878507817     
   5.0250000748783350       0.50525509782057754       0.30556918714887249       0.69072848815977694     
   5.0750000756233931       0.67091499690560241       0.32187199228493074       0.67718523052154267     
   5.1250000763684511       0.58410611012237224       0.36207747177176292       0.65788793455888239     
   5.1750000771135092       0.60905514351539891       0.28543178342965886       0.61056270575182325     
   5.2250000778585672       0.52646976046945415       0.38647218371540454       0.57675058028957060     
   5.2750000786036253       0.66163123542081981       0.39336749864200787       0.60504435344403928     
   5.3250000793486834       0.50688205903370720       0.39360878991131815       0.51400118907631542     
   5.3750000800937414       0.43600740167565705       0.44718707864169949       0.53802195399079467     
   5.4250000808387995       0.49934207445353862       0.42678809782353727       0.47739297227975669     
   5.4750000815838575       0.56568851543259302       0.44895913923221664       0.43638828333371460     
   5.5250000823289156       0.42852564603196858       0.50317963374947194       0.39942822562239044     
   5.5750000830739737       0.48322525308232100       0.53345296756041172       0.39359476259124537     
   5.6250000838190317       0.46956881018313662       0.47183725854150921       0.40321669570073687     
   5.6750000845640898       0.51147564513473553       0.54379109983823737       0.38862120096021574     
   5.7250000853091478       0.46316255306448656       0.54309367924346419       0.37570366671454358     
   5.7750000860542059       0.33411942768502945       0.56816443741608857       0.37527906732738808     
   5.8250000867992640       0.25701505415096165       0.52672220974147699       0.40337084887581481     
   5.8750000875443220       0.36495184839550365       0.55314639130030741       0.39536450242846227     
   5.9250000882893801       0.33121693798481416       0.56225097497422161       0.40827087841878135     
   5.9750000890344381       0.33022035099213559       0.54182273724432606       0.38789582325446070     
   6.0250000897794962       0.38259666884682109       0.54670790147879078       0.37592347113437652     
   6.0750000905245543       0.35006951993652985       0.54358017123477820       0.36319712693414974     
   6.1250000912696123       0.37020576848966458       0.52708883317262323       0.38204374364485744     
   6.1750000920146704       0.33458781648843755       0.51576406029722577       0.44364650350840285     
   6.2250000927597284       0.37924483437938178       0.49269414380911136       0.41883632807832827     
   6.2750000935047865       0.38552933005818341       0.51130485617645605       0.43474584027837698     
   6.3250000942498446       0.46826747771516980       0.46288509291384611       0.42386280310424856     
   6.3750000949949026       0.43710865796848680       0.46095094840313156       0.43214151412793583     
   6.4250000957399607       0.43033191635474533       0.47988528854104923       0.46065075591610233     
   6.4750000964850187       0.51230579155504774       0.44511113050730966       0.48823127127520533     
   6.5250000972300768       0.47413955091861620       0.48046141159753114       0.46750159720575563     
   6.5750000979751348       0.46695575680904799       0.44578709583370452       0.49590701373120899     
   6.6250000987201929       0.63654865468568689       0.43090705333250734       0.48936977498957424     
   6.6750000994652510       0.58355343986432939       0.42447572506349424       0.55455699564746830     
   6.7250001002103090       0.58205008181095153       0.38803338787396768       0.55169777693123934     
   6.7750001009553671       0.49256867978977981       0.41516503010852868       0.59811911117330407     
   6.8250001017004251       0.61018951687468170       0.40371124601304703       0.57205267207001409     
   6.8750001024454832       0.57742916222375562       0.38950842895566945       0.58084590282863002     
   6.9250001031905413       0.58932645167212994       0.37716892907016314       0.60616435029133364     
   6.9750001039355993       0.57758817430342801       0.37841983833672871       0.63401920282732627     
   7.0250001046806574       0.62175378615515231       0.35487233642539689       0.56530508714896088     
   7.0750001054257154       0.66139132344568563       0.35776072672021370       0.60170478937863603     
   7.1250001061707735       0.59169888751329924       0.36830958231114574       0.61635300782635349     
   7.1750001069158316       0.58034398591798242       0.37086246307311310       0.59289196399188471     
   7.2250001076608896       0.60327663226534045       0.38293456885674604       0.61874526386188766     
   7.2750001084059477       0.51872901957986872       0.36683973802968489       0.60111539327784791     
   7.3250001091510057       0.61701574270291015       0.39662908988924189       0.59820428713269935     
   7.3750001098960638       0.56710957851754895       0.38269174582917792       0.55523293812974694     
   7.4250001106411219       0.55949748447272685       0.40684808353165125       0.55217421896915719     
   7.4750001113861799       0.46533014823382340       0.42133413007783044       0.52530282261799621     
   7.5250001121312380       0.46772283116259905       0.42842904317874925       0.47770472085204480     
   7.5750001128762960       0.56851751157193164       0.45093633206090505       0.46930839135950297     
   7.6250001136213541       0.53330948115394772       0.45183164375542789       0.52081004018940202     
   7.6750001143664122       0.51815874007280849       0.45022846433134095       0.48663056276679112     
   7.7250001151114702       0.46276120809518928       0.45584534858499476       0.47223292872871653     
   7.7750001158565283       0.51827321668250648       0.47196701862839946       0.47285752243713225     
   7.8250001166015863       0.43782166284776936       0.49350179399976135       0.46551520176283906     
   7.8750001173466444       0.48696567595359463       0.49825008555679734       0.45311244714398646     
   7.9250001180917025       0.49112575902267736       0.49598273278846300       0.47762622899718493     
   7.9750001188367605       0.45451639464692123       0.49373289300565620       0.46975158105966724     
   8.0250001195818186       0.45388561194321181       0.51546248133513928       0.46642388851622874     
   8.0750001203268766       0.48047921851784448       0.48708374385829606       0.40927417969110208     
   8.1250001210719347       0.45745968314154833       0.50611404040972252       0.45317864332605257     
   8.1750001218169928       0.43979859704168039       0.51282986590330248       0.44040271599366065     
   8.2250001225620508       0.43208058507019420       0.52199790756178166       0.41775747175295019     
   8.2750001233071089       0.44810067992228525       0.51308838087007869       0.43866698139760557     
   8.3250001240521669       0.46137571215550793       0.48882005866980865       0.45438517106224269     
   8.3750001247972250       0.43976612624911815       0.49221060320145626       0.46509297121634491     
   8.4250001255422831       0.44366262631617986       0.50610403298290141       0.43228666153884188     
   8.4750001262873411       0.38672932189292514       0.47816532435598108       0.44462629886236010     
   8.5250001270323992       0.49553481340694655       0.46121526230402393       0.46942479521173752     
   8.5750001277774572       0.46122106573491273       0.45487622567718372       0.46286828382682305     
   8.6250001285225153       0.45154728916551146       0.49593014237408739       0.51070432584705094     
   8.6750001292675734       0.46567067835080911       0.47020101265120107       0.49356800009532770     
   8.7250001300126314       0.51762720637714721       0.45398451706848159       0.49057906342096441     
   8.7750001307576895       0.50335587805637927       0.43158105840759931       0.51122081365101024     
   8.8250001315027475       0.55780322168436358       0.43361654820734086       0.49196585258221276     
   8.8750001322478056       0.47157339143038590       0.40733005984421738       0.53103264513247794     
   8.9250001329928637       0.55145572117609065       0.42620679103969100       0.52966105572519728     
   8.9750001337379217       0.51325035178793377       0.40053130751506283       0.52277355167462403     
   9.0250001344829798       0.56111287212229699       0.39566498560331581       0.52294530043199938     
   9.0750001352280378       0.57455628864363484       0.41659143871317017       0.55690780196174838     
   9.1250001359730959       0.56439802356957058       0.42539965579470507       0.56245851146108417     
   9.1750001367181540       0.55250803118232394       0.41054416205908795       0.57552919914825418     
   9.2250001374632120       0.53894426557195985       0.40062367159104995       0.56503751786637690     
   9.2750001382082701       0.53127193608611079       0.40716247319987769       0.54722886702862650     
   9.3250001389533281       0.58687781034668129       0.43541215887183454       0.57805607110887514     
   9.3750001396983862       0.48692449200697985       0.40873074758824884       0.55215399942678278     
   9.4250001404434443       0.58721631611415137       0.40076958072599811       0.57539926950504316     
   9.4750001411885023       0.50548259102180060       0.39814998865774093       0.56349616241131328     
   9.5250001419335604       0.53579031349695350       0.43116385508429628       0.50374969674298287     
   9.5750001426786184       0.59890741908136291       0.39261708584222682       0.54386078129814941     
   9.6250001434236765       0.50553924211498347       0.43658446426328446       0.50118114520019907     
   9.6750001441687346       0.53310762420139257       0.39796167847612046       0.50938519755812672     
   9.7250001449137926       0.47470515443750227       0.42689312449415673       0.51056417689501155     
   9.7750001456588507       0.47831200873972279       0.41915681331254862       0.49352334470671044     
   9.8250001464039087       0.52197279310387490       0.42717004221962412       0.51653557650904280     
   9.8750001471489668       0.54816611432128903       0.42800751322971409       0.49185902100731971     
   9.9250001478940248       0.47216073317100488       0.46305269433668766       0.49183409705313014     
   9.9750001486390829       0.48366969195922682       0.45553677922781760       0.48245240246604082     
   10.025000149384141       0.47725019510000410       0.46493060532750125       0.46841222852407810     
   10.075000150129199       0.43752313373749502       0.45785249146671197       0.45780829721077887     
   10.125000150874257       0.50252661139619537       0.49184945246370920       0.46944492224472173     
   10.175000151619315       0.43520494532735121       0.49188038026245429       0.47030211833762148     
   10.225000152364373       0.47266479441871506       0.47918667611367194       0.48309122370736324     
   10.275000153109431       0.46654619240670847       0.46569638149157794       0.46501653275947341     
   10.325000153854489       0.51808911133544711       0.50260366681210034       0.46165981485227331     
   10.375000154599547       0.45759589113641019       0.48376804228701736       0.47597474250172506     
   10.425000155344605       0.45618893152682494       0.48904510140515950       0.47773531428623528     
   10.475000156089664       0.47244958592312580       0.48733117551087396       0.47539319705037270     
   10.525000156834722       0.47234498919881773       0.46165405322929720       0.46651356957907919     
   10.575000157579780       0.43467459943759912       0.48939000674960409       0.45922432764503834     
   10.625000158324838       0.48209269422502532       0.46572093441454804       0.46385328220315863     
   10.675000159069896       0.50167912327308484       0.46798190658117023       0.48679881029464594     
   10.725000159814954       0.47454853840323996       0.47891650654107393       0.46998557168782423     
   10.775000160560012       0.50353836071494495       0.46737262210005942       0.48128252156732315     
   10.825000161305070       0.49751931731440219       0.43856427355754013       0.49304026528871858     
   10.875000162050128       0.48203074260568080       0.45123054092203163       0.48817561042926594     
   10.925000162795186       0.46680422041174835       0.43899140856757018       0.51957339315394602     
   10.975000163540244       0.44647151156072568       0.43768211577090821       0.49976653433711860     
   11.025000164285302       0.47564661912159534       0.42781623284121140       0.52081976171973565     
   11.075000165030360       0.53061089959201613       0.44268778113191093       0.50329036319863063     
   11.125000165775418       0.48409708486104486       0.42798879739736578       0.51639197125002290     
   11.175000166520476       0.54314130373958303       0.43393829028929642       0.51921722250343472     
   11.225000167265534       0.55753889200482321       0.43406859331563241       0.53350704321151177     
