           1   0.0000000000000000        0.0000000000000000     
           2   0.0000000000000000        0.0000000000000000     
           3   0.0000000000000000        0.0000000000000000     
           4   0.0000000000000000        0.0000000000000000     
           5   0.0000000000000000        0.0000000000000000     
           6   0.0000000000000000        0.0000000000000000     
           7   0.0000000000000000        0.0000000000000000     
           8   0.0000000000000000        0.0000000000000000     
           9   0.0000000000000000        0.0000000000000000     
          10   0.0000000000000000        0.0000000000000000     
          11   0.0000000000000000        0.0000000000000000     
          12   0.0000000000000000        0.0000000000000000     
          13   0.0000000000000000        0.0000000000000000     
          14   0.0000000000000000        0.0000000000000000     
          15   0.0000000000000000        0.0000000000000000     
          16   0.0000000000000000        0.0000000000000000     
          17   0.0000000000000000        0.0000000000000000     
          18   0.0000000000000000        0.0000000000000000     
          19   0.0000000000000000        0.0000000000000000     
          20   0.0000000000000000        0.0000000000000000     
          21   0.0000000000000000        0.0000000000000000     
          22   0.0000000000000000        0.0000000000000000     
          23   0.0000000000000000        0.0000000000000000     
          24   0.0000000000000000        0.0000000000000000     
          25   0.0000000000000000        0.0000000000000000     
          26   0.0000000000000000        0.0000000000000000     
          27   0.0000000000000000        0.0000000000000000     
          28   0.0000000000000000        0.0000000000000000     
          29   0.0000000000000000        0.0000000000000000     
          30   0.0000000000000000        0.0000000000000000     
          31   0.0000000000000000        0.0000000000000000     
          32   0.0000000000000000        0.0000000000000000     
          33   0.0000000000000000        0.0000000000000000     
          34   0.0000000000000000        0.0000000000000000     
          35   0.0000000000000000        0.0000000000000000     
          36   0.0000000000000000        0.0000000000000000     
          37   0.0000000000000000        0.0000000000000000     
          38   0.0000000000000000        0.0000000000000000     
          39   0.0000000000000000        0.0000000000000000     
          40   0.0000000000000000        0.0000000000000000     
          41   0.0000000000000000        0.0000000000000000     
          42   0.0000000000000000        0.0000000000000000     
          43   0.0000000000000000        0.0000000000000000     
          44   0.0000000000000000        0.0000000000000000     
          45   0.0000000000000000        0.0000000000000000     
          46   0.0000000000000000        0.0000000000000000     
          47   0.0000000000000000        0.0000000000000000     
          48   0.0000000000000000        0.0000000000000000     
          49   0.0000000000000000        0.0000000000000000     
          50   0.0000000000000000        0.0000000000000000     
          51   0.0000000000000000        0.0000000000000000     
          52   0.0000000000000000        0.0000000000000000     
          53   0.0000000000000000        0.0000000000000000     
          54   0.0000000000000000        0.0000000000000000     
          55   0.0000000000000000        0.0000000000000000     
          56   0.0000000000000000        0.0000000000000000     
          57   0.0000000000000000        0.0000000000000000     
          58   0.0000000000000000        0.0000000000000000     
          59   0.0000000000000000        0.0000000000000000     
          60   0.0000000000000000        0.0000000000000000     
          61   0.0000000000000000        0.0000000000000000     
          62   0.0000000000000000        0.0000000000000000     
          63   0.0000000000000000        0.0000000000000000     
          64   0.0000000000000000        0.0000000000000000     
          65   0.0000000000000000        0.0000000000000000     
          66   0.0000000000000000        0.0000000000000000     
          67   0.0000000000000000        0.0000000000000000     
          68   0.0000000000000000        0.0000000000000000     
          69   0.0000000000000000        0.0000000000000000     
          70   0.0000000000000000        2.2321428571428570E-003
          71   0.0000000000000000        2.2321428571428570E-003
          72   5.9523809523809521E-003   1.4880952380952380E-003
          73   0.0000000000000000        2.2321428571428570E-003
          74   0.0000000000000000        5.2083333333333330E-003
          75   0.0000000000000000        3.7202380952380950E-003
          76   0.0000000000000000        5.2083333333333330E-003
          77   2.9761904761904760E-003   9.6726190476190479E-003
          78   0.0000000000000000        1.1160714285714286E-002
          79   5.9523809523809521E-003   1.7113095238095240E-002
          80   2.9761904761904760E-003   1.5625000000000000E-002
          81   4.4642857142857140E-003   1.1904761904761904E-002
          82   1.4880952380952380E-003   1.1904761904761904E-002
          83   1.1904761904761904E-002   1.4136904761904762E-002
          84   8.9285714285714281E-003   1.4136904761904762E-002
          85   1.6369047619047620E-002   1.8601190476190476E-002
          86   1.6369047619047620E-002   1.4136904761904762E-002
          87   2.3809523809523808E-002   1.3392857142857142E-002
          88   7.4404761904761901E-003   2.6785714285714284E-002
          89   5.9523809523809521E-003   2.3809523809523808E-002
          90   1.6369047619047620E-002   2.3065476190476192E-002
          91   1.7857142857142856E-002   1.1904761904761904E-002
          92   1.6369047619047620E-002   2.3065476190476192E-002
          93   2.6785714285714284E-002   2.5297619047619048E-002
          94   1.4880952380952380E-002   2.3809523809523808E-002
          95   3.1250000000000000E-002   3.6458333333333336E-002
          96   2.9761904761904760E-002   3.4970238095238096E-002
          97   2.3809523809523808E-002   3.0505952380952380E-002
          98   3.1250000000000000E-002   2.2321428571428572E-002
          99   5.0595238095238096E-002   3.2738095238095240E-002
         100   3.4226190476190479E-002   2.0833333333333332E-002
         101   2.3809523809523808E-002   3.8690476190476192E-002
         102   1.6369047619047620E-002   3.3482142857142856E-002
         103   2.3809523809523808E-002   2.4553571428571428E-002
         104   1.4880952380952380E-002   2.8273809523809524E-002
         105   2.6785714285714284E-002   2.1577380952380952E-002
         106   1.0416666666666666E-002   2.2321428571428572E-002
         107   8.9285714285714281E-003   3.1250000000000000E-002
         108   7.4404761904761901E-003   2.6041666666666668E-002
         109   1.6369047619047620E-002   2.6785714285714284E-002
         110   1.1904761904761904E-002   2.9017857142857144E-002
         111   1.9345238095238096E-002   1.8601190476190476E-002
         112   2.0833333333333332E-002   2.0833333333333332E-002
         113   1.9345238095238096E-002   2.3809523809523808E-002
         114   2.2321428571428572E-002   1.1160714285714286E-002
         115   1.0416666666666666E-002   1.5625000000000000E-002
         116   2.2321428571428572E-002   2.1577380952380952E-002
         117   2.3809523809523808E-002   1.1904761904761904E-002
         118   2.8273809523809524E-002   1.7857142857142856E-002
         119   1.7857142857142856E-002   2.3065476190476192E-002
         120   2.0833333333333332E-002   1.1904761904761904E-002
         121   3.1250000000000000E-002   1.3392857142857142E-002
         122   3.2738095238095240E-002   1.4136904761904762E-002
         123   4.7619047619047616E-002   1.0416666666666666E-002
         124   5.9523809523809521E-002   8.1845238095238099E-003
         125   5.8035714285714288E-002   4.4642857142857140E-003
         126   3.8690476190476192E-002   1.0416666666666666E-002
         127   4.4642857142857144E-002   5.2083333333333330E-003
         128   4.3154761904761904E-002   5.9523809523809521E-003
         129   2.6785714285714284E-002   4.4642857142857140E-003
         130   4.0178571428571432E-002   5.2083333333333330E-003
         131   3.7202380952380952E-002   2.9761904761904760E-003
         132   4.6130952380952384E-002   6.6964285714285711E-003
         133   4.7619047619047616E-002   0.0000000000000000     
         134   4.4642857142857144E-002   2.9761904761904760E-003
         135   5.8035714285714288E-002   3.7202380952380950E-003
         136   4.4642857142857144E-002   2.2321428571428570E-003
         137   4.7619047619047616E-002   2.9761904761904760E-003
         138   4.9107142857142856E-002   2.9761904761904760E-003
         139   4.1666666666666664E-002   7.4404761904761901E-004
         140   4.6130952380952384E-002   5.2083333333333330E-003
         141   4.0178571428571432E-002   7.4404761904761901E-004
         142   3.2738095238095240E-002   3.7202380952380950E-003
         143   4.4642857142857144E-002   0.0000000000000000     
         144   4.3154761904761904E-002   0.0000000000000000     
         145   1.6369047619047620E-002   3.7202380952380950E-003
         146   3.1250000000000000E-002   7.4404761904761901E-004
         147   5.9523809523809521E-003   2.2321428571428570E-003
         148   2.6785714285714284E-002   2.9761904761904760E-003
         149   2.8273809523809524E-002   0.0000000000000000     
         150   3.7202380952380952E-002   0.0000000000000000     
         151   3.1250000000000000E-002   2.2321428571428570E-003
         152   1.1904761904761904E-002   0.0000000000000000     
         153   3.7202380952380952E-002   1.4880952380952380E-003
         154   2.5297619047619048E-002   2.2321428571428570E-003
         155   1.7857142857142856E-002   7.4404761904761901E-004
         156   1.7857142857142856E-002   3.7202380952380950E-003
         157   1.7857142857142856E-002   2.2321428571428570E-003
         158   3.7202380952380952E-002   2.9761904761904760E-003
         159   1.7857142857142856E-002   1.4880952380952380E-003
         160   2.0833333333333332E-002   2.2321428571428570E-003
         161   3.1250000000000000E-002   7.4404761904761901E-004
         162   1.3392857142857142E-002   1.4880952380952380E-003
         163   2.6785714285714284E-002   5.2083333333333330E-003
         164   0.0000000000000000        6.6964285714285711E-003
         165   1.4880952380952380E-003   4.4642857142857140E-003
         166   5.9523809523809521E-003   5.2083333333333330E-003
         167   1.7857142857142856E-002   5.9523809523809521E-003
         168   1.7857142857142856E-002   4.4642857142857140E-003
         169   5.9523809523809521E-003   7.4404761904761901E-003
         170   5.9523809523809521E-003   4.4642857142857140E-003
         171   8.9285714285714281E-003   4.4642857142857140E-003
         172   5.9523809523809521E-003   2.2321428571428570E-003
         173   8.9285714285714281E-003   5.9523809523809521E-003
         174   5.9523809523809521E-003   5.9523809523809521E-003
         175   2.9761904761904760E-003   1.4880952380952380E-003
         176   2.9761904761904760E-003   3.7202380952380950E-003
         177   2.9761904761904760E-003   0.0000000000000000     
         178   5.9523809523809521E-003   1.4880952380952380E-003
         179   2.9761904761904760E-003   2.2321428571428570E-003
         180   0.0000000000000000        0.0000000000000000     
