   2.5000000372529030E-002   0.0000000000000000        0.0000000000000000        0.0000000000000000     
   7.5000001117587090E-002   0.0000000000000000        0.0000000000000000        0.0000000000000000     
  0.12500000186264515        0.0000000000000000        0.0000000000000000        0.0000000000000000     
  0.17500000260770321        0.0000000000000000        0.0000000000000000        0.0000000000000000     
  0.22500000335276127        0.0000000000000000        0.0000000000000000        0.0000000000000000     
  0.27500000409781933        0.0000000000000000        0.0000000000000000        0.0000000000000000     
  0.32500000484287739        0.0000000000000000        0.0000000000000000        0.0000000000000000     
  0.37500000558793545        0.0000000000000000        0.0000000000000000        0.0000000000000000     
  0.42500000633299351        0.0000000000000000        0.0000000000000000        0.0000000000000000     
  0.47500000707805157        0.0000000000000000        0.0000000000000000        0.0000000000000000     
  0.52500000782310963        0.0000000000000000        0.0000000000000000        0.0000000000000000     
  0.57500000856816769        0.0000000000000000        0.0000000000000000        0.0000000000000000     
  0.62500000931322575        0.0000000000000000        0.0000000000000000        0.0000000000000000     
  0.67500001005828381        0.0000000000000000        0.0000000000000000        0.0000000000000000     
  0.72500001080334187        0.0000000000000000        0.0000000000000000        0.0000000000000000     
  0.77500001154839993        0.0000000000000000        0.0000000000000000        0.0000000000000000     
  0.82500001229345798        0.0000000000000000        0.0000000000000000        0.0000000000000000     
  0.87500001303851604        0.0000000000000000        0.0000000000000000        0.0000000000000000     
  0.92500001378357410        0.0000000000000000        0.0000000000000000        0.0000000000000000     
  0.97500001452863216        0.0000000000000000        0.0000000000000000        0.0000000000000000     
   1.0250000152736902        0.0000000000000000        0.0000000000000000        0.0000000000000000     
   1.0750000160187483        0.0000000000000000        0.0000000000000000        0.0000000000000000     
   1.1250000167638063        0.0000000000000000        0.0000000000000000        0.0000000000000000     
   1.1750000175088644        0.0000000000000000        0.0000000000000000        0.0000000000000000     
   1.2250000182539225        0.0000000000000000        0.0000000000000000        0.0000000000000000     
   1.2750000189989805        0.0000000000000000        0.0000000000000000        0.0000000000000000     
   1.3250000197440386        0.0000000000000000        0.0000000000000000        0.0000000000000000     
   1.3750000204890966        0.0000000000000000        0.0000000000000000        0.0000000000000000     
   1.4250000212341547        0.0000000000000000        0.0000000000000000        0.0000000000000000     
   1.4750000219792128        0.0000000000000000        5.5901243624474531E-002   0.0000000000000000     
   1.5250000227242708        0.0000000000000000        1.1766600895122961        0.0000000000000000     
   1.5750000234693289        0.0000000000000000        4.7925458110068524        0.0000000000000000     
   1.6250000242143869        0.0000000000000000        4.8015578528053551        0.0000000000000000     
   1.6750000249594450        0.0000000000000000        2.7743752345186179        0.0000000000000000     
   1.7250000257045031        0.0000000000000000        1.8495116652012058        0.0000000000000000     
   1.7750000264495611        0.0000000000000000        1.0036794035152288        0.0000000000000000     
   1.8250000271946192        0.0000000000000000       0.60252925374225508        0.0000000000000000     
   1.8750000279396772        0.0000000000000000       0.23351919719095632        0.0000000000000000     
   1.9250000286847353        0.0000000000000000       0.21334111899545055        0.0000000000000000     
   1.9750000294297934        0.0000000000000000        3.8976219585425916E-002   0.0000000000000000     
   2.0250000301748514        0.0000000000000000        3.7075326941552279E-002   0.0000000000000000     
   2.0750000309199095        0.0000000000000000        1.4124070747387535E-002   7.9447897954054887E-003
   2.1250000316649675        0.0000000000000000        4.7135404582234676E-002  0.10605466031002801     
   2.1750000324100256        0.0000000000000000        3.2138045425291334E-002  0.27478028838624097     
   2.2250000331550837        0.0000000000000000        1.8425956964757989E-002  0.39385483012170197     
   2.2750000339001417        2.6437436079768211E-002   4.1124900568528334E-002  0.47587384943582789     
   2.3250000346451998       0.12656306111564761        2.2500099753892906E-002  0.75937836669388559     
   2.3750000353902578        9.7032303437104853E-002   1.6172050572850805E-002   1.1825811981397154     
   2.4250000361353159       0.20941281556227376        3.6194807628047311E-002   1.5822301620260684     
   2.4750000368803740       0.26804992326177240        3.4747212274674193E-002   1.8260901022208245     
   2.5250000376254320       0.70823372254836614        7.6308010510261676E-002   1.5720642477778131     
   2.5750000383704901       0.63972481842838613        8.2545137861727236E-002   1.5116078370928800     
   2.6250000391155481       0.45672597125446002       0.13238433949404638        1.2907473100669522     
   2.6750000398606062       0.63103484467422144       0.12323239390944395        1.0182607720879484     
   2.7250000406056643       0.47910176217904427       0.13513126625562785       0.93516978579178833     
   2.7750000413507223       0.47976179182652307        9.8716418071301049E-002  0.80848746400395566     
   2.8250000420957804       0.75440412254603628       0.17145548239682643       0.72011302606667094     
   2.8750000428408384        1.0429260687529756       0.23911885174230477       0.54215601193111029     
   2.9250000435858965        1.2154886117998929       0.19547331476314067       0.55976449227626646     
   2.9750000443309546        1.5151008114265334       0.33668906920589631       0.49086174247747388     
   3.0250000450760126        1.2710361366699270       0.31235920744306694       0.34018908363812744     
   3.0750000458210707        1.0563860783357009       0.33122607631225937       0.40518918073150173     
   3.1250000465661287        1.2470398053364806       0.42657791093907077       0.32577163454014801     
   3.1750000473111868        1.3030900129931640       0.43134692559727417       0.37667445688083645     
   3.2250000480562449       0.78937384259966725       0.46485348508647073       0.35192917149235164     
   3.2750000488013029       0.45927316896059833       0.53014865799772770       0.34764427372711953     
   3.3250000495463610       0.29704303699363616       0.45381575096249971       0.34036181322187475     
   3.3750000502914190       0.28830711623341765       0.57661423246683530       0.38741268743865503     
   3.4250000510364771       0.36160335158305562       0.58582335095176030       0.34410641521613350     
   3.4750000517815351       0.18130195623925521       0.65470150864175491       0.39376518620713247     
   3.5250000525265932       0.18720740147236870       0.58731733795252927       0.32210685253334020     
   3.5750000532716513       0.21412651169256225       0.59479586581267274       0.29174737218111602     
   3.6250000540167093       0.32280362611672586       0.66411928813978727       0.25251573978485814     
   3.6750000547617674       0.28368492834949938       0.72497259467094288       0.25075721345178964     
   3.7250000555068254       0.35501200874973710       0.78672414284663961       0.22681322781233201     
   3.7750000562518835       0.35527208193575260       0.72334676141873955       0.26405357441170801     
   3.8250000569969416       0.30863451678632758       0.77314505215160867       0.30395823622895901     
   3.8750000577419996       0.33717231107071949       0.84039945402011174       0.31894678074257249     
   3.9250000584870577       0.39969336274759770       0.75398945466460399       0.27756483524138725     
   3.9750000592321157       0.54558217794213237       0.70050057414792311       0.32908131367938148     
   4.0250000599771738       0.42231087776205145       0.66818965548129028       0.31673315832153853     
   4.0750000607222319       0.36256979382864452       0.58047790224080975       0.41613124064423979     
   4.1250000614672899       0.50662538204421148       0.58436155177586291       0.41816698200474600     
   4.1750000622123480       0.46316259568747914       0.49543569557530726       0.47101280917370758     
   4.2250000629574060       0.62857191869185314       0.48037203542304224       0.50784011723579603     
   4.2750000637024641       0.51662036245083887       0.39100091844105350       0.47169685267250500     
   4.3250000644475222       0.50474456136274115       0.40639658724858380       0.54497782350035096     
   4.3750000651925802       0.52901805678813252       0.39398341766803863       0.62016643819419581     
   4.4250000659376383       0.51713051650706932       0.32922423273122731       0.58002476851468587     
   4.4750000666826963       0.57396882781744585       0.34164811179609872       0.61667484179195819     
   4.5250000674277544       0.58808581511728475       0.29255784236895221       0.65157235197653707     
   4.5750000681728125       0.67336466519163529       0.24987858125773735       0.74527739642569335     
   4.6250000689178705       0.50535783722871419       0.28715128866441708       0.72605208260074772     
   4.6750000696629286       0.58851847547166891       0.27408543656718382       0.67617016330787483     
   4.7250000704079866       0.61290327158911739       0.31598568668594496       0.73088715137002247     
   4.7750000711530447       0.58813222170831503       0.30006746005526280       0.74416730093705175     
   4.8250000718981028       0.58776144715409806       0.30955436216782506       0.72735479085319632     
   4.8750000726431608       0.52970539728646038       0.30707559262983208       0.67364708133169415     
   4.9250000733882189       0.56977683940754753       0.31090133371412937       0.66144885564886102     
   4.9750000741332769       0.58049581248447213       0.34154039337710740       0.68277364611268854     
   5.0250000748783350       0.56358216597174648       0.35163673603365381       0.65164187940483198     
   5.0750000756233931       0.62159837941238394       0.35536773447887476       0.59237794277334022     
   5.1250000763684511       0.59389994498633181       0.33920601146392837       0.56915411394523474     
   5.1750000771135092       0.61824541103601516       0.33608933272113956       0.54671288413928620     
   5.2250000778585672       0.47114172510592828       0.38649214801833831       0.55008302479123006     
   5.2750000786036253       0.62453266650933015       0.42291188440789290       0.54831017571488438     
   5.3250000793486834       0.56460284810587502       0.44610595405896297       0.44999329560575080     
   5.3750000800937414       0.44994885839472770       0.46310525776299455       0.42745141547499127     
   5.4250000808387995       0.53933058292060776       0.43497734752792316       0.39868618521932858     
   5.4750000815838575       0.52495997557798613       0.46663108940265435       0.43138015384451911     
   5.5250000823289156       0.46619265679642596       0.53791460399587609       0.39222939874699297     
   5.5750000830739737       0.37862162458814030       0.48624017421267629       0.41164095231385023     
   5.6250000838190317       0.41949176440437613       0.50838749912924386       0.38165101246068239     
   5.6750000845640898       0.42063002648724646       0.48436184868228371       0.37707994798730426     
   5.7250000853091478       0.39244041738566277       0.53253144108598205       0.40809628510051632     
   5.7750000860542059       0.40208604777894374       0.51970305495237623       0.39900885863777835     
   5.8250000867992640       0.50813093675667675       0.54577026540531948       0.40630311014472364     
   5.8750000875443220       0.36076354595043486       0.57352153458787092       0.40536343487287874     
   5.9250000882893801       0.33131359500492574       0.56388274600838328       0.37516392375557761     
   5.9750000890344381       0.36795312637842964       0.54426399943476056       0.42161295730861736     
   6.0250000897794962       0.39579683952621225       0.53359277625015267       0.42406804234951306     
   6.0750000905245543       0.46717021590808772       0.53967635171040107       0.41062778898270402     
   6.1250000912696123       0.39027326145814079       0.51225898492532707       0.39939179560435906     
   6.1750000920146704       0.40909876884464541       0.54865487907430033       0.42973313657145878     
   6.2250000927597284       0.44845853352428894       0.48965551166956484       0.43345106291422419     
   6.2750000935047865       0.46219101734061935       0.52126806466987141       0.45871589690948683     
   6.3250000942498446       0.51990008029451729       0.48493603980687433       0.47714513948082343     
   6.3750000949949026       0.48484118663018605       0.48110012809137292       0.50672637908224305     
   6.4250000957399607       0.51047194997036194       0.46995830314731735       0.53947603803685973     
   6.4750000964850187       0.49935493371609591       0.45112384716254411       0.51322590409709856     
   6.5250000972300768       0.46923383104167748       0.45209286917714131       0.51663930369828526     
   6.5750000979751348       0.50010718907507357       0.40515012785828747       0.53017692512705583     
   6.6250000987201929       0.48011636799031343       0.41637797570299911       0.53545445585932683     
   6.6750000994652510       0.52208830930377415       0.42517779960294283       0.55356716324708988     
   6.7250001002103090       0.55368674863064848       0.39332938427313824       0.56351998323747698     
   6.7750001009553671       0.55746891299902457       0.38158299927205963       0.60814790508984495     
   6.8250001017004251       0.59045719830723586       0.36426215218953861       0.56475321579386117     
   6.8750001024454832       0.63401044610493273       0.37699657170724571       0.60288892877329792     
   6.9250001031905413       0.60206118770211847       0.38679023117250366       0.58850767755242628     
   6.9750001039355993       0.56252176390072473       0.38126475108826891       0.61244557044691394     
   7.0250001046806574       0.66822415415878322       0.38386689538120977       0.60375854592562261     
   7.0750001054257154       0.62327508835214551       0.36023599161093800       0.61712434734867061     
   7.1250001061707735       0.66307584187025981       0.38454804921473051       0.58490836457661122     
   7.1750001069158316       0.54223084255069376       0.38747650622358948       0.55153382269249496     
   7.2250001076608896       0.54785858044588709       0.40135519609486042       0.54196058137410130     
   7.2750001084059477       0.51708496320776354       0.39183549434188303       0.57978151499670494     
   7.3250001091510057       0.54065289707837805       0.40917336655198006       0.55531683178687186     
   7.3750001098960638       0.56102054810999291       0.42377037914038329       0.53900741001150654     
   7.4250001106411219       0.50136779069896076       0.41973695128922894       0.50881384699647003     
   7.4750001113861799       0.58529323652822884       0.41087530783711096       0.53325356591640938     
   7.5250001121312380       0.56545867205776479       0.44839315400591984       0.46094547732913949     
   7.5750001128762960       0.49124708586253729       0.45150217600310871       0.48468917573573156     
   7.6250001136213541       0.48482564736826750       0.43304815104738453       0.47011613136801667     
   7.6750001143664122       0.45994563734923699       0.48678870484885578       0.45007306685057913     
   7.7250001151114702       0.48611272128842281       0.47031660560714283       0.47178156794855186     
   7.7750001158565283       0.48667135593195310       0.47635945640057836       0.46064009735884864     
   7.8250001166015863       0.40672496998301916       0.47327093576778662       0.44862658090159940     
   7.8750001173466444       0.43026066623887588       0.48787391784351164       0.43467359614901818     
   7.9250001180917025       0.46842287513978026       0.51223917508825589       0.44118898705025816     
   7.9750001188367605       0.45826471088791892       0.47332505349925891       0.45234814771917814     
   8.0250001195818186       0.41007702656342437       0.51466201376411347       0.44513542520744770     
   8.0750001203268766       0.45118185784323839       0.48918839160471012       0.42075331394218279     
   8.1250001210719347       0.41869991958079200       0.46568274884068284       0.43994583134169851     
   8.1750001218169928       0.44225880950847984       0.50095365151114835       0.47194747959122491     
   8.2250001225620508       0.44903422277503180       0.51465884392133276       0.43436981685107245     
   8.2750001233071089       0.42364116396521090       0.50712600550133213       0.43463185453978004     
   8.3250001240521669       0.45608081905711195       0.48087020460470864       0.46842066805757498     
   8.3750001247972250       0.53453883074118391       0.48338264093789146       0.49747226948540840     
   8.4250001255422831       0.43375155247982317       0.48108937623194220       0.47423503071127338     
   8.4750001262873411       0.45532012393933102       0.47161935664194771       0.47675255655153803     
   8.5250001270323992       0.45752609721731935       0.49204452704853002       0.49329974267875581     
   8.5750001277774572       0.42987492184143627       0.45654825754011130       0.52617806991630356     
   8.6250001285225153       0.52423384282405927       0.45781045143309657       0.50905865263704708     
   8.6750001292675734       0.52184478219898212       0.45537674760995189       0.52275391945019989     
   8.7250001300126314       0.50150095151790219       0.43379532723890213       0.49970345706801722     
   8.7750001307576895       0.57043901984559231       0.42807607996720121       0.56022087540910592     
   8.8250001315027475       0.51831173769728434       0.44158988725847725       0.51084453469656066     
   8.8750001322478056       0.52117431042893048       0.42967926482029611       0.52378018198107523     
   8.9250001329928637       0.53252956785280992       0.39739303235467743       0.51921632865648959     
   8.9750001337379217       0.53170888516383219       0.37938759644277703       0.53977794971504056     
   9.0250001344829798       0.56447324669405818       0.40095520300887477       0.54389349290833744     
   9.0750001352280378       0.53833208150836376       0.42645648432246919       0.52919372827288225     
   9.1250001359730959       0.59325305990261634       0.42909962781506561       0.55381241326089115     
   9.1750001367181540       0.55266926623330515       0.40492957349512093       0.56039038098215277     
   9.2250001374632120       0.50488847019039207       0.41055686641808942       0.54187074666930612     
   9.2750001382082701       0.52172851450816426       0.40861664144406362       0.56348270202596706     
   9.3250001389533281       0.53975293984076422       0.41159002927928701       0.53031119745287914     
   9.3750001396983862       0.53556782494435118       0.40132989466114166       0.55736418991301662     
   9.4250001404434443       0.52065804324799958       0.41180251546833896       0.52720477899889906     
   9.4750001411885023       0.51212909566535003       0.42677424638779177       0.53156256581336569     
   9.5250001419335604       0.53693121138735378       0.41325604471948019       0.52561945833846291     
   9.5750001426786184       0.51790552074252472       0.44444021632723874       0.52947257488014599     
   9.6250001434236765       0.52140101258874816       0.41587351775256148       0.52804776770673512     
   9.6750001441687346       0.52625859835051636       0.44504585169148608       0.48971286235395273     
   9.7250001449137926       0.49771173863175011       0.42665599300021473       0.51832915803728041     
   9.7750001456588507       0.55421222817860749       0.44935266505207799       0.48690479995019786     
   9.8250001464039087       0.53441041411874513       0.44668079411752459       0.47841781104794823     
   9.8750001471489668       0.53181880695661310       0.45620106395633242       0.47849660467600275     
   9.9250001478940248       0.51258280657102984       0.48402881102280926       0.49139882879268787     
   9.9750001486390829       0.49370479863173111       0.45901863667277015       0.45244813022239433     
   10.025000149384141       0.44522311892688327       0.48349748151217087       0.48436735338910925     
   10.075000150129199       0.51630626017570647       0.49099272435624186       0.45935080458191108     
   10.125000150874257       0.45782846563184598       0.47221439409517252       0.47518056491235322     
   10.175000151619315       0.45466167831689142       0.49108160603736584       0.47977380589834756     
   10.225000152364373       0.47378432666646614       0.48280048021260519       0.45709717151453949     
   10.275000153109431       0.47825714388821111       0.46803243530162181       0.46173199867256154     
   10.325000153854489       0.45694996298633633       0.48547368102543353       0.45919620578191528     
   10.375000154599547       0.49577791143124367       0.47628578841770752       0.45986579348782664     
   10.425000155344605       0.45200278078338596       0.46501307438067935       0.49827326043182446     
   10.475000156089664       0.42899197947198053       0.46806683031535856       0.45486867590815377     
   10.525000156834722       0.46939470768103392       0.48092370050126976       0.47835026460389568     
   10.575000157579780       0.47353166088055587       0.46442266826528261       0.50473335946570885     
   10.625000158324838       0.46302485231108287       0.43770528505265249       0.48787304464714887     
