           2   59.000000000000000        14.448381237387240     
           3   9.0000000000000000        14.435108206539326     
           4   3.0000000000000000        7.1516853983043625     
           5   3.0000000000000000        7.6331401999738233     
           6   16.000000000000000        27.715154841832579     
           7   1.0000000000000000        2.8674136180505436     
           8   2.0000000000000000        7.7170963119820746     
           9   9.0000000000000000        34.829894045016907     
          13   1.0000000000000000        4.7806710573563533     
          14   1.0000000000000000        4.9689900097284125     
          15   2.0000000000000000        10.321199262700187     
          16   2.0000000000000000        10.014743979562809     
          58   1.0000000000000000        0.0000000000000000     
          60   1.0000000000000000        0.0000000000000000     
          62   1.0000000000000000        0.0000000000000000     
          66   1.0000000000000000        0.0000000000000000     
          68   1.0000000000000000        0.0000000000000000     
          75   1.0000000000000000        0.0000000000000000     
          85   1.0000000000000000        0.0000000000000000     
          90   1.0000000000000000        0.0000000000000000     
          94   1.0000000000000000        0.0000000000000000     
          95   1.0000000000000000        0.0000000000000000     
