           2   33.000000000000000        13.154773234898855     
           3   30.000000000000000        21.450050504229090     
           4   7.0000000000000000        15.699400645916931     
           5   8.0000000000000000        17.638393843821195     
           7   3.0000000000000000        9.4472173780951678     
           8   1.0000000000000000        3.4259473918725130     
           9   1.0000000000000000        4.2100213688225523     
          12   3.0000000000000000        7.8457434373175836     
          14   4.0000000000000000        18.520743909499348     
          18   2.0000000000000000        11.383798375430123     
          19   1.0000000000000000        5.6418265817397799     
          22   1.0000000000000000        6.0871026035680780     
          27   1.0000000000000000        7.4277094706536140     
          28   1.0000000000000000        7.2703908863487259     
          31   1.0000000000000000        7.5616105362111004     
          32   1.0000000000000000        7.7248700181108934     
          47   1.0000000000000000        7.9096894036871763     
          48   1.0000000000000000        8.2390242018660640     
          52   1.0000000000000000        8.3952154864089970     
          56   1.0000000000000000        10.074941337124304     
          57   1.0000000000000000        9.3089564922979893     
          65   1.0000000000000000        0.0000000000000000     
