   2.5000000372529030E-002   0.0000000000000000        0.0000000000000000        0.0000000000000000     
   7.5000001117587090E-002   0.0000000000000000        0.0000000000000000        0.0000000000000000     
  0.12500000186264515        0.0000000000000000        0.0000000000000000        0.0000000000000000     
  0.17500000260770321        0.0000000000000000        0.0000000000000000        0.0000000000000000     
  0.22500000335276127        0.0000000000000000        0.0000000000000000        0.0000000000000000     
  0.27500000409781933        0.0000000000000000        0.0000000000000000        0.0000000000000000     
  0.32500000484287739        0.0000000000000000        0.0000000000000000        0.0000000000000000     
  0.37500000558793545        0.0000000000000000        0.0000000000000000        0.0000000000000000     
  0.42500000633299351        0.0000000000000000        0.0000000000000000        0.0000000000000000     
  0.47500000707805157        0.0000000000000000        0.0000000000000000        0.0000000000000000     
  0.52500000782310963        0.0000000000000000        0.0000000000000000        0.0000000000000000     
  0.57500000856816769        0.0000000000000000        0.0000000000000000        0.0000000000000000     
  0.62500000931322575        0.0000000000000000        0.0000000000000000        0.0000000000000000     
  0.67500001005828381        0.0000000000000000        0.0000000000000000        0.0000000000000000     
  0.72500001080334187        0.0000000000000000        0.0000000000000000        0.0000000000000000     
  0.77500001154839993        0.0000000000000000        0.0000000000000000        0.0000000000000000     
  0.82500001229345798        0.0000000000000000        0.0000000000000000        0.0000000000000000     
  0.87500001303851604        0.0000000000000000        0.0000000000000000        0.0000000000000000     
  0.92500001378357410        0.0000000000000000        0.0000000000000000        0.0000000000000000     
  0.97500001452863216        0.0000000000000000        0.0000000000000000        0.0000000000000000     
   1.0250000152736902        0.0000000000000000        0.0000000000000000        0.0000000000000000     
   1.0750000160187483        0.0000000000000000        0.0000000000000000        0.0000000000000000     
   1.1250000167638063        0.0000000000000000        0.0000000000000000        0.0000000000000000     
   1.1750000175088644        0.0000000000000000        0.0000000000000000        0.0000000000000000     
   1.2250000182539225        0.0000000000000000        0.0000000000000000        0.0000000000000000     
   1.2750000189989805        0.0000000000000000        0.0000000000000000        0.0000000000000000     
   1.3250000197440386        0.0000000000000000        0.0000000000000000        0.0000000000000000     
   1.3750000204890966        0.0000000000000000        0.0000000000000000        0.0000000000000000     
   1.4250000212341547        0.0000000000000000        0.0000000000000000        0.0000000000000000     
   1.4750000219792128        0.0000000000000000        1.3594189699253438E-002   0.0000000000000000     
   1.5250000227242708        0.0000000000000000        1.4370729170321868        0.0000000000000000     
   1.5750000234693289        0.0000000000000000        4.6499252364302199        0.0000000000000000     
   1.6250000242143869        0.0000000000000000        4.0321850898422991        0.0000000000000000     
   1.6750000249594450        0.0000000000000000        3.1203893894286336        0.0000000000000000     
   1.7250000257045031        0.0000000000000000        1.9084095285668254        0.0000000000000000     
   1.7750000264495611        0.0000000000000000        1.0701837981331881        0.0000000000000000     
   1.8250000271946192        0.0000000000000000       0.53281605160996703        0.0000000000000000     
   1.8750000279396772        0.0000000000000000       0.27762886159202971        0.0000000000000000     
   1.9250000286847353        0.0000000000000000       0.16761479995497289        0.0000000000000000     
   1.9750000294297934        0.0000000000000000        7.5826595395750318E-002   0.0000000000000000     
   2.0250000301748514        0.0000000000000000        5.0489942112020951E-002   0.0000000000000000     
   2.0750000309199095        0.0000000000000000        1.3738892705535386E-002   3.0912508587454618E-002
   2.1250000316649675        0.0000000000000000        3.9299977085902181E-002   8.8424948443279916E-002
   2.1750000324100256        0.0000000000000000        3.1261607631452137E-002  0.36576080928798999     
   2.2250000331550837        0.0000000000000000        2.9872436714989660E-002  0.36295010608712436     
   2.2750000339001417        2.5716459808626271E-002   2.2859075385445574E-002  0.65576972511997000     
   2.3250000346451998        9.8489244255513225E-002   2.1886498723447383E-002  0.84946973170380158     
   2.3750000353902578       0.23596532999169459        7.3411435997416091E-002   1.3214058479534896     
   2.4250000361353159       0.18106836544863603        5.0296768180176671E-002   1.3693295137053096     
   2.4750000368803740       0.52147984830813154        5.3113688253605996E-002   1.7708586515463633     
   2.5250000376254320       0.45927963680176748        6.4948635507320648E-002   1.5918214684606713     
   2.5750000383704901       0.84308748757042706        8.4754826792794252E-002   1.5205685043680917     
   2.6250000391155481       0.75332837622248594        7.7264448843331876E-002   1.3859310511272658     
   2.6750000398606062       0.59522508674555685       0.11573821131163606        1.0555944897753233     
   2.7250000406056643       0.43018722532971365       0.13941252672722201       0.91862897075615946     
   2.7750000413507223       0.55310007790110383       0.14979793776488226       0.73026494660380115     
   2.8250000420957804       0.71715276918338278       0.19272322479346721       0.57955950532843137     
   2.8750000428408384        1.2399253709140150       0.18965669454096043       0.57567963649579257     
   2.9250000435858965       0.88675573358026261       0.22125679122470490       0.46671354398961196     
   2.9750000443309546        1.2030877082864391       0.32082338887638367       0.39100350519309263     
   3.0250000450760126        1.1491002292904904       0.30060849880173163       0.44363996194126526     
   3.0750000458210707        1.3372581764149953       0.39726734129755414       0.35542914688924876     
   3.1250000465661287        1.1585134575533009       0.39677192925354882       0.43273885032138004     
   3.1750000473111868       0.97707241121616750       0.45185931329516454       0.36970307451422552     
   3.2250000480562449       0.80623914012473574       0.52896112897072600       0.32953425171764988     
   3.2750000488013029       0.42192896306633909       0.54051030562746716       0.31954914114583038     
   3.3250000495463610       0.46953134416098108       0.53240306260988746       0.37321722228180548     
   3.3750000502914190       0.33887065800497301       0.56867949504282822       0.32134286534954337     
   3.4250000510364771       0.32904901784968216       0.61019051585918049       0.32904901784968216     
   3.4750000517815351       0.37476003613462472       0.60745417621821529       0.35822650512868537     
   3.5250000525265932       0.22494960561323435       0.61652854871775342       0.29457686449352116     
   3.5750000532716513       0.20828705988313062       0.62486117964939192       0.32805211931593076     
   3.6250000540167093       0.32412948315581758       0.68427335332894823       0.24056485077970838     
   3.6750000547617674       0.29565915691623001       0.73148265488904318       0.25131028337879552     
   3.7250000555068254       0.16307271886453850       0.70558261364917962       0.31175666841750010     
   3.7750000562518835       0.40162400271734150       0.79287012422751657       0.23817237370446995     
   3.8250000569969416       0.35480277627064749       0.71769222550472866       0.30249211053843666     
   3.8750000577419996       0.46094103209454718       0.76035571960895387       0.31024877160209907     
   3.9250000584870577       0.54431063492707477       0.74878711683089638       0.31319461136676918     
   3.9750000592321157       0.32853079178227679       0.69075704938837679       0.37275609067604487     
   4.0250000599771738       0.46830518577586339       0.64631592890703948       0.34095903876663736     
   4.0750000607222319       0.48894569399077015       0.62877169391162790       0.38073640105838658     
   4.1250000614672899       0.41458550316778647       0.52670611094272246       0.40480754318741419     
   4.1750000622123480       0.52689297218172249       0.48701540423882239       0.43335037929438763     
   4.2250000629574060       0.53686546355162068       0.44241690977865039       0.47348551299344316     
   4.2750000637024641       0.47339932386300299       0.42403631744310011       0.57354148852633058     
   4.3250000644475222       0.51232659574728312       0.34945733845725180       0.56569394947095852     
   4.3750000651925802       0.44505183681345295       0.34769674751051016       0.55979176349192128     
   4.4250000659376383       0.54381387197132580       0.32326713500517701       0.61688886101747276     
   4.4750000666826963       0.67795526823189189       0.29392831890663718       0.68460188850867509     
   4.5250000674277544       0.53304482574795586       0.31780450315596281       0.64680439221855612     
   4.5750000681728125       0.47694270376053244       0.27556689550608543       0.72018348267840404     
   4.6250000689178705       0.65958326301632875       0.32218637375850023       0.72647496185996585     
   4.6750000696629286       0.52983829918823822       0.29638464245778845       0.79018987723763112     
   4.7250000704079866       0.57234121382748948       0.30604356572719926       0.69903132626326203     
   4.7750000711530447       0.56041787433399060       0.32691042669482789       0.72241366613365976     
   4.8250000718981028       0.66892712277449984       0.32652283105991725       0.73610570134373376     
   4.8750000726431608       0.53206173175009430       0.31861474462695705       0.69168025127512256     
   4.9250000733882189       0.56521345321578720       0.31339775075826820       0.66124486516992587     
   4.9750000741332769       0.65608705728117456       0.32864105783665387       0.68969807455992316     
   5.0250000748783350       0.54821269643323245       0.35493257910100312       0.59960763672384798     
   5.0750000756233931       0.59947882670850772       0.36290289126415409       0.61239862900826014     
   5.1250000763684511       0.58277125432940247       0.37950514533141766       0.53336238711451833     
   5.1750000771135092       0.60138521817334667       0.38104297570212048       0.54050117749050786     
   5.2250000778585672       0.57530423249664175       0.37053492940461674       0.46560639155448552     
   5.2750000786036253       0.57880017838449938       0.37417385269300973       0.46638857349164214     
   5.3250000793486834       0.56328773693141976       0.42037955182104103       0.44006854447767163     
   5.3750000800937414       0.44689256660196786       0.43819019130731324       0.45265149142931277     
   5.4250000808387995       0.52914508675570471       0.44723563837851577       0.38894425180333847     
   5.4750000815838575       0.48844187000226985       0.52692516885093355       0.43404720720656248     
   5.5250000823289156       0.48400173180429190       0.52905895008036719       0.39897440054137573     
   5.5750000830739737       0.40683884837335133       0.48439993876499604       0.40898010547005320     
   5.6250000838190317       0.42067194782948775       0.55061283838126274       0.40279339004673442     
   5.6750000845640898       0.40502609059940070       0.50880828614981399       0.40295963095348541     
   5.7250000853091478       0.43453173604122797       0.47649586008259276       0.42133334218950846     
   5.7750000860542059       0.39910280070807153       0.57204734768156928       0.36917009065496614     
   5.8250000867992640       0.39228069816385958       0.52391266576995466       0.39326139990926923     
   5.8750000875443220       0.39720099429614186       0.54159876676410279       0.36827859179885003     
   5.9250000882893801       0.34123587885261414       0.51985811667176041       0.37915097650290464     
   5.9750000890344381       0.45858328750915023       0.58824595145708514       0.42036801355005432     
   6.0250000897794962       0.33366930971041653       0.52230043351496214       0.44000348533241740     
   6.0750000905245543       0.33180603184155061       0.53217199309852559       0.42828224218678407     
   6.1250000912696123       0.41510955438706149       0.56136372787006217       0.42486640288761190     
   6.1750000920146704       0.46775664643147274       0.48947668971518948       0.44593963866881076     
   6.2250000927597284       0.48775166825951449       0.52591690051769246       0.47057731374333434     
   6.2750000935047865       0.42930448768629254       0.48151212004709282       0.46902360367301649     
   6.3250000942498446       0.55562862962734694       0.50350378812538021       0.50156296955881752     
   6.3750000949949026       0.54367197790909916       0.46361318598138707       0.47898811306750444     
   6.4250000957399607       0.53846748132749434       0.47863776117999501       0.48204124825425393     
   6.4750000964850187       0.47621275229486165       0.41906722201947827       0.49764232614813048     
   6.5250000972300768       0.41892194066987659       0.41892194066987659       0.56507567743343434     
   6.5750000979751348       0.52033682530336867       0.42899564689705744       0.54419842528029827     
   6.6250000987201929       0.42456645203047122       0.41647947199179564       0.55421085077549015     
   6.6750000994652510       0.52577455270283568       0.41291890376409568       0.58925585523087687     
   6.7250001002103090       0.57096122759941104       0.42576833810677733       0.57831897537775401     
   6.7750001009553671       0.59446290070318919       0.39759740892560191       0.60751208632838116     
   6.8250001017004251       0.60007219874035078       0.39052317695800609       0.59078536709317875     
   6.8750001024454832       0.61390424986266667       0.35732856949192932       0.61460826849783023     
   6.9250001031905413       0.56343790588370535       0.36760699716112571       0.58217291014338513     
   6.9750001039355993       0.58548389750903507       0.36174757945781510       0.59232366266685099     
   7.0250001046806574       0.64460679011261979       0.33863583116097645       0.61965861936558320     
   7.0750001054257154       0.62489152096448475       0.37936676733730418       0.60361861812314066     
   7.1250001061707735       0.61615192287748977       0.41076794858499316       0.58665528827165248     
   7.1750001069158316       0.59983787160529101       0.37978240721369472       0.56364075866359231     
   7.2250001076608896       0.60176376369542173       0.39664278209679393       0.50805690642505408     
   7.2750001084059477       0.56837137823261474       0.41412309859426499       0.57402994283891284     
   7.3250001091510057       0.48869820893443672       0.41841166450224188       0.49862101520721719     
   7.3750001098960638       0.54082657836912484       0.39426774189805486       0.47597633254658278     
   7.4250001106411219       0.59151122796510991       0.43887182265347841       0.51485620148391709     
   7.4750001113861799       0.52407100582695465       0.45472423636904447       0.51335137161685784     
   7.5250001121312380       0.48422151205286068       0.45653678698403477       0.50243858350145132     
   7.5750001128762960       0.51960417588899643       0.43867376357295240       0.51554476826486373     
   7.6250001136213541       0.51968008047704117       0.47923508155592054       0.45271689830103479     
   7.6750001143664122       0.45192165991307981       0.47050066148728426       0.45813558273688465     
   7.7250001151114702       0.43270777929434290       0.46740370661462238       0.42490119564727996     
   7.7750001158565283       0.45798632262095496       0.48343000721100804       0.43982099972853733     
   7.8250001166015863       0.44563075566003790       0.50142517547438403       0.43910932996745194     
   7.8750001173466444       0.45930656714649315       0.47266127522551893       0.45233111694450201     
   7.9250001180917025       0.45564849804750557       0.47990265582471142       0.44505202134872646     
   7.9750001188367605       0.45832418442934175       0.48646077819694722       0.42431611138378555     
   8.0250001195818186       0.43609633189090102       0.46158695476604050       0.45831450993747530     
   8.0750001203268766       0.43479507825991609       0.51349820405865931       0.45316670128498299     
   8.1250001210719347       0.46575265103432323       0.49285994818446893       0.45667954744274547     
   8.1750001218169928       0.41824801043667148       0.49791429813889465       0.44563329683431069     
   8.2250001225620508       0.46630133717885508       0.50280969316050950       0.47072824860776818     
   8.2750001233071089       0.41403184199539317       0.51834972393789436       0.44173115536832436     
   8.3250001240521669       0.48973580419158380       0.46989030101519280       0.46428874769927597     
   8.3750001247972250       0.45544064500149362       0.49170721488124208       0.49624053611621066     
   8.4250001255422831       0.42942354624541051       0.46796957053235899       0.49880638996191784     
   8.4750001262873411       0.49664444943822367       0.46575860059256297       0.50174061449775764     
   8.5250001270323992       0.43406002515182923       0.46438114270814546       0.51098205492557114     
   8.5750001277774572       0.48512848058670788       0.45375201169304025       0.50368283478825182     
   8.6250001285225153       0.48846639259862373       0.43299951285299254       0.50591162090571751     
   8.6750001292675734       0.53591254672425792       0.45592853260002880       0.49302185610358712     
   8.7250001300126314       0.46334585221743740       0.45421492766640192       0.49438128194143555     
   8.7750001307576895       0.53586788974283095       0.42946258117024017       0.52852131383506640     
   8.8250001315027475       0.49734054350740037       0.39156785059650995       0.53365836670166922     
   8.8750001322478056       0.54751825480936500       0.42472095074718230       0.53653409229004134     
   8.9250001329928637       0.55811069753251186       0.43037278672001406       0.57649158876861240     
   8.9750001337379217       0.58826285416259794       0.40980108941664128       0.58289247698274282     
   9.0250001344829798       0.56215279732920620       0.41725682437419764       0.53273782537593373     
   9.0750001352280378       0.51718637820475433       0.41051668770002375       0.52890388208595573     
   9.1250001359730959       0.56908171365015714       0.38116396925506779       0.56708353347582385     
   9.1750001367181540       0.55182792226170752       0.42234776348842556       0.55696672096471755     
   9.2250001374632120       0.52865744531023462       0.42056246471096903       0.52826642648973898     
   9.2750001382082701       0.53844558602783388       0.40675678689075834       0.53303018501893329     
   9.3250001389533281       0.55870892438741004       0.42723799636565418       0.53689631569557272     
   9.3750001396983862       0.54064986562954187       0.41226024612274437       0.52323397359945856     
   9.4250001404434443       0.51844635803537520       0.42021792154183901       0.53043355706509476     
   9.4750001411885023       0.49668017726477465       0.41843039809370730       0.50224002999535045     
   9.5250001419335604       0.47680835905059765       0.43817465611213902       0.50761751455848247     
   9.5750001426786184       0.48781167554817378       0.44716070258582596       0.51902581550140514     
   9.6250001434236765       0.56608967569486945       0.44284623812114160       0.51436574593594742     
   9.6750001441687346       0.51617287267807421       0.44112478130308647       0.50017577951656378     
   9.7250001449137926       0.52636001550691924       0.42846893716249518       0.52213787634509912     
   9.7750001456588507       0.50566583467185910       0.44855206271167664       0.50148677818696763     
   9.8250001464039087       0.51018435208447932       0.43940201855203803       0.47881490881442013     
   9.8750001471489668       0.53232999282028859       0.45649950951255508       0.48080317941268369     
   9.9250001478940248       0.50671152682808029       0.48824470673923470       0.47428198911108316     
   9.9750001486390829       0.49896901690960838       0.46463424094710626       0.46050960876979274     
   10.025000149384141       0.50724827245825277       0.46942906560540365       0.47215145987302121     
   10.075000150129199       0.46550978855352865       0.45166833944160834       0.44485688948390018     
   10.125000150874257       0.45313326578098395       0.47982210824181865       0.46611702697814672     
   10.175000151619315       0.44611952445220210       0.47740360253578590       0.47890352408773856     
   10.225000152364373       0.46977546696215150       0.46058082518180227       0.46054546117495476     
   10.275000153109431       0.47782201718553041       0.46759598163743787       0.47277904075085453     
   10.325000153854489       0.45447696890556172       0.47389906159383355       0.48163321636077039     
   10.375000154599547       0.46494572524087496       0.47016674697821331       0.47607474525993843     
   10.425000155344605       0.48254156403937054       0.47383241003527582       0.46539541709380911     
   10.475000156089664       0.50220718149592547       0.45745871551185480       0.46915127401823470     
   10.525000156834722       0.44698132607256919       0.49450980638375042       0.49684617830915967     
