           2   43.000000000000000        13.547938723012376     
           3   24.000000000000000        19.990575235722702     
           4   11.000000000000000        21.271739419631643     
           5   4.0000000000000000        11.020893565734241     
           6   6.0000000000000000        15.815382875540561     
           7   3.0000000000000000        9.1566063672440166     
           8   1.0000000000000000        4.1333148545999139     
          10   1.0000000000000000        4.1552819091523192     
          11   1.0000000000000000        4.1369410596304776     
          12   3.0000000000000000        12.209823798666584     
          15   1.0000000000000000        5.9728930878032616     
          16   1.0000000000000000        6.3576977831931325     
          17   3.0000000000000000        19.142035191505741     
          18   1.0000000000000000        5.8669317764019793     
          21   2.0000000000000000        6.2565643137627678     
          22   3.0000000000000000        20.243972761108278     
          23   1.0000000000000000        6.8647491164215539     
          24   1.0000000000000000        6.8822214239316262     
          25   1.0000000000000000        6.0009342498123930     
          38   1.0000000000000000        0.0000000000000000     
          43   1.0000000000000000        0.0000000000000000     
          44   1.0000000000000000        0.0000000000000000     
          50   1.0000000000000000        0.0000000000000000     
          56   1.0000000000000000        0.0000000000000000     
          57   1.0000000000000000        0.0000000000000000     
