   2.5000000372529030E-002   0.0000000000000000        0.0000000000000000        0.0000000000000000     
   7.5000001117587090E-002   0.0000000000000000        0.0000000000000000        0.0000000000000000     
  0.12500000186264515        0.0000000000000000        0.0000000000000000        0.0000000000000000     
  0.17500000260770321        0.0000000000000000        0.0000000000000000        0.0000000000000000     
  0.22500000335276127        0.0000000000000000        0.0000000000000000        0.0000000000000000     
  0.27500000409781933        0.0000000000000000        0.0000000000000000        0.0000000000000000     
  0.32500000484287739        0.0000000000000000        0.0000000000000000        0.0000000000000000     
  0.37500000558793545        0.0000000000000000        0.0000000000000000        0.0000000000000000     
  0.42500000633299351        0.0000000000000000        0.0000000000000000        0.0000000000000000     
  0.47500000707805157        0.0000000000000000        0.0000000000000000        0.0000000000000000     
  0.52500000782310963        0.0000000000000000        0.0000000000000000        0.0000000000000000     
  0.57500000856816769        0.0000000000000000        0.0000000000000000        0.0000000000000000     
  0.62500000931322575        0.0000000000000000        0.0000000000000000        0.0000000000000000     
  0.67500001005828381        0.0000000000000000        0.0000000000000000        0.0000000000000000     
  0.72500001080334187        0.0000000000000000        0.0000000000000000        0.0000000000000000     
  0.77500001154839993        0.0000000000000000        0.0000000000000000        0.0000000000000000     
  0.82500001229345798        0.0000000000000000        0.0000000000000000        0.0000000000000000     
  0.87500001303851604        0.0000000000000000        0.0000000000000000        0.0000000000000000     
  0.92500001378357410        0.0000000000000000        0.0000000000000000        0.0000000000000000     
  0.97500001452863216        0.0000000000000000        0.0000000000000000        0.0000000000000000     
   1.0250000152736902        0.0000000000000000        0.0000000000000000        0.0000000000000000     
   1.0750000160187483        0.0000000000000000        0.0000000000000000        0.0000000000000000     
   1.1250000167638063        0.0000000000000000        0.0000000000000000        0.0000000000000000     
   1.1750000175088644        0.0000000000000000        0.0000000000000000        0.0000000000000000     
   1.2250000182539225        0.0000000000000000        0.0000000000000000        0.0000000000000000     
   1.2750000189989805        0.0000000000000000        0.0000000000000000        0.0000000000000000     
   1.3250000197440386        0.0000000000000000        0.0000000000000000        0.0000000000000000     
   1.3750000204890966        0.0000000000000000        0.0000000000000000        0.0000000000000000     
   1.4250000212341547        0.0000000000000000        0.0000000000000000        0.0000000000000000     
   1.4750000219792128        0.0000000000000000        7.4219748030472252E-002   0.0000000000000000     
   1.5250000227242708        0.0000000000000000        2.0135596922677639        0.0000000000000000     
   1.5750000234693289        0.0000000000000000        6.8740301238020258        0.0000000000000000     
   1.6250000242143869        0.0000000000000000        4.5129494615140855        0.0000000000000000     
   1.6750000249594450        0.0000000000000000        2.1525578564962440        0.0000000000000000     
   1.7250000257045031        0.0000000000000000        1.2915566334808168        0.0000000000000000     
   1.7750000264495611        0.0000000000000000       0.66628958143303907        0.0000000000000000     
   1.8250000271946192        0.0000000000000000       0.24241651502071873        0.0000000000000000     
   1.8750000279396772        0.0000000000000000       0.19291505116183083        0.0000000000000000     
   1.9250000286847353        0.0000000000000000        7.8438941262337109E-002   0.0000000000000000     
   1.9750000294297934        0.0000000000000000        9.9357109390760770E-002   0.0000000000000000     
   2.0250000301748514        0.0000000000000000        3.9379752511189400E-002   0.0000000000000000     
   2.0750000309199095        0.0000000000000000        5.2506844774644450E-002   8.4386000530678566E-003
   2.1250000316649675        0.0000000000000000        2.1456478550385231E-002   4.8277076738366773E-002
   2.1750000324100256        0.0000000000000000        2.0481355868335022E-002  0.23809576196939464     
   2.2250000331550837        0.0000000000000000        1.9571226605712467E-002  0.28622918910854489     
   2.2750000339001417        5.6161322137113570E-002   1.2480293808247460E-002  0.26676628015128950     
   2.3250000346451998        5.3771847046957623E-002   3.5847898031305080E-002  0.61837624104001265     
   2.3750000353902578       0.12882921103324460        2.2902970850354590E-002  0.88248009557772533     
   2.4250000361353159        9.8857296809866227E-002   2.7460360224962843E-002   1.3098591827307275     
   2.4750000368803740       0.28471062858953594        4.2179352383634953E-002   1.6726749429635239     
   2.5250000376254320       0.56988951083782113        4.0525476326245057E-002   1.7666574835972453     
   2.5750000383704901       0.41645981299978996        4.3837875052609464E-002   1.9836638461305784     
   2.6250000391155481       0.52729769590278830        6.0932178193211090E-002   1.5449822489951697     
   2.6750000398606062       0.34528388962917311       0.12186490222206112        1.2237267264798639     
   2.7250000406056643       0.56759741791127771       0.16527740904696209       0.99818856253362642     
   2.7750000413507223       0.73606216318314643       0.15098711039654286       0.76909059358239018     
   2.8250000420957804        1.1473077280462369       0.19020621946445546       0.72389654269583992     
   2.8750000428408384        1.1956659986876543       0.21099988212135079       0.54068719793596132     
   2.9250000435858965        1.1551388955861353       0.21139796781968492       0.57332261361811865     
   2.9750000443309546        1.4122185092858852       0.22989603639537665       0.44337092733394079     
   3.0250000450760126        1.5723968312343006       0.37412809003554626       0.40898200408366914     
   3.0750000458210707        1.3218624118379658       0.30740986321813157       0.39579019889334438     
   3.1250000465661287        1.0566633670682872       0.37041094557636367       0.36834392021042411     
   3.1750000473111868       0.72087701866911857       0.42611841547996782       0.29555957765433855     
   3.2250000480562449       0.64280212733379571       0.43474540012913720       0.33537502295676297     
   3.2750000488013029       0.32521293306839827       0.49685309218783064       0.31843766362947329     
   3.3250000495463610       0.34179796738652019       0.58427002972054742       0.34179796738652019     
   3.3750000502914190       0.19139182006380162       0.55858057114916915       0.34450527611484288     
   3.4250000510364771       0.19823426684300000       0.68280691912588887       0.39646853368599999     
   3.4750000517815351       0.14442811612460668       0.58306165398452325       0.37310596665523393     
   3.5250000525265932       0.18714665511024764       0.60042885181204453       0.30411331455415241     
   3.5750000532716513       0.15920491638229778       0.64945497635318306       0.32978161250618832     
   3.6250000540167093       0.23226512168386892       0.72997609672073094       0.27097597529784712     
   3.6750000547617674       0.26903342058494240       0.64807161758683884       0.27979475740834003     
   3.7250000555068254       0.46087294333430406       0.65872243921014173       0.21996208659137240     
   3.7750000562518835       0.26516774652458741       0.75017541965502932       0.29831371484016084     
   3.8250000569969416       0.40728874077399801       0.75497425119082562       0.28063187626501079     
   3.8750000577419996       0.45492104651478399       0.66033456869994644       0.30973347847815080     
   3.9250000584870577       0.50944367601166018       0.68345118674815319       0.32311936858146972     
   3.9750000592321157       0.51510485787781102       0.78492168819475949       0.31964096091524880     
   4.0250000599771738       0.45753090276925790       0.67582996095328285       0.32296299019006436     
   4.0750000607222319       0.42011498585069124       0.67879689843468172       0.33915532711904767     
   4.1250000614672899       0.48686577188490937       0.63586757731557364       0.38650309083845874     
   4.1750000622123480       0.47527428388956228       0.58367017319770798       0.36270932191571853     
   4.2250000629574060       0.42338206744008094       0.58441199907327412       0.46409188161701181     
   4.2750000637024641       0.64416250319826973       0.41176917214045766       0.55071917711703922     
   4.3250000644475222       0.66820389304251870       0.40575688595605142       0.50698027931423661     
   4.3750000651925802       0.58467899839148885       0.35772567866954008       0.63403501773622495     
   4.4250000659376383       0.60865373637222342       0.36288298645498418       0.60494243310166096     
   4.4750000666826963       0.70399365952271087       0.29837073771294731       0.58968541068268310     
   4.5250000674277544       0.57495127824025694       0.29339077572753847       0.60334393395582508     
   4.5750000681728125       0.46523876478424880       0.31015917652283254       0.68744235393493480     
   4.6250000689178705       0.48241217027049405       0.30801903829477556       0.75249504024587643     
   4.6750000696629286       0.62509797820184732       0.28816573463205730       0.75976004265490482     
   4.7250000704079866       0.66401838533366575       0.29222595607276791       0.71447076265068432     
   4.7750000711530447       0.58006716554984883       0.29888686674241299       0.75217500587782604     
   4.8250000718981028       0.63053683557924722       0.31908354715781484       0.67735887782523085     
   4.8750000726431608       0.61766918810538529       0.27316063104330568       0.69105562629612405     
   4.9250000733882189       0.62915942966175353       0.30359439145583028       0.66810739435510025     
   4.9750000741332769       0.64006529957752090       0.29230301142785869       0.70319100572851490     
   5.0250000748783350       0.59285586440616267       0.38884181829444114       0.68207203817602213     
   5.0750000756233931       0.62073279349819499       0.32478746164855044       0.63484035698679020     
   5.1250000763684511       0.48694408956245244       0.38365291904920495       0.61698029529788012     
   5.1750000771135092       0.58069395061637330       0.35577303308791308       0.54406138831113482     
   5.2250000778585672       0.54301506551918877       0.39750122443234726       0.52837495345862229     
   5.2750000786036253       0.48576070463307680       0.36562633682059548       0.48576070463307680     
   5.3250000793486834       0.64582632095094128       0.41346552822785132       0.49077674786549708     
   5.3750000800937414       0.52319174286157133       0.42257794615742306       0.44395837795705462     
   5.4250000808387995       0.44445475920130745       0.43677282509165521       0.45680072473467709     
   5.4750000815838575       0.58183198431005123       0.47516278718654181       0.45091978784028963     
   5.5250000823289156       0.49993020990867676       0.44861462222492898       0.44041470872907235     
   5.5750000830739737       0.44424092179522706       0.48632690386003807       0.40332399478777198     
   5.6250000838190317       0.44556537259317458       0.56346411379480488       0.40881771299786113     
   5.6750000845640898       0.35200405982226041       0.54856473140392137       0.37456842263137963     
   5.7250000853091478       0.35031679555179845       0.53212677805336472       0.38468331663441158     
   5.7750000860542059       0.37478255883474393       0.49777321767715349       0.40746708431451817     
   5.8250000867992640       0.35124240104963994       0.53971393332017847       0.39407684020203509     
   5.8750000875443220       0.32002421420500887       0.52775923044334794       0.37055435329001024     
   5.9250000882893801       0.43884806668078796       0.54741006221188437       0.39641228664797590     
   5.9750000890344381       0.32975719188724184       0.52290715201872651       0.43662294851736649     
   6.0250000897794962       0.37235223453095800       0.54540482620663622       0.38035980946710762     
   6.0750000905245543       0.33868116573995366       0.55309172286214658       0.41350607444994342     
   6.1250000912696123       0.39516018928617147       0.55012496939839550       0.40387695816748409     
   6.1750000920146704       0.45739620839690132       0.52261751959423719       0.37544605439245643     
   6.2250000927597284       0.40131957357816589       0.52259059736969893       0.43976373833682197     
   6.2750000935047865       0.42078737788059384       0.50527295277669748       0.44201130264211497     
   6.3250000942498446       0.45775683177448168       0.51427002088244234       0.45139909799983602     
   6.3750000949949026       0.42557094305234988       0.49828754676717718       0.46222726377744722     
   6.4250000957399607       0.47178480953977897       0.45926647296824252       0.47266500507996512     
   6.4750000964850187       0.46452672596792244       0.47068960127097947       0.49659293652914094     
   6.5250000972300768       0.59398257121693332       0.44302148351301285       0.54277717714650797     
   6.5750000979751348       0.57825906614204137       0.41688444303263450       0.48832633347169480     
   6.6250000987201929       0.55300652461156730       0.42754063978618839       0.57121931434428364     
   6.6750000994652510       0.56106281583501394       0.39506361063318174       0.59449824526704242     
   6.7250001002103090       0.53668258636780153       0.35493179697245164       0.54230650568602701     
   6.7750001009553671       0.55412161238795610       0.37293264071824345       0.58420249991758799     
   6.8250001017004251       0.64587831333772727       0.38690295098491878       0.63417761925552207     
   6.8750001024454832       0.62114309404529500       0.37377917760481444       0.60499952353174158     
   6.9250001031905413       0.61220593864414730       0.38658548820873551       0.59099088136439959     
   6.9750001039355993       0.58852315345182449       0.38902940544023584       0.59673857818275089     
   7.0250001046806574       0.52421944056384795       0.37762124495048721       0.59048313389354778     
   7.0750001054257154       0.55458265447400268       0.40972656845955990       0.57853714085835106     
   7.1250001061707735       0.58690789587559367       0.39381678866882647       0.57545603449265514     
   7.1750001069158316       0.60134214992667390       0.36701633563599823       0.57593332669033559     
   7.2250001076608896       0.61532200768177259       0.40155252185567664       0.57982266108474723     
   7.2750001084059477       0.57119347934272657       0.39849288676367572       0.60620654117743689     
   7.3250001091510057       0.54716969498742019       0.38404209615178669       0.55258721671996891     
   7.3750001098960638       0.58253012801641935       0.41329354648259714       0.56516111043794803     
   7.4250001106411219       0.53780300078523313       0.39251417268639016       0.51012196398011089     
   7.4750001113861799       0.59826202079410373       0.42600880128043911       0.53973638832511539     
   7.5250001121312380       0.50307076033868714       0.41979600862729444       0.48831230691038380     
   7.5750001128762960       0.53191232610089478       0.44860753852107210       0.52178066274659207     
   7.6250001136213541       0.44496552178806414       0.45163167192721115       0.45308989227014956     
   7.6750001143664122       0.48853366542034560       0.44741130301122561       0.49346834890943997     
   7.7250001151114702       0.43595548834017411       0.48601865739227351       0.43169335367763051     
   7.7750001158565283       0.52653765334639302       0.48299344355671159       0.45380813730197112     
   7.8250001166015863       0.47947813807252648       0.49055519076727128       0.45870866426987983     
   7.8750001173466444       0.43591114334788134       0.50049057199201186       0.46227673669553543     
   7.9250001180917025       0.46745412648977658       0.50293744302200383       0.43042805706484377     
   7.9750001188367605       0.44561460475985987       0.49614298444488103       0.42847558149986525     
   8.0250001195818186       0.47393132902433083       0.48295859243431805       0.44346431501562383     
   8.0750001203268766       0.44356190260923262       0.50225769876690329       0.44356190260923262     
   8.1250001210719347       0.45573233795729146       0.52838531937077271       0.41114982663538252     
   8.1750001218169928       0.48279605058906755       0.49439475450712322       0.45452420978880681     
   8.2250001225620508       0.44042130681865660       0.48744732169306060       0.46351657046890321     
   8.2750001233071089       0.44997267904884808       0.50044131286250293       0.48340225308195822     
   8.3250001240521669       0.50539956474479553       0.48326357643186069       0.45506931763328057     
   8.3750001247972250       0.39577654844764726       0.50652030633206746       0.43825518322867746     
   8.4250001255422831       0.41975934945871646       0.50280117198035956       0.45661626794777449     
   8.4750001262873411       0.44112678731543159       0.44292546942477085       0.47856185871605306     
   8.5250001270323992       0.46796508123805786       0.47507566176969035       0.46796508123805786     
   8.5750001277774572       0.45461730063653022       0.45373881309906838       0.47537156870906744     
   8.6250001285225153       0.49625158137527237       0.45500582439307569       0.50113594733369038     
   8.6750001292675734       0.44999051805459062       0.43818819163923423       0.49537582781546141     
   8.7250001300126314       0.52312576912923681       0.46627349576077148       0.50976124218067964     
   8.7750001307576895       0.53794397225776758       0.43790526864491958       0.52520319396745196     
   8.8250001315027475       0.51506981935562557       0.43046897946146484       0.54399584181943783     
   8.8750001322478056       0.53511575355297636       0.43588356017380364       0.53649967360526840     
   8.9250001329928637       0.49264467126426920       0.43304074807427112       0.54510220570444601     
   8.9750001337379217       0.51243161145336069       0.41459646810858763       0.57062146873987796     
   9.0250001344829798       0.46751265390126162       0.40486040681356072       0.55807092560160143     
   9.0750001352280378       0.57532181895999301       0.38276352781523731       0.55282073554974798     
   9.1250001359730959       0.53586964111249202       0.40961153891769209       0.53674239297098136     
   9.1750001367181540       0.50414706318607228       0.38674295258109653       0.54040421499055002     
   9.2250001374632120       0.56018005477965604       0.39432728788351135       0.53626993049028049     
   9.2750001382082701       0.52543513686689647       0.41223849966406023       0.56260418191857398     
   9.3250001389533281       0.59837289956641604       0.41971531751089391       0.53903703941388037     
   9.3750001396983862       0.54405139292161231       0.41966004101079440       0.53950385088351371     
   9.4250001404434443       0.60210425068271034       0.42249102614330281       0.54402082432609022     
   9.4750001411885023       0.51967664342551967       0.41336688355550161       0.53424701660567442     
   9.5250001419335604       0.57030429571936347       0.42221029633156376       0.52504840708432976     
   9.5750001426786184       0.49302557435584721       0.42027832097643847       0.51997552536565228     
   9.6250001434236765       0.55537767729735354       0.42533632536269378       0.53223694074329708     
   9.6750001441687346       0.53878335668353705       0.42543700210746155       0.52286828634922511     
   9.7250001449137926       0.51788977317341611       0.42585463049604344       0.48408094525111595     
   9.7750001456588507       0.55519557523773688       0.43131175281787054       0.50157737242368150     
   9.8250001464039087       0.50589551923242948       0.44031647044304056       0.48368730819469641     
   9.8750001471489668       0.51568983772118160       0.44613629506129204       0.49631420798021242     
   9.9250001478940248       0.46624345041656556       0.46230890653119372       0.47878480905118836     
   9.9750001486390829       0.46304175450195373       0.45184305802083402       0.48166567364990304     
   10.025000149384141       0.45843441206364471       0.47819867167942748       0.47976535079531274     
   10.075000150129199       0.50401013928326266       0.47219131735881431       0.46177065317855742     
   10.125000150874257       0.44942365430777009       0.46564890365712180       0.47458854346853646     
   10.175000151619315       0.47309439415974175       0.49914344256880111       0.45344062110859518     
   10.225000152364373       0.51157337188468754       0.48963997248624985       0.46604612207701490     
   10.275000153109431       0.47356711327956352       0.49008689630094365       0.46496305962259477     
   10.325000153854489       0.47035496911831298       0.49201704982166850       0.47171831685488785     
   10.375000154599547       0.42802567589195589       0.47258355382392608       0.46380700211005321     
   10.425000155344605       0.43596562873213296       0.48856679866095881       0.46438363367249441     
   10.475000156089664       0.44638400442939852       0.48450251980929104       0.48943290693371733     
   10.525000156834722       0.49332193918047190       0.48049323627034141       0.47462556249610566     
   10.575000157579780       0.44188063224151519       0.48173653240447539       0.48314448539936256     
   10.625000158324838       0.47764236665004511       0.44545622334478596       0.48053911954751838     
   10.675000159069896       0.50761461960357179       0.47048591208371254       0.48784570853860859     
   10.725000159814954       0.52942719454877107       0.45206989298516120       0.50731508021797522     
   10.775000160560012       0.48947332767961310       0.45316967933508939       0.49354183999408557     
   10.825000161305070       0.53581488658854048       0.43714115747398408       0.50077606587991486     
