   2.5000000372529030E-002   0.0000000000000000        0.0000000000000000        0.0000000000000000     
   7.5000001117587090E-002   0.0000000000000000        0.0000000000000000        0.0000000000000000     
  0.12500000186264515        0.0000000000000000        0.0000000000000000        0.0000000000000000     
  0.17500000260770321        0.0000000000000000        0.0000000000000000        0.0000000000000000     
  0.22500000335276127        0.0000000000000000        0.0000000000000000        0.0000000000000000     
  0.27500000409781933        0.0000000000000000        0.0000000000000000        0.0000000000000000     
  0.32500000484287739        0.0000000000000000        0.0000000000000000        0.0000000000000000     
  0.37500000558793545        0.0000000000000000        0.0000000000000000        0.0000000000000000     
  0.42500000633299351        0.0000000000000000        0.0000000000000000        0.0000000000000000     
  0.47500000707805157        0.0000000000000000        0.0000000000000000        0.0000000000000000     
  0.52500000782310963        0.0000000000000000        0.0000000000000000        0.0000000000000000     
  0.57500000856816769        0.0000000000000000        0.0000000000000000        0.0000000000000000     
  0.62500000931322575        0.0000000000000000        0.0000000000000000        0.0000000000000000     
  0.67500001005828381        0.0000000000000000        0.0000000000000000        0.0000000000000000     
  0.72500001080334187        0.0000000000000000        0.0000000000000000        0.0000000000000000     
  0.77500001154839993        0.0000000000000000        0.0000000000000000        0.0000000000000000     
  0.82500001229345798        0.0000000000000000        0.0000000000000000        0.0000000000000000     
  0.87500001303851604        0.0000000000000000        0.0000000000000000        0.0000000000000000     
  0.92500001378357410        0.0000000000000000        0.0000000000000000        0.0000000000000000     
  0.97500001452863216        0.0000000000000000        0.0000000000000000        0.0000000000000000     
   1.0250000152736902        0.0000000000000000        0.0000000000000000        0.0000000000000000     
   1.0750000160187483        0.0000000000000000        0.0000000000000000        0.0000000000000000     
   1.1250000167638063        0.0000000000000000        0.0000000000000000        0.0000000000000000     
   1.1750000175088644        0.0000000000000000        0.0000000000000000        0.0000000000000000     
   1.2250000182539225        0.0000000000000000        0.0000000000000000        0.0000000000000000     
   1.2750000189989805        0.0000000000000000        0.0000000000000000        0.0000000000000000     
   1.3250000197440386        0.0000000000000000        0.0000000000000000        0.0000000000000000     
   1.3750000204890966        0.0000000000000000        0.0000000000000000        0.0000000000000000     
   1.4250000212341547        0.0000000000000000        0.0000000000000000        0.0000000000000000     
   1.4750000219792128        0.0000000000000000        2.7463295046316453E-002   0.0000000000000000     
   1.5250000227242708        0.0000000000000000        1.3359894285304472        0.0000000000000000     
   1.5750000234693289        0.0000000000000000        4.6126389098340637        0.0000000000000000     
   1.6250000242143869        0.0000000000000000        4.4236833979298638        0.0000000000000000     
   1.6750000249594450        0.0000000000000000        3.0241598449546698        0.0000000000000000     
   1.7250000257045031        0.0000000000000000        1.7269036822935226        0.0000000000000000     
   1.7750000264495611        0.0000000000000000        1.0430749762301708        0.0000000000000000     
   1.8250000271946192        0.0000000000000000       0.54717368843155578        0.0000000000000000     
   1.8750000279396772        0.0000000000000000       0.41640513213210228        0.0000000000000000     
   1.9250000286847353        0.0000000000000000       0.15318491162049827        0.0000000000000000     
   1.9750000294297934        0.0000000000000000        7.6593316989887042E-002   0.0000000000000000     
   2.0250000301748514        0.0000000000000000        2.9143126749007219E-002   0.0000000000000000     
   2.0750000309199095        0.0000000000000000        2.0816720543622647E-002   7.8062702038584923E-003
   2.1250000316649675        0.0000000000000000        2.6464906206286071E-002  0.10420556818725141     
   2.1750000324100256        0.0000000000000000        6.3155419557805468E-003  0.24156947980860588     
   2.2250000331550837        0.0000000000000000        3.6209390691431864E-002  0.40735564527860846     
   2.2750000339001417        7.7929476367741307E-002   1.7317661415053625E-002  0.61044756488064023     
   2.3250000346451998       0.12435639939367032        2.7634755420815626E-002  0.83318787593759114     
   2.3750000353902578       0.11917564822968488        4.2373563814999064E-002   1.4003138666987973     
   2.4250000361353159       0.18289924055360332        5.0805344598223154E-002   1.6175151586459295     
   2.4750000368803740       0.41701263214441592        4.8773407268352741E-002   1.5637973705415598     
   2.5250000376254320       0.46392364875358094        7.4977559394518126E-002   1.4866644198694297     
   2.5750000383704901       0.62857104056475743       0.10363536869526468        1.5917040865914021     
   2.6250000391155481       0.76094566578311007        7.3709836571583337E-002   1.1560520691704945     
   2.6750000398606062       0.63882144491601356       0.15866153533861777        1.1367263946299655     
   2.7250000406056643       0.68801702589913682       0.13277521552439484       0.99128768863099326     
   2.7750000413507223       0.62852935100535745       0.12027413506892640       0.74201381715910253     
   2.8250000420957804       0.69071104683170537       0.16846610898334277       0.67386443593337109     
   2.8750000428408384       0.79702184051759473       0.19157441064595249       0.59369994242637170     
   2.9250000435858965        1.0685808410429170       0.21301774935822859       0.47928993605601433     
   2.9750000443309546        1.1544901078593750       0.30043748420901867       0.39495714216241778     
   3.0250000450760126        1.3517238244921199       0.32323830585681124       0.34895044382269397     
   3.0750000458210707        1.2939049373556575       0.41076347217639930       0.43011675115394116     
   3.1250000465661287        1.2941342522309625       0.40690273178893149       0.33730094871977218     
   3.1750000473111868        1.0269636627385095       0.47124739502286578       0.39011281993638175     
   3.2250000480562449       0.74975719647898043       0.47685706749237833       0.37164688618570146     
   3.2750000488013029       0.47633592710645611       0.50697741949342112       0.36038573432396348     
   3.3250000495463610       0.49860101722373062       0.49995223949262957       0.33138726144747949     
   3.3750000502914190       0.27147705239498127       0.54820003816957574       0.33934631549372657     
   3.4250000510364771       0.26360871131540803       0.62909518545802678       0.33237620122377531     
   3.4750000517815351       0.31174658698873242       0.65318332511924881       0.38133287872728872     
   3.5250000525265932       0.20558378773345840       0.65161645000897350       0.34354132950196337     
   3.5750000532716513       0.27351110431681874       0.66624499769481493       0.26036153199389472     
   3.6250000540167093       0.20462932661975655       0.60479334312061372       0.28136532410216525     
   3.6750000547617674       0.32851359011047454       0.69242258386921574       0.23394149598776218     
   3.7250000555068254       0.33913276920708457       0.68903165807153699       0.28584047690311415     
   3.7750000562518835       0.30190513784849521       0.76524566190764398       0.29011196840128833     
   3.8250000569969416       0.36757986574778773       0.81684414610619505       0.21595317112682527     
   3.8750000577419996       0.51037125127258931       0.76406456330867167       0.26861644803820489     
   3.9250000584870577       0.34036131932496100       0.73502529928296434       0.31417967937688712     
   3.9750000592321157       0.43396126898585119       0.71475973715316654       0.36163439082154269     
   4.0250000599771738       0.53943210314631918       0.63072061290954240       0.35270560590336253     
   4.0750000607222319       0.46960001853034383       0.59554638365342449       0.47162415654125045     
   4.1250000614672899       0.53729954919377110       0.53905543007348933       0.41482685783342627     
   4.1750000622123480       0.43194720008163001       0.51079470485843537       0.43194720008163001     
   4.2250000629574060       0.45191165465668642       0.49375532638415737       0.47262427216178460     
   4.2750000637024641       0.43404585116170918       0.38745335866412467       0.50393458990808615     
   4.3250000644475222       0.54625738119011225       0.40410268257631105       0.58399226607495536     
   4.3750000651925802       0.57598847973418488       0.34809059886374855       0.59706122899275260     
   4.4250000659376383       0.46004934682786197       0.29601848518940377       0.62655974474690157     
   4.4750000666826963       0.55053386837894847       0.31629588101988365       0.63949208491579079     
   4.5250000674277544       0.57783237745531690       0.30496708810141726       0.67468496344924800     
   4.5750000681728125       0.59096545434358727       0.29120036880698502       0.68250086439137114     
   4.6250000689178705       0.63482563597756636       0.30169931214775431       0.72282126868732810     
   4.6750000696629286       0.68283597726166156       0.31715304649590698       0.70129100367413899     
   4.7250000704079866       0.50586239319775894       0.31716769097319808       0.71061621901589944     
   4.7750000711530447       0.61325825911436538       0.29876684418392158       0.70023479105606623     
   4.8250000718981028       0.60061421153409811       0.33880801676282457       0.76520560604103838     
   4.8750000726431608       0.48086887228635455       0.28412121604370233       0.77787611693380887     
   4.9250000733882189       0.59310060141368559       0.32765266869374943       0.69426028343050572     
   4.9750000741332769       0.65728894991330500       0.30419984458797589       0.61654789929884402     
   5.0250000748783350       0.58570341517006941       0.37745331199848925       0.56573625328927168     
   5.0750000756233931       0.54811852396549221       0.34685172204377179       0.64599683181647294     
   5.1250000763684511       0.54771341747352809       0.35035458480134296       0.57074809390933057     
   5.1750000771135092       0.61750689505933443       0.36481437160686958       0.49074226822804817     
   5.2250000778585672       0.58112142863938399       0.38084794193315558       0.52202433420148053     
   5.2750000786036253       0.56049352036501965       0.39513719443357698       0.45298506495017743     
   5.3250000793486834       0.49311897104147212       0.40882512983780173       0.48363591390605914     
   5.3750000800937414       0.57706190196126239       0.49639733502044087       0.42814270145513023     
   5.4250000808387995       0.53449554410288602       0.44566674997372652       0.43170793946771568     
   5.4750000815838575       0.46198379903407844       0.55318448428028810       0.41376704330964792     
   5.5250000823289156       0.43163766406017007       0.49525772792391393       0.42723319810037236     
   5.5750000830739737       0.41095260461881566       0.47968502854921413       0.39581224550128036     
   5.6250000838190317       0.44617185651983166       0.49857934442851032       0.40155467086784846     
   5.6750000845640898       0.41747093583809158       0.54642306935252427       0.39033532500861567     
   5.7250000853091478       0.45533393952967505       0.51960029135518482       0.36508757313640616     
   5.7750000860542059       0.41120110048427955       0.52855914877064258       0.40817756298071872     
   5.8250000867992640       0.39228477699146436       0.48254109493001679       0.38832230449660110     
   5.8750000875443220       0.38563604299382770       0.53755327205200221       0.40121729725620459     
   5.9250000882893801       0.33319674683412703       0.53362544128990463       0.45096456252549960     
   5.9750000890344381       0.35400572586761869       0.53393771419276781       0.40108095537129140     
   6.0250000897794962       0.38889601295198761       0.53169698278726762       0.40463704204766326     
   6.0750000905245543       0.37159164636307263       0.56507836418611035       0.42259442135408259     
   6.1250000912696123       0.43364221998211666       0.56942917775429469       0.45962491498104519     
   6.1750000920146704       0.40196601948033756       0.51793282432066889       0.42224062134009138     
   6.2250000927597284       0.43023072792187411       0.52506653353906141       0.43023072792187411     
   6.2750000935047865       0.44730352854137484       0.50459176671758144       0.40547552682662791     
   6.3250000942498446       0.52763927831390101       0.48320256626906433       0.48731016150009970     
   6.3750000949949026       0.49623734105686385       0.48079884600176143       0.48548553200063183     
   6.4250000957399607       0.49505781276921806       0.47696359446624964       0.51867076765459197     
   6.4750000964850187       0.61571581908693518       0.42116672347266054       0.50347595623254593     
   6.5250000972300768       0.47684208331360628       0.45754383858789011       0.53131576501665068     
   6.5750000979751348       0.54425850955791111       0.38426378579580772       0.56136377700115969     
   6.6250000987201929       0.48093525288149563       0.40299174763743167       0.55904894045142017     
   6.6750000994652510       0.49488018370263803       0.42245869340469100       0.55674020666546764     
   6.7250001002103090       0.54997878472977368       0.38713221363561240       0.60571987777671010     
   6.7750001009553671       0.51552874299502582       0.39445759880680009       0.58582811703980209     
   6.8250001017004251       0.65232191927252803       0.39062345018384426       0.59315112571019690     
   6.8750001024454832       0.57175441222946422       0.37548050952382722       0.61513378927672469     
   6.9250001031905413       0.60558219187521267       0.37443919477057902       0.63782383635005035     
   6.9750001039355993       0.58311331482804973       0.39365522359639799       0.58656777759361867     
   7.0250001046806574       0.63750288347314932       0.38867697169018223       0.60072387096508306     
   7.0750001054257154       0.66612812622887774       0.35216451117834935       0.58353361057751485     
   7.1250001061707735       0.61973371628167284       0.39314541545693976       0.54028067573274052     
   7.1750001069158316       0.54061185332216222       0.38478331589113646       0.56803419370806907     
   7.2250001076608896       0.55633592049684299       0.38806147540829172       0.56019936438918227     
   7.2750001084059477       0.61476402832186905       0.42960094173823909       0.55125534771010576     
   7.3250001091510057       0.59136531050227681       0.40203931655616187       0.52433555602797222     
   7.3750001098960638       0.52157591556445115       0.39550780327162177       0.53146361064624170     
   7.4250001106411219       0.50725877012646259       0.39724431463963361       0.50482002603931608     
   7.4750001113861799       0.47643314088563543       0.41814895193329626       0.49869074974014121     
   7.5250001121312380       0.49386643986484829       0.45798725406270124       0.49386643986484829     
   7.5750001128762960       0.45925089016913367       0.46133366064609121       0.50142699232752352     
   7.6250001136213541       0.50180994981175386       0.48151144185725897       0.45382581866615990     
   7.6750001143664122       0.47703337880840713       0.46308503439880461       0.46619171110821606     
   7.7250001151114702       0.54297437838008844       0.46912585757689534       0.44440537815548742     
   7.7750001158565283       0.44704840720754996       0.48683546832441865       0.46595343935314287     
   7.8250001166015863       0.47429043640653734       0.47916996764528769       0.44739202045292586     
   7.8750001173466444       0.46611884603756643       0.50345653137907698       0.45256887958298597     
   7.9250001180917025       0.41530057663472686       0.48665806402900985       0.44259481556304003     
   7.9750001188367605       0.45238870573887047       0.48997032199962814       0.43600546990019640     
   8.0250001195818186       0.45929527783202040       0.49872972087820394       0.42537005844670073     
   8.0750001203268766       0.48455401810595644       0.49119802119109718       0.42424250734170449     
   8.1250001210719347       0.41547303658166107       0.48969697775746990       0.45926063602531658     
   8.1750001218169928       0.47076023120769700       0.51457267437802401       0.45919240501349085     
   8.2250001225620508       0.43524295553840314       0.48536987127012182       0.43971462973914016     
   8.2750001233071089       0.42018179662771848       0.49915677605618897       0.48644878558185639     
   8.3250001240521669       0.44036911652638538       0.46515739278704821       0.47043837338171118     
   8.3750001247972250       0.48879870387201413       0.48688184620977093       0.46819248400289976     
   8.4250001255422831       0.42618897506372511       0.50385007718644836       0.48632897487827303     
   8.4750001262873411       0.43053449074579048       0.46256459295586383       0.50634599889885368     
   8.5250001270323992       0.46804896310163202       0.44358790618064203       0.49626140060084112     
   8.5750001277774572       0.49369083258501323       0.47987561587070010       0.49780492285655498     
   8.6250001285225153       0.47533206428649005       0.45986921301903766       0.51961204746146727     
   8.6750001292675734       0.50381341319813489       0.44346696811845282       0.49934698223006629     
   8.7250001300126314       0.50158791793007829       0.44036122372265091       0.50158791793007829     
   8.7750001307576895       0.50811071134342911       0.41556821065201427       0.54303240971754796     
   8.8250001315027475       0.55761278022182725       0.41509255466117451       0.50452735300256668     
   8.8750001322478056       0.52915707633108233       0.41573917968377505       0.53683838872943679     
   8.9250001329928637       0.57725713182843619       0.43960062280891954       0.56080023991227468     
   8.9750001337379217       0.53245318826515431       0.39539888449366378       0.54997907690711068     
   9.0250001344829798       0.52822047680575246       0.40460221244218397       0.54266400546840987     
   9.0750001352280378       0.56812730747189721       0.41430484363531711       0.53139493845431773     
   9.1250001359730959       0.55061537312734243       0.40188283994957547       0.55828523536298735     
   9.1750001367181540       0.55900489423237210       0.40709753249811476       0.54582835029689469     
   9.2250001374632120       0.53400297186467138       0.41358021095107350       0.53558286231397501     
   9.2750001382082701       0.49856591170188791       0.43275034899376680       0.54584371367361861     
   9.3250001389533281       0.50714939158823935       0.40888060703929868       0.53730004139302801     
   9.3750001396983862       0.55529508485076451       0.41370928574434063       0.53999769959316768     
   9.4250001404434443       0.52217508408121160       0.41404027600899934       0.54752706280109653     
   9.4750001411885023       0.49121903225680374       0.41900051599682647       0.53502438802970465     
   9.5250001419335604       0.54535291553298448       0.44787437507539785       0.51645513875881810     
   9.5750001426786184       0.52060770029667003       0.41778971629441691       0.49494394042289058     
   9.6250001434236765       0.56455717970866082       0.44216389224825708       0.51920393583746383     
   9.6750001441687346       0.53862826582215373       0.44462765883867278       0.50559239885172835     
   9.7250001449137926       0.53310392202910939       0.42806270479967001       0.50822573900108425     
   9.7750001456588507       0.47560127235756899       0.44870994466345271       0.51113065734877794     
   9.8250001464039087       0.50002207700330337       0.44817825286337559       0.49862925784730538     
   9.8750001471489668       0.55425765913642688       0.45100457393522408       0.48773295253609705     
   9.9250001478940248       0.51456493439603479       0.47407308721544494       0.48010136783502710     
   9.9750001486390829       0.52833675677908021       0.45011469077115163       0.46482824637341069     
   10.025000149384141       0.47893232511553235       0.46674348257689985       0.44348063065865634     
   10.075000150129199       0.50465521004905989       0.46594878828093428       0.47551501419320863     
   10.125000150874257       0.46689566128900073       0.48671395402785961       0.46296114728937426     
   10.175000151619315       0.42335888325467680       0.48396240437497817       0.44251392475162926     
   10.225000152364373       0.46680974409677178       0.45552172151224624       0.46134434075679581     
   10.275000153109431       0.41388494515267599       0.50062390972655313       0.45750205091107338     
   10.325000153854489       0.50069162140610735       0.47252509022709044       0.48871033575533152     
   10.375000154599547       0.48213764241662105       0.48435819574957034       0.46402625429475319     
   10.425000155344605       0.46144150862125499       0.47175074697293634       0.47443114894437344     
   10.475000156089664       0.43254032686309951       0.46562414789795414       0.45949751437298103     
   10.525000156834722       0.47941636688561945       0.47415694682695864       0.49731862362375329     
   10.575000157579780       0.49052301444835700       0.46727927683560816       0.49232640788382892     
