           1   1.0000000000000000        0.0000000000000000     
           2   46.000000000000000        13.796074318717551     
           3   20.000000000000000        20.151694634141379     
           4   10.000000000000000        17.209404024292233     
           6   4.0000000000000000        13.034610881658388     
           9   7.0000000000000000        24.469775152120445     
          10   1.0000000000000000        4.0940889504949478     
          12   5.0000000000000000        20.217716019054237     
          13   1.0000000000000000        4.0981743229912047     
          22   2.0000000000000000        13.140987924130970     
          24   2.0000000000000000        13.731728193158283     
          29   1.0000000000000000        7.9571835142069620     
          36   1.0000000000000000        9.0812911021488922     
          42   1.0000000000000000        0.0000000000000000     
          44   1.0000000000000000        0.0000000000000000     
          47   1.0000000000000000        0.0000000000000000     
          51   1.0000000000000000        0.0000000000000000     
          52   1.0000000000000000        0.0000000000000000     
          53   2.0000000000000000        0.0000000000000000     
          71   1.0000000000000000        0.0000000000000000     
