   2.5000000372529030E-002   0.0000000000000000        0.0000000000000000        0.0000000000000000     
   7.5000001117587090E-002   0.0000000000000000        0.0000000000000000        0.0000000000000000     
  0.12500000186264515        0.0000000000000000        0.0000000000000000        0.0000000000000000     
  0.17500000260770321        0.0000000000000000        0.0000000000000000        0.0000000000000000     
  0.22500000335276127        0.0000000000000000        0.0000000000000000        0.0000000000000000     
  0.27500000409781933        0.0000000000000000        0.0000000000000000        0.0000000000000000     
  0.32500000484287739        0.0000000000000000        0.0000000000000000        0.0000000000000000     
  0.37500000558793545        0.0000000000000000        0.0000000000000000        0.0000000000000000     
  0.42500000633299351        0.0000000000000000        0.0000000000000000        0.0000000000000000     
  0.47500000707805157        0.0000000000000000        0.0000000000000000        0.0000000000000000     
  0.52500000782310963        0.0000000000000000        0.0000000000000000        0.0000000000000000     
  0.57500000856816769        0.0000000000000000        0.0000000000000000        0.0000000000000000     
  0.62500000931322575        0.0000000000000000        0.0000000000000000        0.0000000000000000     
  0.67500001005828381        0.0000000000000000        0.0000000000000000        0.0000000000000000     
  0.72500001080334187        0.0000000000000000        0.0000000000000000        0.0000000000000000     
  0.77500001154839993        0.0000000000000000        0.0000000000000000        0.0000000000000000     
  0.82500001229345798        0.0000000000000000        0.0000000000000000        0.0000000000000000     
  0.87500001303851604        0.0000000000000000        0.0000000000000000        0.0000000000000000     
  0.92500001378357410        0.0000000000000000        0.0000000000000000        0.0000000000000000     
  0.97500001452863216        0.0000000000000000        0.0000000000000000        0.0000000000000000     
   1.0250000152736902        0.0000000000000000        0.0000000000000000        0.0000000000000000     
   1.0750000160187483        0.0000000000000000        0.0000000000000000        0.0000000000000000     
   1.1250000167638063        0.0000000000000000        0.0000000000000000        0.0000000000000000     
   1.1750000175088644        0.0000000000000000        0.0000000000000000        0.0000000000000000     
   1.2250000182539225        0.0000000000000000        0.0000000000000000        0.0000000000000000     
   1.2750000189989805        0.0000000000000000        0.0000000000000000        0.0000000000000000     
   1.3250000197440386        0.0000000000000000        0.0000000000000000        0.0000000000000000     
   1.3750000204890966        0.0000000000000000        0.0000000000000000        0.0000000000000000     
   1.4250000212341547        0.0000000000000000        0.0000000000000000        0.0000000000000000     
   1.4750000219792128        0.0000000000000000        7.5726549349611108E-002   0.0000000000000000     
   1.5250000227242708        0.0000000000000000        1.9977645911579136        0.0000000000000000     
   1.5750000234693289        0.0000000000000000        6.7479198077750651        0.0000000000000000     
   1.6250000242143869        0.0000000000000000        4.8541411118247755        0.0000000000000000     
   1.6750000249594450        0.0000000000000000        2.1023012558941714        0.0000000000000000     
   1.7250000257045031        0.0000000000000000        1.3842202488927082        0.0000000000000000     
   1.7750000264495611        0.0000000000000000       0.58568807932836509        0.0000000000000000     
   1.8250000271946192        0.0000000000000000       0.32648619822919817        0.0000000000000000     
   1.8750000279396772        0.0000000000000000       0.18745865878344109        0.0000000000000000     
   1.9250000286847353        0.0000000000000000        8.8923777985983540E-002   0.0000000000000000     
   1.9750000294297934        0.0000000000000000        5.0687123354454487E-002   0.0000000000000000     
   2.0250000301748514        0.0000000000000000        6.4286777598645678E-002   0.0000000000000000     
   2.0750000309199095        0.0000000000000000        2.2959785603077331E-002   8.6099196011540004E-003
   2.1250000316649675        0.0000000000000000        6.5676256990828852E-002   2.4628596371560823E-002
   2.1750000324100256        0.0000000000000000        1.3931444097363733E-002  0.15672874609534201     
   2.2250000331550837        0.0000000000000000        6.6561865124334122E-003  0.28455197340652838     
   2.2750000339001417        0.0000000000000000        2.5467334774024665E-002  0.34380901944933295     
   2.3250000346451998       0.10972703457169815        2.4383785460377366E-002  0.50748753489410392     
   2.3750000353902578       0.10515575022405137        1.1683972247116817E-002  0.83467376740340771     
   2.4250000361353159       0.10086428698690711        1.1207142998545234E-002   1.1221151927293416     
   2.4750000368803740       0.24207566088511903        3.7656213915462949E-002   1.8518788057711606     
   2.5250000376254320       0.34887560773098519        6.2022330263286261E-002   1.8083385667389398     
   2.5750000383704901       0.38018686834021242        5.4667392833233151E-002   1.9680261419963934     
   2.6250000391155481       0.45192238295436737        9.0862701334740517E-002   1.6624287658678514     
   2.6750000398606062       0.37301697096770886        9.2102955794495997E-002   1.1501356604837689     
   2.7250000406056643       0.79878719926675412       0.12869349321519927        1.1382717589551246     
   2.7750000413507223       0.78951872643465970       0.15405243442627506       0.81840355788958630     
   2.8250000420957804       0.85472398899090962       0.14038944746710594       0.62246203546077117     
   2.8750000428408384        1.0764178948481757       0.17142951658693173       0.55614924567155744     
   2.9250000435858965        1.4905702128403615       0.20413493870940352       0.50696719448349503     
   2.9750000443309546        1.6084344749457224       0.23456336092958452       0.43561767029779985     
   3.0250000450760126        1.4260617440911836       0.32410494183890542       0.38892593020668653     
   3.0750000458210707        1.2389209171600826       0.36244099967552351       0.38814294556597523     
   3.1250000465661287        1.0933003599964897       0.41167482691225848       0.34545254430444639     
   3.1750000473111868       0.85319413593169813       0.36285267849968772       0.33833560562808723     
   3.2250000480562449       0.55604862706108404       0.44990829084144701       0.33505494194706342     
   3.2750000488013029       0.42859485415400317       0.48850596279918651       0.30416409004477640     
   3.3250000495463610       0.32191118109592343       0.49180874889654963       0.39903573490015509     
   3.3750000502914190       0.13018495743408542       0.60463680230497441       0.42635573559662970     
   3.4250000510364771       0.15169409816010629       0.58430319291300192       0.36975436426525904     
   3.4750000517815351       0.15964030350675998       0.62218784956480810       0.36533069456354689     
   3.5250000525265932       0.21481434710614411       0.61261869359900356       0.22078141230353698     
   3.5750000532716513       0.19724502258480003       0.66521850754089407       0.32777481694238830     
   3.6250000540167093       0.18055660429110337       0.71971868654925930       0.30186807279918842     
   3.6750000547617674       0.24155587110299981       0.72466761330899943       0.24979073034514754     
   3.7250000555068254       0.35267215208993380       0.59609905841463562       0.31526752989857720     
   3.7750000562518835       0.32258022149676502       0.74228136989578186       0.25494243311841108     
   3.8250000569969416       0.46623521345138469       0.69146961608490376       0.28126146028860705     
   3.8750000577419996       0.53328654137849685       0.71543791147897096       0.30614597745802591     
   3.9250000584870577       0.42352961572632919       0.77433192370167259       0.29358302908302369     
   3.9750000592321157       0.46925219744910890       0.69449325222468128       0.34724662611234058     
   4.0250000599771738       0.54004625691489194       0.66310764502544173       0.31578976039938600     
   4.0750000607222319       0.50008480080957818       0.73028256626160626       0.40185385779341110     
   4.1250000614672899       0.41831584696602370       0.68944648851807599       0.38999237816103255     
   4.1750000622123480       0.53596780388913368       0.66168864677670824       0.43813241111572043     
   4.2250000629574060       0.45689930476709023       0.55197128131458562       0.40705574424704399     
   4.2750000637024641       0.50307276164480863       0.50848214617862375       0.50712980004517005     
   4.3250000644475222       0.60249415031253717       0.38933101526044062       0.48159894251956087     
   4.3750000651925802       0.58105430683742543       0.36326654442280526       0.55393843918501218     
   4.4250000659376383       0.53770426439469787       0.31976153438182336       0.58503738626042823     
   4.4750000666826963       0.51835076701617033       0.31101046020970219       0.62387217315874766     
   4.5250000674277544       0.65904657795023636       0.28003444337812244       0.64275147025366464     
   4.5750000681728125       0.64472004884401601       0.28811665186435881       0.67837301842653330     
   4.6250000689178705       0.61005820296331548       0.27267753011239104       0.64645372075374052     
   4.6750000696629286       0.65814360684467066       0.30457046639776286       0.71751223117344254     
   4.7250000704079866       0.56458267914282056       0.28487439758056043       0.69576512517894640     
   4.7750000711530447       0.64387383550851451       0.30350955209155567       0.73167481307785742     
   4.8250000718981028       0.56053205468966794       0.29442087721073468       0.72932863934053382     
   4.8750000726431608       0.63020904134022115       0.31891766668482041       0.78620137830562253     
   4.9250000733882189       0.50131875844179608       0.29888923267532558       0.73516561832470695     
   4.9750000741332769       0.60512883909571336       0.31953998104064069       0.71297358269692945     
   5.0250000748783350       0.62838291013107539       0.33539856262447842       0.64012838508679637     
   5.0750000756233931       0.67939555962612996       0.30579197504829581       0.62181966474255967     
   5.1250000763684511       0.60410008438978413       0.34000233202415675       0.60268863559448094     
   5.1750000771135092       0.61463203886947604       0.36176540425951137       0.56341270229701967     
   5.2250000778585672       0.58662984579830191       0.39953596493670351       0.55811311718310663     
   5.2750000786036253       0.52759821548766161       0.37304924327410416       0.52893053421364056     
   5.3250000793486834       0.54388518250012474       0.42767039991462802       0.45105862490995924     
   5.3750000800937414       0.53894634755107695       0.43457895961261439       0.46580362895485938     
   5.4250000808387995       0.51394176935465585       0.43668254912487092       0.43332345259314120     
   5.4750000815838575       0.41555099214919600       0.45512727711578604       0.44152292915852070     
   5.5250000823289156       0.53922715277083089       0.51925577674228163       0.43842568051862602     
   5.5750000830739737       0.41509060228835021       0.49726051717301722       0.40674107867910175     
   5.6250000838190317       0.42649091276607881       0.50616503932677481       0.38548217115395583     
   5.6750000845640898       0.43742677931228358       0.52900501732035221       0.40864870172594914     
   5.7250000853091478       0.42077071784212500       0.52885399661877597       0.40041084439815128     
   5.7750000860542059       0.36015929845952516       0.55629543218851207       0.38239135391998968     
   5.8250000867992640       0.31466922707465972       0.48851426302022777       0.39552173680912078     
   5.8750000875443220       0.32222497824063312       0.54324744479680087       0.39955897301838511     
   5.9250000882893801       0.40129211052488656       0.52191441743119749       0.40234814239468891     
   5.9750000890344381       0.35722052181863123       0.53998450972583778       0.38421974730492314     
   6.0250000897794962       0.31863561049330408       0.55103081358813544       0.40033704908133078     
   6.0750000905245543       0.38573808472911802       0.54556937446641474       0.42692366148404992     
   6.1250000912696123       0.35574943131785430       0.54811764232676807       0.41998196752802247     
   6.1750000920146704       0.38890184740401007       0.55137639698612972       0.41806948595931082     
   6.2250000927597284       0.39033314269152036       0.51279059922219350       0.40564032475785450     
   6.2750000935047865       0.41049988775930557       0.50632503994776734       0.43121318484807786     
   6.3250000942498446       0.42998268845650489       0.47034504810088945       0.45222317234218617     
   6.3750000949949026       0.49988978878757534       0.48569989210666287       0.47161135183061398     
   6.4250000957399607       0.52447006226115800       0.47737153307788815       0.50022230253333055     
   6.4750000964850187       0.49517947495242010       0.47552949578764153       0.50225346745174038     
   6.5250000972300768       0.50503461775879099       0.44504966315908784       0.49719787369012008     
   6.5750000979751348       0.50424317698686605       0.42229889652414776       0.50595828983376012     
   6.6250000987201929       0.54734038176721411       0.44297781240419248       0.56001029801182556     
   6.6750000994652510       0.61239206557808989       0.42009504015501831       0.54582771062394986     
   6.7250001002103090       0.60004084597570384       0.38545428964316614       0.55331635387103839     
   6.7750001009553671       0.61060103596243487       0.40132390253145345       0.55810226964291332     
   6.8250001017004251       0.58895318869671742       0.39546526424200001       0.59293260213385734     
   6.8750001024454832       0.58669257259849228       0.37997320506973065       0.58198648244395890     
   6.9250001031905413       0.63391163318527921       0.36832155597540339       0.62927325538148449     
   6.9750001039355993       0.51512511425830443       0.37457486940807672       0.62714196602749206     
   7.0250001046806574       0.52284271435972607       0.37660701264225477       0.57167141613182693     
   7.0750001054257154       0.61916713050726524       0.38183618893589988       0.57843245086862938     
   7.1250001061707735       0.59298105875474127       0.34533762808705237       0.59517187547427863     
   7.1750001069158316       0.55882067360717746       0.38470930680173382       0.59266677110658128     
   7.2250001076608896       0.61361026733922319       0.38824106421154547       0.59088396114147412     
   7.2750001084059477       0.59960103162859124       0.40284721439636395       0.54286308354224089     
   7.3250001091510057       0.54445950593101611       0.38446886713233630       0.57762455197757545     
   7.3750001098960638       0.60798862376645879       0.39866120023749863       0.55073408968979676     
   7.4250001106411219       0.58637877160436613       0.41243766810093030       0.53056519586679451     
   7.4750001113861799       0.48567235018041610       0.43229852177564659       0.52614504602878420     
   7.5250001121312380       0.53947201031964431       0.42308106958185693       0.49364307740414048     
   7.5750001128762960       0.54271115277308968       0.44622917005787377       0.51169908690034172     
   7.6250001136213541       0.50245974871906007       0.44209656401677028       0.47631653844306837     
   7.6750001143664122       0.45565545454346734       0.47327748869708214       0.50033989829013326     
   7.7250001151114702       0.48705037480363916       0.45502211886417082       0.47089819400657962     
   7.7750001158565283       0.47590003933541503       0.48571241128047515       0.46976730686975238     
   7.8250001166015863       0.53038379644442035       0.48167782629909306       0.47165408382443313     
   7.8750001173466444       0.48062878406921355       0.47664347076847374       0.43938079140655717     
   7.9250001180917025       0.44152767159650502       0.51577148090239389       0.43975683868903231     
   7.9750001188367605       0.40103469229260563       0.51243321792944052       0.42668225982294672     
   8.0250001195818186       0.48125039826322097       0.50453258127329714       0.44383260413988446     
   8.0750001203268766       0.44347022341747355       0.50891682618962497       0.42243381538356778     
   8.1250001210719347       0.44252154417980483       0.50716513128785312       0.43971366636140513     
   8.1750001218169928       0.46597081993711831       0.46153300260438396       0.45764991243824121     
   8.2250001225620508       0.43621061387533488       0.50708570524201413       0.43949863357791280     
   8.2750001233071089       0.45694237218499539       0.49857008697594024       0.46452198499375130     
   8.3250001240521669       0.48142543462246434       0.48879540423890699       0.44986532279721392     
   8.3750001247972250       0.48837942747503638       0.48438594490309045       0.46142342011440118     
   8.4250001255422831       0.41156784353029563       0.48376051095157147       0.45178449829150480     
   8.4750001262873411       0.43975950274909431       0.49045686848073222       0.47021233216481800     
   8.5250001270323992       0.40604985431898655       0.45161993847203863       0.48970836701787318     
   8.5750001277774572       0.49813122753734596       0.46070976330039742       0.47897233417052498     
   8.6250001285225153       0.42658998218601740       0.46335734305978632       0.47443184934706606     
   8.6750001292675734       0.45912617701595299       0.48605632473791877       0.51085176562826529     
   8.7250001300126314       0.49478663454619287       0.44327341537646675       0.51767538634114463     
   8.7750001307576895       0.49108996299548802       0.46134638789467203       0.50938547142081014     
   8.8250001315027475       0.54266345185749187       0.42989946751439512       0.50362976496949685     
   8.8750001322478056       0.54786230419434501       0.41963031012365631       0.54786230419434501     
   8.9250001329928637       0.50823124902388017       0.42321576536542888       0.54034476201165282     
   8.9750001337379217       0.56517720924894321       0.40583119187473887       0.55090970640959702     
   9.0250001344829798       0.48428654988417391       0.40539275103086231       0.55392549925661627     
   9.0750001352280378       0.52398025974830453       0.39453572822590938       0.54963908690092766     
   9.1250001359730959       0.52893940131551376       0.41119942982926960       0.54407739764945950     
   9.1750001367181540       0.51085903671489674       0.41690794950296167       0.55621979600940907     
   9.2250001374632120       0.57678038662774744       0.38916702823825861       0.55456301523951845     
   9.2750001382082701       0.59298793483476531       0.39455915560711119       0.56066664478199824     
   9.3250001389533281       0.55083319421045474       0.40398223944158568       0.53250051050221203     
   9.3750001396983862       0.51291606792765698       0.42817993389867265       0.52557024723508261     
   9.4250001404434443       0.58261007901264805       0.40324556248758264       0.55005736686151163     
   9.4750001411885023       0.51205728785736282       0.41662008725312316       0.54509324191267650     
   9.5250001419335604       0.57207554271410688       0.39300681728042131       0.51772836615626672     
   9.5750001426786184       0.50788735333111079       0.44786103485531775       0.53376696369193166     
   9.6250001434236765       0.55224646546469391       0.43503860049167187       0.49822235471271292     
   9.6750001441687346       0.49744267140961845       0.43583441415789637       0.51962164402023836     
   9.7250001449137926       0.53781170033404990       0.44634712544730670       0.50958834579756918     
   9.7750001456588507       0.53697976764166544       0.42075485968068838       0.49585270451304075     
   9.8250001464039087       0.56071621058537013       0.44481779141110339       0.51770236429388972     
   9.8750001471489668       0.50030755882530231       0.46364199304850712       0.49270410048449226     
   9.9250001478940248       0.44861172230377283       0.45229160966047788       0.47533272254166531     
   9.9750001486390829       0.52907584946869135       0.44876230111428900       0.47356014413711739     
   10.025000149384141       0.40429391314136953       0.44593651408942631       0.48802996996900722     
   10.075000150129199       0.47625867783648435       0.47301219741496781       0.45690153832319175     
   10.125000150874257       0.46578042008113785       0.46063722703676374       0.49217946562921489     
   10.175000151619315       0.50704891203179780       0.48253995645963932       0.47517931233488397     
   10.225000152364373       0.47373478067097657       0.48224498631177254       0.46699753453867981     
   10.275000153109431       0.47475383879697652       0.49878805680313509       0.45684522505537462     
   10.325000153854489       0.45208353946322294       0.48314979294428545       0.45486559201376581     
   10.375000154599547       0.50422031217935182       0.47666728965589000       0.45290280772940417     
   10.425000155344605       0.47483485108685336       0.47331877557252744       0.47756378701263985     
   10.475000156089664       0.48247590691225767       0.46821035722141896       0.48923327255528642     
   10.525000156834722       0.48325736218271914       0.47924137302330599       0.47556004962717724     
   10.575000157579780       0.42830906291704457       0.49092734696924406       0.48731758706505846     
   10.625000158324838       0.47288999397643794       0.46588421628789811       0.47387518146388885     
   10.675000159069896       0.47107310749506920       0.47251900408038244       0.47725431539728352     
   10.725000159814954       0.50407791700277493       0.46268021367404460       0.49118589866510803     
   10.775000160560012       0.52367859482652945       0.44278515334926061       0.49557876778705712     
   10.825000161305070       0.47835632479497059       0.44039153711283002       0.48436741617797613     
   10.875000162050128       0.48901436131521092       0.48316290741913143       0.51754019905859816     
   10.925000162795186       0.47833634755954513       0.44727554576996426       0.52306390213654153     
