   2.5000000372529030E-002   0.0000000000000000        0.0000000000000000        0.0000000000000000     
   7.5000001117587090E-002   0.0000000000000000        0.0000000000000000        0.0000000000000000     
  0.12500000186264515        0.0000000000000000        0.0000000000000000        0.0000000000000000     
  0.17500000260770321        0.0000000000000000        0.0000000000000000        0.0000000000000000     
  0.22500000335276127        0.0000000000000000        0.0000000000000000        0.0000000000000000     
  0.27500000409781933        0.0000000000000000        0.0000000000000000        0.0000000000000000     
  0.32500000484287739        0.0000000000000000        0.0000000000000000        0.0000000000000000     
  0.37500000558793545        0.0000000000000000        0.0000000000000000        0.0000000000000000     
  0.42500000633299351        0.0000000000000000        0.0000000000000000        0.0000000000000000     
  0.47500000707805157        0.0000000000000000        0.0000000000000000        0.0000000000000000     
  0.52500000782310963        0.0000000000000000        0.0000000000000000        0.0000000000000000     
  0.57500000856816769        0.0000000000000000        0.0000000000000000        0.0000000000000000     
  0.62500000931322575        0.0000000000000000        0.0000000000000000        0.0000000000000000     
  0.67500001005828381        0.0000000000000000        0.0000000000000000        0.0000000000000000     
  0.72500001080334187        0.0000000000000000        0.0000000000000000        0.0000000000000000     
  0.77500001154839993        0.0000000000000000        0.0000000000000000        0.0000000000000000     
  0.82500001229345798        0.0000000000000000        0.0000000000000000        0.0000000000000000     
  0.87500001303851604        0.0000000000000000        0.0000000000000000        0.0000000000000000     
  0.92500001378357410        0.0000000000000000        0.0000000000000000        0.0000000000000000     
  0.97500001452863216        0.0000000000000000        0.0000000000000000        0.0000000000000000     
   1.0250000152736902        0.0000000000000000        0.0000000000000000        0.0000000000000000     
   1.0750000160187483        0.0000000000000000        0.0000000000000000        0.0000000000000000     
   1.1250000167638063        0.0000000000000000        0.0000000000000000        0.0000000000000000     
   1.1750000175088644        0.0000000000000000        0.0000000000000000        0.0000000000000000     
   1.2250000182539225        0.0000000000000000        0.0000000000000000        0.0000000000000000     
   1.2750000189989805        0.0000000000000000        0.0000000000000000        0.0000000000000000     
   1.3250000197440386        0.0000000000000000        0.0000000000000000        0.0000000000000000     
   1.3750000204890966        0.0000000000000000        0.0000000000000000        0.0000000000000000     
   1.4250000212341547        0.0000000000000000        0.0000000000000000        0.0000000000000000     
   1.4750000219792128        0.0000000000000000        4.4981443745160166E-002   0.0000000000000000     
   1.5250000227242708        0.0000000000000000        1.8234863788868649        0.0000000000000000     
   1.5750000234693289        0.0000000000000000        6.6672713757291246        0.0000000000000000     
   1.6250000242143869        0.0000000000000000        4.8797083306355482        0.0000000000000000     
   1.6750000249594450        0.0000000000000000        2.4184617682082497        0.0000000000000000     
   1.7250000257045031        0.0000000000000000        1.1511143199808063        0.0000000000000000     
   1.7750000264495611        0.0000000000000000       0.66266236230197018        0.0000000000000000     
   1.8250000271946192        0.0000000000000000       0.30363130999724791        0.0000000000000000     
   1.8750000279396772        0.0000000000000000       0.19486272750184688        0.0000000000000000     
   1.9250000286847353        0.0000000000000000       0.10564115099492970        0.0000000000000000     
   1.9750000294297934        0.0000000000000000        8.3633518207372484E-002   0.0000000000000000     
   2.0250000301748514        0.0000000000000000        1.5910932685580602E-002   0.0000000000000000     
   2.0750000309199095        0.0000000000000000        2.2730123789164509E-002   0.0000000000000000     
   2.1250000316649675        0.0000000000000000        4.3346207646655456E-002   8.1274139337478971E-002
   2.1750000324100256        0.0000000000000000        2.7584181696579953E-002  0.18619322645191469     
   2.2250000331550837        2.9653227474822377E-002   1.9768818316548250E-002  0.29653227474822375     
   2.2750000339001417        2.8364164293659518E-002   1.2606295241626451E-002  0.31909684830366958     
   2.3250000346451998       0.13578682320635127        2.4139879681129114E-002  0.48204322238254704     
   2.3750000353902578       0.10410389979490003        2.8917749943027791E-002  0.81331171714765649     
   2.4250000361353159        9.9855363144633447E-002   1.1095040349403716E-002   1.3480474024525513     
   2.4750000368803740       0.33551592191414437        4.2605196433542145E-002   1.9112424837609294     
   2.5250000376254320       0.25328297852661330        7.6752417735337364E-002   1.7844937123465938     
   2.5750000383704901       0.44280463598823638        5.9040618131764838E-002   1.7380081962538276     
   2.6250000391155481       0.68175527653808421        8.0484997924634941E-002   1.5765590769943199     
   2.6750000398606062       0.49238101621871067        7.7504419219611861E-002   1.2668553229793911     
   2.7250000406056643       0.55355797149385644       0.12740619978826856       0.96872645011424874     
   2.7750000413507223       0.57191805354805647       0.13556576084102079       0.77685535606944323     
   2.8250000420957804       0.79098908326203832       0.16351195519628700       0.65302587106517129     
   2.8750000428408384        1.1189332532471958       0.17760845289638028       0.61718937381492156     
   2.9250000435858965        1.3555484688619515       0.20209302067421500       0.53621379306248085     
   2.9750000443309546        1.5425848481119055       0.24696101510991081       0.46858088128130465     
   3.0250000450760126        1.5080560510176169       0.29234183494904153       0.38503558749385958     
   3.0750000458210707        1.4283620205665499       0.39676722793515279       0.45412596849534326     
   3.1250000465661287       0.91700309668940116       0.36078810361550201       0.31568959066356433     
   3.1750000473111868       0.93203841972281176       0.41100305314165658       0.36771828278126556     
   3.2250000480562449       0.66340691836489274       0.48932141496417619       0.28230081632548626     
   3.2750000488013029       0.41062036615939590       0.46841138065590349       0.33533996569683994     
   3.3250000495463610       0.27885477598449582       0.48984013559181283       0.40500336512033919     
   3.3750000502914190       0.18043584329438001       0.53844346887846739       0.37053789247953040     
   3.4250000510364771       0.12514727884344676       0.68691950831847437       0.33789765287730622     
   3.4750000517815351       0.19451502248614380       0.60515784773466952       0.29785112818190768     
   3.5250000525265932       0.18903609354481332       0.64849882091067912       0.35739636435816269     
   3.5750000532716513       0.13783907499087458       0.66622219578922703       0.34459768747718644     
   3.6250000540167093       0.27929771137662379       0.65293598304046274       0.26253984869402636     
   3.6750000547617674       0.29348955757103884       0.70775671085032410       0.24729212721263458     
   3.7250000555068254       0.26450336980950068       0.70534231949200166       0.27243847090378570     
   3.7750000562518835       0.36056042658190668       0.72112085316381325       0.32450438392371594     
   3.8250000569969416       0.41140074053338943       0.65556540767922222       0.27593952108946856     
   3.8750000577419996       0.46929083592541898       0.74521646630749416       0.32019322659494737     
   3.9250000584870577       0.38117558160419707       0.73270417352806760       0.31208750743843638     
   3.9750000592321157       0.46455836830314795       0.67928756965215853       0.28105781282340447     
   4.0250000599771738       0.54370605759349766       0.75917475449166139       0.37379791459552963     
   4.0750000607222319       0.45971951975971448       0.69940234630110421       0.36026096981169931     
   4.1250000614672899       0.50903666395255631       0.68255010307762731       0.36667895284718044     
   4.1750000622123480       0.48007266780089958       0.56148850035192943       0.41690521151130761     
   4.2250000629574060       0.54279484675051293       0.49893263691208767       0.41943238157994178     
   4.2750000637024641       0.57836976694223441       0.50339590826453728       0.48799949085751027     
   4.3250000644475222       0.49444018973399462       0.40462124874175215       0.51994702491868472     
   4.3750000651925802       0.65194109784375343       0.34429307650833513       0.57332467133906551     
   4.4250000659376383       0.64478890500068442       0.37154502794613081       0.55856713282036030     
   4.4750000666826963       0.68910838068430247       0.31278678272195287       0.63779179914398199     
   4.5250000674277544       0.61660514023853774       0.32025228213939549       0.63811462187476564     
   4.5750000681728125       0.63125708478371934       0.25873747178789491       0.68912231755556030     
   4.6250000689178705       0.48728261850412335       0.34468191481042837       0.70861873747254545     
   4.6750000696629286       0.53065223356867652       0.30152391330765865       0.75231709062900964     
   4.7250000704079866       0.53920815210665463       0.27910232263515183       0.73976728185364204     
   4.7750000711530447       0.64387202378538744       0.30190443781937054       0.71469794640177997     
   4.8250000718981028       0.71257436948687680       0.24242943150684307       0.71572735342265936     
   4.8750000726431608       0.58684152041279081       0.28140938405759564       0.70420982449534897     
   4.9250000733882189       0.56893405353435322       0.29724450551085591       0.68998385215868352     
   4.9750000741332769       0.62873308606981293       0.35456855377941227       0.73994766497367126     
   5.0250000748783350       0.56395739313911286       0.37338759820665207       0.64244630867909247     
   5.0750000756233931       0.56429975793069631       0.32173319531851147       0.57997475120654907     
   5.1250000763684511       0.63718265125107987       0.33287514724227957       0.62181201712002310     
   5.1750000771135092       0.57559297896292894       0.35692855626695907       0.58792711422642030     
   5.2250000778585672       0.55925221270728942       0.37761474191346889       0.55253043130455759     
   5.2750000786036253       0.60673624058012132       0.39393889243462948       0.47747504150000852     
   5.3250000793486834       0.54362216959860121       0.44065035123018892       0.50349767612822827     
   5.3750000800937414       0.51322946341745712       0.43361961265633336       0.47003688481301759     
   5.4250000808387995       0.49383618705903748       0.45337598318102434       0.45143611039235243     
   5.4750000815838575       0.49955025135936892       0.43098453058455355       0.44690157290727855     
   5.5250000823289156       0.50016821109179899       0.48948085615394005       0.42201692810870539     
   5.5750000830739737       0.40621510847524073       0.51432920711335384       0.37551280376490276     
   5.6250000838190317       0.41758498244654252       0.48666694250560022       0.39090594190134675     
   5.6750000845640898       0.41025911968620460       0.54802514506231281       0.39886303302825449     
   5.7250000853091478       0.37624940255638861       0.51361029555316540       0.39528583066192019     
   5.7750000860542059       0.33894896381773926       0.56246942047676785       0.38626976071437169     
   5.8250000867992640       0.33748179643337628       0.54420141533131328       0.41103552129706084     
   5.8750000875443220       0.38280219702341250       0.49338949838573160       0.39024557307664548     
   5.9250000882893801       0.35545932718620404       0.55293673117853959       0.37427776215488534     
   5.9750000890344381       0.33308643072434085       0.55560095989135583       0.39990932577706356     
   6.0250000897794962       0.42464203220613900       0.54012669070029529       0.37914467161262411     
   6.0750000905245543       0.36199006532256978       0.50740487788804645       0.42066427920727201     
   6.1250000912696123       0.30523215321036984       0.55828786997452273       0.47154454438268684     
   6.1750000920146704       0.41966280268906281       0.51420457577191991       0.43313821378458311     
   6.2250000927597284       0.47356461266402744       0.51692208386793415       0.39684714541245503     
   6.2750000935047865       0.41385051134365558       0.49628920179149083       0.45393062843324383     
   6.3250000942498446       0.43669067233783310       0.48113444758043239       0.41375523786630825     
   6.3750000949949026       0.43347985259797056       0.48646072347105584       0.49037408325145415     
   6.4250000957399607       0.48366061978313213       0.47180619282766328       0.48010429169649149     
   6.4750000964850187       0.51473761584751365       0.47310728712817579       0.48059685561272958     
   6.5250000972300768       0.51722365317155561       0.47431324638991540       0.49136247051297777     
   6.5750000979751348       0.58409718760919338       0.42411191141649440       0.56796659667231164     
   6.6250000987201929       0.56862424106678078       0.44820969589969778       0.51008939272167098     
   6.6750000994652510       0.52389328153887793       0.40051659678793328       0.52801193941261126     
   6.7250001002103090       0.57131597168495396       0.39169769270824495       0.57456208516043661     
   6.7750001009553671       0.59809656992467142       0.38735903815679840       0.59249940951093771     
   6.8250001017004251       0.57045526989737272       0.37750201408800960       0.64058029616928724     
   6.8750001024454832       0.57461199102884886       0.38790623298283855       0.60722510403318897     
   6.9250001031905413       0.62757075099871995       0.38436582581493411       0.57782428902930927     
   6.9750001039355993       0.60050007812740569       0.38021612986961367       0.58616653354898784     
   7.0250001046806574       0.58603291758498233       0.40523201182131335       0.59570097333194272     
   7.0750001054257154       0.54845018342885177       0.35650891305476168       0.60930762356868418     
   7.1250001061707735       0.56969837673468227       0.34895230520804565       0.58198882394850160     
   7.1750001069158316       0.55893432163867718       0.39860508878767342       0.57461870311323193     
   7.2250001076608896       0.57372398562116345       0.36060864891439137       0.57161470626226207     
   7.2750001084059477       0.62688952025176714       0.40189967276711136       0.55338256323109547     
   7.3250001091510057       0.63204108659899594       0.42136072439933059       0.57321475169908942     
   7.3750001098960638       0.58841137025672707       0.40307078574161120       0.55062348409345097     
   7.4250001106411219       0.61513111904786466       0.40653687232889174       0.52525806594022206     
   7.4750001113861799       0.49132387537875538       0.41396153017651516       0.51234307860351491     
   7.5250001121312380       0.48481637014938728       0.43210015164829524       0.51527943084059202     
   7.5750001128762960       0.53472404120764971       0.43551155296657063       0.48867125296967029     
   7.6250001136213541       0.47723339616271809       0.45394687536230327       0.49301492381360162     
   7.6750001143664122       0.50094267276885596       0.45691288561006760       0.50779636605300704     
   7.7250001151114702       0.49447898660836542       0.46359113393465323       0.45081230993026350     
   7.7750001158565283       0.45656838191435106       0.47437778688264137       0.47113971325204312     
   7.8250001166015863       0.49870467603477797       0.46940044827632421       0.43396897289564823     
   7.8750001173466444       0.49475931288293529       0.48134478605835812       0.46576026224745215     
   7.9250001180917025       0.39269880058766504       0.50801511504594765       0.43827991137016187     
   7.9750001188367605       0.44318871988260838       0.51397580708608059       0.43337855290604027     
   8.0250001195818186       0.45136094559759871       0.49290033677493095       0.42742513787651393     
   8.0750001203268766       0.43227991220316025       0.52984308683234582       0.45873454224684329     
   8.1250001210719347       0.44921426090255473       0.51395250972349493       0.45143809387731981     
   8.1750001218169928       0.52062107546937386       0.49743354515076599       0.45142460341331786     
   8.2250001225620508       0.47090885676277178       0.48609946504544194       0.44269772709495603     
   8.2750001233071089       0.43307620126857010       0.49405942872993092       0.45826751495622203     
   8.3250001240521669       0.41729839253911033       0.51591544074773266       0.43159668771494281     
   8.3750001247972250       0.43954024795189550       0.49395951674593963       0.46936619334863117     
   8.4250001255422831       0.46949939708063759       0.47984079349210540       0.46949939708063759     
   8.4750001262873411       0.41492121403473897       0.45511883575567436       0.46806383258106027     
   8.5250001270323992       0.44844917525309547       0.43992011185989338       0.46814457822029226     
   8.5750001277774572       0.43524849808228400       0.47961633682665539       0.49913818587417874     
   8.6250001285225153       0.47758009512324395       0.48547398099304961       0.47067294498716394     
   8.6750001292675734       0.50525412788411939       0.45041530576713867       0.49013551981036690     
   8.7250001300126314       0.48790889623828521       0.43583956739072111       0.50815807967900450     
   8.7750001307576895       0.56053428406411709       0.45715532313316881       0.50715006653420125     
   8.8250001315027475       0.52404005254782149       0.43355831685611124       0.53629278758940724     
   8.8750001322478056       0.51628816816231238       0.42785854609841051       0.54564390335565693     
   8.9250001329928637       0.49577539593365522       0.41283899140943781       0.53355753577246534     
   8.9750001337379217       0.51942769019519075       0.41027699818146451       0.53856449983396093     
   9.0250001344829798       0.50287372766177407       0.40734574355398184       0.57587152683848319     
   9.0750001352280378       0.47595639979210924       0.39098540707017215       0.56865202821604066     
   9.1250001359730959       0.53951667125314384       0.38710419113878441       0.56155575096119714     
   9.1750001367181540       0.58945920643690441       0.43482789587258824       0.54019227572139394     
   9.2250001374632120       0.52615815014067768       0.39945850087182960       0.55030967178647938     
   9.2750001382082701       0.55463177668601116       0.42626059281714629       0.54439242080873096     
   9.3250001389533281       0.55207655790707710       0.39018662604373783       0.53181686770865222     
   9.3750001396983862       0.59965456171598608       0.42241218894013749       0.54996173940108195     
   9.4250001404434443       0.51067549507234933       0.41610595894784019       0.53463923189613272     
   9.4750001411885023       0.54781716667767688       0.39937052482836943       0.53923197227451936     
   9.5250001419335604       0.52428124215489591       0.40741471012448355       0.54450814192939034     
   9.5750001426786184       0.57006151318741516       0.41206693649876824       0.49279896259389611     
   9.6250001434236765       0.53721424570756882       0.44512540581734977       0.51304752816467680     
   9.6750001441687346       0.53481273540573848       0.42101908398183907       0.53128391237153627     
   9.7250001449137926       0.56192540767908727       0.44429706880949316       0.48858017145578098     
   9.7750001456588507       0.49473389788847039       0.42371619550006334       0.51009830465519312     
   9.8250001464039087       0.52621148037380217       0.43766465451770953       0.48210704993784759     
   9.8750001471489668       0.48024828440258638       0.44930229603112048       0.49304486878321946     
   9.9250001478940248       0.54993921860720985       0.46863233624161510       0.49926731228567828     
   9.9750001486390829       0.46329029799052662       0.46722482281422534       0.47251184054607054     
   10.025000149384141       0.48059197052085384       0.47134045335783842       0.47000141797898087     
   10.075000150129199       0.44835391703806432       0.44513991046431473       0.49572033891869854     
   10.125000150874257       0.50694703946124942       0.47066834360526538       0.46112131838000647     
   10.175000151619315       0.46652665660620896       0.47897366973416927       0.45979108937557217     
   10.225000152364373       0.40159547418229563       0.51112151259564897       0.46794297822115388     
   10.275000153109431       0.48251990335925860       0.47834826154347260       0.45227550019480944     
   10.325000153854489       0.47234946319992333       0.48627359703574879       0.46890668285590059     
   10.375000154599547       0.47735477204106463       0.49523663334292051       0.45246413035606631     
   10.425000155344605       0.44847206813581780       0.48179228203345886       0.48055403084131687     
   10.475000156089664       0.48166366773283831       0.47333861668560406       0.48701548626320312     
   10.525000156834722       0.46252017005321550       0.47650915959637224       0.49565198739227107     
   10.575000157579780       0.48572497923448871       0.47493109080705564       0.48506859412741510     
   10.625000158324838       0.50067087233794283       0.47278357699559853       0.47271133011647326     
   10.675000159069896       0.51145122231482021       0.45118786810420186       0.47698945859461506     
   10.725000159814954       0.44925979090658807       0.44925979090658813       0.49393050875241362     
   10.775000160560012       0.51970483875277229       0.46533182642583987       0.49283445475399751     
   10.825000161305070       0.51366213200002409       0.46661123752414113       0.49549603220977934     
   10.875000162050128       0.49032955875554218       0.44136556624971451       0.51453570152954997     
