   2.5000000372529030E-002   0.0000000000000000        0.0000000000000000        0.0000000000000000     
   7.5000001117587090E-002   0.0000000000000000        0.0000000000000000        0.0000000000000000     
  0.12500000186264515        0.0000000000000000        0.0000000000000000        0.0000000000000000     
  0.17500000260770321        0.0000000000000000        0.0000000000000000        0.0000000000000000     
  0.22500000335276127        0.0000000000000000        0.0000000000000000        0.0000000000000000     
  0.27500000409781933        0.0000000000000000        0.0000000000000000        0.0000000000000000     
  0.32500000484287739        0.0000000000000000        0.0000000000000000        0.0000000000000000     
  0.37500000558793545        0.0000000000000000        0.0000000000000000        0.0000000000000000     
  0.42500000633299351        0.0000000000000000        0.0000000000000000        0.0000000000000000     
  0.47500000707805157        0.0000000000000000        0.0000000000000000        0.0000000000000000     
  0.52500000782310963        0.0000000000000000        0.0000000000000000        0.0000000000000000     
  0.57500000856816769        0.0000000000000000        0.0000000000000000        0.0000000000000000     
  0.62500000931322575        0.0000000000000000        0.0000000000000000        0.0000000000000000     
  0.67500001005828381        0.0000000000000000        0.0000000000000000        0.0000000000000000     
  0.72500001080334187        0.0000000000000000        0.0000000000000000        0.0000000000000000     
  0.77500001154839993        0.0000000000000000        0.0000000000000000        0.0000000000000000     
  0.82500001229345798        0.0000000000000000        0.0000000000000000        0.0000000000000000     
  0.87500001303851604        0.0000000000000000        0.0000000000000000        0.0000000000000000     
  0.92500001378357410        0.0000000000000000        0.0000000000000000        0.0000000000000000     
  0.97500001452863216        0.0000000000000000        0.0000000000000000        0.0000000000000000     
   1.0250000152736902        0.0000000000000000        0.0000000000000000        0.0000000000000000     
   1.0750000160187483        0.0000000000000000        0.0000000000000000        0.0000000000000000     
   1.1250000167638063        0.0000000000000000        0.0000000000000000        0.0000000000000000     
   1.1750000175088644        0.0000000000000000        0.0000000000000000        0.0000000000000000     
   1.2250000182539225        0.0000000000000000        0.0000000000000000        0.0000000000000000     
   1.2750000189989805        0.0000000000000000        0.0000000000000000        0.0000000000000000     
   1.3250000197440386        0.0000000000000000        0.0000000000000000        0.0000000000000000     
   1.3750000204890966        0.0000000000000000        0.0000000000000000        0.0000000000000000     
   1.4250000212341547        0.0000000000000000        0.0000000000000000        0.0000000000000000     
   1.4750000219792128        0.0000000000000000        5.3429109711149711E-002   0.0000000000000000     
   1.5250000227242708        0.0000000000000000        1.1371201985380586        0.0000000000000000     
   1.5750000234693289        0.0000000000000000        3.9597036483090657        0.0000000000000000     
   1.6250000242143869        0.0000000000000000        4.4791642490150974        0.0000000000000000     
   1.6750000249594450        0.0000000000000000        3.0660089111167430        0.0000000000000000     
   1.7250000257045031        0.0000000000000000        2.1876759186573680        0.0000000000000000     
   1.7750000264495611        0.0000000000000000        1.0515332069533565        0.0000000000000000     
   1.8250000271946192        0.0000000000000000       0.55843244615786469        0.0000000000000000     
   1.8750000279396772        0.0000000000000000       0.29758963003135963        0.0000000000000000     
   1.9250000286847353        0.0000000000000000       0.23527671259693911        0.0000000000000000     
   1.9750000294297934        0.0000000000000000        6.7054617021058902E-002   0.0000000000000000     
   2.0250000301748514        0.0000000000000000        5.6697177588218614E-002   0.0000000000000000     
   2.0750000309199095        0.0000000000000000        2.6998917254850336E-002   3.0373781911706629E-002
   2.1250000316649675        0.0000000000000000        3.8615078092584874E-002  0.11584523427775462     
   2.1750000324100256        0.0000000000000000        3.0716797044172101E-002  0.26262861472767146     
   2.2250000331550837        0.0000000000000000        3.5222203027052312E-002  0.55474969767607385     
   2.2750000339001417        5.0536574187019130E-002   7.8612448735363091E-002  0.61275596201760696     
   2.3250000346451998        2.4193206588220856E-002   4.8386413176441712E-002  0.93748675529355807     
   2.3750000353902578        9.2741220941225097E-002   2.5761450261451418E-002   1.3389513773389374     
   2.4250000361353159       0.20015190310898306        5.9304267587846834E-002   1.7068509515127168     
   2.4750000368803740       0.49104211891839605        4.2699314688556179E-002   1.6439236155094130     
   2.5250000376254320       0.63588828457344670        5.4700067490188971E-002   1.5743363174520011     
   2.5750000383704901       0.65088147889242409        8.3277764976135052E-002   1.4940688492757914     
   2.6250000391155481       0.87305614129135867       0.10122390043957784        1.1435137502783557     
   2.6750000398606062       0.51174534434122143        9.7475303684042156E-002   1.0189215338222533     
   2.7250000406056643       0.58119895943743882       0.12915532431943086       0.92023168577594472     
   2.7750000413507223       0.64535987265836525       0.14718733937822367       0.78547089764340516     
   2.8250000420957804       0.75381656388621243       0.21849755474962676       0.59813705612710333     
   2.8750000428408384       0.82275927201985943       0.19338358957731741       0.51818011843558465     
   2.9250000435858965       0.94773181363035686       0.30232305165986295       0.50825940005176395     
   2.9750000443309546        1.3298860561529950       0.29553023470066558       0.40265994477965689     
   3.0250000450760126        1.3577476056907283       0.29536965457131631       0.42876240179707209     
   3.0750000458210707        1.4246018425303801       0.38112325452808443       0.38035486086976167     
   3.1250000465661287        1.3525961639147199       0.40771325512940959       0.33480103067196038     
   3.1750000473111868        1.0768066863219328       0.49011281572885829       0.31460918244948033     
   3.2250000480562449       0.84248611379150828       0.53091993903942480       0.30178607061188362     
   3.2750000488013029       0.54870327878179359       0.60696066393640369       0.27435163939089680     
   3.3250000495463610       0.39037189474236855       0.52312462662445347       0.38445716906445382     
   3.3750000502914190       0.21814948362118536       0.61745233960616219       0.36166888074038633     
   3.4250000510364771       0.27871942022055224       0.48311366171562392       0.37627121729774549     
   3.4750000517815351       0.21660524620493821       0.61130813928949224       0.37093648412595670     
   3.5250000525265932       0.27365532892378047       0.65957951073936827       0.33943785991507380     
   3.5750000532716513       0.24558857320903252       0.65945079843166132       0.33256785955389817     
   3.6250000540167093       0.21895550035077263       0.62147975352087992       0.24383680720881495     
   3.6750000547617674       0.19367104478038882       0.62620304478992406       0.26629768657303471     
   3.7250000555068254       0.33931222875265038       0.68281349736644470       0.25919684140827465     
   3.7750000562518835       0.32120616278712277       0.67912160132134536       0.25696493022969824     
   3.8250000569969416       0.30392466017456349       0.75484556121787005       0.26369933750440061     
   3.8750000577419996       0.37452007541622073       0.73742712523814002       0.29613215265468618     
   3.9250000584870577       0.43295331249132935       0.81497094116014945       0.33957122548339558     
   3.9750000592321157       0.47179240941163098       0.69895171764686082       0.34970577715160367     
   4.0250000599771738       0.52472540116024091       0.68169453825945825       0.33098063765492114     
   4.0750000607222319       0.46467298324532125       0.58456036310334203       0.40757333699907411     
   4.1250000614672899       0.37661615288464739       0.56193521224058507       0.42465392748728104     
   4.1750000622123480       0.38265563360076482       0.47185858086717414       0.48019530491076379     
   4.2250000629574060       0.57879488165283199       0.46401277432083582       0.47256037805832485     
   4.2750000637024641       0.50808602028101324       0.41187567841246459       0.53313251423852803     
   4.3250000644475222       0.51038968116267569       0.38687071722832950       0.59079353504446708     
   4.3750000651925802       0.44412845678768059       0.35074760177078368       0.62690439861953384     
   4.4250000659376383       0.69463754684980927       0.30872779859991523       0.57274201579203032     
   4.4750000666826963       0.51593213598623811       0.31783161119827330       0.65960943967860830     
   4.5250000674277544       0.55569149847330568       0.32362110255916654       0.74092199796440761     
   4.5750000681728125       0.52486649741506308       0.27215299865966236       0.72169143394571178     
   4.6250000689178705       0.48912331960820854       0.35053837905254948       0.71992838604833198     
   4.6750000696629286       0.56249228378968708       0.32712317213300951       0.72256322625111391     
   4.7250000704079866       0.58579870530322864       0.30331355185700498       0.71613891723319689     
   4.7750000711530447       0.62521856269942389       0.31611458419868932       0.74423952761697476     
   4.8250000718981028       0.69097554246869430       0.27339411707433431       0.70782860448012608     
   4.8750000726431608       0.55580751235725756       0.31061629953518904       0.69475939044657198     
   4.9250000733882189       0.60389009816993355       0.30913421692032306       0.67668042250291660     
   4.9750000741332769       0.63408503877090405       0.34052715045104104       0.62483796528882829     
   5.0250000748783350       0.67332342325047145       0.34299210278400083       0.62023446103264590     
   5.0750000756233931       0.60426500163059460       0.35883523906354631       0.56872000153467728     
   5.1250000763684511       0.48298832832150190       0.35297428805168185       0.58755281177254870     
   5.1750000771135092       0.50300143470741721       0.38091370783668482       0.50910582105095370     
   5.2250000778585672       0.47904926936841702       0.40453049413332992       0.46587541446078556     
   5.2750000786036253       0.52171207080634163       0.37183082523935462       0.50291163582232934     
   5.3250000793486834       0.61343042411396498       0.46430072201107120       0.46007281808547368     
   5.3750000800937414       0.52058764547133130       0.42451784809449622       0.40062614455837231     
   5.4250000808387995       0.51992342903194511       0.48585437242871227       0.41549436422638347     
   5.4750000815838575       0.60209345575643836       0.48865555829508039       0.37303616280561941     
   5.5250000823289156       0.51412627928625032       0.50746167936957676       0.41344321625935965     
   5.5750000830739737       0.41658020169560550       0.51897196844233684       0.41447626128300141     
   5.6250000838190317       0.43400773708730206       0.49325323770556873       0.41540740549784627     
   5.6750000845640898       0.38984572642708759       0.51167251593555241       0.40202840537793405     
   5.7250000853091478       0.35513407925715645       0.53292280058314856       0.38206840549295196     
   5.7750000860542059       0.41959777196330061       0.57079240007468723       0.39606892493732121     
   5.8250000867992640       0.37002647025143620       0.54047847853855613       0.39893478823982959     
   5.8750000875443220       0.40164613101729896       0.51784564061978799       0.40638252407174824     
   5.9250000882893801       0.41724853626966879       0.54970838905369068       0.37906284433427495     
   5.9750000890344381       0.41762124482873542       0.56578316794536276       0.40754704813330539     
   6.0250000897794962       0.41792416179572306       0.51800178674680619       0.42873254529044003     
   6.0750000905245543       0.38272323171316835       0.53077254768451743       0.40841530050872832     
   6.1250000912696123       0.43576415274047403       0.50509907126540277       0.42443428476922168     
   6.1750000920146704       0.43216573908607497       0.54573310262015806       0.44931517317679220     
   6.2250000927597284       0.42525123595968495       0.48825141906482344       0.44887630462411182     
   6.2750000935047865       0.48825158572844723       0.51962073522725150       0.47745690781268230     
   6.3250000942498446       0.42498746116008890       0.47947303310369010       0.47892817738425414     
   6.3750000949949026       0.50845271216901355       0.48699901123361217       0.48753535375699725     
   6.4250000957399607       0.44037477094197297       0.46536806329759262       0.54492417699294504     
   6.4750000964850187       0.46167472338837878       0.46306113396912468       0.50690636858521321     
   6.5250000972300768       0.57749839020383598       0.41708217070277048       0.52988549101149851     
   6.5750000979751348       0.62622849327297470       0.40807374709253424       0.58387487537045468     
   6.6250000987201929       0.52741870191931617       0.40922129037807575       0.57435002709010274     
   6.6750000994652510       0.53422339512367301       0.39332931289325374       0.58999396933988058     
   6.7250001002103090       0.59571252076402992       0.38878756748893001       0.55233539546567834     
   6.7750001009553671       0.57270578890534474       0.39889955446143410       0.60903414118665378     
   6.8250001017004251       0.59242214913274949       0.37685411066475066       0.60084521286449477     
   6.8750001024454832       0.54509850727524156       0.37754143651099636       0.62949193099044387     
   6.9250001031905413       0.62452542844202685       0.35029179780639641       0.63407057691166480     
   6.9750001039355993       0.53226877863144051       0.39606532012642548       0.55377458786907452     
   7.0250001046806574       0.58832129671213018       0.38926964677349157       0.57175819714253195     
   7.0750001054257154       0.58787353298820000       0.38785137781344953       0.59505865394694468     
   7.1250001061707735       0.55131313487559919       0.39330438593929035       0.55260124967671043     
   7.1750001069158316       0.57922242095627885       0.37147012961913400       0.56461483797163592     
   7.2250001076608896       0.60129818286855008       0.38973030371109740       0.56058528507015881     
   7.2750001084059477       0.49421779262738375       0.38878466353354185       0.50224883175757873     
   7.3250001091510057       0.63374199909647999       0.42628628486233305       0.53624323000471386     
   7.3750001098960638       0.49052431555728848       0.43228123233752330       0.53440700555199694     
   7.4250001106411219       0.49342921953323260       0.40381066470347882       0.54383965662496914     
   7.4750001113861799       0.53600341278360442       0.44940024128581674       0.45349633723503641     
   7.5250001121312380       0.50118863382290313       0.44190825777933396       0.48559866479845792     
   7.5750001128762960       0.49003567095029421       0.46040560712539275       0.47465083011813386     
   7.6250001136213541       0.56236054385825940       0.48537963385455102       0.47575702010408749     
   7.6750001143664122       0.49067062092678243       0.45736718511727237       0.43849523815854990     
   7.7250001151114702       0.42516677941560305       0.49140123760635002       0.46077997614500288     
   7.7750001158565283       0.47596659613616388       0.48558208292679339       0.44189171482187029     
   7.8250001166015863       0.45281601319067460       0.49553450500111568       0.47951507057220027     
   7.8750001173466444       0.51035087995464479       0.49113656766985103       0.42915869450731486     
   7.9250001180917025       0.53100215532177308       0.46274697631527062       0.46592836177743813     
   7.9750001188367605       0.41949177227904227       0.50494379996551386       0.42360443671315057     
   8.0250001195818186       0.49145070761693926       0.48061983802758518       0.43966561239284024     
   8.0750001203268766       0.37908049618569495       0.47646919508819274       0.43824914506123996     
   8.1250001210719347       0.44971133400166180       0.52829525286538837       0.45763576279464263     
   8.1750001218169928       0.39726037409094273       0.51098077674532871       0.45401185610393452     
   8.2250001225620508       0.43884261302863903       0.48115881213125372       0.45237520461983061     
   8.2750001233071089       0.43355541697530559       0.51568265455212559       0.44883490303610940     
   8.3250001240521669       0.46044326232304100       0.47344302655984816       0.46044326232304100     
   8.3750001247972250       0.46801404454828743       0.46490638156987923       0.49178766633311094     
   8.4250001255422831       0.43852256842567050       0.45612898340447894       0.49518042127898715     
   8.4750001262873411       0.43518439444874651       0.48839382993922553       0.49572783007812243     
   8.5250001270323992       0.46608575483237985       0.45548835242735369       0.50252682253645597     
   8.5750001277774572       0.49623889510571439       0.45730657239132749       0.49045833449964432     
   8.6250001285225153       0.53621196604673249       0.43600186091668736       0.52082883587326056     
   8.6750001292675734       0.49876711701800763       0.41631510038359443       0.51875255898911254     
   8.7250001300126314       0.52227304206727387       0.41575682954039567       0.51840753435460485     
   8.7750001307576895       0.51463970449183383       0.42612997900350597       0.51888590667410972     
   8.8250001315027475       0.56088259413442942       0.42318087940681492       0.52645716545252574     
   8.8750001322478056       0.52801387342033368       0.41879507081207468       0.55997697739310559     
   8.9250001329928637       0.48106761404136422       0.42688593737458941       0.56110872729909966     
   8.9750001337379217       0.52605488551374002       0.42719409084243365       0.58288180215874286     
   9.0250001344829798       0.57644118515736320       0.40391917152468909       0.52746776970527531     
   9.0750001352280378       0.52405354078814881       0.42665369078307874       0.52802364336987717     
   9.1250001359730959       0.55131063390709611       0.40907632981267278       0.55641536199882846     
   9.1750001367181540       0.53133566874014782       0.40739187076892430       0.54726020267168740     
   9.2250001374632120       0.54249654715131979       0.41425767182533896       0.55287006469599798     
   9.2750001382082701       0.55338652666500032       0.41351960234307716       0.51651942976492815     
   9.3250001389533281       0.54295591191640979       0.41678425494599136       0.53017163144192359     
   9.3750001396983862       0.57438065990183307       0.41631850939344150       0.51299930699781593     
   9.4250001404434443       0.54769060276796988       0.43808704725586123       0.53922495501013157     
   9.4750001411885023       0.50113540124382872       0.42861968426797753       0.51643168529342232     
   9.5250001419335604       0.50021256261825686       0.42829599501800153       0.53156594370455967     
   9.5750001426786184       0.51925288395570990       0.41844554751009588       0.48822609762044428     
   9.6250001434236765       0.48846081707737499       0.42195234358963996       0.52093075578483050     
   9.6750001441687346       0.58541951397912384       0.44337261520137300       0.52394347909826111     
   9.7250001449137926       0.51442118919788871       0.45726327928701216       0.48883841500390762     
   9.7750001456588507       0.54886555835247242       0.44468908080427533       0.47461130264019902     
   9.8250001464039087       0.46335743544051999       0.46395958935272336       0.48876080361160107     
   9.8750001471489668       0.53244095797863422       0.46255156271079789       0.49690018874328462     
   9.9250001478940248       0.49257010035039833       0.44285577755372729       0.46933566165462476     
   9.9750001486390829       0.44689787009194315       0.46500745698455775       0.46004192509464731     
   10.025000149384141       0.48929893208023401       0.47455056001398588       0.48084030692459168     
   10.075000150129199       0.46899311643957531       0.46985207819129615       0.48187754271538780     
   10.125000150874257       0.44651205015668949       0.48875350760008424       0.48127620263317461     
   10.175000151619315       0.45476693102379961       0.47385591331368743       0.44371356811697110     
   10.225000152364373       0.48660681656131860       0.47868434054189696       0.45439569695603849     
   10.275000153109431       0.44967442993596130       0.48890222685415807       0.49427024116927976     
   10.325000153854489       0.48213389774755094       0.47572725562311358       0.45330400818758282     
   10.375000154599547       0.50422820043650229       0.46737296650901494       0.47203049607127978     
   10.425000155344605       0.44284418334040582       0.45247123080432772       0.48375913506207380     
   10.475000156089664       0.45650545545923099       0.46670299536940235       0.47885396013249620     
