   2.5000000372529030E-002   0.0000000000000000        0.0000000000000000        0.0000000000000000     
   7.5000001117587090E-002   0.0000000000000000        0.0000000000000000        0.0000000000000000     
  0.12500000186264515        0.0000000000000000        0.0000000000000000        0.0000000000000000     
  0.17500000260770321        0.0000000000000000        0.0000000000000000        0.0000000000000000     
  0.22500000335276127        0.0000000000000000        0.0000000000000000        0.0000000000000000     
  0.27500000409781933        0.0000000000000000        0.0000000000000000        0.0000000000000000     
  0.32500000484287739        0.0000000000000000        0.0000000000000000        0.0000000000000000     
  0.37500000558793545        0.0000000000000000        0.0000000000000000        0.0000000000000000     
  0.42500000633299351        0.0000000000000000        0.0000000000000000        0.0000000000000000     
  0.47500000707805157        0.0000000000000000        0.0000000000000000        0.0000000000000000     
  0.52500000782310963        0.0000000000000000        0.0000000000000000        0.0000000000000000     
  0.57500000856816769        0.0000000000000000        0.0000000000000000        0.0000000000000000     
  0.62500000931322575        0.0000000000000000        0.0000000000000000        0.0000000000000000     
  0.67500001005828381        0.0000000000000000        0.0000000000000000        0.0000000000000000     
  0.72500001080334187        0.0000000000000000        0.0000000000000000        0.0000000000000000     
  0.77500001154839993        0.0000000000000000        0.0000000000000000        0.0000000000000000     
  0.82500001229345798        0.0000000000000000        0.0000000000000000        0.0000000000000000     
  0.87500001303851604        0.0000000000000000        0.0000000000000000        0.0000000000000000     
  0.92500001378357410        0.0000000000000000        0.0000000000000000        0.0000000000000000     
  0.97500001452863216        0.0000000000000000        0.0000000000000000        0.0000000000000000     
   1.0250000152736902        0.0000000000000000        0.0000000000000000        0.0000000000000000     
   1.0750000160187483        0.0000000000000000        0.0000000000000000        0.0000000000000000     
   1.1250000167638063        0.0000000000000000        0.0000000000000000        0.0000000000000000     
   1.1750000175088644        0.0000000000000000        0.0000000000000000        0.0000000000000000     
   1.2250000182539225        0.0000000000000000        0.0000000000000000        0.0000000000000000     
   1.2750000189989805        0.0000000000000000        0.0000000000000000        0.0000000000000000     
   1.3250000197440386        0.0000000000000000        0.0000000000000000        0.0000000000000000     
   1.3750000204890966        0.0000000000000000        0.0000000000000000        0.0000000000000000     
   1.4250000212341547        0.0000000000000000        0.0000000000000000        0.0000000000000000     
   1.4750000219792128        0.0000000000000000        2.6447319664357351E-002   0.0000000000000000     
   1.5250000227242708        0.0000000000000000        1.1752284855151418        0.0000000000000000     
   1.5750000234693289        0.0000000000000000        4.0244745079512967        0.0000000000000000     
   1.6250000242143869        0.0000000000000000        4.2709291644534062        0.0000000000000000     
   1.6750000249594450        0.0000000000000000        3.1071201883014572        0.0000000000000000     
   1.7250000257045031        0.0000000000000000        2.0884421107568736        0.0000000000000000     
   1.7750000264495611        0.0000000000000000        1.1597265086937196        0.0000000000000000     
   1.8250000271946192        0.0000000000000000       0.59603736094707838        0.0000000000000000     
   1.8750000279396772        0.0000000000000000       0.32734748349673853        0.0000000000000000     
   1.9250000286847353        0.0000000000000000       0.11646157799129241        0.0000000000000000     
   1.9750000294297934        0.0000000000000000        8.1135811587268458E-002   0.0000000000000000     
   2.0250000301748514        0.0000000000000000        3.5081259725481123E-002   0.0000000000000000     
   2.0750000309199095        0.0000000000000000        6.0139884342242357E-002   7.5174855427802938E-003
   2.1250000316649675        0.0000000000000000        6.3714662893187765E-002   7.1678995754836231E-002
   2.1750000324100256        0.0000000000000000        6.0819052002498764E-002  0.38316002761574225     
   2.2250000331550837        0.0000000000000000        5.2304794209117420E-002  0.51650984281503454     
   2.2750000339001417        7.5046558298913005E-002   3.8913030229065997E-002  0.65665738511548877     
   2.3250000346451998        9.5804773360988832E-002   4.7902386680494416E-002   1.0837914986461861     
   2.3750000353902578       0.13772024629769522        1.0201499725755202E-002   1.4173708681471133     
   2.4250000361353159       0.37428279018975669        5.8711025912118707E-002   1.6182226517027718     
   2.4750000368803740       0.31704133695725045        6.1059813043618606E-002   1.6750350635908067     
   2.5250000376254320       0.58891260550873337        4.5127402720975728E-002   1.5484340058634798     
   2.5750000383704901       0.74200237093514743        6.9427122426680463E-002   1.4156624182315314     
   2.6250000391155481       0.62005755345749625       0.12526415221363560        1.2589047297470377     
   2.6750000398606062       0.74184546862996470       0.10856275150682411       0.94992407568471093     
   2.7250000406056643       0.57538501958703303       0.11623939789637031       0.79333389064272730     
   2.7750000413507223       0.57165104433916558       0.22417688013300610       0.71876712192645087     
   2.8250000420957804       0.73005248030889036       0.18386506911483161       0.66515892650365560     
   2.8750000428408384       0.92417704211037477       0.19144910476862753       0.56390463586395745     
   2.9250000435858965        1.1955137727336591       0.27239554315450459       0.48047547195308449     
   2.9750000443309546        1.0971522775504903       0.26006572504900510       0.40228916843517976     
   3.0250000450760126        1.2734200171055907       0.30813620166999478       0.40324967208343704     
   3.0750000458210707        1.4103510437483833       0.40165337168238746       0.35943412522713647     
   3.1250000465661287        1.3788398911691309       0.43015090621942975       0.32150834000818679     
   3.1750000473111868        1.0146598251348655       0.49948092657834453       0.28577444442089567     
   3.2250000480562449       0.85895569206591182       0.59476803154322389       0.27698208910821065     
   3.2750000488013029       0.49492867991030270       0.48017470842246168       0.35308936310674033     
   3.3250000495463610       0.40988910016856889       0.56473609356558374       0.35426129371712017     
   3.3750000502914190       0.21596725676827036       0.63148320692476700       0.43193451353654072     
   3.4250000510364771       0.24281953586417826       0.62544425904409562       0.36698861670381488     
   3.4750000517815351       0.22516039025338777       0.56230531322539168       0.34578202788913120     
   3.5250000525265932       0.37511703327305951       0.56730662439444179       0.30999254832981998     
   3.5750000532716513       0.19247939184752505       0.60557843750858764       0.26339285200187640     
   3.6250000540167093       0.26603003122271141       0.66343291737021870       0.31036836975983007     
   3.6750000547617674       0.34512063201916399       0.70302350966866745       0.24685711873592980     
   3.7250000555068254       0.28926269456150883       0.69879231589411106       0.29159545822732752     
   3.7750000562518835       0.26347993361483607       0.70261315630622956       0.29982199342377897     
   3.8250000569969416       0.31858347571536177       0.79055899529367535       0.25884907401873142     
   3.8750000577419996       0.43975475615224641       0.73579880767957573       0.27161323174109336     
   3.9250000584870577       0.38660052983807175       0.70970145574138777       0.37189290098553646     
   3.9750000592321157       0.45887864074143059       0.67010849124145411       0.34006184983516730     
   4.0250000599771738       0.51148444198774401       0.59495586133991063       0.36163548437414716     
   4.0750000607222319       0.38205440702117655       0.63242566241600651       0.38790217855721498     
   4.1250000614672899       0.41089451612233135       0.55800489843773404       0.40518764784285449     
   4.1750000622123480       0.44567975674766891       0.50840505584548890       0.47167774255794959     
   4.2250000629574060       0.50047271335020205       0.43197000701402311       0.55487192132305019     
   4.2750000637024641       0.46049612091933112       0.43451941666234323       0.57384901222255114     
   4.3250000644475222       0.55373596898715638       0.35223760249460784       0.56065766859949595     
   4.3750000651925802       0.48027205255217942       0.36678053465643751       0.59864896691363212     
   4.4250000659376383       0.50915423765842871       0.30710890525429035       0.60834012811136939     
   4.4750000666826963       0.57542565089419195       0.30890515591073975       0.67564023054430411     
   4.5250000674277544       0.56910281257728657       0.27401246531498979       0.66079159904807161     
   4.5750000681728125       0.57528922169968388       0.31341921755681695       0.71447209791734922     
   4.6250000689178705       0.56897077301917787       0.33358097330675202       0.74601752951716671     
   4.6750000696629286       0.52132086877798256       0.32911671008711019       0.71237311898354994     
   4.7250000704079866       0.57993875255937788       0.31574443194899460       0.71477451252943325     
   4.7750000711530447       0.62464285047330759       0.30159523487499096       0.73963392067407574     
   4.8250000718981028       0.63401004390567528       0.32256651356604532       0.71187092649058270     
   4.8750000726431608       0.57748755100134774       0.30629842851853462       0.68780946522566189     
   4.9250000733882189       0.70994589031361288       0.31315908946164384       0.65389753055201183     
   4.9750000741332769       0.60681732530855137       0.38013269229098906       0.65782136773750277     
   5.0250000748783350       0.50250474695297198       0.33044529844980014       0.59223773748028841     
   5.0750000756233931       0.66357212405475041       0.33066893723940416       0.60827444705018774     
   5.1250000763684511       0.62604037825340952       0.35492052940350782       0.55579569014229868     
   5.1750000771135092       0.55115096607004288       0.37065708244476570       0.48950908170694596     
   5.2250000778585672       0.43157402396247274       0.41102287996425974       0.47544281211250433     
   5.2750000786036253       0.57233030209866731       0.42808445360225522       0.47577864544381088     
   5.3250000793486834       0.51597164620433011       0.41906841668119638       0.43606453285410207     
   5.3750000800937414       0.60052976493571997       0.42923437593249636       0.44255458423434585     
   5.4250000808387995       0.49272576419844549       0.51814415679598436       0.36844448885374836     
   5.4750000815838575       0.46648995717116110       0.48856664238708025       0.40817871252476606     
   5.5250000823289156       0.47080954445683654       0.51463866120807367       0.39658281447490284     
   5.5750000830739737       0.45823666868113017       0.50637466215874383       0.43220049432424773     
   5.6250000838190317       0.38874561257413703       0.53469571975109387       0.37851546487481769     
   5.6750000845640898       0.42212839485106779       0.49047299211266931       0.38594596100669060     
   5.7250000853091478       0.40688650920172242       0.50125608792704102       0.43552657902417374     
   5.7750000860542059       0.36104893384550518       0.53661275233429928       0.42413544110345641     
   5.8250000867992640       0.41593146942559700       0.54779149693972606       0.39780601548273831     
   5.8750000875443220       0.39387711136940023       0.55851357591004913       0.40325513783057648     
   5.9250000882893801       0.36881665249883377       0.53601353496497173       0.40569831774871712     
   5.9750000890344381       0.41344363102151860       0.53675138062442784       0.39168343991512289     
   6.0250000897794962       0.42087702673000338       0.52153876381985342       0.39323467963544800     
   6.0750000905245543       0.47011010952551530       0.53014075369378177       0.41485463023427005     
   6.1250000912696123       0.44521001054144921       0.53992738573846721       0.42277694799478699     
   6.1750000920146704       0.46858954881984205       0.53423736000716293       0.47792738403183166     
   6.2250000927597284       0.45775102888434849       0.53014474391471988       0.46526883775288702     
   6.2750000935047865       0.44062065184983468       0.47131064750106699       0.42171342238612908     
   6.3250000942498446       0.48222836854061296       0.48834162899191075       0.49921963655966139     
   6.3750000949949026       0.46195024962038667       0.42619777819382809       0.51212760432053217     
   6.4250000957399607       0.45792484637613701       0.46350079579928632       0.53633663513917418     
   6.4750000964850187       0.53426190449972710       0.46323286517317386       0.50955615169049118     
   6.5250000972300768       0.55347503861872627       0.45413336502049334       0.56031744981044118     
   6.5750000979751348       0.59899913718288622       0.43127937877167810       0.57653666953852800     
   6.6250000987201929       0.47199344190528131       0.39267232180731043       0.55385480448572855     
   6.6750000994652510       0.58699798047455376       0.38229131401643107       0.58336556722904298     
   6.7250001002103090       0.57830187433497249       0.40589284469275294       0.62697084395722258     
   6.7750001009553671       0.53312744751287178       0.38676029995936728       0.59800539086099891     
   6.8250001017004251       0.60039394777550770       0.36320127704938127       0.58858064093270257     
   6.8750001024454832       0.56429955723524539       0.38472202823373797       0.59854103522282098     
   6.9250001031905413       0.54268075887248091       0.36298713003631949       0.59330396399118257     
   6.9750001039355993       0.61476835557425169       0.36962984341886224       0.59547367774778703     
   7.0250001046806574       0.55620024879713126       0.36438695544885435       0.57915662699040904     
   7.0750001054257154       0.58975272933866552       0.39834175578137943       0.58263948369971230     
   7.1250001061707735       0.58660549213844737       0.38143526203785033       0.56747705217741107     
   7.1750001069158316       0.52815760156075509       0.40017020393386310       0.55519424068826995     
   7.2250001076608896       0.55559763778344440       0.40236733688681980       0.55559763778344440     
   7.2750001084059477       0.51373765413264783       0.40990284784763648       0.51985357858660797     
   7.3250001091510057       0.55983603457186393       0.40968843909281999       0.51036776427564312     
   7.3750001098960638       0.54036841076142483       0.39992023351506328       0.52072947072273867     
   7.4250001106411219       0.53781230382853029       0.42638782360786925       0.49847450431268797     
   7.4750001113861799       0.53991042861667438       0.46189761990382155       0.47560779173207046     
   7.5250001121312380       0.48016941842825728       0.46136913432048426       0.47330985530785363     
   7.5750001128762960       0.49415941258553320       0.46231859807596304       0.46482574882474814     
   7.6250001136213541       0.47433826377349381       0.47953445758634905       0.47099785346522977     
   7.6750001143664122       0.55829690557441725       0.46500319694387171       0.47642068615454708     
   7.7250001151114702       0.49468206271642035       0.49998567157595314       0.44044060847119881     
   7.7750001158565283       0.45407059365069252       0.49881130203975449       0.45781881789073359     
   7.8250001166015863       0.48211926443901992       0.46849211174045113       0.46361688038708387     
   7.8750001173466444       0.46348981907841585       0.48807936903953297       0.45252891119480465     
   7.9250001180917025       0.44735218185685799       0.48789562076554405       0.44632141646087448     
   7.9750001188367605       0.44176035285184601       0.48405896318635450       0.42700107839020601     
   8.0250001195818186       0.47246123797017359       0.49546998856635693       0.46894290960231055     
   8.0750001203268766       0.45471453965499092       0.51362224566560832       0.43237594327456014     
   8.1250001210719347       0.42363852735842794       0.47811879065040680       0.42559981683693920     
   8.1750001218169928       0.43397124117352759       0.49941134896953560       0.47320301632425932     
   8.2250001225620508       0.45550548903274929       0.50526659287666309       0.45311312827102268     
   8.2750001233071089       0.40463761809411009       0.49707819543648207       0.47507103526236055     
   8.3250001240521669       0.47265095498383219       0.46787670291328842       0.48526120773537712     
   8.3750001247972250       0.43748909591380891       0.45943533748098081       0.48086881639471402     
   8.4250001255422831       0.48156247902978599       0.45561971921673344       0.50253963247237132     
   8.4750001262873411       0.44885749565903826       0.47910179813316345       0.46057465920033830     
   8.5250001270323992       0.46854956238458118       0.44538931785606578       0.47211267692742970     
   8.5750001277774572       0.55290430132744239       0.44177562363671796       0.51240494167606920     
   8.6250001285225153       0.48733591208024751       0.44324361527298706       0.50038955258239692     
   8.6750001292675734       0.52474641296295821       0.42782603723537366       0.52775725303733589     
   8.7250001300126314       0.48643384180447191       0.43049583979432282       0.52470223844992858     
   8.7750001307576895       0.47922475396892145       0.40953631996096518       0.56666225293868955     
   8.8250001315027475       0.50373467512384951       0.44813359803830533       0.54945316874070038     
   8.8750001322478056       0.49643098363134602       0.39962876828012700       0.54738913095774255     
   8.9250001329928637       0.61441813084324393       0.41755870620504992       0.55143214520785844     
   8.9750001337379217       0.51114826456401752       0.43542259573971853       0.54691256923870102     
   9.0250001344829798       0.56749559200081101       0.41118261381197885       0.56153450384954207     
   9.0750001352280378       0.56283159510002190       0.40736290495755778       0.54750308098766098     
   9.1250001359730959       0.51936112911651122       0.41431403447152154       0.54268573072354021     
   9.1750001367181540       0.53371088772948616       0.42040627083398535       0.56485684011139425     
   9.2250001374632120       0.54163409354152325       0.40538032344337482       0.51995351535903256     
   9.2750001382082701       0.55537622760730143       0.42309601199833563       0.52565080621097560     
   9.3250001389533281       0.54496946896925746       0.40169577129852979       0.50737253156085926     
   9.3750001396983862       0.54064512387273422       0.44030741241830307       0.53254281275202564     
   9.4250001404434443       0.53346650636073356       0.42690276586730225       0.51233190433278097     
   9.4750001411885023       0.52785112157628533       0.42913943642419311       0.51523173000854627     
   9.5250001419335604       0.51946970631424716       0.43320855850138074       0.52089682089203349     
   9.5750001426786184       0.51970760846898056       0.42524384630161144       0.50876267921453866     
   9.6250001434236765       0.53668391566086160       0.44568369153549559       0.50977983915963343     
   9.6750001441687346       0.51731908007976979       0.42910126903824047       0.49345877491566281     
   9.7250001449137926       0.51885838757356795       0.43534819854457674       0.49216250747413631     
   9.7750001456588507       0.50001346013142556       0.45529680922536314       0.50035222263828960     
   9.8250001464039087       0.53383473067221043       0.47094297848246369       0.47817105900664075     
   9.8750001471489668       0.49126564697465941       0.47503765263015113       0.48429498576758656     
   9.9250001478940248       0.47712753902002925       0.45741152501093707       0.47975634088790814     
   9.9750001486390829       0.47756133172865667       0.48406761690207162       0.47788664598732750     
   10.025000149384141       0.47023289846134608       0.45892440562163644       0.46669004785650042     
   10.075000150129199       0.49363935072448500       0.46713617570712107       0.47004160398442568     
   10.125000150874257       0.42183764020348968       0.46084990366874923       0.45656978123820813     
   10.175000151619315       0.44146350195963113       0.46967158848711149       0.46960211044147732     
   10.225000152364373       0.49040794282271394       0.45573263373423922       0.46749747074640030     
   10.275000153109431       0.45253446063358366       0.49518525442410205       0.47246314623059099     
   10.325000153854489       0.45544937112039569       0.46395109271464308       0.47306008013705098     
   10.375000154599547       0.46430147328305643       0.49985247843368774       0.48775711765875490     
   10.425000155344605       0.53372170236077843       0.47044814736860280       0.47623939847928831     
