   2.5000000372529030E-002   0.0000000000000000        0.0000000000000000        0.0000000000000000     
   7.5000001117587090E-002   0.0000000000000000        0.0000000000000000        0.0000000000000000     
  0.12500000186264515        0.0000000000000000        0.0000000000000000        0.0000000000000000     
  0.17500000260770321        0.0000000000000000        0.0000000000000000        0.0000000000000000     
  0.22500000335276127        0.0000000000000000        0.0000000000000000        0.0000000000000000     
  0.27500000409781933        0.0000000000000000        0.0000000000000000        0.0000000000000000     
  0.32500000484287739        0.0000000000000000        0.0000000000000000        0.0000000000000000     
  0.37500000558793545        0.0000000000000000        0.0000000000000000        0.0000000000000000     
  0.42500000633299351        0.0000000000000000        0.0000000000000000        0.0000000000000000     
  0.47500000707805157        0.0000000000000000        0.0000000000000000        0.0000000000000000     
  0.52500000782310963        0.0000000000000000        0.0000000000000000        0.0000000000000000     
  0.57500000856816769        0.0000000000000000        0.0000000000000000        0.0000000000000000     
  0.62500000931322575        0.0000000000000000        0.0000000000000000        0.0000000000000000     
  0.67500001005828381        0.0000000000000000        0.0000000000000000        0.0000000000000000     
  0.72500001080334187        0.0000000000000000        0.0000000000000000        0.0000000000000000     
  0.77500001154839993        0.0000000000000000        0.0000000000000000        0.0000000000000000     
  0.82500001229345798        0.0000000000000000        0.0000000000000000        0.0000000000000000     
  0.87500001303851604        0.0000000000000000        0.0000000000000000        0.0000000000000000     
  0.92500001378357410        0.0000000000000000        0.0000000000000000        0.0000000000000000     
  0.97500001452863216        0.0000000000000000        0.0000000000000000        0.0000000000000000     
   1.0250000152736902        0.0000000000000000        0.0000000000000000        0.0000000000000000     
   1.0750000160187483        0.0000000000000000        0.0000000000000000        0.0000000000000000     
   1.1250000167638063        0.0000000000000000        0.0000000000000000        0.0000000000000000     
   1.1750000175088644        0.0000000000000000        0.0000000000000000        0.0000000000000000     
   1.2250000182539225        0.0000000000000000        0.0000000000000000        0.0000000000000000     
   1.2750000189989805        0.0000000000000000        0.0000000000000000        0.0000000000000000     
   1.3250000197440386        0.0000000000000000        0.0000000000000000        0.0000000000000000     
   1.3750000204890966        0.0000000000000000        0.0000000000000000        0.0000000000000000     
   1.4250000212341547        0.0000000000000000        0.0000000000000000        0.0000000000000000     
   1.4750000219792128        0.0000000000000000        4.2242774658215021E-002   0.0000000000000000     
   1.5250000227242708        0.0000000000000000        1.3041075574617633        0.0000000000000000     
   1.5750000234693289        0.0000000000000000        5.0387102149927774        0.0000000000000000     
   1.6250000242143869        0.0000000000000000        4.6290163004530465        0.0000000000000000     
   1.6750000249594450        0.0000000000000000        2.7735030884744316        0.0000000000000000     
   1.7250000257045031        0.0000000000000000        1.9149663531843064        0.0000000000000000     
   1.7750000264495611        0.0000000000000000       0.97236960797495775        0.0000000000000000     
   1.8250000271946192        0.0000000000000000       0.45991111930864459        0.0000000000000000     
   1.8750000279396772        0.0000000000000000       0.18299862347195908        0.0000000000000000     
   1.9250000286847353        0.0000000000000000       0.14881387627515086        0.0000000000000000     
   1.9750000294297934        0.0000000000000000       0.11781231001132170        0.0000000000000000     
   2.0250000301748514        0.0000000000000000        8.2182126326532101E-002   0.0000000000000000     
   2.0750000309199095        0.0000000000000000        3.5577022331655779E-002   8.0048300246225498E-003
   2.1250000316649675        0.0000000000000000        2.7138065973451232E-002   9.9223553715431081E-002
   2.1750000324100256        0.0000000000000000        2.5904734808901299E-002  0.28414255993513610     
   2.2250000331550837        0.0000000000000000        1.2376803527195125E-002  0.32024979126617387     
   2.2750000339001417        5.3274457236805219E-002   2.9596920687114010E-002  0.58601902960485741     
   2.3250000346451998       0.10201561704880495        2.2670137121956657E-002  0.70135736721053399     
   2.3750000353902578       0.14664839144532330        3.8019953337676410E-002   1.1120836351270351     
   2.4250000361353159       0.18755145466787460        7.2936676815284568E-002   1.5883263817185631     
   2.4750000368803740       0.18005041703049815        5.5015405203763315E-002   1.6317069043388892     
   2.5250000376254320       0.54059543507024954        5.2858220317979952E-002   1.7136875291726910     
   2.5750000383704901       0.47822144273277367        6.0066461406048870E-002   1.5178332747605425     
   2.6250000391155481       0.64024700234184984        9.7815514246671509E-002   1.3755306690938180     
   2.6750000398606062       0.61653691188596293       0.11131916464607663        1.1319232366656349     
   2.7250000406056643       0.70551738570959122       0.11139748195414598       0.93295391136597250     
   2.7750000413507223       0.64451658588468386       0.13129041564317631       0.79669411310745641     
   2.8250000420957804       0.77738041272845892       0.19962361215743141       0.68236725117275832     
   2.8750000428408384       0.78393586718401542       0.25945867944624623       0.57544228548613907     
   2.9250000435858965        1.2730166873442117       0.23275973186321738       0.51968086287152948     
   2.9750000443309546        1.2773179370878196       0.30115626158981118       0.44784013038140019     
   3.0250000450760126        1.4162389339036980       0.30467551533152831       0.38795906965978955     
   3.0750000458210707        1.2976558207854092       0.34344948065731179       0.40825126946057816     
   3.1250000465661287        1.1717584808224768       0.40156649409712725       0.32117476432182346     
   3.1750000473111868        1.0667618832780124       0.44372431612133845       0.41713124923050482     
   3.2250000480562449       0.78208363031688488       0.43301805520369907       0.31150788665164064     
   3.2750000488013029       0.61699197370422987       0.47702620189169626       0.29242848753690059     
   3.3250000495463610       0.27434719174461225       0.54315201597923235       0.34293398968076533     
   3.3750000502914190       0.32679664405737663       0.55945433715172299       0.35705559258120778     
   3.4250000510364771       0.25856107074488771       0.58763879714747203       0.37902702416011952     
   3.4750000517815351       0.29684214344568122       0.59622139922850492       0.34536441689353281     
   3.5250000525265932       0.18862216203683721       0.57696190740679609       0.33286263888853623     
   3.5750000532716513       0.25889364587426417       0.68798589227697982       0.26159045468545444     
   3.6250000540167093       0.12590055954003315       0.62717130585683178       0.28065333064132392     
   3.6750000547617674       0.25520427430878451       0.68281321392839234       0.25520427430878451     
   3.7250000555068254       0.28814311341769716       0.83241343876223606       0.30553105991704088     
   3.7750000562518835       0.45470205640595573       0.74386246579886850       0.25395593575864545     
   3.8250000569969416       0.33923664465229680       0.72244840990766901       0.29212044400614445     
   3.8750000577419996       0.39481017585896228       0.73044983440572864       0.26626732790488156     
   3.9250000584870577       0.39376472038467897       0.70996972311783013       0.30651003802671029     
   3.9750000592321157       0.54970524222249040       0.70967237620258028       0.39046523157867374     
   4.0250000599771738       0.45103249978353233       0.68080377325816199       0.34252939842051272     
   4.0750000607222319       0.45663725007223632       0.63467965262565373       0.37568791937761259     
   4.1250000614672899       0.49424915245030737       0.59958093903807785       0.37878930945986666     
   4.1750000622123480       0.41129602721913971       0.53784865097887491       0.49434618656146589     
   4.2250000629574060       0.53291742026394984       0.47885333415021575       0.46919903305847754     
   4.2750000637024641       0.60350673274870470       0.47274694065315198       0.50920880575671956     
   4.3250000644475222       0.52329984912780625       0.41765715658087826       0.52514245423036898     
   4.3750000651925802       0.50420427038281712       0.38415563457738450       0.62125169029311400     
   4.4250000659376383       0.45062794930116729       0.35048840501201894       0.62665449199693568     
   4.4750000666826963       0.56453721483957120       0.32434116408127128       0.66436391746364165     
   4.5250000674277544       0.55213030848600919       0.26185041730366293       0.66491302393894403     
   4.5750000681728125       0.57964951114794872       0.28396971000682342       0.62246453185774042     
   4.6250000689178705       0.65741830023716374       0.28215992406693086       0.74765218458344118     
   4.6750000696629286       0.62450676279944439       0.31821107779006480       0.67970306759232457     
   4.7250000704079866       0.51255412775777653       0.28955534392741861       0.70707768226825796     
   4.7750000711530447       0.59257684444984160       0.31980337636975581       0.71804592120835398     
   4.8250000718981028       0.66326766003066340       0.28688958310850127       0.75209815021334170     
   4.8750000726431608       0.55111201515289521       0.26943254074141543       0.67583736595065569     
   4.9250000733882189       0.57976673476440943       0.30188289675096702       0.61813365103558360     
   4.9750000741332769       0.51246867375841654       0.33545654731529201       0.65729677721188196     
   5.0250000748783350       0.60606134422388191       0.34944077504800397       0.70161155615107040     
   5.0750000756233931       0.59417817294877440       0.34021012505175069       0.64770773807929449     
   5.1250000763684511       0.59838815546731916       0.38492805322459123       0.61413521219014333     
   5.1750000771135092       0.57658489025972459       0.37294975044577428       0.54698343384014059     
   5.2250000778585672       0.62115291702678255       0.34452384015758314       0.54666506722072539     
   5.2750000786036253       0.57970494303917963       0.40188471834624989       0.49671299606562180     
   5.3250000793486834       0.54455898604862973       0.44515536161118152       0.43637650890950469     
   5.3750000800937414       0.51061436682719796       0.46660502887635946       0.41278638065937029     
   5.4250000808387995       0.45908471956825547       0.47574085451857767       0.42980635735089229     
   5.4750000815838575       0.52432782719898086       0.47526791354293585       0.39669539557817629     
   5.5250000823289156       0.41100128995522489       0.47573775687124936       0.39745179687977794     
   5.5750000830739737       0.42140557042511095       0.50864391658329178       0.39368151973924842     
   5.6250000838190317       0.42266194037354704       0.49092692730673160       0.40305391221188758     
   5.6750000845640898       0.38956162838900271       0.50324322690545165       0.41310656197295342     
   5.7250000853091478       0.42905774958144394       0.51692578544343903       0.40381905842959431     
   5.7750000860542059       0.47953534209720350       0.50617619443593709       0.39375639081688479     
   5.8250000867992640       0.39007312393089760       0.54718590995862015       0.41750014045728884     
   5.8750000875443220       0.43538900353533244       0.54057472610197244       0.39145066372901449     
   5.9250000882893801       0.36916276338681964       0.56116230935632394       0.40450813434938748     
   5.9750000890344381       0.41707554236551625       0.56296616418061463       0.40452465798877618     
   6.0250000897794962       0.36460612444834484       0.54522119535562674       0.38834350234211723     
   6.0750000905245543       0.38477914908972272       0.55205638434663562       0.41559883821584126     
   6.1250000912696123       0.40424756134918072       0.50878026408189814       0.44099733965365168     
   6.1750000920146704       0.40495899246622113       0.53432089283737516       0.44292389800992937     
   6.2250000927597284       0.47319474816033097       0.52102813540126669       0.43050048516842132     
   6.2750000935047865       0.46568387937194028       0.46373866684323545       0.44292489278609348     
   6.3250000942498446       0.43422672101071058       0.50161993344270805       0.44801169628089194     
   6.3750000949949026       0.51903679639077327       0.48473588973023563       0.48256852474893791     
   6.4250000957399607       0.49429086114292331       0.45866629457406405       0.50848502438520315     
   6.4750000964850187       0.49326338260688346       0.46476372050070791       0.54094550959221543     
   6.5250000972300768       0.53430607047363188       0.46774268795671470       0.53187740651693360     
   6.5750000979751348       0.55810223636789469       0.39899880517476155       0.52461610218582100     
   6.6250000987201929       0.45547390130039112       0.43906986041064527       0.57012767645531714     
   6.6750000994652510       0.55697699236541742       0.42770332006332057       0.56703352139423746     
   6.7250001002103090       0.49080459432796469       0.40104391972692216       0.55024987128073055     
   6.7750001009553671       0.52563805515617334       0.38847155314399090       0.61574743604008875     
   6.8250001017004251       0.56532141165428706       0.35714895465768226       0.57050105809614571     
   6.8750001024454832       0.65338629447898466       0.39410601889208607       0.61327887684913640     
   6.9250001031905413       0.58073666817866110       0.37693579122707382       0.61882954369038023     
   6.9750001039355993       0.54976965841774650       0.37658906727813563       0.59298608775213124     
   7.0250001046806574       0.63416269089343547       0.38738866286588719       0.56571781896881368     
   7.0750001054257154       0.61972232779233383       0.36418250373969241       0.58667047031007602     
   7.1250001061707735       0.57031802326480607       0.36934881506673162       0.57303382337559094     
   7.1750001069158316       0.52222584869831146       0.40171219130639346       0.59051692122039834     
   7.2250001076608896       0.58633370448516553       0.39206297757366421       0.53549170533498791     
   7.2750001084059477       0.59132667911700654       0.38842897864660930       0.54573982059477044     
   7.3250001091510057       0.58842058756112203       0.39228039170741474       0.51005015996018654     
   7.3750001098960638       0.54751668665004860       0.41458053639345244       0.57349838127117359     
   7.4250001106411219       0.55017068380908896       0.41790742850953028       0.52578811941300441     
   7.4750001113861799       0.52556315551021504       0.41672195950731700       0.51692714121779360     
   7.5250001121312380       0.49668938937727813       0.42581105603476899       0.47051580635862256     
   7.5750001128762960       0.52619484005705741       0.45224457587856687       0.53039959334518461     
   7.6250001136213541       0.53591573464505748       0.45950690325515253       0.43157815798849763     
   7.6750001143664122       0.44469742838557363       0.48370597473518540       0.47746460731924750     
   7.7250001151114702       0.53599262476636766       0.46925024811921456       0.44704557281160406     
   7.7750001158565283       0.45157742153929559       0.47134343662350719       0.46412123880427597     
   7.8250001166015863       0.50661922864981379       0.50136539961196391       0.46552678010377330     
   7.8750001173466444       0.45352048129611183       0.50242955280843760       0.46130146994580007     
   7.9250001180917025       0.47196283246000686       0.46830420585178978       0.42037619728414571     
   7.9750001188367605       0.42704411510505730       0.49039019647709908       0.44872148135404494     
   8.0250001195818186       0.40247201079687051       0.48572567733286609       0.46830187426497560     
   8.0750001203268766       0.42287583408667301       0.47174148602557747       0.42869037680536476     
   8.1250001210719347       0.41559880284818834       0.52071675800744532       0.44796956387405223     
   8.1750001218169928       0.48686039577466167       0.51115757183497923       0.43580194325168348     
   8.2250001225620508       0.40147859608693054       0.48775233839325915       0.45344663771239618     
   8.2750001233071089       0.43489633351136148       0.48769239046027157       0.44999690064717257     
   8.3250001240521669       0.45753820864341366       0.50793372147949978       0.43615327063073239     
   8.3750001247972250       0.48157561100262808       0.49751893055056096       0.48157561100262808     
   8.4250001255422831       0.41566360598593660       0.46875459615859527       0.47879008820342700     
   8.4750001262873411       0.45492205667517033       0.48584737229537645       0.50722849568107065     
   8.5250001270323992       0.50082180360859085       0.47510620594855379       0.48896522681861482     
   8.5750001277774572       0.48937337889618454       0.42124860456708607       0.52734200312088853     
   8.6250001285225153       0.47815599315346019       0.44932660510803202       0.50132246568996508     
   8.6750001292675734       0.51662838096259978       0.44212641585924617       0.49556020230632358     
   8.7250001300126314       0.46001392480673731       0.43747605972434245       0.52928767529436604     
   8.7750001307576895       0.50850149731591010       0.46075487784962738       0.50715862364342079     
   8.8250001315027475       0.52399898110226284       0.40991511885026871       0.53948881584768438     
   8.8750001322478056       0.52336254359145418       0.41192191279327378       0.54349187219112549     
   8.9250001329928637       0.52270743656111607       0.43539721720911218       0.52660178004542901     
   8.9750001337379217       0.58878634061743107       0.44082904959664254       0.51861122443919072     
   9.0250001344829798       0.55181231607350989       0.41075599805880897       0.57593294645402371     
   9.0750001352280378       0.57420778373797265       0.39545375711918690       0.53779664876333444     
   9.1250001359730959       0.52819364481928610       0.40989740183119799       0.54640721877857179     
   9.1750001367181540       0.51426355625245457       0.41563268311415652       0.54660975127151823     
   9.2250001374632120       0.48602293440791117       0.41509958768320115       0.52895496028061006     
   9.2750001382082701       0.56092975397036127       0.41526609087583566       0.57815831069945089     
   9.3250001389533281       0.58664088062994313       0.39074158355471889       0.51291439157780161     
   9.3750001396983862       0.53961520892794479       0.40715152714976705       0.54353683108585127     
   9.4250001404434443       0.55718579204531826       0.43974737533753067       0.53662113537512190     
   9.4750001411885023       0.52828504766892526       0.41430106451555254       0.53941896219101748     
   9.5250001419335604       0.54706742568363775       0.43326389330376985       0.50033874973982695     
   9.5750001426786184       0.52933843938675706       0.44479132754026118       0.53460174773293223     
   9.6250001434236765       0.50450626825532940       0.42728423375017083       0.48255503681944117     
   9.6750001441687346       0.54054576807219723       0.44055380189232662       0.50372384926618929     
   9.7250001449137926       0.53645952821981635       0.43668323915477814       0.52188182364862579     
   9.7750001456588507       0.47471257939654765       0.41395065180745894       0.50573483002580533     
   9.8250001464039087       0.53844905133709287       0.44688256073246496       0.49631577013167044     
   9.8750001471489668       0.53442403871750466       0.46436139284213512       0.48423342132472319     
   9.9250001478940248       0.47866698940437985       0.45720628617572351       0.48566504480502870     
   9.9750001486390829       0.48496528029174585       0.47942281994555441       0.46625947662334982     
   10.025000149384141       0.51580732276503460       0.46947002190198178       0.45441802038807899     
   10.075000150129199       0.47131123787030604       0.46965115986307798       0.48930799263048341     
   10.125000150874257       0.45590890297983760       0.46562180979520618       0.47238348723205886     
   10.175000151619315       0.51402816554066033       0.48473122346321340       0.45643304077477032     
   10.225000152364373       0.48132086334676183       0.47384830199799932       0.45626580470679340     
   10.275000153109431       0.44008311310020998       0.46460472408403303       0.45934491107714792     
   10.325000153854489       0.46816282219939170       0.48253246069538286       0.48465198237354157     
   10.375000154599547       0.44060631010862999       0.46878462063883303       0.47134628523248784     
   10.425000155344605       0.50996740021206555       0.48121301943725592       0.49252448540381710     
   10.475000156089664       0.42343849201250461       0.46099370281084412       0.46898640101978439     
   10.525000156834722       0.50032286248848967       0.47819692053211643       0.47698690808137728     
   10.575000157579780       0.50793130027457245       0.46026137241708831       0.48019233363336400     
   10.625000158324838       0.48850682281229874       0.46733819382376579       0.50285671073241001     
